cardinality,coverage,dataset,executionplan,id,intention,intention_characters,intersection,pivot_time,query_bytes,query_characters,query_cost,query_rows,run,sessionid,time_interest,time_model,time_query,version
7,-1,ssbora2,"Plan hash value: 1229311134

----------------------------------------------------------------------------------------
| Id  | Operation                     | Name   | Rows  | Bytes | Cost (%CPU)| Time     |
----------------------------------------------------------------------------------------
|   0 | SELECT STATEMENT              |        |     7 |   273 |     4  (25)| 00:00:01 |
|   1 |  SORT ORDER BY                |        |     7 |   273 |     4  (25)| 00:00:01 |
|   2 |   MAT_VIEW REWRITE ACCESS FULL| MV_YYY |     7 |   273 |     3   (0)| 00:00:01 |
----------------------------------------------------------------------------------------

Note
-----
- dynamic sampling used for this statement (level=2)
",0,"with ssbora2 describe quantity, revenue by year for S_REGION = 'EUROPE' AND REGION = 'EUROPE'",93,-1,1,273.0,353.0,4.0,7.0,0,ssb0,9,1069,14,ext
35,-1,ssbora2,"Plan hash value: 4123621443

------------------------------------------------------------------------------------------
| Id  | Operation                     | Name     | Rows  | Bytes | Cost (%CPU)| Time     |
------------------------------------------------------------------------------------------
|   0 | SELECT STATEMENT              |          |    35 |  1680 |     4  (25)| 00:00:01 |
|   1 |  SORT ORDER BY                |          |    35 |  1680 |     4  (25)| 00:00:01 |
|   2 |   MAT_VIEW REWRITE ACCESS FULL| MV_Y_NPR |    35 |  1680 |     3   (0)| 00:00:01 |
------------------------------------------------------------------------------------------

Note
-----
- dynamic sampling used for this statement (level=2)
",1,"with ssbora2 describe quantity, revenue by year, nation for S_REGION = 'EUROPE' AND REGION = 'EUROPE'",101,-1,1,1680.0,407.0,4.0,35.0,0,ssb0,31,1177,4,ext
13300,-1,ssbora2,"Plan hash value: 3068842059

---------------------------------------------------------------------------------------------
| Id  | Operation                     | Name        | Rows  | Bytes | Cost (%CPU)| Time     |
---------------------------------------------------------------------------------------------
|   0 | SELECT STATEMENT              |             | 13300 |   558K|    21  (10)| 00:00:01 |
|   1 |  SORT ORDER BY                |             | 13300 |   558K|    21  (10)| 00:00:01 |
|   2 |   MAT_VIEW REWRITE ACCESS FULL| MV_Y_NPR_SR | 13300 |   558K|    19   (0)| 00:00:01 |
---------------------------------------------------------------------------------------------
",2,"with ssbora2 describe quantity, revenue by year, nation, supplier for S_REGION = 'EUROPE' AND REGION = 'EUROPE'",111,-1,1,558000.0,467.0,21.0,13300.0,0,ssb0,502,7043,95,ext
7,-1,ssbora2,"Plan hash value: 1229311134

----------------------------------------------------------------------------------------
| Id  | Operation                     | Name   | Rows  | Bytes | Cost (%CPU)| Time     |
----------------------------------------------------------------------------------------
|   0 | SELECT STATEMENT              |        |     7 |   273 |     4  (25)| 00:00:01 |
|   1 |  SORT ORDER BY                |        |     7 |   273 |     4  (25)| 00:00:01 |
|   2 |   MAT_VIEW REWRITE ACCESS FULL| MV_YYY |     7 |   273 |     3   (0)| 00:00:01 |
----------------------------------------------------------------------------------------

Note
-----
- dynamic sampling used for this statement (level=2)
",0,"with ssbora2 describe quantity, revenue by year for S_REGION = 'EUROPE' AND REGION = 'EUROPE'",93,-1,1,273.0,353.0,4.0,7.0,1,ssb0,0,1135,6,ext
35,-1,ssbora2,"Plan hash value: 4123621443

------------------------------------------------------------------------------------------
| Id  | Operation                     | Name     | Rows  | Bytes | Cost (%CPU)| Time     |
------------------------------------------------------------------------------------------
|   0 | SELECT STATEMENT              |          |    35 |  1680 |     4  (25)| 00:00:01 |
|   1 |  SORT ORDER BY                |          |    35 |  1680 |     4  (25)| 00:00:01 |
|   2 |   MAT_VIEW REWRITE ACCESS FULL| MV_Y_NPR |    35 |  1680 |     3   (0)| 00:00:01 |
------------------------------------------------------------------------------------------

Note
-----
- dynamic sampling used for this statement (level=2)
",1,"with ssbora2 describe quantity, revenue by year, nation for S_REGION = 'EUROPE' AND REGION = 'EUROPE'",101,-1,1,1680.0,407.0,4.0,35.0,1,ssb0,5,1200,8,ext
13300,-1,ssbora2,"Plan hash value: 3068842059

---------------------------------------------------------------------------------------------
| Id  | Operation                     | Name        | Rows  | Bytes | Cost (%CPU)| Time     |
---------------------------------------------------------------------------------------------
|   0 | SELECT STATEMENT              |             | 13300 |   558K|    21  (10)| 00:00:01 |
|   1 |  SORT ORDER BY                |             | 13300 |   558K|    21  (10)| 00:00:01 |
|   2 |   MAT_VIEW REWRITE ACCESS FULL| MV_Y_NPR_SR | 13300 |   558K|    19   (0)| 00:00:01 |
---------------------------------------------------------------------------------------------
",2,"with ssbora2 describe quantity, revenue by year, nation, supplier for S_REGION = 'EUROPE' AND REGION = 'EUROPE'",111,-1,1,558000.0,467.0,21.0,13300.0,1,ssb0,275,7075,35,ext
7,-1,ssbora2,"Plan hash value: 1229311134

----------------------------------------------------------------------------------------
| Id  | Operation                     | Name   | Rows  | Bytes | Cost (%CPU)| Time     |
----------------------------------------------------------------------------------------
|   0 | SELECT STATEMENT              |        |     7 |   273 |     4  (25)| 00:00:01 |
|   1 |  SORT ORDER BY                |        |     7 |   273 |     4  (25)| 00:00:01 |
|   2 |   MAT_VIEW REWRITE ACCESS FULL| MV_YYY |     7 |   273 |     3   (0)| 00:00:01 |
----------------------------------------------------------------------------------------

Note
-----
- dynamic sampling used for this statement (level=2)
",0,"with ssbora2 describe quantity, revenue by year for S_REGION = 'EUROPE' AND REGION = 'EUROPE'",93,-1,1,273.0,353.0,4.0,7.0,2,ssb0,0,1129,4,ext
35,-1,ssbora2,"Plan hash value: 4123621443

------------------------------------------------------------------------------------------
| Id  | Operation                     | Name     | Rows  | Bytes | Cost (%CPU)| Time     |
------------------------------------------------------------------------------------------
|   0 | SELECT STATEMENT              |          |    35 |  1680 |     4  (25)| 00:00:01 |
|   1 |  SORT ORDER BY                |          |    35 |  1680 |     4  (25)| 00:00:01 |
|   2 |   MAT_VIEW REWRITE ACCESS FULL| MV_Y_NPR |    35 |  1680 |     3   (0)| 00:00:01 |
------------------------------------------------------------------------------------------

Note
-----
- dynamic sampling used for this statement (level=2)
",1,"with ssbora2 describe quantity, revenue by year, nation for S_REGION = 'EUROPE' AND REGION = 'EUROPE'",101,-1,1,1680.0,407.0,4.0,35.0,2,ssb0,4,1215,10,ext
13300,-1,ssbora2,"Plan hash value: 3068842059

---------------------------------------------------------------------------------------------
| Id  | Operation                     | Name        | Rows  | Bytes | Cost (%CPU)| Time     |
---------------------------------------------------------------------------------------------
|   0 | SELECT STATEMENT              |             | 13300 |   558K|    21  (10)| 00:00:01 |
|   1 |  SORT ORDER BY                |             | 13300 |   558K|    21  (10)| 00:00:01 |
|   2 |   MAT_VIEW REWRITE ACCESS FULL| MV_Y_NPR_SR | 13300 |   558K|    19   (0)| 00:00:01 |
---------------------------------------------------------------------------------------------
",2,"with ssbora2 describe quantity, revenue by year, nation, supplier for S_REGION = 'EUROPE' AND REGION = 'EUROPE'",111,-1,1,558000.0,467.0,21.0,13300.0,2,ssb0,336,6791,41,ext
7,-1,ssbora10,"Plan hash value: 1229311134

----------------------------------------------------------------------------------------
| Id  | Operation                     | Name   | Rows  | Bytes | Cost (%CPU)| Time     |
----------------------------------------------------------------------------------------
|   0 | SELECT STATEMENT              |        |     7 |   273 |     4  (25)| 00:00:01 |
|   1 |  SORT ORDER BY                |        |     7 |   273 |     4  (25)| 00:00:01 |
|   2 |   MAT_VIEW REWRITE ACCESS FULL| MV_YYY |     7 |   273 |     3   (0)| 00:00:01 |
----------------------------------------------------------------------------------------

Note
-----
- dynamic sampling used for this statement (level=2)
",0,"with ssbora10 describe quantity, revenue by year for S_REGION = 'EUROPE' AND REGION = 'EUROPE'",94,-1,1,273.0,365.0,4.0,7.0,0,ssb0,0,1079,34,ext
35,-1,ssbora10,"Plan hash value: 4123621443

------------------------------------------------------------------------------------------
| Id  | Operation                     | Name     | Rows  | Bytes | Cost (%CPU)| Time     |
------------------------------------------------------------------------------------------
|   0 | SELECT STATEMENT              |          |    35 |  1680 |     4  (25)| 00:00:01 |
|   1 |  SORT ORDER BY                |          |    35 |  1680 |     4  (25)| 00:00:01 |
|   2 |   MAT_VIEW REWRITE ACCESS FULL| MV_Y_NPR |    35 |  1680 |     3   (0)| 00:00:01 |
------------------------------------------------------------------------------------------

Note
-----
- dynamic sampling used for this statement (level=2)
",1,"with ssbora10 describe quantity, revenue by year, nation for S_REGION = 'EUROPE' AND REGION = 'EUROPE'",102,-1,1,1680.0,422.0,4.0,35.0,0,ssb0,5,1266,67,ext
139020,-1,ssbora10,"Plan hash value: 3068842059

-----------------------------------------------------------------------------------------------------
| Id  | Operation                     | Name        | Rows  | Bytes |TempSpc| Cost (%CPU)| Time     |
-----------------------------------------------------------------------------------------------------
|   0 | SELECT STATEMENT              |             |   139K|  5837K|       |  1139   (1)| 00:00:16 |
|   1 |  SORT ORDER BY                |             |   139K|  5837K|  8208K|  1139   (1)| 00:00:16 |
|   2 |   MAT_VIEW REWRITE ACCESS FULL| MV_Y_NPR_SR |   139K|  5837K|       |   177   (2)| 00:00:03 |
-----------------------------------------------------------------------------------------------------
",2,"with ssbora10 describe quantity, revenue by year, nation, supplier for S_REGION = 'EUROPE' AND REGION = 'EUROPE'",112,-1,1,5837000.0,485.0,1139.0,139000.0,0,ssb0,2699,12053,317,ext
7,-1,ssbora10,"Plan hash value: 1229311134

----------------------------------------------------------------------------------------
| Id  | Operation                     | Name   | Rows  | Bytes | Cost (%CPU)| Time     |
----------------------------------------------------------------------------------------
|   0 | SELECT STATEMENT              |        |     7 |   273 |     4  (25)| 00:00:01 |
|   1 |  SORT ORDER BY                |        |     7 |   273 |     4  (25)| 00:00:01 |
|   2 |   MAT_VIEW REWRITE ACCESS FULL| MV_YYY |     7 |   273 |     3   (0)| 00:00:01 |
----------------------------------------------------------------------------------------

Note
-----
- dynamic sampling used for this statement (level=2)
",0,"with ssbora10 describe quantity, revenue by year for S_REGION = 'EUROPE' AND REGION = 'EUROPE'",94,-1,1,273.0,365.0,4.0,7.0,1,ssb0,1,1071,3,ext
35,-1,ssbora10,"Plan hash value: 4123621443

------------------------------------------------------------------------------------------
| Id  | Operation                     | Name     | Rows  | Bytes | Cost (%CPU)| Time     |
------------------------------------------------------------------------------------------
|   0 | SELECT STATEMENT              |          |    35 |  1680 |     4  (25)| 00:00:01 |
|   1 |  SORT ORDER BY                |          |    35 |  1680 |     4  (25)| 00:00:01 |
|   2 |   MAT_VIEW REWRITE ACCESS FULL| MV_Y_NPR |    35 |  1680 |     3   (0)| 00:00:01 |
------------------------------------------------------------------------------------------

Note
-----
- dynamic sampling used for this statement (level=2)
",1,"with ssbora10 describe quantity, revenue by year, nation for S_REGION = 'EUROPE' AND REGION = 'EUROPE'",102,-1,1,1680.0,422.0,4.0,35.0,1,ssb0,3,1206,11,ext
139020,-1,ssbora10,"Plan hash value: 3068842059

-----------------------------------------------------------------------------------------------------
| Id  | Operation                     | Name        | Rows  | Bytes |TempSpc| Cost (%CPU)| Time     |
-----------------------------------------------------------------------------------------------------
|   0 | SELECT STATEMENT              |             |   139K|  5837K|       |  1139   (1)| 00:00:16 |
|   1 |  SORT ORDER BY                |             |   139K|  5837K|  8208K|  1139   (1)| 00:00:16 |
|   2 |   MAT_VIEW REWRITE ACCESS FULL| MV_Y_NPR_SR |   139K|  5837K|       |   177   (2)| 00:00:03 |
-----------------------------------------------------------------------------------------------------
",2,"with ssbora10 describe quantity, revenue by year, nation, supplier for S_REGION = 'EUROPE' AND REGION = 'EUROPE'",112,-1,1,5837000.0,485.0,1139.0,139000.0,1,ssb0,2443,12341,284,ext
7,-1,ssbora10,"Plan hash value: 1229311134

----------------------------------------------------------------------------------------
| Id  | Operation                     | Name   | Rows  | Bytes | Cost (%CPU)| Time     |
----------------------------------------------------------------------------------------
|   0 | SELECT STATEMENT              |        |     7 |   273 |     4  (25)| 00:00:01 |
|   1 |  SORT ORDER BY                |        |     7 |   273 |     4  (25)| 00:00:01 |
|   2 |   MAT_VIEW REWRITE ACCESS FULL| MV_YYY |     7 |   273 |     3   (0)| 00:00:01 |
----------------------------------------------------------------------------------------

Note
-----
- dynamic sampling used for this statement (level=2)
",0,"with ssbora10 describe quantity, revenue by year for S_REGION = 'EUROPE' AND REGION = 'EUROPE'",94,-1,1,273.0,365.0,4.0,7.0,2,ssb0,0,1051,7,ext
35,-1,ssbora10,"Plan hash value: 4123621443

------------------------------------------------------------------------------------------
| Id  | Operation                     | Name     | Rows  | Bytes | Cost (%CPU)| Time     |
------------------------------------------------------------------------------------------
|   0 | SELECT STATEMENT              |          |    35 |  1680 |     4  (25)| 00:00:01 |
|   1 |  SORT ORDER BY                |          |    35 |  1680 |     4  (25)| 00:00:01 |
|   2 |   MAT_VIEW REWRITE ACCESS FULL| MV_Y_NPR |    35 |  1680 |     3   (0)| 00:00:01 |
------------------------------------------------------------------------------------------

Note
-----
- dynamic sampling used for this statement (level=2)
",1,"with ssbora10 describe quantity, revenue by year, nation for S_REGION = 'EUROPE' AND REGION = 'EUROPE'",102,-1,1,1680.0,422.0,4.0,35.0,2,ssb0,3,1228,13,ext
139020,-1,ssbora10,"Plan hash value: 3068842059

-----------------------------------------------------------------------------------------------------
| Id  | Operation                     | Name        | Rows  | Bytes |TempSpc| Cost (%CPU)| Time     |
-----------------------------------------------------------------------------------------------------
|   0 | SELECT STATEMENT              |             |   139K|  5837K|       |  1139   (1)| 00:00:16 |
|   1 |  SORT ORDER BY                |             |   139K|  5837K|  8208K|  1139   (1)| 00:00:16 |
|   2 |   MAT_VIEW REWRITE ACCESS FULL| MV_Y_NPR_SR |   139K|  5837K|       |   177   (2)| 00:00:03 |
-----------------------------------------------------------------------------------------------------
",2,"with ssbora10 describe quantity, revenue by year, nation, supplier for S_REGION = 'EUROPE' AND REGION = 'EUROPE'",112,-1,1,5837000.0,485.0,1139.0,139000.0,2,ssb0,2426,12262,282,ext
7,-1,ssbora100,"Plan hash value: 1229311134

----------------------------------------------------------------------------------------
| Id  | Operation                     | Name   | Rows  | Bytes | Cost (%CPU)| Time     |
----------------------------------------------------------------------------------------
|   0 | SELECT STATEMENT              |        |     7 |   273 |     4  (25)| 00:00:01 |
|   1 |  SORT ORDER BY                |        |     7 |   273 |     4  (25)| 00:00:01 |
|   2 |   MAT_VIEW REWRITE ACCESS FULL| MV_YYY |     7 |   273 |     3   (0)| 00:00:01 |
----------------------------------------------------------------------------------------

Note
-----
- dynamic sampling used for this statement (level=2)
",0,"with ssbora100 describe quantity, revenue by year for S_REGION = 'EUROPE' AND REGION = 'EUROPE'",95,-1,1,273.0,377.0,4.0,7.0,0,ssb0,0,1114,36,ext
35,-1,ssbora100,"Plan hash value: 4123621443

------------------------------------------------------------------------------------------
| Id  | Operation                     | Name     | Rows  | Bytes | Cost (%CPU)| Time     |
------------------------------------------------------------------------------------------
|   0 | SELECT STATEMENT              |          |    35 |  1680 |     4  (25)| 00:00:01 |
|   1 |  SORT ORDER BY                |          |    35 |  1680 |     4  (25)| 00:00:01 |
|   2 |   MAT_VIEW REWRITE ACCESS FULL| MV_Y_NPR |    35 |  1680 |     3   (0)| 00:00:01 |
------------------------------------------------------------------------------------------

Note
-----
- dynamic sampling used for this statement (level=2)
",1,"with ssbora100 describe quantity, revenue by year, nation for S_REGION = 'EUROPE' AND REGION = 'EUROPE'",103,-1,1,1680.0,437.0,4.0,35.0,0,ssb0,4,1260,32,ext
1396955,-1,ssbora100,"Plan hash value: 3068842059

-----------------------------------------------------------------------------------------------------
| Id  | Operation                     | Name        | Rows  | Bytes |TempSpc| Cost (%CPU)| Time     |
-----------------------------------------------------------------------------------------------------
|   0 | SELECT STATEMENT              |             |  1396K|    57M|       | 11385   (1)| 00:02:40 |
|   1 |  SORT ORDER BY                |             |  1396K|    57M|    80M| 11385   (1)| 00:02:40 |
|   2 |   MAT_VIEW REWRITE ACCESS FULL| MV_Y_NPR_SR |  1396K|    57M|       |  1739   (2)| 00:00:25 |
-----------------------------------------------------------------------------------------------------
",2,"with ssbora100 describe quantity, revenue by year, nation, supplier for S_REGION = 'EUROPE' AND REGION = 'EUROPE'",113,-1,1,5.7E7,503.0,11385.0,1396000.0,0,ssb0,24289,68922,2609,ext
7,-1,ssbora100,"Plan hash value: 1229311134

----------------------------------------------------------------------------------------
| Id  | Operation                     | Name   | Rows  | Bytes | Cost (%CPU)| Time     |
----------------------------------------------------------------------------------------
|   0 | SELECT STATEMENT              |        |     7 |   273 |     4  (25)| 00:00:01 |
|   1 |  SORT ORDER BY                |        |     7 |   273 |     4  (25)| 00:00:01 |
|   2 |   MAT_VIEW REWRITE ACCESS FULL| MV_YYY |     7 |   273 |     3   (0)| 00:00:01 |
----------------------------------------------------------------------------------------

Note
-----
- dynamic sampling used for this statement (level=2)
",0,"with ssbora100 describe quantity, revenue by year for S_REGION = 'EUROPE' AND REGION = 'EUROPE'",95,-1,1,273.0,377.0,4.0,7.0,1,ssb0,1,1063,8,ext
35,-1,ssbora100,"Plan hash value: 4123621443

------------------------------------------------------------------------------------------
| Id  | Operation                     | Name     | Rows  | Bytes | Cost (%CPU)| Time     |
------------------------------------------------------------------------------------------
|   0 | SELECT STATEMENT              |          |    35 |  1680 |     4  (25)| 00:00:01 |
|   1 |  SORT ORDER BY                |          |    35 |  1680 |     4  (25)| 00:00:01 |
|   2 |   MAT_VIEW REWRITE ACCESS FULL| MV_Y_NPR |    35 |  1680 |     3   (0)| 00:00:01 |
------------------------------------------------------------------------------------------

Note
-----
- dynamic sampling used for this statement (level=2)
",1,"with ssbora100 describe quantity, revenue by year, nation for S_REGION = 'EUROPE' AND REGION = 'EUROPE'",103,-1,1,1680.0,437.0,4.0,35.0,1,ssb0,3,1174,5,ext
1396955,-1,ssbora100,"Plan hash value: 3068842059

-----------------------------------------------------------------------------------------------------
| Id  | Operation                     | Name        | Rows  | Bytes |TempSpc| Cost (%CPU)| Time     |
-----------------------------------------------------------------------------------------------------
|   0 | SELECT STATEMENT              |             |  1396K|    57M|       | 11385   (1)| 00:02:40 |
|   1 |  SORT ORDER BY                |             |  1396K|    57M|    80M| 11385   (1)| 00:02:40 |
|   2 |   MAT_VIEW REWRITE ACCESS FULL| MV_Y_NPR_SR |  1396K|    57M|       |  1739   (2)| 00:00:25 |
-----------------------------------------------------------------------------------------------------
",2,"with ssbora100 describe quantity, revenue by year, nation, supplier for S_REGION = 'EUROPE' AND REGION = 'EUROPE'",113,-1,1,5.7E7,503.0,11385.0,1396000.0,1,ssb0,24104,69893,2313,ext
7,-1,ssbora100,"Plan hash value: 1229311134

----------------------------------------------------------------------------------------
| Id  | Operation                     | Name   | Rows  | Bytes | Cost (%CPU)| Time     |
----------------------------------------------------------------------------------------
|   0 | SELECT STATEMENT              |        |     7 |   273 |     4  (25)| 00:00:01 |
|   1 |  SORT ORDER BY                |        |     7 |   273 |     4  (25)| 00:00:01 |
|   2 |   MAT_VIEW REWRITE ACCESS FULL| MV_YYY |     7 |   273 |     3   (0)| 00:00:01 |
----------------------------------------------------------------------------------------

Note
-----
- dynamic sampling used for this statement (level=2)
",0,"with ssbora100 describe quantity, revenue by year for S_REGION = 'EUROPE' AND REGION = 'EUROPE'",95,-1,1,273.0,377.0,4.0,7.0,2,ssb0,0,1071,6,ext
35,-1,ssbora100,"Plan hash value: 4123621443

------------------------------------------------------------------------------------------
| Id  | Operation                     | Name     | Rows  | Bytes | Cost (%CPU)| Time     |
------------------------------------------------------------------------------------------
|   0 | SELECT STATEMENT              |          |    35 |  1680 |     4  (25)| 00:00:01 |
|   1 |  SORT ORDER BY                |          |    35 |  1680 |     4  (25)| 00:00:01 |
|   2 |   MAT_VIEW REWRITE ACCESS FULL| MV_Y_NPR |    35 |  1680 |     3   (0)| 00:00:01 |
------------------------------------------------------------------------------------------

Note
-----
- dynamic sampling used for this statement (level=2)
",1,"with ssbora100 describe quantity, revenue by year, nation for S_REGION = 'EUROPE' AND REGION = 'EUROPE'",103,-1,1,1680.0,437.0,4.0,35.0,2,ssb0,2,1220,8,ext
1396955,-1,ssbora100,"Plan hash value: 3068842059

-----------------------------------------------------------------------------------------------------
| Id  | Operation                     | Name        | Rows  | Bytes |TempSpc| Cost (%CPU)| Time     |
-----------------------------------------------------------------------------------------------------
|   0 | SELECT STATEMENT              |             |  1396K|    57M|       | 11385   (1)| 00:02:40 |
|   1 |  SORT ORDER BY                |             |  1396K|    57M|    80M| 11385   (1)| 00:02:40 |
|   2 |   MAT_VIEW REWRITE ACCESS FULL| MV_Y_NPR_SR |  1396K|    57M|       |  1739   (2)| 00:00:25 |
-----------------------------------------------------------------------------------------------------
",2,"with ssbora100 describe quantity, revenue by year, nation, supplier for S_REGION = 'EUROPE' AND REGION = 'EUROPE'",113,-1,1,5.7E7,503.0,11385.0,1396000.0,2,ssb0,24457,69262,2538,ext
5,0.22337917485265227,COVID-19,"Plan hash value: 4043441030

----------------------------------------------------------------------------------------------
| Id  | Operation                     | Name         | Rows  | Bytes | Cost (%CPU)| Time     |
----------------------------------------------------------------------------------------------
|   0 | SELECT STATEMENT              |              |     5 |   210 |   127   (6)| 00:00:02 |
|   1 |  SORT GROUP BY                |              |     5 |   210 |   127   (6)| 00:00:02 |
|   2 |   MERGE JOIN                  |              |   211 |  8862 |   126   (5)| 00:00:02 |
|   3 |    TABLE ACCESS BY INDEX ROWID| COUNTRY      |   211 |  3798 |     2   (0)| 00:00:01 |
|   4 |     INDEX FULL SCAN           | SYS_C0025272 |   211 |       |     1   (0)| 00:00:01 |
|*  5 |    SORT JOIN                  |              |   211 |  5064 |   124   (5)| 00:00:02 |
|   6 |     VIEW                      | VW_GBC_5     |   211 |  5064 |   123   (5)| 00:00:02 |
|   7 |      HASH GROUP BY            |              |   211 |  2954 |   123   (5)| 00:00:02 |
|   8 |       TABLE ACCESS FULL       | COVIDFACT    | 61080 |   835K|   119   (1)| 00:00:02 |
----------------------------------------------------------------------------------------------

Predicate Information (identified by operation id):
---------------------------------------------------

5 - access(""COUNTRY"".""COUNTRIESANDTERRITORIES""=""ITEM_1"")
filter(""COUNTRY"".""COUNTRIESANDTERRITORIES""=""ITEM_1"")
",0,with COVID-19 describe deaths by continentExp,45,0.0,9,210.0,211.0,127.0,5.0,0,covid0,0,1068,51,adbis
49,0.22337917485265227,COVID-19,"Plan hash value: 1016733566

---------------------------------------------------------------------------------
| Id  | Operation           | Name      | Rows  | Bytes | Cost (%CPU)| Time     |
---------------------------------------------------------------------------------
|   0 | SELECT STATEMENT    |           |    49 |  1568 |   126   (4)| 00:00:02 |
|   1 |  SORT GROUP BY      |           |    49 |  1568 |   126   (4)| 00:00:02 |
|*  2 |   HASH JOIN         |           | 14184 |   443K|   124   (2)| 00:00:02 |
|*  3 |    TABLE ACCESS FULL| COUNTRY   |    49 |   882 |     4   (0)| 00:00:01 |
|   4 |    TABLE ACCESS FULL| COVIDFACT | 61080 |   835K|   119   (1)| 00:00:02 |
---------------------------------------------------------------------------------

Predicate Information (identified by operation id):
---------------------------------------------------

2 - access(""COUNTRY"".""COUNTRIESANDTERRITORIES""=""FT"".""COUNTRIESANDTERRI
TORIES"")
3 - filter(""COUNTRY"".""CONTINENTEXP""='America')
",1,with COVID-19 describe deaths by countriesAndTerritories for continentExp = 'America',85,0.024871355060034305,4,1568.0,283.0,126.0,49.0,0,covid0,16,1183,25,adbis
13,0.22337917485265227,COVID-19,"Plan hash value: 2755916834

-------------------------------------------------------------------------------------------------
| Id  | Operation                        | Name         | Rows  | Bytes | Cost (%CPU)| Time     |
-------------------------------------------------------------------------------------------------
|   0 | SELECT STATEMENT                 |              |    10 |   540 |    10  (20)| 00:00:01 |
|   1 |  SORT GROUP BY                   |              |    10 |   540 |    10  (20)| 00:00:01 |
|   2 |   MERGE JOIN                     |              |   159 |  8586 |     9  (12)| 00:00:01 |
|   3 |    TABLE ACCESS BY INDEX ROWID   | COVIDDATE    |   348 |  6612 |     2   (0)| 00:00:01 |
|   4 |     INDEX FULL SCAN              | SYS_C0025273 |   348 |       |     1   (0)| 00:00:01 |
|*  5 |    SORT JOIN                     |              |   159 |  5565 |     7  (15)| 00:00:01 |
|   6 |     VIEW                         | VW_GBC_5     |   159 |  5565 |     6   (0)| 00:00:01 |
|   7 |      HASH GROUP BY               |              |   159 |  3975 |     6   (0)| 00:00:01 |
|   8 |       TABLE ACCESS BY INDEX ROWID| COVIDFACT    |   275 |  6875 |     6   (0)| 00:00:01 |
|*  9 |        INDEX RANGE SCAN          | SYS_C0025274 |   275 |       |     3   (0)| 00:00:01 |
-------------------------------------------------------------------------------------------------

Predicate Information (identified by operation id):
---------------------------------------------------

5 - access(""COVIDDATE"".""DATEREP""=""ITEM_1"")
filter(""COVIDDATE"".""DATEREP""=""ITEM_1"")
9 - access(""FT"".""COUNTRIESANDTERRITORIES""='United_States_of_America')
",2,"with COVID-19 describe deaths by month, countriesAndTerritories for countriesAndTerritories = 'United_States_of_America'",120,0.02910410588486444,1,540.0,417.0,10.0,10.0,0,covid0,3,1184,4,adbis
13,0.22337917485265227,COVID-19,"Plan hash value: 2755916834

-------------------------------------------------------------------------------------------------
| Id  | Operation                        | Name         | Rows  | Bytes | Cost (%CPU)| Time     |
-------------------------------------------------------------------------------------------------
|   0 | SELECT STATEMENT                 |              |    10 |   670 |    10  (20)| 00:00:01 |
|   1 |  SORT GROUP BY                   |              |    10 |   670 |    10  (20)| 00:00:01 |
|   2 |   MERGE JOIN                     |              |   159 | 10653 |     9  (12)| 00:00:01 |
|   3 |    TABLE ACCESS BY INDEX ROWID   | COVIDDATE    |   348 |  6612 |     2   (0)| 00:00:01 |
|   4 |     INDEX FULL SCAN              | SYS_C0025273 |   348 |       |     1   (0)| 00:00:01 |
|*  5 |    SORT JOIN                     |              |   159 |  7632 |     7  (15)| 00:00:01 |
|   6 |     VIEW                         | VW_GBC_5     |   159 |  7632 |     6   (0)| 00:00:01 |
|   7 |      HASH GROUP BY               |              |   159 |  4611 |     6   (0)| 00:00:01 |
|   8 |       TABLE ACCESS BY INDEX ROWID| COVIDFACT    |   275 |  7975 |     6   (0)| 00:00:01 |
|*  9 |        INDEX RANGE SCAN          | SYS_C0025274 |   275 |       |     3   (0)| 00:00:01 |
-------------------------------------------------------------------------------------------------

Predicate Information (identified by operation id):
---------------------------------------------------

5 - access(""COVIDDATE"".""DATEREP""=""ITEM_1"")
filter(""COVIDDATE"".""DATEREP""=""ITEM_1"")
9 - access(""FT"".""COUNTRIESANDTERRITORIES""='United_States_of_America')
",3,"with COVID-19 describe deaths, cases by month, countriesAndTerritories for countriesAndTerritories = 'United_States_of_America'",127,0.041584714807530204,1,670.0,438.0,10.0,10.0,0,covid0,2,1247,11,adbis
5,0.22337917485265227,COVID-19,"Plan hash value: 4043441030

----------------------------------------------------------------------------------------------
| Id  | Operation                     | Name         | Rows  | Bytes | Cost (%CPU)| Time     |
----------------------------------------------------------------------------------------------
|   0 | SELECT STATEMENT              |              |     5 |   210 |   127   (6)| 00:00:02 |
|   1 |  SORT GROUP BY                |              |     5 |   210 |   127   (6)| 00:00:02 |
|   2 |   MERGE JOIN                  |              |   211 |  8862 |   126   (5)| 00:00:02 |
|   3 |    TABLE ACCESS BY INDEX ROWID| COUNTRY      |   211 |  3798 |     2   (0)| 00:00:01 |
|   4 |     INDEX FULL SCAN           | SYS_C0025272 |   211 |       |     1   (0)| 00:00:01 |
|*  5 |    SORT JOIN                  |              |   211 |  5064 |   124   (5)| 00:00:02 |
|   6 |     VIEW                      | VW_GBC_5     |   211 |  5064 |   123   (5)| 00:00:02 |
|   7 |      HASH GROUP BY            |              |   211 |  2954 |   123   (5)| 00:00:02 |
|   8 |       TABLE ACCESS FULL       | COVIDFACT    | 61080 |   835K|   119   (1)| 00:00:02 |
----------------------------------------------------------------------------------------------

Predicate Information (identified by operation id):
---------------------------------------------------

5 - access(""COUNTRY"".""COUNTRIESANDTERRITORIES""=""ITEM_1"")
filter(""COUNTRY"".""COUNTRIESANDTERRITORIES""=""ITEM_1"")
",0,with COVID-19 describe deaths by continentExp,45,0.0,1,210.0,211.0,127.0,5.0,0,covid1,1,1035,22,adbis
49,0.22337917485265227,COVID-19,"Plan hash value: 1016733566

---------------------------------------------------------------------------------
| Id  | Operation           | Name      | Rows  | Bytes | Cost (%CPU)| Time     |
---------------------------------------------------------------------------------
|   0 | SELECT STATEMENT    |           |    49 |  1568 |   126   (4)| 00:00:02 |
|   1 |  SORT GROUP BY      |           |    49 |  1568 |   126   (4)| 00:00:02 |
|*  2 |   HASH JOIN         |           | 14184 |   443K|   124   (2)| 00:00:02 |
|*  3 |    TABLE ACCESS FULL| COUNTRY   |    49 |   882 |     4   (0)| 00:00:01 |
|   4 |    TABLE ACCESS FULL| COVIDFACT | 61080 |   835K|   119   (1)| 00:00:02 |
---------------------------------------------------------------------------------

Predicate Information (identified by operation id):
---------------------------------------------------

2 - access(""COUNTRY"".""COUNTRIESANDTERRITORIES""=""FT"".""COUNTRIESANDTERRI
TORIES"")
3 - filter(""COUNTRY"".""CONTINENTEXP""='America')
",1,with COVID-19 describe deaths by countriesAndTerritories for continentExp = 'America',85,0.024871355060034305,1,1568.0,283.0,126.0,49.0,0,covid1,10,1171,22,adbis
26,0.22809430255402752,COVID-19,"Plan hash value: 2308937895

------------------------------------------------------------------------------------------------
| Id  | Operation                       | Name         | Rows  | Bytes | Cost (%CPU)| Time     |
------------------------------------------------------------------------------------------------
|   0 | SELECT STATEMENT                |              |    19 |   836 |    14  (15)| 00:00:01 |
|   1 |  SORT GROUP BY                  |              |    19 |   836 |    14  (15)| 00:00:01 |
|   2 |   MERGE JOIN                    |              |   560 | 24640 |    13   (8)| 00:00:01 |
|   3 |    TABLE ACCESS BY INDEX ROWID  | COVIDDATE    |   348 |  6612 |     2   (0)| 00:00:01 |
|   4 |     INDEX FULL SCAN             | SYS_C0025273 |   348 |       |     1   (0)| 00:00:01 |
|*  5 |    SORT JOIN                    |              |   560 | 14000 |    11  (10)| 00:00:01 |
|   6 |     INLIST ITERATOR             |              |       |       |            |          |
|   7 |      TABLE ACCESS BY INDEX ROWID| COVIDFACT    |   560 | 14000 |    10   (0)| 00:00:01 |
|*  8 |       INDEX RANGE SCAN          | SYS_C0025274 |   560 |       |     5   (0)| 00:00:01 |
------------------------------------------------------------------------------------------------

Predicate Information (identified by operation id):
---------------------------------------------------

5 - access(""COVIDDATE"".""DATEREP""=""FT"".""DATEREP"")
filter(""COVIDDATE"".""DATEREP""=""FT"".""DATEREP"")
8 - access(""FT"".""COUNTRIESANDTERRITORIES""='Italy' OR
""FT"".""COUNTRIESANDTERRITORIES""='United_States_of_America')
",2,"with COVID-19 describe deaths by month, countriesAndTerritories for countriesAndTerritories in ('United_States_of_America', 'Italy')",132,0.030615084887280822,2,836.0,428.0,14.0,19.0,0,covid1,3,1168,5,adbis
39,0.22809430255402752,COVID-19,"Plan hash value: 2308937895

------------------------------------------------------------------------------------------------
| Id  | Operation                       | Name         | Rows  | Bytes | Cost (%CPU)| Time     |
------------------------------------------------------------------------------------------------
|   0 | SELECT STATEMENT                |              |    28 |  1232 |    18  (12)| 00:00:01 |
|   1 |  SORT GROUP BY                  |              |    28 |  1232 |    18  (12)| 00:00:01 |
|   2 |   MERGE JOIN                    |              |   868 | 38192 |    17   (6)| 00:00:01 |
|   3 |    TABLE ACCESS BY INDEX ROWID  | COVIDDATE    |   348 |  6612 |     2   (0)| 00:00:01 |
|   4 |     INDEX FULL SCAN             | SYS_C0025273 |   348 |       |     1   (0)| 00:00:01 |
|*  5 |    SORT JOIN                    |              |   868 | 21700 |    15   (7)| 00:00:01 |
|   6 |     INLIST ITERATOR             |              |       |       |            |          |
|   7 |      TABLE ACCESS BY INDEX ROWID| COVIDFACT    |   868 | 21700 |    14   (0)| 00:00:01 |
|*  8 |       INDEX RANGE SCAN          | SYS_C0025274 |   868 |       |     7   (0)| 00:00:01 |
------------------------------------------------------------------------------------------------

Predicate Information (identified by operation id):
---------------------------------------------------

5 - access(""COVIDDATE"".""DATEREP""=""FT"".""DATEREP"")
filter(""COVIDDATE"".""DATEREP""=""FT"".""DATEREP"")
8 - access(""FT"".""COUNTRIESANDTERRITORIES""='France' OR
""FT"".""COUNTRIESANDTERRITORIES""='Italy' OR ""FT"".""COUNTRIESANDTERRITORIES""='United_States_
of_America')
",3,"with COVID-19 describe deaths by month, countriesAndTerritories for countriesAndTerritories in ('United_States_of_America', 'Italy', 'France')",142,0.03671437461107654,1,1232.0,437.0,18.0,28.0,0,covid1,6,1278,10,adbis
39,0.22809430255402752,COVID-19,"Plan hash value: 2308937895

------------------------------------------------------------------------------------------------
| Id  | Operation                       | Name         | Rows  | Bytes | Cost (%CPU)| Time     |
------------------------------------------------------------------------------------------------
|   0 | SELECT STATEMENT                |              |    28 |  1344 |    18  (12)| 00:00:01 |
|   1 |  SORT GROUP BY                  |              |    28 |  1344 |    18  (12)| 00:00:01 |
|   2 |   MERGE JOIN                    |              |   868 | 41664 |    17   (6)| 00:00:01 |
|   3 |    TABLE ACCESS BY INDEX ROWID  | COVIDDATE    |   348 |  6612 |     2   (0)| 00:00:01 |
|   4 |     INDEX FULL SCAN             | SYS_C0025273 |   348 |       |     1   (0)| 00:00:01 |
|*  5 |    SORT JOIN                    |              |   868 | 25172 |    15   (7)| 00:00:01 |
|   6 |     INLIST ITERATOR             |              |       |       |            |          |
|   7 |      TABLE ACCESS BY INDEX ROWID| COVIDFACT    |   868 | 25172 |    14   (0)| 00:00:01 |
|*  8 |       INDEX RANGE SCAN          | SYS_C0025274 |   868 |       |     7   (0)| 00:00:01 |
------------------------------------------------------------------------------------------------

Predicate Information (identified by operation id):
---------------------------------------------------

5 - access(""COVIDDATE"".""DATEREP""=""FT"".""DATEREP"")
filter(""COVIDDATE"".""DATEREP""=""FT"".""DATEREP"")
8 - access(""FT"".""COUNTRIESANDTERRITORIES""='France' OR
""FT"".""COUNTRIESANDTERRITORIES""='Italy' OR ""FT"".""COUNTRIESANDTERRITORIES""='United_States_
of_America')
",4,"with COVID-19 describe deaths, cases by month, countriesAndTerritories for countriesAndTerritories in ('United_States_of_America', 'Italy', 'France')",149,0.03870834195818671,2,1344.0,458.0,18.0,28.0,0,covid1,3,1191,7,adbis
13,0.2032580222658808,COVID-19,"Plan hash value: 2755916834

-------------------------------------------------------------------------------------------------
| Id  | Operation                        | Name         | Rows  | Bytes | Cost (%CPU)| Time     |
-------------------------------------------------------------------------------------------------
|   0 | SELECT STATEMENT                 |              |    13 |   559 |    10  (20)| 00:00:01 |
|   1 |  SORT GROUP BY                   |              |    13 |   559 |    10  (20)| 00:00:01 |
|   2 |   MERGE JOIN                     |              |   195 |  8385 |     9  (12)| 00:00:01 |
|   3 |    TABLE ACCESS BY INDEX ROWID   | COVIDDATE    |   348 |  6612 |     2   (0)| 00:00:01 |
|   4 |     INDEX FULL SCAN              | SYS_C0025273 |   348 |       |     1   (0)| 00:00:01 |
|*  5 |    SORT JOIN                     |              |   195 |  4680 |     7  (15)| 00:00:01 |
|   6 |     VIEW                         | VW_GBC_5     |   195 |  4680 |     6   (0)| 00:00:01 |
|   7 |      HASH GROUP BY               |              |   195 |  4875 |     6   (0)| 00:00:01 |
|   8 |       TABLE ACCESS BY INDEX ROWID| COVIDFACT    |   286 |  7150 |     6   (0)| 00:00:01 |
|*  9 |        INDEX RANGE SCAN          | SYS_C0025274 |   286 |       |     3   (0)| 00:00:01 |
-------------------------------------------------------------------------------------------------

Predicate Information (identified by operation id):
---------------------------------------------------

5 - access(""COVIDDATE"".""DATEREP""=""ITEM_1"")
filter(""COVIDDATE"".""DATEREP""=""ITEM_1"")
9 - access(""FT"".""COUNTRIESANDTERRITORIES""='Italy')
",0,with COVID-19 describe deaths by month for countriesAndTerritories = 'Italy',76,0.0,0,559.0,299.0,10.0,13.0,0,covid2,0,1169,6,adbis
13,0.20676162409954157,COVID-19,"Plan hash value: 2308937895

------------------------------------------------------------------------------------------------
| Id  | Operation                       | Name         | Rows  | Bytes | Cost (%CPU)| Time     |
------------------------------------------------------------------------------------------------
|   0 | SELECT STATEMENT                |              |    28 |  1232 |    11  (19)| 00:00:01 |
|   1 |  SORT GROUP BY                  |              |    28 |  1232 |    11  (19)| 00:00:01 |
|   2 |   MERGE JOIN                    |              |   287 | 12628 |    10  (10)| 00:00:01 |
|   3 |    TABLE ACCESS BY INDEX ROWID  | COVIDDATE    |   348 |  6612 |     2   (0)| 00:00:01 |
|   4 |     INDEX FULL SCAN             | SYS_C0025273 |   348 |       |     1   (0)| 00:00:01 |
|*  5 |    SORT JOIN                    |              |   287 |  7175 |     8  (13)| 00:00:01 |
|   6 |     INLIST ITERATOR             |              |       |       |            |          |
|   7 |      TABLE ACCESS BY INDEX ROWID| COVIDFACT    |   287 |  7175 |     7   (0)| 00:00:01 |
|*  8 |       INDEX RANGE SCAN          | SYS_C0025274 |   287 |       |     4   (0)| 00:00:01 |
------------------------------------------------------------------------------------------------

Predicate Information (identified by operation id):
---------------------------------------------------

5 - access(""COVIDDATE"".""DATEREP""=""FT"".""DATEREP"")
filter(""COVIDDATE"".""DATEREP""=""FT"".""DATEREP"")
8 - access(""FT"".""COUNTRIESANDTERRITORIES""=' France' OR
""FT"".""COUNTRIESANDTERRITORIES""=' Germany' OR ""FT"".""COUNTRIESANDTERRITORIES""='Italy')
",1,"with COVID-19 describe deaths by month, countriesAndTerritories for countriesAndTerritories in ('Italy', ' France', ' Germany')",127,0.0,0,1232.0,422.0,11.0,28.0,0,covid2,2,1191,4,adbis
158,0.21619187950229207,COVID-19,"Plan hash value: 1016733566

---------------------------------------------------------------------------------
| Id  | Operation           | Name      | Rows  | Bytes | Cost (%CPU)| Time     |
---------------------------------------------------------------------------------
|   0 | SELECT STATEMENT    |           |   158 |  5056 |   127   (4)| 00:00:02 |
|   1 |  SORT GROUP BY      |           |   158 |  5056 |   127   (4)| 00:00:02 |
|*  2 |   HASH JOIN         |           | 45738 |  1429K|   124   (2)| 00:00:02 |
|*  3 |    TABLE ACCESS FULL| COUNTRY   |   158 |  2844 |     4   (0)| 00:00:01 |
|   4 |    TABLE ACCESS FULL| COVIDFACT | 61080 |   835K|   119   (1)| 00:00:02 |
---------------------------------------------------------------------------------

Predicate Information (identified by operation id):
---------------------------------------------------

2 - access(""COUNTRY"".""COUNTRIESANDTERRITORIES""=""FT"".""COUNTRIESANDTERRI
TORIES"")
3 - filter(""COUNTRY"".""CONTINENTEXP""='Africa' OR
""COUNTRY"".""CONTINENTEXP""='America' OR ""COUNTRY"".""CONTINENTEXP""='Europe')
",2,"with COVID-19 describe deaths by countriesAndTerritories for continentExp in ('America', 'Europe', 'Africa')",108,0.00900562851782364,4,5056.0,304.0,127.0,158.0,0,covid2,15,1258,41,adbis
26,0.21619187950229207,COVID-19,"Plan hash value: 2308937895

------------------------------------------------------------------------------------------------
| Id  | Operation                       | Name         | Rows  | Bytes | Cost (%CPU)| Time     |
------------------------------------------------------------------------------------------------
|   0 | SELECT STATEMENT                |              |    19 |   912 |    14  (15)| 00:00:01 |
|   1 |  SORT GROUP BY                  |              |    19 |   912 |    14  (15)| 00:00:01 |
|   2 |   MERGE JOIN                    |              |   560 | 26880 |    13   (8)| 00:00:01 |
|   3 |    TABLE ACCESS BY INDEX ROWID  | COVIDDATE    |   348 |  6612 |     2   (0)| 00:00:01 |
|   4 |     INDEX FULL SCAN             | SYS_C0025273 |   348 |       |     1   (0)| 00:00:01 |
|*  5 |    SORT JOIN                    |              |   560 | 16240 |    11  (10)| 00:00:01 |
|   6 |     INLIST ITERATOR             |              |       |       |            |          |
|   7 |      TABLE ACCESS BY INDEX ROWID| COVIDFACT    |   560 | 16240 |    10   (0)| 00:00:01 |
|*  8 |       INDEX RANGE SCAN          | SYS_C0025274 |   560 |       |     5   (0)| 00:00:01 |
------------------------------------------------------------------------------------------------

Predicate Information (identified by operation id):
---------------------------------------------------

5 - access(""COVIDDATE"".""DATEREP""=""FT"".""DATEREP"")
filter(""COVIDDATE"".""DATEREP""=""FT"".""DATEREP"")
8 - access(""FT"".""COUNTRIESANDTERRITORIES""='Italy' OR
""FT"".""COUNTRIESANDTERRITORIES""='United_States_of_America')
",3,"with COVID-19 describe deaths, cases by month, countriesAndTerritories for countriesAndTerritories in ('United_States_of_America', 'Italy')",139,0.011231748408835642,1,912.0,449.0,14.0,19.0,0,covid2,3,1184,5,adbis
13,0.20510805500982318,COVID-19,"Plan hash value: 2755916834

-------------------------------------------------------------------------------------------------
| Id  | Operation                        | Name         | Rows  | Bytes | Cost (%CPU)| Time     |
-------------------------------------------------------------------------------------------------
|   0 | SELECT STATEMENT                 |              |    13 |   559 |    10  (20)| 00:00:01 |
|   1 |  SORT GROUP BY                   |              |    13 |   559 |    10  (20)| 00:00:01 |
|   2 |   MERGE JOIN                     |              |   190 |  8170 |     9  (12)| 00:00:01 |
|   3 |    TABLE ACCESS BY INDEX ROWID   | COVIDDATE    |   348 |  6612 |     2   (0)| 00:00:01 |
|   4 |     INDEX FULL SCAN              | SYS_C0025273 |   348 |       |     1   (0)| 00:00:01 |
|*  5 |    SORT JOIN                     |              |   190 |  4560 |     7  (15)| 00:00:01 |
|   6 |     VIEW                         | VW_GBC_5     |   190 |  4560 |     6   (0)| 00:00:01 |
|   7 |      HASH GROUP BY               |              |   190 |  4750 |     6   (0)| 00:00:01 |
|   8 |       TABLE ACCESS BY INDEX ROWID| COVIDFACT    |   275 |  6875 |     6   (0)| 00:00:01 |
|*  9 |        INDEX RANGE SCAN          | SYS_C0025274 |   275 |       |     3   (0)| 00:00:01 |
-------------------------------------------------------------------------------------------------

Predicate Information (identified by operation id):
---------------------------------------------------

5 - access(""COVIDDATE"".""DATEREP""=""ITEM_1"")
filter(""COVIDDATE"".""DATEREP""=""ITEM_1"")
9 - access(""FT"".""COUNTRIESANDTERRITORIES""='United_States_of_America')
",0,with COVID-19 describe deaths by month for countriesAndTerritories = 'United_States_of_America',95,0.0,0,559.0,318.0,10.0,13.0,0,covid3,0,1196,6,adbis
506,0.20780943025540274,COVID-19,"Plan hash value: 3009686037

----------------------------------------------------------------------------------
| Id  | Operation            | Name      | Rows  | Bytes | Cost (%CPU)| Time     |
----------------------------------------------------------------------------------
|   0 | SELECT STATEMENT     |           |   451 | 27962 |   130   (4)| 00:00:02 |
|   1 |  SORT GROUP BY       |           |   451 | 27962 |   130   (4)| 00:00:02 |
|*  2 |   HASH JOIN          |           | 14184 |   858K|   129   (3)| 00:00:02 |
|   3 |    TABLE ACCESS FULL | COVIDDATE |   348 |  6612 |     4   (0)| 00:00:01 |
|*  4 |    HASH JOIN         |           | 14184 |   595K|   124   (2)| 00:00:02 |
|*  5 |     TABLE ACCESS FULL| COUNTRY   |    49 |   882 |     4   (0)| 00:00:01 |
|   6 |     TABLE ACCESS FULL| COVIDFACT | 61080 |  1491K|   119   (1)| 00:00:02 |
----------------------------------------------------------------------------------

Predicate Information (identified by operation id):
---------------------------------------------------

2 - access(""COVIDDATE"".""DATEREP""=""FT"".""DATEREP"")
4 - access(""COUNTRY"".""COUNTRIESANDTERRITORIES""=""FT"".""COUNTRIESANDTERRIT
ORIES"")
5 - filter(""COUNTRY"".""CONTINENTEXP""='America')
",1,"with COVID-19 describe deaths by month, countriesAndTerritories for continentExp in ('America')",95,0.00478281323506351,5,27962.0,392.0,130.0,451.0,0,covid3,7,1222,46,adbis
1044,0.20780943025540274,COVID-19,"Plan hash value: 3009686037

----------------------------------------------------------------------------------
| Id  | Operation            | Name      | Rows  | Bytes | Cost (%CPU)| Time     |
----------------------------------------------------------------------------------
|   0 | SELECT STATEMENT     |           |  1002 | 62124 |   131   (4)| 00:00:02 |
|   1 |  SORT GROUP BY       |           |  1002 | 62124 |   131   (4)| 00:00:02 |
|*  2 |   HASH JOIN          |           | 31408 |  1901K|   129   (3)| 00:00:02 |
|   3 |    TABLE ACCESS FULL | COVIDDATE |   348 |  6612 |     4   (0)| 00:00:01 |
|*  4 |    HASH JOIN         |           | 31408 |  1318K|   124   (2)| 00:00:02 |
|*  5 |     TABLE ACCESS FULL| COUNTRY   |   109 |  1962 |     4   (0)| 00:00:01 |
|   6 |     TABLE ACCESS FULL| COVIDFACT | 61080 |  1491K|   119   (1)| 00:00:02 |
----------------------------------------------------------------------------------

Predicate Information (identified by operation id):
---------------------------------------------------

2 - access(""COVIDDATE"".""DATEREP""=""FT"".""DATEREP"")
4 - access(""COUNTRY"".""COUNTRIESANDTERRITORIES""=""FT"".""COUNTRIESANDTERRIT
ORIES"")
5 - filter(""COUNTRY"".""CONTINENTEXP""='Africa' OR
""COUNTRY"".""CONTINENTEXP""='America' OR ""COUNTRY"".""CONTINENTEXP""='Europa')
",2,"with COVID-19 describe deaths by month, countriesAndTerritories for continentExp in ('America', 'Europa', 'Africa')",115,0.022110939907550076,12,62124.0,410.0,131.0,1002.0,0,covid3,47,1309,60,adbis
5,0.3796332678454486,COVID-19,"Plan hash value: 4043441030

----------------------------------------------------------------------------------------------
| Id  | Operation                     | Name         | Rows  | Bytes | Cost (%CPU)| Time     |
----------------------------------------------------------------------------------------------
|   0 | SELECT STATEMENT              |              |     5 |   210 |   127   (6)| 00:00:02 |
|   1 |  SORT GROUP BY                |              |     5 |   210 |   127   (6)| 00:00:02 |
|   2 |   MERGE JOIN                  |              |   211 |  8862 |   126   (5)| 00:00:02 |
|   3 |    TABLE ACCESS BY INDEX ROWID| COUNTRY      |   211 |  3798 |     2   (0)| 00:00:01 |
|   4 |     INDEX FULL SCAN           | SYS_C0025272 |   211 |       |     1   (0)| 00:00:01 |
|*  5 |    SORT JOIN                  |              |   211 |  5064 |   124   (5)| 00:00:02 |
|   6 |     VIEW                      | VW_GBC_5     |   211 |  5064 |   123   (5)| 00:00:02 |
|   7 |      HASH GROUP BY            |              |   211 |  2954 |   123   (5)| 00:00:02 |
|   8 |       TABLE ACCESS FULL       | COVIDFACT    | 61080 |   835K|   119   (1)| 00:00:02 |
----------------------------------------------------------------------------------------------

Predicate Information (identified by operation id):
---------------------------------------------------

5 - access(""COUNTRY"".""COUNTRIESANDTERRITORIES""=""ITEM_1"")
filter(""COUNTRY"".""COUNTRIESANDTERRITORIES""=""ITEM_1"")
",3,with COVID-19 describe deaths by continentExp,45,0.1290564903846154,0,210.0,211.0,127.0,5.0,0,covid3,14,1107,25,adbis
13,0.10347085789129011,COVID-19,"Plan hash value: 818443477

----------------------------------------------------------------------------------------------
| Id  | Operation                     | Name         | Rows  | Bytes | Cost (%CPU)| Time     |
----------------------------------------------------------------------------------------------
|   0 | SELECT STATEMENT              |              |    13 |   559 |   127   (6)| 00:00:02 |
|   1 |  SORT GROUP BY                |              |    13 |   559 |   127   (6)| 00:00:02 |
|   2 |   MERGE JOIN                  |              |   348 | 14964 |   126   (5)| 00:00:02 |
|   3 |    TABLE ACCESS BY INDEX ROWID| COVIDDATE    |   348 |  6612 |     2   (0)| 00:00:01 |
|   4 |     INDEX FULL SCAN           | SYS_C0025273 |   348 |       |     1   (0)| 00:00:01 |
|*  5 |    SORT JOIN                  |              |   348 |  8352 |   124   (5)| 00:00:02 |
|   6 |     VIEW                      | VW_GBC_5     |   348 |  8352 |   123   (5)| 00:00:02 |
|   7 |      HASH GROUP BY            |              |   348 |  4872 |   123   (5)| 00:00:02 |
|   8 |       TABLE ACCESS FULL       | COVIDFACT    | 61080 |   835K|   119   (1)| 00:00:02 |
----------------------------------------------------------------------------------------------

Predicate Information (identified by operation id):
---------------------------------------------------

5 - access(""COVIDDATE"".""DATEREP""=""ITEM_1"")
filter(""COVIDDATE"".""DATEREP""=""ITEM_1"")
",0,with COVID-19 describe deaths by month,38,0.0,0,559.0,168.0,127.0,13.0,0,covid4,0,1167,30,adbis
13,0.10446954813359528,COVID-19,"Plan hash value: 2755916834

-------------------------------------------------------------------------------------------------
| Id  | Operation                        | Name         | Rows  | Bytes | Cost (%CPU)| Time     |
-------------------------------------------------------------------------------------------------
|   0 | SELECT STATEMENT                 |              |    10 |   540 |    10  (20)| 00:00:01 |
|   1 |  SORT GROUP BY                   |              |    10 |   540 |    10  (20)| 00:00:01 |
|   2 |   MERGE JOIN                     |              |   163 |  8802 |     9  (12)| 00:00:01 |
|   3 |    TABLE ACCESS BY INDEX ROWID   | COVIDDATE    |   348 |  6612 |     2   (0)| 00:00:01 |
|   4 |     INDEX FULL SCAN              | SYS_C0025273 |   348 |       |     1   (0)| 00:00:01 |
|*  5 |    SORT JOIN                     |              |   163 |  5705 |     7  (15)| 00:00:01 |
|   6 |     VIEW                         | VW_GBC_5     |   163 |  5705 |     6   (0)| 00:00:01 |
|   7 |      HASH GROUP BY               |              |   163 |  4075 |     6   (0)| 00:00:01 |
|   8 |       TABLE ACCESS BY INDEX ROWID| COVIDFACT    |   286 |  7150 |     6   (0)| 00:00:01 |
|*  9 |        INDEX RANGE SCAN          | SYS_C0025274 |   286 |       |     3   (0)| 00:00:01 |
-------------------------------------------------------------------------------------------------

Predicate Information (identified by operation id):
---------------------------------------------------

5 - access(""COVIDDATE"".""DATEREP""=""ITEM_1"")
filter(""COVIDDATE"".""DATEREP""=""ITEM_1"")
9 - access(""FT"".""COUNTRIESANDTERRITORIES""='Italy')
",1,"with COVID-19 describe deaths by month, countriesAndTerritories for countriesAndTerritories = 'Italy'",101,0.004679457182966776,0,540.0,398.0,10.0,10.0,0,covid4,2,1263,9,adbis
2270,0.1131630648330059,COVID-19,"Plan hash value: 107072300

---------------------------------------------------------------------------------
| Id  | Operation           | Name      | Rows  | Bytes | Cost (%CPU)| Time     |
---------------------------------------------------------------------------------
|   0 | SELECT STATEMENT    |           |  1940 | 85360 |   128   (5)| 00:00:02 |
|   1 |  SORT GROUP BY      |           |  1940 | 85360 |   128   (5)| 00:00:02 |
|*  2 |   HASH JOIN         |           | 61080 |  2624K|   124   (2)| 00:00:02 |
|   3 |    TABLE ACCESS FULL| COVIDDATE |   348 |  6612 |     4   (0)| 00:00:01 |
|   4 |    TABLE ACCESS FULL| COVIDFACT | 61080 |  1491K|   119   (1)| 00:00:02 |
---------------------------------------------------------------------------------

Predicate Information (identified by operation id):
---------------------------------------------------

2 - access(""COVIDDATE"".""DATEREP""=""FT"".""DATEREP"")
",2,"with COVID-19 describe deaths by month, countriesAndTerritories",63,0.008605851979345954,16,85360.0,350.0,128.0,1940.0,0,covid4,98,1378,101,adbis
211,0.1210543549443353,COVID-19,"Plan hash value: 216913314

--------------------------------------------------------------------------------
| Id  | Operation          | Name      | Rows  | Bytes | Cost (%CPU)| Time     |
--------------------------------------------------------------------------------
|   0 | SELECT STATEMENT   |           |   211 |  2954 |   123   (5)| 00:00:02 |
|   1 |  SORT GROUP BY     |           |   211 |  2954 |   123   (5)| 00:00:02 |
|   2 |   TABLE ACCESS FULL| COVIDFACT | 61080 |   835K|   119   (1)| 00:00:02 |
--------------------------------------------------------------------------------
",3,with COVID-19 describe deaths by countriesAndTerritories,56,0.07747972551466001,1,2954.0,244.0,123.0,211.0,0,covid4,18,1191,34,adbis
13,0.2032580222658808,COVID-19,"Plan hash value: 2755916834

-------------------------------------------------------------------------------------------------
| Id  | Operation                        | Name         | Rows  | Bytes | Cost (%CPU)| Time     |
-------------------------------------------------------------------------------------------------
|   0 | SELECT STATEMENT                 |              |    13 |   559 |    10  (20)| 00:00:01 |
|   1 |  SORT GROUP BY                   |              |    13 |   559 |    10  (20)| 00:00:01 |
|   2 |   MERGE JOIN                     |              |   195 |  8385 |     9  (12)| 00:00:01 |
|   3 |    TABLE ACCESS BY INDEX ROWID   | COVIDDATE    |   348 |  6612 |     2   (0)| 00:00:01 |
|   4 |     INDEX FULL SCAN              | SYS_C0025273 |   348 |       |     1   (0)| 00:00:01 |
|*  5 |    SORT JOIN                     |              |   195 |  4680 |     7  (15)| 00:00:01 |
|   6 |     VIEW                         | VW_GBC_5     |   195 |  4680 |     6   (0)| 00:00:01 |
|   7 |      HASH GROUP BY               |              |   195 |  4875 |     6   (0)| 00:00:01 |
|   8 |       TABLE ACCESS BY INDEX ROWID| COVIDFACT    |   286 |  7150 |     6   (0)| 00:00:01 |
|*  9 |        INDEX RANGE SCAN          | SYS_C0025274 |   286 |       |     3   (0)| 00:00:01 |
-------------------------------------------------------------------------------------------------

Predicate Information (identified by operation id):
---------------------------------------------------

5 - access(""COVIDDATE"".""DATEREP""=""ITEM_1"")
filter(""COVIDDATE"".""DATEREP""=""ITEM_1"")
9 - access(""FT"".""COUNTRIESANDTERRITORIES""='Italy')
",0,with COVID-19 describe deaths by month for countriesAndTerritories = 'Italy',76,0.0,0,559.0,299.0,10.0,13.0,0,covid5,1,1207,5,adbis
39,0.20376555337262606,COVID-19,"Plan hash value: 2308937895

------------------------------------------------------------------------------------------------
| Id  | Operation                       | Name         | Rows  | Bytes | Cost (%CPU)| Time     |
------------------------------------------------------------------------------------------------
|   0 | SELECT STATEMENT                |              |    28 |  1232 |    19  (11)| 00:00:01 |
|   1 |  SORT GROUP BY                  |              |    28 |  1232 |    19  (11)| 00:00:01 |
|   2 |   MERGE JOIN                    |              |   934 | 41096 |    18   (6)| 00:00:01 |
|   3 |    TABLE ACCESS BY INDEX ROWID  | COVIDDATE    |   348 |  6612 |     2   (0)| 00:00:01 |
|   4 |     INDEX FULL SCAN             | SYS_C0025273 |   348 |       |     1   (0)| 00:00:01 |
|*  5 |    SORT JOIN                    |              |   934 | 23350 |    16   (7)| 00:00:01 |
|   6 |     INLIST ITERATOR             |              |       |       |            |          |
|   7 |      TABLE ACCESS BY INDEX ROWID| COVIDFACT    |   934 | 23350 |    15   (0)| 00:00:01 |
|*  8 |       INDEX RANGE SCAN          | SYS_C0025274 |   934 |       |     7   (0)| 00:00:01 |
------------------------------------------------------------------------------------------------

Predicate Information (identified by operation id):
---------------------------------------------------

5 - access(""COVIDDATE"".""DATEREP""=""FT"".""DATEREP"")
filter(""COVIDDATE"".""DATEREP""=""FT"".""DATEREP"")
8 - access(""FT"".""COUNTRIESANDTERRITORIES""='Germany' OR
""FT"".""COUNTRIESANDTERRITORIES""='Italy' OR ""FT"".""COUNTRIESANDTERRITORIES""='Spain')
",1,"with COVID-19 describe deaths by month, countriesAndTerritories for countriesAndTerritories in ('Italy', 'Spain', 'Germany')",124,0.007179323548181238,0,1232.0,419.0,19.0,28.0,0,covid5,2,1189,6,adbis
211,0.21789456450556646,COVID-19,"Plan hash value: 216913314

--------------------------------------------------------------------------------
| Id  | Operation          | Name      | Rows  | Bytes | Cost (%CPU)| Time     |
--------------------------------------------------------------------------------
|   0 | SELECT STATEMENT   |           |   211 |  2954 |   123   (5)| 00:00:02 |
|   1 |  SORT GROUP BY     |           |   211 |  2954 |   123   (5)| 00:00:02 |
|   2 |   TABLE ACCESS FULL| COVIDFACT | 61080 |   835K|   119   (1)| 00:00:02 |
--------------------------------------------------------------------------------
",2,with COVID-19 describe deaths by countriesAndTerritories,56,0.019883643861845497,1,2954.0,244.0,123.0,211.0,0,covid5,11,1188,47,adbis
1043,0.2183366077275704,COVID-19,"Plan hash value: 3733565869

----------------------------------------------------------------------------------------------
| Id  | Operation                     | Name         | Rows  | Bytes | Cost (%CPU)| Time     |
----------------------------------------------------------------------------------------------
|   0 | SELECT STATEMENT              |              |   812 | 20300 |    15   (0)| 00:00:01 |
|   1 |  SORT GROUP BY NOSORT         |              |   812 | 20300 |    15   (0)| 00:00:01 |
|   2 |   INLIST ITERATOR             |              |       |       |            |          |
|   3 |    TABLE ACCESS BY INDEX ROWID| COVIDFACT    |   934 | 23350 |    15   (0)| 00:00:01 |
|*  4 |     INDEX RANGE SCAN          | SYS_C0025274 |   934 |       |     7   (0)| 00:00:01 |
----------------------------------------------------------------------------------------------

Predicate Information (identified by operation id):
---------------------------------------------------

4 - access(""FT"".""COUNTRIESANDTERRITORIES""='Germany' OR
""FT"".""COUNTRIESANDTERRITORIES""='Italy' OR ""FT"".""COUNTRIESANDTERRITORIES""='Spain')
",3,"with COVID-19 describe deaths by dateRep, countriesAndTerritories for countriesAndTerritories in ('Italy', 'Spain', 'Germany')",126,0.025146198830409357,4,20300.0,425.0,15.0,812.0,0,covid5,10,1250,5,adbis
26,4.911591355599214E-4,COVID-19,"Plan hash value: 2308937895

------------------------------------------------------------------------------------------------
| Id  | Operation                       | Name         | Rows  | Bytes | Cost (%CPU)| Time     |
------------------------------------------------------------------------------------------------
|   0 | SELECT STATEMENT                |              |    19 |   912 |    14  (15)| 00:00:01 |
|   1 |  SORT GROUP BY                  |              |    19 |   912 |    14  (15)| 00:00:01 |
|   2 |   MERGE JOIN                    |              |   560 | 26880 |    13   (8)| 00:00:01 |
|   3 |    TABLE ACCESS BY INDEX ROWID  | COVIDDATE    |   348 |  6612 |     2   (0)| 00:00:01 |
|   4 |     INDEX FULL SCAN             | SYS_C0025273 |   348 |       |     1   (0)| 00:00:01 |
|*  5 |    SORT JOIN                    |              |   560 | 16240 |    11  (10)| 00:00:01 |
|   6 |     INLIST ITERATOR             |              |       |       |            |          |
|   7 |      TABLE ACCESS BY INDEX ROWID| COVIDFACT    |   560 | 16240 |    10   (0)| 00:00:01 |
|*  8 |       INDEX RANGE SCAN          | SYS_C0025274 |   560 |       |     5   (0)| 00:00:01 |
------------------------------------------------------------------------------------------------

Predicate Information (identified by operation id):
---------------------------------------------------

5 - access(""COVIDDATE"".""DATEREP""=""FT"".""DATEREP"")
filter(""COVIDDATE"".""DATEREP""=""FT"".""DATEREP"")
8 - access(""FT"".""COUNTRIESANDTERRITORIES""='Italy' OR
""FT"".""COUNTRIESANDTERRITORIES""='United_States_of_America')
",0,"with COVID-19 describe deaths, cases by month, countriesAndTerritories for countriesAndTerritories in ('United_States_of_America', 'Italy')",139,0.0,0,912.0,449.0,14.0,19.0,0,random0,1,1179,6,adbis
49,0.0056974459724950886,COVID-19,"Plan hash value: 1016733566

---------------------------------------------------------------------------------
| Id  | Operation           | Name      | Rows  | Bytes | Cost (%CPU)| Time     |
---------------------------------------------------------------------------------
|   0 | SELECT STATEMENT    |           |    49 |  1568 |   126   (4)| 00:00:02 |
|   1 |  SORT GROUP BY      |           |    49 |  1568 |   126   (4)| 00:00:02 |
|*  2 |   HASH JOIN         |           | 14184 |   443K|   124   (2)| 00:00:02 |
|*  3 |    TABLE ACCESS FULL| COUNTRY   |    49 |   882 |     4   (0)| 00:00:01 |
|   4 |    TABLE ACCESS FULL| COVIDFACT | 61080 |   835K|   119   (1)| 00:00:02 |
---------------------------------------------------------------------------------

Predicate Information (identified by operation id):
---------------------------------------------------

2 - access(""COUNTRY"".""COUNTRIESANDTERRITORIES""=""FT"".""COUNTRIESANDTERRI
TORIES"")
3 - filter(""COUNTRY"".""CONTINENTEXP""='America')
",1,with COVID-19 describe deaths by countriesAndTerritories for continentExp = 'America',85,0.07936507936507936,1,1568.0,283.0,126.0,49.0,0,random0,5,1220,19,adbis
13,0.0066797642436149315,COVID-19,"Plan hash value: 2308937895

------------------------------------------------------------------------------------------------
| Id  | Operation                       | Name         | Rows  | Bytes | Cost (%CPU)| Time     |
------------------------------------------------------------------------------------------------
|   0 | SELECT STATEMENT                |              |    28 |  1232 |    11  (19)| 00:00:01 |
|   1 |  SORT GROUP BY                  |              |    28 |  1232 |    11  (19)| 00:00:01 |
|   2 |   MERGE JOIN                    |              |   287 | 12628 |    10  (10)| 00:00:01 |
|   3 |    TABLE ACCESS BY INDEX ROWID  | COVIDDATE    |   348 |  6612 |     2   (0)| 00:00:01 |
|   4 |     INDEX FULL SCAN             | SYS_C0025273 |   348 |       |     1   (0)| 00:00:01 |
|*  5 |    SORT JOIN                    |              |   287 |  7175 |     8  (13)| 00:00:01 |
|   6 |     INLIST ITERATOR             |              |       |       |            |          |
|   7 |      TABLE ACCESS BY INDEX ROWID| COVIDFACT    |   287 |  7175 |     7   (0)| 00:00:01 |
|*  8 |       INDEX RANGE SCAN          | SYS_C0025274 |   287 |       |     4   (0)| 00:00:01 |
------------------------------------------------------------------------------------------------

Predicate Information (identified by operation id):
---------------------------------------------------

5 - access(""COVIDDATE"".""DATEREP""=""FT"".""DATEREP"")
filter(""COVIDDATE"".""DATEREP""=""FT"".""DATEREP"")
8 - access(""FT"".""COUNTRIESANDTERRITORIES""=' France' OR
""FT"".""COUNTRIESANDTERRITORIES""=' Germany' OR ""FT"".""COUNTRIESANDTERRITORIES""='Italy')
",2,"with COVID-19 describe deaths by month, countriesAndTerritories for countriesAndTerritories in ('Italy', ' France', ' Germany')",127,0.0684931506849315,1,1232.0,422.0,11.0,28.0,0,random0,2,1174,3,adbis
13,0.0066797642436149315,COVID-19,"Plan hash value: 2755916834

-------------------------------------------------------------------------------------------------
| Id  | Operation                        | Name         | Rows  | Bytes | Cost (%CPU)| Time     |
-------------------------------------------------------------------------------------------------
|   0 | SELECT STATEMENT                 |              |    10 |   540 |    10  (20)| 00:00:01 |
|   1 |  SORT GROUP BY                   |              |    10 |   540 |    10  (20)| 00:00:01 |
|   2 |   MERGE JOIN                     |              |   159 |  8586 |     9  (12)| 00:00:01 |
|   3 |    TABLE ACCESS BY INDEX ROWID   | COVIDDATE    |   348 |  6612 |     2   (0)| 00:00:01 |
|   4 |     INDEX FULL SCAN              | SYS_C0025273 |   348 |       |     1   (0)| 00:00:01 |
|*  5 |    SORT JOIN                     |              |   159 |  5565 |     7  (15)| 00:00:01 |
|   6 |     VIEW                         | VW_GBC_5     |   159 |  5565 |     6   (0)| 00:00:01 |
|   7 |      HASH GROUP BY               |              |   159 |  3975 |     6   (0)| 00:00:01 |
|   8 |       TABLE ACCESS BY INDEX ROWID| COVIDFACT    |   275 |  6875 |     6   (0)| 00:00:01 |
|*  9 |        INDEX RANGE SCAN          | SYS_C0025274 |   275 |       |     3   (0)| 00:00:01 |
-------------------------------------------------------------------------------------------------

Predicate Information (identified by operation id):
---------------------------------------------------

5 - access(""COVIDDATE"".""DATEREP""=""ITEM_1"")
filter(""COVIDDATE"".""DATEREP""=""ITEM_1"")
9 - access(""FT"".""COUNTRIESANDTERRITORIES""='United_States_of_America')
",3,"with COVID-19 describe deaths by month, countriesAndTerritories for countriesAndTerritories = 'United_States_of_America'",120,0.18236472945891782,1,540.0,417.0,10.0,10.0,0,random0,2,1175,9,adbis
158,0.01237721021611002,COVID-19,"Plan hash value: 1016733566

---------------------------------------------------------------------------------
| Id  | Operation           | Name      | Rows  | Bytes | Cost (%CPU)| Time     |
---------------------------------------------------------------------------------
|   0 | SELECT STATEMENT    |           |   158 |  5056 |   127   (4)| 00:00:02 |
|   1 |  SORT GROUP BY      |           |   158 |  5056 |   127   (4)| 00:00:02 |
|*  2 |   HASH JOIN         |           | 45738 |  1429K|   124   (2)| 00:00:02 |
|*  3 |    TABLE ACCESS FULL| COUNTRY   |   158 |  2844 |     4   (0)| 00:00:01 |
|   4 |    TABLE ACCESS FULL| COVIDFACT | 61080 |   835K|   119   (1)| 00:00:02 |
---------------------------------------------------------------------------------

Predicate Information (identified by operation id):
---------------------------------------------------

2 - access(""COUNTRY"".""COUNTRIESANDTERRITORIES""=""FT"".""COUNTRIESANDTERRI
TORIES"")
3 - filter(""COUNTRY"".""CONTINENTEXP""='Africa' OR
""COUNTRY"".""CONTINENTEXP""='America' OR ""COUNTRY"".""CONTINENTEXP""='Europe')
",4,"with COVID-19 describe deaths by countriesAndTerritories for continentExp in ('America', 'Europe', 'Africa')",108,0.3673640167364017,0,5056.0,304.0,127.0,158.0,0,random0,8,1173,43,adbis
26,0.017092337917485264,COVID-19,"Plan hash value: 2308937895

------------------------------------------------------------------------------------------------
| Id  | Operation                       | Name         | Rows  | Bytes | Cost (%CPU)| Time     |
------------------------------------------------------------------------------------------------
|   0 | SELECT STATEMENT                |              |    19 |   836 |    14  (15)| 00:00:01 |
|   1 |  SORT GROUP BY                  |              |    19 |   836 |    14  (15)| 00:00:01 |
|   2 |   MERGE JOIN                    |              |   560 | 24640 |    13   (8)| 00:00:01 |
|   3 |    TABLE ACCESS BY INDEX ROWID  | COVIDDATE    |   348 |  6612 |     2   (0)| 00:00:01 |
|   4 |     INDEX FULL SCAN             | SYS_C0025273 |   348 |       |     1   (0)| 00:00:01 |
|*  5 |    SORT JOIN                    |              |   560 | 14000 |    11  (10)| 00:00:01 |
|   6 |     INLIST ITERATOR             |              |       |       |            |          |
|   7 |      TABLE ACCESS BY INDEX ROWID| COVIDFACT    |   560 | 14000 |    10   (0)| 00:00:01 |
|*  8 |       INDEX RANGE SCAN          | SYS_C0025274 |   560 |       |     5   (0)| 00:00:01 |
------------------------------------------------------------------------------------------------

Predicate Information (identified by operation id):
---------------------------------------------------

5 - access(""COVIDDATE"".""DATEREP""=""FT"".""DATEREP"")
filter(""COVIDDATE"".""DATEREP""=""FT"".""DATEREP"")
8 - access(""FT"".""COUNTRIESANDTERRITORIES""='Italy' OR
""FT"".""COUNTRIESANDTERRITORIES""='United_States_of_America')
",5,"with COVID-19 describe deaths by month, countriesAndTerritories for countriesAndTerritories in ('United_States_of_America', 'Italy')",132,0.33714285714285713,0,836.0,428.0,14.0,19.0,0,random0,3,1195,5,adbis
49,0.0056974459724950886,COVID-19,"Plan hash value: 1016733566

---------------------------------------------------------------------------------
| Id  | Operation           | Name      | Rows  | Bytes | Cost (%CPU)| Time     |
---------------------------------------------------------------------------------
|   0 | SELECT STATEMENT    |           |    49 |  1568 |   126   (4)| 00:00:02 |
|   1 |  SORT GROUP BY      |           |    49 |  1568 |   126   (4)| 00:00:02 |
|*  2 |   HASH JOIN         |           | 14184 |   443K|   124   (2)| 00:00:02 |
|*  3 |    TABLE ACCESS FULL| COUNTRY   |    49 |   882 |     4   (0)| 00:00:01 |
|   4 |    TABLE ACCESS FULL| COVIDFACT | 61080 |   835K|   119   (1)| 00:00:02 |
---------------------------------------------------------------------------------

Predicate Information (identified by operation id):
---------------------------------------------------

2 - access(""COUNTRY"".""COUNTRIESANDTERRITORIES""=""FT"".""COUNTRIESANDTERRI
TORIES"")
3 - filter(""COUNTRY"".""CONTINENTEXP""='America')
",0,with COVID-19 describe deaths by countriesAndTerritories for continentExp = 'America',85,0.0,0,1568.0,283.0,126.0,49.0,0,random1,1,1183,40,adbis
39,0.017092337917485264,COVID-19,"Plan hash value: 2308937895

------------------------------------------------------------------------------------------------
| Id  | Operation                       | Name         | Rows  | Bytes | Cost (%CPU)| Time     |
------------------------------------------------------------------------------------------------
|   0 | SELECT STATEMENT                |              |    28 |  1232 |    18  (12)| 00:00:01 |
|   1 |  SORT GROUP BY                  |              |    28 |  1232 |    18  (12)| 00:00:01 |
|   2 |   MERGE JOIN                    |              |   868 | 38192 |    17   (6)| 00:00:01 |
|   3 |    TABLE ACCESS BY INDEX ROWID  | COVIDDATE    |   348 |  6612 |     2   (0)| 00:00:01 |
|   4 |     INDEX FULL SCAN             | SYS_C0025273 |   348 |       |     1   (0)| 00:00:01 |
|*  5 |    SORT JOIN                    |              |   868 | 21700 |    15   (7)| 00:00:01 |
|   6 |     INLIST ITERATOR             |              |       |       |            |          |
|   7 |      TABLE ACCESS BY INDEX ROWID| COVIDFACT    |   868 | 21700 |    14   (0)| 00:00:01 |
|*  8 |       INDEX RANGE SCAN          | SYS_C0025274 |   868 |       |     7   (0)| 00:00:01 |
------------------------------------------------------------------------------------------------

Predicate Information (identified by operation id):
---------------------------------------------------

5 - access(""COVIDDATE"".""DATEREP""=""FT"".""DATEREP"")
filter(""COVIDDATE"".""DATEREP""=""FT"".""DATEREP"")
8 - access(""FT"".""COUNTRIESANDTERRITORIES""='France' OR
""FT"".""COUNTRIESANDTERRITORIES""='Italy' OR ""FT"".""COUNTRIESANDTERRITORIES""='United_States_
of_America')
",1,"with COVID-19 describe deaths by month, countriesAndTerritories for countriesAndTerritories in ('United_States_of_America', 'Italy', 'France')",142,0.08098591549295775,1,1232.0,437.0,18.0,28.0,0,random1,2,1184,5,adbis
13,0.017092337917485264,COVID-19,"Plan hash value: 2755916834

-------------------------------------------------------------------------------------------------
| Id  | Operation                        | Name         | Rows  | Bytes | Cost (%CPU)| Time     |
-------------------------------------------------------------------------------------------------
|   0 | SELECT STATEMENT                 |              |    10 |   540 |    10  (20)| 00:00:01 |
|   1 |  SORT GROUP BY                   |              |    10 |   540 |    10  (20)| 00:00:01 |
|   2 |   MERGE JOIN                     |              |   159 |  8586 |     9  (12)| 00:00:01 |
|   3 |    TABLE ACCESS BY INDEX ROWID   | COVIDDATE    |   348 |  6612 |     2   (0)| 00:00:01 |
|   4 |     INDEX FULL SCAN              | SYS_C0025273 |   348 |       |     1   (0)| 00:00:01 |
|*  5 |    SORT JOIN                     |              |   159 |  5565 |     7  (15)| 00:00:01 |
|   6 |     VIEW                         | VW_GBC_5     |   159 |  5565 |     6   (0)| 00:00:01 |
|   7 |      HASH GROUP BY               |              |   159 |  3975 |     6   (0)| 00:00:01 |
|   8 |       TABLE ACCESS BY INDEX ROWID| COVIDFACT    |   275 |  6875 |     6   (0)| 00:00:01 |
|*  9 |        INDEX RANGE SCAN          | SYS_C0025274 |   275 |       |     3   (0)| 00:00:01 |
-------------------------------------------------------------------------------------------------

Predicate Information (identified by operation id):
---------------------------------------------------

5 - access(""COVIDDATE"".""DATEREP""=""ITEM_1"")
filter(""COVIDDATE"".""DATEREP""=""ITEM_1"")
9 - access(""FT"".""COUNTRIESANDTERRITORIES""='United_States_of_America')
",2,"with COVID-19 describe deaths by month, countriesAndTerritories for countriesAndTerritories = 'United_States_of_America'",120,0.12781954887218044,0,540.0,417.0,10.0,10.0,0,random1,1,1190,5,adbis
211,0.02847085789129011,COVID-19,"Plan hash value: 216913314

--------------------------------------------------------------------------------
| Id  | Operation          | Name      | Rows  | Bytes | Cost (%CPU)| Time     |
--------------------------------------------------------------------------------
|   0 | SELECT STATEMENT   |           |   211 |  2954 |   123   (5)| 00:00:02 |
|   1 |  SORT GROUP BY     |           |   211 |  2954 |   123   (5)| 00:00:02 |
|   2 |   TABLE ACCESS FULL| COVIDFACT | 61080 |   835K|   119   (1)| 00:00:02 |
--------------------------------------------------------------------------------
",3,with COVID-19 describe deaths by countriesAndTerritories,56,0.2236607142857143,1,2954.0,244.0,123.0,211.0,0,random1,10,1186,35,adbis
49,0.0056974459724950886,COVID-19,"Plan hash value: 1016733566

---------------------------------------------------------------------------------
| Id  | Operation           | Name      | Rows  | Bytes | Cost (%CPU)| Time     |
---------------------------------------------------------------------------------
|   0 | SELECT STATEMENT    |           |    49 |  1568 |   126   (4)| 00:00:02 |
|   1 |  SORT GROUP BY      |           |    49 |  1568 |   126   (4)| 00:00:02 |
|*  2 |   HASH JOIN         |           | 14184 |   443K|   124   (2)| 00:00:02 |
|*  3 |    TABLE ACCESS FULL| COUNTRY   |    49 |   882 |     4   (0)| 00:00:01 |
|   4 |    TABLE ACCESS FULL| COVIDFACT | 61080 |   835K|   119   (1)| 00:00:02 |
---------------------------------------------------------------------------------

Predicate Information (identified by operation id):
---------------------------------------------------

2 - access(""COUNTRY"".""COUNTRIESANDTERRITORIES""=""FT"".""COUNTRIESANDTERRI
TORIES"")
3 - filter(""COUNTRY"".""CONTINENTEXP""='America')
",0,with COVID-19 describe deaths by countriesAndTerritories for continentExp = 'America',85,0.0,0,1568.0,283.0,126.0,49.0,0,random2,0,1186,44,adbis
39,0.0056974459724950886,COVID-19,"Plan hash value: 2308937895

------------------------------------------------------------------------------------------------
| Id  | Operation                       | Name         | Rows  | Bytes | Cost (%CPU)| Time     |
------------------------------------------------------------------------------------------------
|   0 | SELECT STATEMENT                |              |    28 |  1344 |    18  (12)| 00:00:01 |
|   1 |  SORT GROUP BY                  |              |    28 |  1344 |    18  (12)| 00:00:01 |
|   2 |   MERGE JOIN                    |              |   868 | 41664 |    17   (6)| 00:00:01 |
|   3 |    TABLE ACCESS BY INDEX ROWID  | COVIDDATE    |   348 |  6612 |     2   (0)| 00:00:01 |
|   4 |     INDEX FULL SCAN             | SYS_C0025273 |   348 |       |     1   (0)| 00:00:01 |
|*  5 |    SORT JOIN                    |              |   868 | 25172 |    15   (7)| 00:00:01 |
|   6 |     INLIST ITERATOR             |              |       |       |            |          |
|   7 |      TABLE ACCESS BY INDEX ROWID| COVIDFACT    |   868 | 25172 |    14   (0)| 00:00:01 |
|*  8 |       INDEX RANGE SCAN          | SYS_C0025274 |   868 |       |     7   (0)| 00:00:01 |
------------------------------------------------------------------------------------------------

Predicate Information (identified by operation id):
---------------------------------------------------

5 - access(""COVIDDATE"".""DATEREP""=""FT"".""DATEREP"")
filter(""COVIDDATE"".""DATEREP""=""FT"".""DATEREP"")
8 - access(""FT"".""COUNTRIESANDTERRITORIES""='France' OR
""FT"".""COUNTRIESANDTERRITORIES""='Italy' OR ""FT"".""COUNTRIESANDTERRITORIES""='United_States_
of_America')
",1,"with COVID-19 describe deaths, cases by month, countriesAndTerritories for countriesAndTerritories in ('United_States_of_America', 'Italy', 'France')",149,0.07936507936507936,0,1344.0,458.0,18.0,28.0,0,random2,2,1186,6,adbis
2270,0.010690897184020956,COVID-19,"Plan hash value: 107072300

---------------------------------------------------------------------------------
| Id  | Operation           | Name      | Rows  | Bytes | Cost (%CPU)| Time     |
---------------------------------------------------------------------------------
|   0 | SELECT STATEMENT    |           |  1940 | 85360 |   128   (5)| 00:00:02 |
|   1 |  SORT GROUP BY      |           |  1940 | 85360 |   128   (5)| 00:00:02 |
|*  2 |   HASH JOIN         |           | 61080 |  2624K|   124   (2)| 00:00:02 |
|   3 |    TABLE ACCESS FULL| COVIDDATE |   348 |  6612 |     4   (0)| 00:00:01 |
|   4 |    TABLE ACCESS FULL| COVIDFACT | 61080 |  1491K|   119   (1)| 00:00:02 |
---------------------------------------------------------------------------------

Predicate Information (identified by operation id):
---------------------------------------------------

2 - access(""COVIDDATE"".""DATEREP""=""FT"".""DATEREP"")
",2,"with COVID-19 describe deaths by month, countriesAndTerritories",63,0.3045793397231097,8,85360.0,350.0,128.0,1940.0,0,random2,131,1362,91,adbis
211,0.018058284217419777,COVID-19,"Plan hash value: 216913314

--------------------------------------------------------------------------------
| Id  | Operation          | Name      | Rows  | Bytes | Cost (%CPU)| Time     |
--------------------------------------------------------------------------------
|   0 | SELECT STATEMENT   |           |   211 |  2954 |   123   (5)| 00:00:02 |
|   1 |  SORT GROUP BY     |           |   211 |  2954 |   123   (5)| 00:00:02 |
|   2 |   TABLE ACCESS FULL| COVIDFACT | 61080 |   835K|   119   (1)| 00:00:02 |
--------------------------------------------------------------------------------
",3,with COVID-19 describe deaths by countriesAndTerritories,56,0.4434914228052472,1,2954.0,244.0,123.0,211.0,0,random2,17,1269,42,adbis
1043,0.0016535690897184021,COVID-19,"Plan hash value: 3733565869

----------------------------------------------------------------------------------------------
| Id  | Operation                     | Name         | Rows  | Bytes | Cost (%CPU)| Time     |
----------------------------------------------------------------------------------------------
|   0 | SELECT STATEMENT              |              |   812 | 20300 |    15   (0)| 00:00:01 |
|   1 |  SORT GROUP BY NOSORT         |              |   812 | 20300 |    15   (0)| 00:00:01 |
|   2 |   INLIST ITERATOR             |              |       |       |            |          |
|   3 |    TABLE ACCESS BY INDEX ROWID| COVIDFACT    |   934 | 23350 |    15   (0)| 00:00:01 |
|*  4 |     INDEX RANGE SCAN          | SYS_C0025274 |   934 |       |     7   (0)| 00:00:01 |
----------------------------------------------------------------------------------------------

Predicate Information (identified by operation id):
---------------------------------------------------

4 - access(""FT"".""COUNTRIESANDTERRITORIES""='Germany' OR
""FT"".""COUNTRIESANDTERRITORIES""='Italy' OR ""FT"".""COUNTRIESANDTERRITORIES""='Spain')
",0,"with COVID-19 describe deaths by dateRep, countriesAndTerritories for countriesAndTerritories in ('Italy', 'Spain', 'Germany')",126,0.0,4,20300.0,425.0,15.0,812.0,0,random3,0,1268,5,adbis
13,0.2061231172233137,COVID-19,"Plan hash value: 2755916834

-------------------------------------------------------------------------------------------------
| Id  | Operation                        | Name         | Rows  | Bytes | Cost (%CPU)| Time     |
-------------------------------------------------------------------------------------------------
|   0 | SELECT STATEMENT                 |              |    13 |   559 |    10  (20)| 00:00:01 |
|   1 |  SORT GROUP BY                   |              |    13 |   559 |    10  (20)| 00:00:01 |
|   2 |   MERGE JOIN                     |              |   190 |  8170 |     9  (12)| 00:00:01 |
|   3 |    TABLE ACCESS BY INDEX ROWID   | COVIDDATE    |   348 |  6612 |     2   (0)| 00:00:01 |
|   4 |     INDEX FULL SCAN              | SYS_C0025273 |   348 |       |     1   (0)| 00:00:01 |
|*  5 |    SORT JOIN                     |              |   190 |  4560 |     7  (15)| 00:00:01 |
|   6 |     VIEW                         | VW_GBC_5     |   190 |  4560 |     6   (0)| 00:00:01 |
|   7 |      HASH GROUP BY               |              |   190 |  4750 |     6   (0)| 00:00:01 |
|   8 |       TABLE ACCESS BY INDEX ROWID| COVIDFACT    |   275 |  6875 |     6   (0)| 00:00:01 |
|*  9 |        INDEX RANGE SCAN          | SYS_C0025274 |   275 |       |     3   (0)| 00:00:01 |
-------------------------------------------------------------------------------------------------

Predicate Information (identified by operation id):
---------------------------------------------------

5 - access(""COVIDDATE"".""DATEREP""=""ITEM_1"")
filter(""COVIDDATE"".""DATEREP""=""ITEM_1"")
9 - access(""FT"".""COUNTRIESANDTERRITORIES""='United_States_of_America')
",1,with COVID-19 describe deaths by month for countriesAndTerritories = 'United_States_of_America',95,0.0030881304933090504,1,559.0,318.0,10.0,13.0,0,random3,23,1182,5,adbis
506,0.20882449246889326,COVID-19,"Plan hash value: 3009686037

----------------------------------------------------------------------------------
| Id  | Operation            | Name      | Rows  | Bytes | Cost (%CPU)| Time     |
----------------------------------------------------------------------------------
|   0 | SELECT STATEMENT     |           |   451 | 27962 |   130   (4)| 00:00:02 |
|   1 |  SORT GROUP BY       |           |   451 | 27962 |   130   (4)| 00:00:02 |
|*  2 |   HASH JOIN          |           | 14184 |   858K|   129   (3)| 00:00:02 |
|   3 |    TABLE ACCESS FULL | COVIDDATE |   348 |  6612 |     4   (0)| 00:00:01 |
|*  4 |    HASH JOIN         |           | 14184 |   595K|   124   (2)| 00:00:02 |
|*  5 |     TABLE ACCESS FULL| COUNTRY   |    49 |   882 |     4   (0)| 00:00:01 |
|   6 |     TABLE ACCESS FULL| COVIDFACT | 61080 |  1491K|   119   (1)| 00:00:02 |
----------------------------------------------------------------------------------

Predicate Information (identified by operation id):
---------------------------------------------------

2 - access(""COVIDDATE"".""DATEREP""=""FT"".""DATEREP"")
4 - access(""COUNTRY"".""COUNTRIESANDTERRITORIES""=""FT"".""COUNTRIESANDTERRIT
ORIES"")
5 - filter(""COUNTRY"".""CONTINENTEXP""='America')
",2,"with COVID-19 describe deaths by month, countriesAndTerritories for continentExp in ('America')",95,0.007779074290159471,3,27962.0,392.0,130.0,451.0,0,random3,6,1245,38,adbis
39,0.21902423051735428,COVID-19,"Plan hash value: 2308937895

------------------------------------------------------------------------------------------------
| Id  | Operation                       | Name         | Rows  | Bytes | Cost (%CPU)| Time     |
------------------------------------------------------------------------------------------------
|   0 | SELECT STATEMENT                |              |    28 |  1232 |    18  (12)| 00:00:01 |
|   1 |  SORT GROUP BY                  |              |    28 |  1232 |    18  (12)| 00:00:01 |
|   2 |   MERGE JOIN                    |              |   868 | 38192 |    17   (6)| 00:00:01 |
|   3 |    TABLE ACCESS BY INDEX ROWID  | COVIDDATE    |   348 |  6612 |     2   (0)| 00:00:01 |
|   4 |     INDEX FULL SCAN             | SYS_C0025273 |   348 |       |     1   (0)| 00:00:01 |
|*  5 |    SORT JOIN                    |              |   868 | 21700 |    15   (7)| 00:00:01 |
|   6 |     INLIST ITERATOR             |              |       |       |            |          |
|   7 |      TABLE ACCESS BY INDEX ROWID| COVIDFACT    |   868 | 21700 |    14   (0)| 00:00:01 |
|*  8 |       INDEX RANGE SCAN          | SYS_C0025274 |   868 |       |     7   (0)| 00:00:01 |
------------------------------------------------------------------------------------------------

Predicate Information (identified by operation id):
---------------------------------------------------

5 - access(""COVIDDATE"".""DATEREP""=""FT"".""DATEREP"")
filter(""COVIDDATE"".""DATEREP""=""FT"".""DATEREP"")
8 - access(""FT"".""COUNTRIESANDTERRITORIES""='France' OR
""FT"".""COUNTRIESANDTERRITORIES""='Italy' OR ""FT"".""COUNTRIESANDTERRITORIES""='United_States_
of_America')
",3,"with COVID-19 describe deaths by month, countriesAndTerritories for countriesAndTerritories in ('United_States_of_America', 'Italy', 'France')",142,0.019423880378215935,0,1232.0,437.0,18.0,28.0,0,random3,6,1217,10,adbis
13,0.21902423051735428,COVID-19,"Plan hash value: 2755916834

-------------------------------------------------------------------------------------------------
| Id  | Operation                        | Name         | Rows  | Bytes | Cost (%CPU)| Time     |
-------------------------------------------------------------------------------------------------
|   0 | SELECT STATEMENT                 |              |    10 |   540 |    10  (20)| 00:00:01 |
|   1 |  SORT GROUP BY                   |              |    10 |   540 |    10  (20)| 00:00:01 |
|   2 |   MERGE JOIN                     |              |   163 |  8802 |     9  (12)| 00:00:01 |
|   3 |    TABLE ACCESS BY INDEX ROWID   | COVIDDATE    |   348 |  6612 |     2   (0)| 00:00:01 |
|   4 |     INDEX FULL SCAN              | SYS_C0025273 |   348 |       |     1   (0)| 00:00:01 |
|*  5 |    SORT JOIN                     |              |   163 |  5705 |     7  (15)| 00:00:01 |
|   6 |     VIEW                         | VW_GBC_5     |   163 |  5705 |     6   (0)| 00:00:01 |
|   7 |      HASH GROUP BY               |              |   163 |  4075 |     6   (0)| 00:00:01 |
|   8 |       TABLE ACCESS BY INDEX ROWID| COVIDFACT    |   286 |  7150 |     6   (0)| 00:00:01 |
|*  9 |        INDEX RANGE SCAN          | SYS_C0025274 |   286 |       |     3   (0)| 00:00:01 |
-------------------------------------------------------------------------------------------------

Predicate Information (identified by operation id):
---------------------------------------------------

5 - access(""COVIDDATE"".""DATEREP""=""ITEM_1"")
filter(""COVIDDATE"".""DATEREP""=""ITEM_1"")
9 - access(""FT"".""COUNTRIESANDTERRITORIES""='Italy')
",4,"with COVID-19 describe deaths by month, countriesAndTerritories for countriesAndTerritories = 'Italy'",101,0.023717434138509814,1,540.0,398.0,10.0,10.0,0,random3,2,1177,5,adbis
39,0.21902423051735428,COVID-19,"Plan hash value: 2308937895

------------------------------------------------------------------------------------------------
| Id  | Operation                       | Name         | Rows  | Bytes | Cost (%CPU)| Time     |
------------------------------------------------------------------------------------------------
|   0 | SELECT STATEMENT                |              |    28 |  1232 |    19  (11)| 00:00:01 |
|   1 |  SORT GROUP BY                  |              |    28 |  1232 |    19  (11)| 00:00:01 |
|   2 |   MERGE JOIN                    |              |   934 | 41096 |    18   (6)| 00:00:01 |
|   3 |    TABLE ACCESS BY INDEX ROWID  | COVIDDATE    |   348 |  6612 |     2   (0)| 00:00:01 |
|   4 |     INDEX FULL SCAN             | SYS_C0025273 |   348 |       |     1   (0)| 00:00:01 |
|*  5 |    SORT JOIN                    |              |   934 | 23350 |    16   (7)| 00:00:01 |
|   6 |     INLIST ITERATOR             |              |       |       |            |          |
|   7 |      TABLE ACCESS BY INDEX ROWID| COVIDFACT    |   934 | 23350 |    15   (0)| 00:00:01 |
|*  8 |       INDEX RANGE SCAN          | SYS_C0025274 |   934 |       |     7   (0)| 00:00:01 |
------------------------------------------------------------------------------------------------

Predicate Information (identified by operation id):
---------------------------------------------------

5 - access(""COVIDDATE"".""DATEREP""=""FT"".""DATEREP"")
filter(""COVIDDATE"".""DATEREP""=""FT"".""DATEREP"")
8 - access(""FT"".""COUNTRIESANDTERRITORIES""='Germany' OR
""FT"".""COUNTRIESANDTERRITORIES""='Italy' OR ""FT"".""COUNTRIESANDTERRITORIES""='Spain')
",5,"with COVID-19 describe deaths by month, countriesAndTerritories for countriesAndTerritories in ('Italy', 'Spain', 'Germany')",124,0.03226273148148148,0,1232.0,419.0,19.0,28.0,0,random3,3,1166,5,adbis
1044,0.21902423051735428,COVID-19,"Plan hash value: 3009686037

----------------------------------------------------------------------------------
| Id  | Operation            | Name      | Rows  | Bytes | Cost (%CPU)| Time     |
----------------------------------------------------------------------------------
|   0 | SELECT STATEMENT     |           |  1002 | 62124 |   131   (4)| 00:00:02 |
|   1 |  SORT GROUP BY       |           |  1002 | 62124 |   131   (4)| 00:00:02 |
|*  2 |   HASH JOIN          |           | 31408 |  1901K|   129   (3)| 00:00:02 |
|   3 |    TABLE ACCESS FULL | COVIDDATE |   348 |  6612 |     4   (0)| 00:00:01 |
|*  4 |    HASH JOIN         |           | 31408 |  1318K|   124   (2)| 00:00:02 |
|*  5 |     TABLE ACCESS FULL| COUNTRY   |   109 |  1962 |     4   (0)| 00:00:01 |
|   6 |     TABLE ACCESS FULL| COVIDFACT | 61080 |  1491K|   119   (1)| 00:00:02 |
----------------------------------------------------------------------------------

Predicate Information (identified by operation id):
---------------------------------------------------

2 - access(""COVIDDATE"".""DATEREP""=""FT"".""DATEREP"")
4 - access(""COUNTRY"".""COUNTRIESANDTERRITORIES""=""FT"".""COUNTRIESANDTERRIT
ORIES"")
5 - filter(""COUNTRY"".""CONTINENTEXP""='Africa' OR
""COUNTRY"".""CONTINENTEXP""='America' OR ""COUNTRY"".""CONTINENTEXP""='Europa')
",6,"with COVID-19 describe deaths by month, countriesAndTerritories for continentExp in ('America', 'Europa', 'Africa')",115,0.04782918149466192,3,62124.0,410.0,131.0,1002.0,0,random3,37,1220,75,adbis
1043,0.0016535690897184021,COVID-19,"Plan hash value: 3733565869

----------------------------------------------------------------------------------------------
| Id  | Operation                     | Name         | Rows  | Bytes | Cost (%CPU)| Time     |
----------------------------------------------------------------------------------------------
|   0 | SELECT STATEMENT              |              |   812 | 20300 |    15   (0)| 00:00:01 |
|   1 |  SORT GROUP BY NOSORT         |              |   812 | 20300 |    15   (0)| 00:00:01 |
|   2 |   INLIST ITERATOR             |              |       |       |            |          |
|   3 |    TABLE ACCESS BY INDEX ROWID| COVIDFACT    |   934 | 23350 |    15   (0)| 00:00:01 |
|*  4 |     INDEX RANGE SCAN          | SYS_C0025274 |   934 |       |     7   (0)| 00:00:01 |
----------------------------------------------------------------------------------------------

Predicate Information (identified by operation id):
---------------------------------------------------

4 - access(""FT"".""COUNTRIESANDTERRITORIES""='Germany' OR
""FT"".""COUNTRIESANDTERRITORIES""='Italy' OR ""FT"".""COUNTRIESANDTERRITORIES""='Spain')
",0,"with COVID-19 describe deaths by dateRep, countriesAndTerritories for countriesAndTerritories in ('Italy', 'Spain', 'Germany')",126,0.0,4,20300.0,425.0,15.0,812.0,0,random4,1,1254,4,adbis
39,0.0021447282252783236,COVID-19,"Plan hash value: 2308937895

------------------------------------------------------------------------------------------------
| Id  | Operation                       | Name         | Rows  | Bytes | Cost (%CPU)| Time     |
------------------------------------------------------------------------------------------------
|   0 | SELECT STATEMENT                |              |    28 |  1344 |    18  (12)| 00:00:01 |
|   1 |  SORT GROUP BY                  |              |    28 |  1344 |    18  (12)| 00:00:01 |
|   2 |   MERGE JOIN                    |              |   868 | 41664 |    17   (6)| 00:00:01 |
|   3 |    TABLE ACCESS BY INDEX ROWID  | COVIDDATE    |   348 |  6612 |     2   (0)| 00:00:01 |
|   4 |     INDEX FULL SCAN             | SYS_C0025273 |   348 |       |     1   (0)| 00:00:01 |
|*  5 |    SORT JOIN                    |              |   868 | 25172 |    15   (7)| 00:00:01 |
|   6 |     INLIST ITERATOR             |              |       |       |            |          |
|   7 |      TABLE ACCESS BY INDEX ROWID| COVIDFACT    |   868 | 25172 |    14   (0)| 00:00:01 |
|*  8 |       INDEX RANGE SCAN          | SYS_C0025274 |   868 |       |     7   (0)| 00:00:01 |
------------------------------------------------------------------------------------------------

Predicate Information (identified by operation id):
---------------------------------------------------

5 - access(""COVIDDATE"".""DATEREP""=""FT"".""DATEREP"")
filter(""COVIDDATE"".""DATEREP""=""FT"".""DATEREP"")
8 - access(""FT"".""COUNTRIESANDTERRITORIES""='France' OR
""FT"".""COUNTRIESANDTERRITORIES""='Italy' OR ""FT"".""COUNTRIESANDTERRITORIES""='United_States_
of_America')
",1,"with COVID-19 describe deaths, cases by month, countriesAndTerritories for countriesAndTerritories in ('United_States_of_America', 'Italy', 'France')",149,0.0,0,1344.0,458.0,18.0,28.0,0,random4,14,1263,12,adbis
1044,0.005353634577603144,COVID-19,"Plan hash value: 3009686037

----------------------------------------------------------------------------------
| Id  | Operation            | Name      | Rows  | Bytes | Cost (%CPU)| Time     |
----------------------------------------------------------------------------------
|   0 | SELECT STATEMENT     |           |  1002 | 62124 |   131   (4)| 00:00:02 |
|   1 |  SORT GROUP BY       |           |  1002 | 62124 |   131   (4)| 00:00:02 |
|*  2 |   HASH JOIN          |           | 31408 |  1901K|   129   (3)| 00:00:02 |
|   3 |    TABLE ACCESS FULL | COVIDDATE |   348 |  6612 |     4   (0)| 00:00:01 |
|*  4 |    HASH JOIN         |           | 31408 |  1318K|   124   (2)| 00:00:02 |
|*  5 |     TABLE ACCESS FULL| COUNTRY   |   109 |  1962 |     4   (0)| 00:00:01 |
|   6 |     TABLE ACCESS FULL| COVIDFACT | 61080 |  1491K|   119   (1)| 00:00:02 |
----------------------------------------------------------------------------------

Predicate Information (identified by operation id):
---------------------------------------------------

2 - access(""COVIDDATE"".""DATEREP""=""FT"".""DATEREP"")
4 - access(""COUNTRY"".""COUNTRIESANDTERRITORIES""=""FT"".""COUNTRIESANDTERRIT
ORIES"")
5 - filter(""COUNTRY"".""CONTINENTEXP""='Africa' OR
""COUNTRY"".""CONTINENTEXP""='America' OR ""COUNTRY"".""CONTINENTEXP""='Europa')
",2,"with COVID-19 describe deaths by month, countriesAndTerritories for continentExp in ('America', 'Europa', 'Africa')",115,0.08403361344537816,3,62124.0,410.0,131.0,1002.0,0,random4,56,1209,58,adbis
39,0.00620497707924034,COVID-19,"Plan hash value: 2308937895

------------------------------------------------------------------------------------------------
| Id  | Operation                       | Name         | Rows  | Bytes | Cost (%CPU)| Time     |
------------------------------------------------------------------------------------------------
|   0 | SELECT STATEMENT                |              |    28 |  1232 |    19  (11)| 00:00:01 |
|   1 |  SORT GROUP BY                  |              |    28 |  1232 |    19  (11)| 00:00:01 |
|   2 |   MERGE JOIN                    |              |   934 | 41096 |    18   (6)| 00:00:01 |
|   3 |    TABLE ACCESS BY INDEX ROWID  | COVIDDATE    |   348 |  6612 |     2   (0)| 00:00:01 |
|   4 |     INDEX FULL SCAN             | SYS_C0025273 |   348 |       |     1   (0)| 00:00:01 |
|*  5 |    SORT JOIN                    |              |   934 | 23350 |    16   (7)| 00:00:01 |
|   6 |     INLIST ITERATOR             |              |       |       |            |          |
|   7 |      TABLE ACCESS BY INDEX ROWID| COVIDFACT    |   934 | 23350 |    15   (0)| 00:00:01 |
|*  8 |       INDEX RANGE SCAN          | SYS_C0025274 |   934 |       |     7   (0)| 00:00:01 |
------------------------------------------------------------------------------------------------

Predicate Information (identified by operation id):
---------------------------------------------------

5 - access(""COVIDDATE"".""DATEREP""=""FT"".""DATEREP"")
filter(""COVIDDATE"".""DATEREP""=""FT"".""DATEREP"")
8 - access(""FT"".""COUNTRIESANDTERRITORIES""='Germany' OR
""FT"".""COUNTRIESANDTERRITORIES""='Italy' OR ""FT"".""COUNTRIESANDTERRITORIES""='Spain')
",3,"with COVID-19 describe deaths by month, countriesAndTerritories for countriesAndTerritories in ('Italy', 'Spain', 'Germany')",124,0.20711297071129708,0,1232.0,419.0,19.0,28.0,0,random4,9,1247,11,adbis
13,0.007203667321545514,COVID-19,"Plan hash value: 2755916834

-------------------------------------------------------------------------------------------------
| Id  | Operation                        | Name         | Rows  | Bytes | Cost (%CPU)| Time     |
-------------------------------------------------------------------------------------------------
|   0 | SELECT STATEMENT                 |              |    10 |   540 |    10  (20)| 00:00:01 |
|   1 |  SORT GROUP BY                   |              |    10 |   540 |    10  (20)| 00:00:01 |
|   2 |   MERGE JOIN                     |              |   163 |  8802 |     9  (12)| 00:00:01 |
|   3 |    TABLE ACCESS BY INDEX ROWID   | COVIDDATE    |   348 |  6612 |     2   (0)| 00:00:01 |
|   4 |     INDEX FULL SCAN              | SYS_C0025273 |   348 |       |     1   (0)| 00:00:01 |
|*  5 |    SORT JOIN                     |              |   163 |  5705 |     7  (15)| 00:00:01 |
|   6 |     VIEW                         | VW_GBC_5     |   163 |  5705 |     6   (0)| 00:00:01 |
|   7 |      HASH GROUP BY               |              |   163 |  4075 |     6   (0)| 00:00:01 |
|   8 |       TABLE ACCESS BY INDEX ROWID| COVIDFACT    |   286 |  7150 |     6   (0)| 00:00:01 |
|*  9 |        INDEX RANGE SCAN          | SYS_C0025274 |   286 |       |     3   (0)| 00:00:01 |
-------------------------------------------------------------------------------------------------

Predicate Information (identified by operation id):
---------------------------------------------------

5 - access(""COVIDDATE"".""DATEREP""=""ITEM_1"")
filter(""COVIDDATE"".""DATEREP""=""ITEM_1"")
9 - access(""FT"".""COUNTRIESANDTERRITORIES""='Italy')
",4,"with COVID-19 describe deaths by month, countriesAndTerritories for countriesAndTerritories = 'Italy'",101,0.1836734693877551,0,540.0,398.0,10.0,10.0,0,random4,2,1204,9,adbis
13,0.007203667321545514,COVID-19,"Plan hash value: 2755916834

-------------------------------------------------------------------------------------------------
| Id  | Operation                        | Name         | Rows  | Bytes | Cost (%CPU)| Time     |
-------------------------------------------------------------------------------------------------
|   0 | SELECT STATEMENT                 |              |    10 |   540 |    10  (20)| 00:00:01 |
|   1 |  SORT GROUP BY                   |              |    10 |   540 |    10  (20)| 00:00:01 |
|   2 |   MERGE JOIN                     |              |   159 |  8586 |     9  (12)| 00:00:01 |
|   3 |    TABLE ACCESS BY INDEX ROWID   | COVIDDATE    |   348 |  6612 |     2   (0)| 00:00:01 |
|   4 |     INDEX FULL SCAN              | SYS_C0025273 |   348 |       |     1   (0)| 00:00:01 |
|*  5 |    SORT JOIN                     |              |   159 |  5565 |     7  (15)| 00:00:01 |
|   6 |     VIEW                         | VW_GBC_5     |   159 |  5565 |     6   (0)| 00:00:01 |
|   7 |      HASH GROUP BY               |              |   159 |  3975 |     6   (0)| 00:00:01 |
|   8 |       TABLE ACCESS BY INDEX ROWID| COVIDFACT    |   275 |  6875 |     6   (0)| 00:00:01 |
|*  9 |        INDEX RANGE SCAN          | SYS_C0025274 |   275 |       |     3   (0)| 00:00:01 |
-------------------------------------------------------------------------------------------------

Predicate Information (identified by operation id):
---------------------------------------------------

5 - access(""COVIDDATE"".""DATEREP""=""ITEM_1"")
filter(""COVIDDATE"".""DATEREP""=""ITEM_1"")
9 - access(""FT"".""COUNTRIESANDTERRITORIES""='United_States_of_America')
",5,"with COVID-19 describe deaths by month, countriesAndTerritories for countriesAndTerritories = 'United_States_of_America'",120,0.26666666666666666,1,540.0,417.0,10.0,10.0,0,random4,1,1225,8,adbis
506,0.0037000654878847415,COVID-19,"Plan hash value: 3009686037

----------------------------------------------------------------------------------
| Id  | Operation            | Name      | Rows  | Bytes | Cost (%CPU)| Time     |
----------------------------------------------------------------------------------
|   0 | SELECT STATEMENT     |           |   451 | 27962 |   130   (4)| 00:00:02 |
|   1 |  SORT GROUP BY       |           |   451 | 27962 |   130   (4)| 00:00:02 |
|*  2 |   HASH JOIN          |           | 14184 |   858K|   129   (3)| 00:00:02 |
|   3 |    TABLE ACCESS FULL | COVIDDATE |   348 |  6612 |     4   (0)| 00:00:01 |
|*  4 |    HASH JOIN         |           | 14184 |   595K|   124   (2)| 00:00:02 |
|*  5 |     TABLE ACCESS FULL| COUNTRY   |    49 |   882 |     4   (0)| 00:00:01 |
|   6 |     TABLE ACCESS FULL| COVIDFACT | 61080 |  1491K|   119   (1)| 00:00:02 |
----------------------------------------------------------------------------------

Predicate Information (identified by operation id):
---------------------------------------------------

2 - access(""COVIDDATE"".""DATEREP""=""FT"".""DATEREP"")
4 - access(""COUNTRY"".""COUNTRIESANDTERRITORIES""=""FT"".""COUNTRIESANDTERRIT
ORIES"")
5 - filter(""COUNTRY"".""CONTINENTEXP""='America')
",0,"with COVID-19 describe deaths by month, countriesAndTerritories for continentExp in ('America')",95,0.0,3,27962.0,392.0,130.0,451.0,0,random5,0,1232,41,adbis
211,0.017075965946299936,COVID-19,"Plan hash value: 216913314

--------------------------------------------------------------------------------
| Id  | Operation          | Name      | Rows  | Bytes | Cost (%CPU)| Time     |
--------------------------------------------------------------------------------
|   0 | SELECT STATEMENT   |           |   211 |  2954 |   123   (5)| 00:00:02 |
|   1 |  SORT GROUP BY     |           |   211 |  2954 |   123   (5)| 00:00:02 |
|   2 |   TABLE ACCESS FULL| COVIDFACT | 61080 |   835K|   119   (1)| 00:00:02 |
--------------------------------------------------------------------------------
",1,with COVID-19 describe deaths by countriesAndTerritories,56,0.1780929866036249,1,2954.0,244.0,123.0,211.0,0,random5,13,1190,36,adbis
49,0.22336280288146693,COVID-19,"Plan hash value: 1016733566

---------------------------------------------------------------------------------
| Id  | Operation           | Name      | Rows  | Bytes | Cost (%CPU)| Time     |
---------------------------------------------------------------------------------
|   0 | SELECT STATEMENT    |           |    49 |  1568 |   126   (4)| 00:00:02 |
|   1 |  SORT GROUP BY      |           |    49 |  1568 |   126   (4)| 00:00:02 |
|*  2 |   HASH JOIN         |           | 14184 |   443K|   124   (2)| 00:00:02 |
|*  3 |    TABLE ACCESS FULL| COUNTRY   |    49 |   882 |     4   (0)| 00:00:01 |
|   4 |    TABLE ACCESS FULL| COVIDFACT | 61080 |   835K|   119   (1)| 00:00:02 |
---------------------------------------------------------------------------------

Predicate Information (identified by operation id):
---------------------------------------------------

2 - access(""COUNTRY"".""COUNTRIESANDTERRITORIES""=""FT"".""COUNTRIESANDTERRI
TORIES"")
3 - filter(""COUNTRY"".""CONTINENTEXP""='America')
",2,with COVID-19 describe deaths by countriesAndTerritories for continentExp = 'America',85,0.016295334919604873,0,1568.0,283.0,126.0,49.0,0,random5,4,1186,25,adbis
13,0.3027668631303209,COVID-19,"Plan hash value: 818443477

----------------------------------------------------------------------------------------------
| Id  | Operation                     | Name         | Rows  | Bytes | Cost (%CPU)| Time     |
----------------------------------------------------------------------------------------------
|   0 | SELECT STATEMENT              |              |    13 |   559 |   127   (6)| 00:00:02 |
|   1 |  SORT GROUP BY                |              |    13 |   559 |   127   (6)| 00:00:02 |
|   2 |   MERGE JOIN                  |              |   348 | 14964 |   126   (5)| 00:00:02 |
|   3 |    TABLE ACCESS BY INDEX ROWID| COVIDDATE    |   348 |  6612 |     2   (0)| 00:00:01 |
|   4 |     INDEX FULL SCAN           | SYS_C0025273 |   348 |       |     1   (0)| 00:00:01 |
|*  5 |    SORT JOIN                  |              |   348 |  8352 |   124   (5)| 00:00:02 |
|   6 |     VIEW                      | VW_GBC_5     |   348 |  8352 |   123   (5)| 00:00:02 |
|   7 |      HASH GROUP BY            |              |   348 |  4872 |   123   (5)| 00:00:02 |
|   8 |       TABLE ACCESS FULL       | COVIDFACT    | 61080 |   835K|   119   (1)| 00:00:02 |
----------------------------------------------------------------------------------------------

Predicate Information (identified by operation id):
---------------------------------------------------

5 - access(""COVIDDATE"".""DATEREP""=""ITEM_1"")
filter(""COVIDDATE"".""DATEREP""=""ITEM_1"")
",3,with COVID-19 describe deaths by month,38,0.08400614195849225,1,559.0,168.0,127.0,13.0,0,random5,2,1177,29,adbis
1044,0.3027668631303209,COVID-19,"Plan hash value: 3009686037

----------------------------------------------------------------------------------
| Id  | Operation            | Name      | Rows  | Bytes | Cost (%CPU)| Time     |
----------------------------------------------------------------------------------
|   0 | SELECT STATEMENT     |           |  1002 | 62124 |   131   (4)| 00:00:02 |
|   1 |  SORT GROUP BY       |           |  1002 | 62124 |   131   (4)| 00:00:02 |
|*  2 |   HASH JOIN          |           | 31408 |  1901K|   129   (3)| 00:00:02 |
|   3 |    TABLE ACCESS FULL | COVIDDATE |   348 |  6612 |     4   (0)| 00:00:01 |
|*  4 |    HASH JOIN         |           | 31408 |  1318K|   124   (2)| 00:00:02 |
|*  5 |     TABLE ACCESS FULL| COUNTRY   |   109 |  1962 |     4   (0)| 00:00:01 |
|   6 |     TABLE ACCESS FULL| COVIDFACT | 61080 |  1491K|   119   (1)| 00:00:02 |
----------------------------------------------------------------------------------

Predicate Information (identified by operation id):
---------------------------------------------------

2 - access(""COVIDDATE"".""DATEREP""=""FT"".""DATEREP"")
4 - access(""COUNTRY"".""COUNTRIESANDTERRITORIES""=""FT"".""COUNTRIESANDTERRIT
ORIES"")
5 - filter(""COUNTRY"".""CONTINENTEXP""='Africa' OR
""COUNTRY"".""CONTINENTEXP""='America' OR ""COUNTRY"".""CONTINENTEXP""='Europa')
",4,"with COVID-19 describe deaths by month, countriesAndTerritories for continentExp in ('America', 'Europa', 'Africa')",115,0.09414646093558658,3,62124.0,410.0,131.0,1002.0,0,random5,9,1245,64,adbis
211,0.017075965946299936,COVID-19,"Plan hash value: 216913314

--------------------------------------------------------------------------------
| Id  | Operation          | Name      | Rows  | Bytes | Cost (%CPU)| Time     |
--------------------------------------------------------------------------------
|   0 | SELECT STATEMENT   |           |   211 |  2954 |   123   (5)| 00:00:02 |
|   1 |  SORT GROUP BY     |           |   211 |  2954 |   123   (5)| 00:00:02 |
|   2 |   TABLE ACCESS FULL| COVIDFACT | 61080 |   835K|   119   (1)| 00:00:02 |
--------------------------------------------------------------------------------
",0,with COVID-19 describe deaths by countriesAndTerritories,56,0.0,2,2954.0,244.0,123.0,211.0,0,random6,1,1185,34,adbis
158,0.19133922724296004,COVID-19,"Plan hash value: 1016733566

---------------------------------------------------------------------------------
| Id  | Operation           | Name      | Rows  | Bytes | Cost (%CPU)| Time     |
---------------------------------------------------------------------------------
|   0 | SELECT STATEMENT    |           |   158 |  5056 |   127   (4)| 00:00:02 |
|   1 |  SORT GROUP BY      |           |   158 |  5056 |   127   (4)| 00:00:02 |
|*  2 |   HASH JOIN         |           | 45738 |  1429K|   124   (2)| 00:00:02 |
|*  3 |    TABLE ACCESS FULL| COUNTRY   |   158 |  2844 |     4   (0)| 00:00:01 |
|   4 |    TABLE ACCESS FULL| COVIDFACT | 61080 |   835K|   119   (1)| 00:00:02 |
---------------------------------------------------------------------------------

Predicate Information (identified by operation id):
---------------------------------------------------

2 - access(""COUNTRY"".""COUNTRIESANDTERRITORIES""=""FT"".""COUNTRIESANDTERRI
TORIES"")
3 - filter(""COUNTRY"".""CONTINENTEXP""='Africa' OR
""COUNTRY"".""CONTINENTEXP""='America' OR ""COUNTRY"".""CONTINENTEXP""='Europe')
",1,"with COVID-19 describe deaths by countriesAndTerritories for continentExp in ('America', 'Europe', 'Africa')",108,0.0,0,5056.0,304.0,127.0,158.0,0,random6,8,1195,52,adbis
506,0.19133922724296004,COVID-19,"Plan hash value: 3009686037

----------------------------------------------------------------------------------
| Id  | Operation            | Name      | Rows  | Bytes | Cost (%CPU)| Time     |
----------------------------------------------------------------------------------
|   0 | SELECT STATEMENT     |           |   451 | 27962 |   130   (4)| 00:00:02 |
|   1 |  SORT GROUP BY       |           |   451 | 27962 |   130   (4)| 00:00:02 |
|*  2 |   HASH JOIN          |           | 14184 |   858K|   129   (3)| 00:00:02 |
|   3 |    TABLE ACCESS FULL | COVIDDATE |   348 |  6612 |     4   (0)| 00:00:01 |
|*  4 |    HASH JOIN         |           | 14184 |   595K|   124   (2)| 00:00:02 |
|*  5 |     TABLE ACCESS FULL| COUNTRY   |    49 |   882 |     4   (0)| 00:00:01 |
|   6 |     TABLE ACCESS FULL| COVIDFACT | 61080 |  1491K|   119   (1)| 00:00:02 |
----------------------------------------------------------------------------------

Predicate Information (identified by operation id):
---------------------------------------------------

2 - access(""COVIDDATE"".""DATEREP""=""FT"".""DATEREP"")
4 - access(""COUNTRY"".""COUNTRIESANDTERRITORIES""=""FT"".""COUNTRIESANDTERRIT
ORIES"")
5 - filter(""COUNTRY"".""CONTINENTEXP""='America')
",2,"with COVID-19 describe deaths by month, countriesAndTerritories for continentExp in ('America')",95,0.018970872156467724,3,27962.0,392.0,130.0,451.0,0,random6,8,1245,39,adbis
13,0.2736902423051735,COVID-19,"Plan hash value: 818443477

----------------------------------------------------------------------------------------------
| Id  | Operation                     | Name         | Rows  | Bytes | Cost (%CPU)| Time     |
----------------------------------------------------------------------------------------------
|   0 | SELECT STATEMENT              |              |    13 |   559 |   127   (6)| 00:00:02 |
|   1 |  SORT GROUP BY                |              |    13 |   559 |   127   (6)| 00:00:02 |
|   2 |   MERGE JOIN                  |              |   348 | 14964 |   126   (5)| 00:00:02 |
|   3 |    TABLE ACCESS BY INDEX ROWID| COVIDDATE    |   348 |  6612 |     2   (0)| 00:00:01 |
|   4 |     INDEX FULL SCAN           | SYS_C0025273 |   348 |       |     1   (0)| 00:00:01 |
|*  5 |    SORT JOIN                  |              |   348 |  8352 |   124   (5)| 00:00:02 |
|   6 |     VIEW                      | VW_GBC_5     |   348 |  8352 |   123   (5)| 00:00:02 |
|   7 |      HASH GROUP BY            |              |   348 |  4872 |   123   (5)| 00:00:02 |
|   8 |       TABLE ACCESS FULL       | COVIDFACT    | 61080 |   835K|   119   (1)| 00:00:02 |
----------------------------------------------------------------------------------------------

Predicate Information (identified by operation id):
---------------------------------------------------

5 - access(""COVIDDATE"".""DATEREP""=""ITEM_1"")
filter(""COVIDDATE"".""DATEREP""=""ITEM_1"")
",3,with COVID-19 describe deaths by month,38,0.08314594416716942,0,559.0,168.0,127.0,13.0,0,random6,3,1193,27,adbis
13,9.986902423051735E-4,COVID-19,"Plan hash value: 2755916834

-------------------------------------------------------------------------------------------------
| Id  | Operation                        | Name         | Rows  | Bytes | Cost (%CPU)| Time     |
-------------------------------------------------------------------------------------------------
|   0 | SELECT STATEMENT                 |              |    10 |   540 |    10  (20)| 00:00:01 |
|   1 |  SORT GROUP BY                   |              |    10 |   540 |    10  (20)| 00:00:01 |
|   2 |   MERGE JOIN                     |              |   159 |  8586 |     9  (12)| 00:00:01 |
|   3 |    TABLE ACCESS BY INDEX ROWID   | COVIDDATE    |   348 |  6612 |     2   (0)| 00:00:01 |
|   4 |     INDEX FULL SCAN              | SYS_C0025273 |   348 |       |     1   (0)| 00:00:01 |
|*  5 |    SORT JOIN                     |              |   159 |  5565 |     7  (15)| 00:00:01 |
|   6 |     VIEW                         | VW_GBC_5     |   159 |  5565 |     6   (0)| 00:00:01 |
|   7 |      HASH GROUP BY               |              |   159 |  3975 |     6   (0)| 00:00:01 |
|   8 |       TABLE ACCESS BY INDEX ROWID| COVIDFACT    |   275 |  6875 |     6   (0)| 00:00:01 |
|*  9 |        INDEX RANGE SCAN          | SYS_C0025274 |   275 |       |     3   (0)| 00:00:01 |
-------------------------------------------------------------------------------------------------

Predicate Information (identified by operation id):
---------------------------------------------------

5 - access(""COVIDDATE"".""DATEREP""=""ITEM_1"")
filter(""COVIDDATE"".""DATEREP""=""ITEM_1"")
9 - access(""FT"".""COUNTRIESANDTERRITORIES""='United_States_of_America')
",0,"with COVID-19 describe deaths by month, countriesAndTerritories for countriesAndTerritories = 'United_States_of_America'",120,0.0,0,540.0,417.0,10.0,10.0,0,random7,0,1223,9,adbis
13,0.0019810085134250163,COVID-19,"Plan hash value: 2308937895

------------------------------------------------------------------------------------------------
| Id  | Operation                       | Name         | Rows  | Bytes | Cost (%CPU)| Time     |
------------------------------------------------------------------------------------------------
|   0 | SELECT STATEMENT                |              |    28 |  1232 |    11  (19)| 00:00:01 |
|   1 |  SORT GROUP BY                  |              |    28 |  1232 |    11  (19)| 00:00:01 |
|   2 |   MERGE JOIN                    |              |   287 | 12628 |    10  (10)| 00:00:01 |
|   3 |    TABLE ACCESS BY INDEX ROWID  | COVIDDATE    |   348 |  6612 |     2   (0)| 00:00:01 |
|   4 |     INDEX FULL SCAN             | SYS_C0025273 |   348 |       |     1   (0)| 00:00:01 |
|*  5 |    SORT JOIN                    |              |   287 |  7175 |     8  (13)| 00:00:01 |
|   6 |     INLIST ITERATOR             |              |       |       |            |          |
|   7 |      TABLE ACCESS BY INDEX ROWID| COVIDFACT    |   287 |  7175 |     7   (0)| 00:00:01 |
|*  8 |       INDEX RANGE SCAN          | SYS_C0025274 |   287 |       |     4   (0)| 00:00:01 |
------------------------------------------------------------------------------------------------

Predicate Information (identified by operation id):
---------------------------------------------------

5 - access(""COVIDDATE"".""DATEREP""=""FT"".""DATEREP"")
filter(""COVIDDATE"".""DATEREP""=""FT"".""DATEREP"")
8 - access(""FT"".""COUNTRIESANDTERRITORIES""=' France' OR
""FT"".""COUNTRIESANDTERRITORIES""=' Germany' OR ""FT"".""COUNTRIESANDTERRITORIES""='Italy')
",1,"with COVID-19 describe deaths by month, countriesAndTerritories for countriesAndTerritories in ('Italy', ' France', ' Germany')",127,0.0,0,1232.0,422.0,11.0,28.0,0,random7,2,1174,4,adbis
13,0.005484610347085789,COVID-19,"Plan hash value: 2755916834

-------------------------------------------------------------------------------------------------
| Id  | Operation                        | Name         | Rows  | Bytes | Cost (%CPU)| Time     |
-------------------------------------------------------------------------------------------------
|   0 | SELECT STATEMENT                 |              |    10 |   540 |    10  (20)| 00:00:01 |
|   1 |  SORT GROUP BY                   |              |    10 |   540 |    10  (20)| 00:00:01 |
|   2 |   MERGE JOIN                     |              |   163 |  8802 |     9  (12)| 00:00:01 |
|   3 |    TABLE ACCESS BY INDEX ROWID   | COVIDDATE    |   348 |  6612 |     2   (0)| 00:00:01 |
|   4 |     INDEX FULL SCAN              | SYS_C0025273 |   348 |       |     1   (0)| 00:00:01 |
|*  5 |    SORT JOIN                     |              |   163 |  5705 |     7  (15)| 00:00:01 |
|   6 |     VIEW                         | VW_GBC_5     |   163 |  5705 |     6   (0)| 00:00:01 |
|   7 |      HASH GROUP BY               |              |   163 |  4075 |     6   (0)| 00:00:01 |
|   8 |       TABLE ACCESS BY INDEX ROWID| COVIDFACT    |   286 |  7150 |     6   (0)| 00:00:01 |
|*  9 |        INDEX RANGE SCAN          | SYS_C0025274 |   286 |       |     3   (0)| 00:00:01 |
-------------------------------------------------------------------------------------------------

Predicate Information (identified by operation id):
---------------------------------------------------

5 - access(""COVIDDATE"".""DATEREP""=""ITEM_1"")
filter(""COVIDDATE"".""DATEREP""=""ITEM_1"")
9 - access(""FT"".""COUNTRIESANDTERRITORIES""='Italy')
",2,"with COVID-19 describe deaths by month, countriesAndTerritories for countriesAndTerritories = 'Italy'",101,0.0,0,540.0,398.0,10.0,10.0,0,random7,1,1185,5,adbis
26,0.00597576948264571,COVID-19,"Plan hash value: 2308937895

------------------------------------------------------------------------------------------------
| Id  | Operation                       | Name         | Rows  | Bytes | Cost (%CPU)| Time     |
------------------------------------------------------------------------------------------------
|   0 | SELECT STATEMENT                |              |    19 |   836 |    14  (15)| 00:00:01 |
|   1 |  SORT GROUP BY                  |              |    19 |   836 |    14  (15)| 00:00:01 |
|   2 |   MERGE JOIN                    |              |   560 | 24640 |    13   (8)| 00:00:01 |
|   3 |    TABLE ACCESS BY INDEX ROWID  | COVIDDATE    |   348 |  6612 |     2   (0)| 00:00:01 |
|   4 |     INDEX FULL SCAN             | SYS_C0025273 |   348 |       |     1   (0)| 00:00:01 |
|*  5 |    SORT JOIN                    |              |   560 | 14000 |    11  (10)| 00:00:01 |
|   6 |     INLIST ITERATOR             |              |       |       |            |          |
|   7 |      TABLE ACCESS BY INDEX ROWID| COVIDFACT    |   560 | 14000 |    10   (0)| 00:00:01 |
|*  8 |       INDEX RANGE SCAN          | SYS_C0025274 |   560 |       |     5   (0)| 00:00:01 |
------------------------------------------------------------------------------------------------

Predicate Information (identified by operation id):
---------------------------------------------------

5 - access(""COVIDDATE"".""DATEREP""=""FT"".""DATEREP"")
filter(""COVIDDATE"".""DATEREP""=""FT"".""DATEREP"")
8 - access(""FT"".""COUNTRIESANDTERRITORIES""='Italy' OR
""FT"".""COUNTRIESANDTERRITORIES""='United_States_of_America')
",3,"with COVID-19 describe deaths by month, countriesAndTerritories for countriesAndTerritories in ('United_States_of_America', 'Italy')",132,0.1431924882629108,1,836.0,428.0,14.0,19.0,0,random7,3,1205,6,adbis
13,0.10846430910281597,COVID-19,"Plan hash value: 818443477

----------------------------------------------------------------------------------------------
| Id  | Operation                     | Name         | Rows  | Bytes | Cost (%CPU)| Time     |
----------------------------------------------------------------------------------------------
|   0 | SELECT STATEMENT              |              |    13 |   559 |   127   (6)| 00:00:02 |
|   1 |  SORT GROUP BY                |              |    13 |   559 |   127   (6)| 00:00:02 |
|   2 |   MERGE JOIN                  |              |   348 | 14964 |   126   (5)| 00:00:02 |
|   3 |    TABLE ACCESS BY INDEX ROWID| COVIDDATE    |   348 |  6612 |     2   (0)| 00:00:01 |
|   4 |     INDEX FULL SCAN           | SYS_C0025273 |   348 |       |     1   (0)| 00:00:01 |
|*  5 |    SORT JOIN                  |              |   348 |  8352 |   124   (5)| 00:00:02 |
|   6 |     VIEW                      | VW_GBC_5     |   348 |  8352 |   123   (5)| 00:00:02 |
|   7 |      HASH GROUP BY            |              |   348 |  4872 |   123   (5)| 00:00:02 |
|   8 |       TABLE ACCESS FULL       | COVIDFACT    | 61080 |   835K|   119   (1)| 00:00:02 |
----------------------------------------------------------------------------------------------

Predicate Information (identified by operation id):
---------------------------------------------------

5 - access(""COVIDDATE"".""DATEREP""=""ITEM_1"")
filter(""COVIDDATE"".""DATEREP""=""ITEM_1"")
",4,with COVID-19 describe deaths by month,38,0.017936554995552922,0,559.0,168.0,127.0,13.0,0,random7,2,1166,31,adbis
49,0.0056974459724950886,COVID-19,"Plan hash value: 1016733566

---------------------------------------------------------------------------------
| Id  | Operation           | Name      | Rows  | Bytes | Cost (%CPU)| Time     |
---------------------------------------------------------------------------------
|   0 | SELECT STATEMENT    |           |    49 |  1568 |   126   (4)| 00:00:02 |
|   1 |  SORT GROUP BY      |           |    49 |  1568 |   126   (4)| 00:00:02 |
|*  2 |   HASH JOIN         |           | 14184 |   443K|   124   (2)| 00:00:02 |
|*  3 |    TABLE ACCESS FULL| COUNTRY   |    49 |   882 |     4   (0)| 00:00:01 |
|   4 |    TABLE ACCESS FULL| COVIDFACT | 61080 |   835K|   119   (1)| 00:00:02 |
---------------------------------------------------------------------------------

Predicate Information (identified by operation id):
---------------------------------------------------

2 - access(""COUNTRY"".""COUNTRIESANDTERRITORIES""=""FT"".""COUNTRIESANDTERRI
TORIES"")
3 - filter(""COUNTRY"".""CONTINENTEXP""='America')
",0,with COVID-19 describe deaths by countriesAndTerritories for continentExp = 'America',85,0.0,0,1568.0,283.0,126.0,49.0,0,random8,0,1175,24,adbis
211,0.017075965946299936,COVID-19,"Plan hash value: 216913314

--------------------------------------------------------------------------------
| Id  | Operation          | Name      | Rows  | Bytes | Cost (%CPU)| Time     |
--------------------------------------------------------------------------------
|   0 | SELECT STATEMENT   |           |   211 |  2954 |   123   (5)| 00:00:02 |
|   1 |  SORT GROUP BY     |           |   211 |  2954 |   123   (5)| 00:00:02 |
|   2 |   TABLE ACCESS FULL| COVIDFACT | 61080 |   835K|   119   (1)| 00:00:02 |
--------------------------------------------------------------------------------
",1,with COVID-19 describe deaths by countriesAndTerritories,56,0.2501797268152408,1,2954.0,244.0,123.0,211.0,0,random8,10,1187,36,adbis
158,0.017075965946299936,COVID-19,"Plan hash value: 1016733566

---------------------------------------------------------------------------------
| Id  | Operation           | Name      | Rows  | Bytes | Cost (%CPU)| Time     |
---------------------------------------------------------------------------------
|   0 | SELECT STATEMENT    |           |   158 |  5056 |   127   (4)| 00:00:02 |
|   1 |  SORT GROUP BY      |           |   158 |  5056 |   127   (4)| 00:00:02 |
|*  2 |   HASH JOIN         |           | 45738 |  1429K|   124   (2)| 00:00:02 |
|*  3 |    TABLE ACCESS FULL| COUNTRY   |   158 |  2844 |     4   (0)| 00:00:01 |
|   4 |    TABLE ACCESS FULL| COVIDFACT | 61080 |   835K|   119   (1)| 00:00:02 |
---------------------------------------------------------------------------------

Predicate Information (identified by operation id):
---------------------------------------------------

2 - access(""COUNTRY"".""COUNTRIESANDTERRITORIES""=""FT"".""COUNTRIESANDTERRI
TORIES"")
3 - filter(""COUNTRY"".""CONTINENTEXP""='Africa' OR
""COUNTRY"".""CONTINENTEXP""='America' OR ""COUNTRY"".""CONTINENTEXP""='Europe')
",2,"with COVID-19 describe deaths by countriesAndTerritories for continentExp in ('America', 'Europe', 'Africa')",108,0.5002395783421179,1,5056.0,304.0,127.0,158.0,0,random8,8,1183,42,adbis
39,0.01905697445972495,COVID-19,"Plan hash value: 2308937895

------------------------------------------------------------------------------------------------
| Id  | Operation                       | Name         | Rows  | Bytes | Cost (%CPU)| Time     |
------------------------------------------------------------------------------------------------
|   0 | SELECT STATEMENT                |              |    28 |  1232 |    19  (11)| 00:00:01 |
|   1 |  SORT GROUP BY                  |              |    28 |  1232 |    19  (11)| 00:00:01 |
|   2 |   MERGE JOIN                    |              |   934 | 41096 |    18   (6)| 00:00:01 |
|   3 |    TABLE ACCESS BY INDEX ROWID  | COVIDDATE    |   348 |  6612 |     2   (0)| 00:00:01 |
|   4 |     INDEX FULL SCAN             | SYS_C0025273 |   348 |       |     1   (0)| 00:00:01 |
|*  5 |    SORT JOIN                    |              |   934 | 23350 |    16   (7)| 00:00:01 |
|   6 |     INLIST ITERATOR             |              |       |       |            |          |
|   7 |      TABLE ACCESS BY INDEX ROWID| COVIDFACT    |   934 | 23350 |    15   (0)| 00:00:01 |
|*  8 |       INDEX RANGE SCAN          | SYS_C0025274 |   934 |       |     7   (0)| 00:00:01 |
------------------------------------------------------------------------------------------------

Predicate Information (identified by operation id):
---------------------------------------------------

5 - access(""COVIDDATE"".""DATEREP""=""FT"".""DATEREP"")
filter(""COVIDDATE"".""DATEREP""=""FT"".""DATEREP"")
8 - access(""FT"".""COUNTRIESANDTERRITORIES""='Germany' OR
""FT"".""COUNTRIESANDTERRITORIES""='Italy' OR ""FT"".""COUNTRIESANDTERRITORIES""='Spain')
",3,"with COVID-19 describe deaths by month, countriesAndTerritories for countriesAndTerritories in ('Italy', 'Spain', 'Germany')",124,0.47282608695652173,1,1232.0,419.0,19.0,28.0,0,random8,2,1186,6,adbis
13,0.2786345776031434,COVID-19,"Plan hash value: 2755916834

-------------------------------------------------------------------------------------------------
| Id  | Operation                        | Name         | Rows  | Bytes | Cost (%CPU)| Time     |
-------------------------------------------------------------------------------------------------
|   0 | SELECT STATEMENT                 |              |    13 |   559 |    10  (20)| 00:00:01 |
|   1 |  SORT GROUP BY                   |              |    13 |   559 |    10  (20)| 00:00:01 |
|   2 |   MERGE JOIN                     |              |   195 |  8385 |     9  (12)| 00:00:01 |
|   3 |    TABLE ACCESS BY INDEX ROWID   | COVIDDATE    |   348 |  6612 |     2   (0)| 00:00:01 |
|   4 |     INDEX FULL SCAN              | SYS_C0025273 |   348 |       |     1   (0)| 00:00:01 |
|*  5 |    SORT JOIN                     |              |   195 |  4680 |     7  (15)| 00:00:01 |
|   6 |     VIEW                         | VW_GBC_5     |   195 |  4680 |     6   (0)| 00:00:01 |
|   7 |      HASH GROUP BY               |              |   195 |  4875 |     6   (0)| 00:00:01 |
|   8 |       TABLE ACCESS BY INDEX ROWID| COVIDFACT    |   286 |  7150 |     6   (0)| 00:00:01 |
|*  9 |        INDEX RANGE SCAN          | SYS_C0025274 |   286 |       |     3   (0)| 00:00:01 |
-------------------------------------------------------------------------------------------------

Predicate Information (identified by operation id):
---------------------------------------------------

5 - access(""COVIDDATE"".""DATEREP""=""ITEM_1"")
filter(""COVIDDATE"".""DATEREP""=""ITEM_1"")
9 - access(""FT"".""COUNTRIESANDTERRITORIES""='Italy')
",4,with COVID-19 describe deaths by month for countriesAndTerritories = 'Italy',76,0.07786085825747724,0,559.0,299.0,10.0,13.0,0,random8,1,1164,4,adbis
39,0.2786345776031434,COVID-19,"Plan hash value: 2308937895

------------------------------------------------------------------------------------------------
| Id  | Operation                       | Name         | Rows  | Bytes | Cost (%CPU)| Time     |
------------------------------------------------------------------------------------------------
|   0 | SELECT STATEMENT                |              |    28 |  1344 |    18  (12)| 00:00:01 |
|   1 |  SORT GROUP BY                  |              |    28 |  1344 |    18  (12)| 00:00:01 |
|   2 |   MERGE JOIN                    |              |   868 | 41664 |    17   (6)| 00:00:01 |
|   3 |    TABLE ACCESS BY INDEX ROWID  | COVIDDATE    |   348 |  6612 |     2   (0)| 00:00:01 |
|   4 |     INDEX FULL SCAN             | SYS_C0025273 |   348 |       |     1   (0)| 00:00:01 |
|*  5 |    SORT JOIN                    |              |   868 | 25172 |    15   (7)| 00:00:01 |
|   6 |     INLIST ITERATOR             |              |       |       |            |          |
|   7 |      TABLE ACCESS BY INDEX ROWID| COVIDFACT    |   868 | 25172 |    14   (0)| 00:00:01 |
|*  8 |       INDEX RANGE SCAN          | SYS_C0025274 |   868 |       |     7   (0)| 00:00:01 |
------------------------------------------------------------------------------------------------

Predicate Information (identified by operation id):
---------------------------------------------------

5 - access(""COVIDDATE"".""DATEREP""=""FT"".""DATEREP"")
filter(""COVIDDATE"".""DATEREP""=""FT"".""DATEREP"")
8 - access(""FT"".""COUNTRIESANDTERRITORIES""='France' OR
""FT"".""COUNTRIESANDTERRITORIES""='Italy' OR ""FT"".""COUNTRIESANDTERRITORIES""='United_States_
of_America')
",5,"with COVID-19 describe deaths, cases by month, countriesAndTerritories for countriesAndTerritories in ('United_States_of_America', 'Italy', 'France')",149,0.07935735150925025,1,1344.0,458.0,18.0,28.0,0,random8,2,1173,6,adbis
26,4.911591355599214E-4,COVID-19,"Plan hash value: 2308937895

------------------------------------------------------------------------------------------------
| Id  | Operation                       | Name         | Rows  | Bytes | Cost (%CPU)| Time     |
------------------------------------------------------------------------------------------------
|   0 | SELECT STATEMENT                |              |    19 |   912 |    14  (15)| 00:00:01 |
|   1 |  SORT GROUP BY                  |              |    19 |   912 |    14  (15)| 00:00:01 |
|   2 |   MERGE JOIN                    |              |   560 | 26880 |    13   (8)| 00:00:01 |
|   3 |    TABLE ACCESS BY INDEX ROWID  | COVIDDATE    |   348 |  6612 |     2   (0)| 00:00:01 |
|   4 |     INDEX FULL SCAN             | SYS_C0025273 |   348 |       |     1   (0)| 00:00:01 |
|*  5 |    SORT JOIN                    |              |   560 | 16240 |    11  (10)| 00:00:01 |
|   6 |     INLIST ITERATOR             |              |       |       |            |          |
|   7 |      TABLE ACCESS BY INDEX ROWID| COVIDFACT    |   560 | 16240 |    10   (0)| 00:00:01 |
|*  8 |       INDEX RANGE SCAN          | SYS_C0025274 |   560 |       |     5   (0)| 00:00:01 |
------------------------------------------------------------------------------------------------

Predicate Information (identified by operation id):
---------------------------------------------------

5 - access(""COVIDDATE"".""DATEREP""=""FT"".""DATEREP"")
filter(""COVIDDATE"".""DATEREP""=""FT"".""DATEREP"")
8 - access(""FT"".""COUNTRIESANDTERRITORIES""='Italy' OR
""FT"".""COUNTRIESANDTERRITORIES""='United_States_of_America')
",0,"with COVID-19 describe deaths, cases by month, countriesAndTerritories for countriesAndTerritories in ('United_States_of_America', 'Italy')",139,0.0,0,912.0,449.0,14.0,19.0,0,random9,1,1205,6,adbis
39,4.911591355599214E-4,COVID-19,"Plan hash value: 2308937895

------------------------------------------------------------------------------------------------
| Id  | Operation                       | Name         | Rows  | Bytes | Cost (%CPU)| Time     |
------------------------------------------------------------------------------------------------
|   0 | SELECT STATEMENT                |              |    28 |  1344 |    18  (12)| 00:00:01 |
|   1 |  SORT GROUP BY                  |              |    28 |  1344 |    18  (12)| 00:00:01 |
|   2 |   MERGE JOIN                    |              |   868 | 41664 |    17   (6)| 00:00:01 |
|   3 |    TABLE ACCESS BY INDEX ROWID  | COVIDDATE    |   348 |  6612 |     2   (0)| 00:00:01 |
|   4 |     INDEX FULL SCAN             | SYS_C0025273 |   348 |       |     1   (0)| 00:00:01 |
|*  5 |    SORT JOIN                    |              |   868 | 25172 |    15   (7)| 00:00:01 |
|   6 |     INLIST ITERATOR             |              |       |       |            |          |
|   7 |      TABLE ACCESS BY INDEX ROWID| COVIDFACT    |   868 | 25172 |    14   (0)| 00:00:01 |
|*  8 |       INDEX RANGE SCAN          | SYS_C0025274 |   868 |       |     7   (0)| 00:00:01 |
------------------------------------------------------------------------------------------------

Predicate Information (identified by operation id):
---------------------------------------------------

5 - access(""COVIDDATE"".""DATEREP""=""FT"".""DATEREP"")
filter(""COVIDDATE"".""DATEREP""=""FT"".""DATEREP"")
8 - access(""FT"".""COUNTRIESANDTERRITORIES""='France' OR
""FT"".""COUNTRIESANDTERRITORIES""='Italy' OR ""FT"".""COUNTRIESANDTERRITORIES""='United_States_
of_America')
",1,"with COVID-19 describe deaths, cases by month, countriesAndTerritories for countriesAndTerritories in ('United_States_of_America', 'Italy', 'France')",149,0.5,1,1344.0,458.0,18.0,28.0,0,random9,4,1186,6,adbis
39,0.001489849377865095,COVID-19,"Plan hash value: 2308937895

------------------------------------------------------------------------------------------------
| Id  | Operation                       | Name         | Rows  | Bytes | Cost (%CPU)| Time     |
------------------------------------------------------------------------------------------------
|   0 | SELECT STATEMENT                |              |    28 |  1232 |    18  (12)| 00:00:01 |
|   1 |  SORT GROUP BY                  |              |    28 |  1232 |    18  (12)| 00:00:01 |
|   2 |   MERGE JOIN                    |              |   868 | 38192 |    17   (6)| 00:00:01 |
|   3 |    TABLE ACCESS BY INDEX ROWID  | COVIDDATE    |   348 |  6612 |     2   (0)| 00:00:01 |
|   4 |     INDEX FULL SCAN             | SYS_C0025273 |   348 |       |     1   (0)| 00:00:01 |
|*  5 |    SORT JOIN                    |              |   868 | 21700 |    15   (7)| 00:00:01 |
|   6 |     INLIST ITERATOR             |              |       |       |            |          |
|   7 |      TABLE ACCESS BY INDEX ROWID| COVIDFACT    |   868 | 21700 |    14   (0)| 00:00:01 |
|*  8 |       INDEX RANGE SCAN          | SYS_C0025274 |   868 |       |     7   (0)| 00:00:01 |
------------------------------------------------------------------------------------------------

Predicate Information (identified by operation id):
---------------------------------------------------

5 - access(""COVIDDATE"".""DATEREP""=""FT"".""DATEREP"")
filter(""COVIDDATE"".""DATEREP""=""FT"".""DATEREP"")
8 - access(""FT"".""COUNTRIESANDTERRITORIES""='France' OR
""FT"".""COUNTRIESANDTERRITORIES""='Italy' OR ""FT"".""COUNTRIESANDTERRITORIES""='United_States_
of_America')
",2,"with COVID-19 describe deaths by month, countriesAndTerritories for countriesAndTerritories in ('United_States_of_America', 'Italy', 'France')",142,0.3973509933774834,1,1232.0,437.0,18.0,28.0,0,random9,6,1167,5,adbis
13,0.0024721676489849378,COVID-19,"Plan hash value: 2755916834

-------------------------------------------------------------------------------------------------
| Id  | Operation                        | Name         | Rows  | Bytes | Cost (%CPU)| Time     |
-------------------------------------------------------------------------------------------------
|   0 | SELECT STATEMENT                 |              |    10 |   540 |    10  (20)| 00:00:01 |
|   1 |  SORT GROUP BY                   |              |    10 |   540 |    10  (20)| 00:00:01 |
|   2 |   MERGE JOIN                     |              |   163 |  8802 |     9  (12)| 00:00:01 |
|   3 |    TABLE ACCESS BY INDEX ROWID   | COVIDDATE    |   348 |  6612 |     2   (0)| 00:00:01 |
|   4 |     INDEX FULL SCAN              | SYS_C0025273 |   348 |       |     1   (0)| 00:00:01 |
|*  5 |    SORT JOIN                     |              |   163 |  5705 |     7  (15)| 00:00:01 |
|   6 |     VIEW                         | VW_GBC_5     |   163 |  5705 |     6   (0)| 00:00:01 |
|   7 |      HASH GROUP BY               |              |   163 |  4075 |     6   (0)| 00:00:01 |
|   8 |       TABLE ACCESS BY INDEX ROWID| COVIDFACT    |   286 |  7150 |     6   (0)| 00:00:01 |
|*  9 |        INDEX RANGE SCAN          | SYS_C0025274 |   286 |       |     3   (0)| 00:00:01 |
-------------------------------------------------------------------------------------------------

Predicate Information (identified by operation id):
---------------------------------------------------

5 - access(""COVIDDATE"".""DATEREP""=""ITEM_1"")
filter(""COVIDDATE"".""DATEREP""=""ITEM_1"")
9 - access(""FT"".""COUNTRIESANDTERRITORIES""='Italy')
",3,"with COVID-19 describe deaths by month, countriesAndTerritories for countriesAndTerritories = 'Italy'",101,0.2843601895734597,0,540.0,398.0,10.0,10.0,0,random9,3,1183,11,adbis
39,0.0024721676489849378,COVID-19,"Plan hash value: 2308937895

------------------------------------------------------------------------------------------------
| Id  | Operation                       | Name         | Rows  | Bytes | Cost (%CPU)| Time     |
------------------------------------------------------------------------------------------------
|   0 | SELECT STATEMENT                |              |    28 |  1344 |    18  (12)| 00:00:01 |
|   1 |  SORT GROUP BY                  |              |    28 |  1344 |    18  (12)| 00:00:01 |
|   2 |   MERGE JOIN                    |              |   868 | 41664 |    17   (6)| 00:00:01 |
|   3 |    TABLE ACCESS BY INDEX ROWID  | COVIDDATE    |   348 |  6612 |     2   (0)| 00:00:01 |
|   4 |     INDEX FULL SCAN             | SYS_C0025273 |   348 |       |     1   (0)| 00:00:01 |
|*  5 |    SORT JOIN                    |              |   868 | 25172 |    15   (7)| 00:00:01 |
|   6 |     INLIST ITERATOR             |              |       |       |            |          |
|   7 |      TABLE ACCESS BY INDEX ROWID| COVIDFACT    |   868 | 25172 |    14   (0)| 00:00:01 |
|*  8 |       INDEX RANGE SCAN          | SYS_C0025274 |   868 |       |     7   (0)| 00:00:01 |
------------------------------------------------------------------------------------------------

Predicate Information (identified by operation id):
---------------------------------------------------

5 - access(""COVIDDATE"".""DATEREP""=""FT"".""DATEREP"")
filter(""COVIDDATE"".""DATEREP""=""FT"".""DATEREP"")
8 - access(""FT"".""COUNTRIESANDTERRITORIES""='France' OR
""FT"".""COUNTRIESANDTERRITORIES""='Italy' OR ""FT"".""COUNTRIESANDTERRITORIES""='United_States_
of_America')
",4,"with COVID-19 describe deaths, cases by month, countriesAndTerritories for countriesAndTerritories in ('United_States_of_America', 'Italy', 'France')",149,0.37344398340248963,1,1344.0,458.0,18.0,28.0,0,random9,3,1168,6,adbis
13,0.206090373280943,COVID-19,"Plan hash value: 2755916834

-------------------------------------------------------------------------------------------------
| Id  | Operation                        | Name         | Rows  | Bytes | Cost (%CPU)| Time     |
-------------------------------------------------------------------------------------------------
|   0 | SELECT STATEMENT                 |              |    13 |   559 |    10  (20)| 00:00:01 |
|   1 |  SORT GROUP BY                   |              |    13 |   559 |    10  (20)| 00:00:01 |
|   2 |   MERGE JOIN                     |              |   190 |  8170 |     9  (12)| 00:00:01 |
|   3 |    TABLE ACCESS BY INDEX ROWID   | COVIDDATE    |   348 |  6612 |     2   (0)| 00:00:01 |
|   4 |     INDEX FULL SCAN              | SYS_C0025273 |   348 |       |     1   (0)| 00:00:01 |
|*  5 |    SORT JOIN                     |              |   190 |  4560 |     7  (15)| 00:00:01 |
|   6 |     VIEW                         | VW_GBC_5     |   190 |  4560 |     6   (0)| 00:00:01 |
|   7 |      HASH GROUP BY               |              |   190 |  4750 |     6   (0)| 00:00:01 |
|   8 |       TABLE ACCESS BY INDEX ROWID| COVIDFACT    |   275 |  6875 |     6   (0)| 00:00:01 |
|*  9 |        INDEX RANGE SCAN          | SYS_C0025274 |   275 |       |     3   (0)| 00:00:01 |
-------------------------------------------------------------------------------------------------

Predicate Information (identified by operation id):
---------------------------------------------------

5 - access(""COVIDDATE"".""DATEREP""=""ITEM_1"")
filter(""COVIDDATE"".""DATEREP""=""ITEM_1"")
9 - access(""FT"".""COUNTRIESANDTERRITORIES""='United_States_of_America')
",5,with COVID-19 describe deaths by month for countriesAndTerritories = 'United_States_of_America',95,0.014174954969065706,0,559.0,318.0,10.0,13.0,0,random9,2,1177,5,adbis
13,0.3713326784544859,COVID-19,"Plan hash value: 2755916834

-------------------------------------------------------------------------------------------------
| Id  | Operation                        | Name         | Rows  | Bytes | Cost (%CPU)| Time     |
-------------------------------------------------------------------------------------------------
|   0 | SELECT STATEMENT                 |              |    13 |   559 |    10  (20)| 00:00:01 |
|   1 |  SORT GROUP BY                   |              |    13 |   559 |    10  (20)| 00:00:01 |
|   2 |   MERGE JOIN                     |              |   195 |  8385 |     9  (12)| 00:00:01 |
|   3 |    TABLE ACCESS BY INDEX ROWID   | COVIDDATE    |   348 |  6612 |     2   (0)| 00:00:01 |
|   4 |     INDEX FULL SCAN              | SYS_C0025273 |   348 |       |     1   (0)| 00:00:01 |
|*  5 |    SORT JOIN                     |              |   195 |  4680 |     7  (15)| 00:00:01 |
|   6 |     VIEW                         | VW_GBC_5     |   195 |  4680 |     6   (0)| 00:00:01 |
|   7 |      HASH GROUP BY               |              |   195 |  4875 |     6   (0)| 00:00:01 |
|   8 |       TABLE ACCESS BY INDEX ROWID| COVIDFACT    |   286 |  7150 |     6   (0)| 00:00:01 |
|*  9 |        INDEX RANGE SCAN          | SYS_C0025274 |   286 |       |     3   (0)| 00:00:01 |
-------------------------------------------------------------------------------------------------

Predicate Information (identified by operation id):
---------------------------------------------------

5 - access(""COVIDDATE"".""DATEREP""=""ITEM_1"")
filter(""COVIDDATE"".""DATEREP""=""ITEM_1"")
9 - access(""FT"".""COUNTRIESANDTERRITORIES""='Italy')
",6,with COVID-19 describe deaths by month for countriesAndTerritories = 'Italy',76,0.2183547575559155,0,559.0,299.0,10.0,13.0,0,random9,1,1191,8,adbis
5,0.22337917485265227,COVID-19,"Plan hash value: 4043441030

----------------------------------------------------------------------------------------------
| Id  | Operation                     | Name         | Rows  | Bytes | Cost (%CPU)| Time     |
----------------------------------------------------------------------------------------------
|   0 | SELECT STATEMENT              |              |     5 |   210 |   127   (6)| 00:00:02 |
|   1 |  SORT GROUP BY                |              |     5 |   210 |   127   (6)| 00:00:02 |
|   2 |   MERGE JOIN                  |              |   211 |  8862 |   126   (5)| 00:00:02 |
|   3 |    TABLE ACCESS BY INDEX ROWID| COUNTRY      |   211 |  3798 |     2   (0)| 00:00:01 |
|   4 |     INDEX FULL SCAN           | SYS_C0025272 |   211 |       |     1   (0)| 00:00:01 |
|*  5 |    SORT JOIN                  |              |   211 |  5064 |   124   (5)| 00:00:02 |
|   6 |     VIEW                      | VW_GBC_5     |   211 |  5064 |   123   (5)| 00:00:02 |
|   7 |      HASH GROUP BY            |              |   211 |  2954 |   123   (5)| 00:00:02 |
|   8 |       TABLE ACCESS FULL       | COVIDFACT    | 61080 |   835K|   119   (1)| 00:00:02 |
----------------------------------------------------------------------------------------------

Predicate Information (identified by operation id):
---------------------------------------------------

5 - access(""COUNTRY"".""COUNTRIESANDTERRITORIES""=""ITEM_1"")
filter(""COUNTRY"".""COUNTRIESANDTERRITORIES""=""ITEM_1"")
",0,with COVID-19 describe deaths by continentExp,45,0.0,0,210.0,211.0,127.0,5.0,0,covid0,0,1063,21,ext
49,0.22337917485265227,COVID-19,"Plan hash value: 1016733566

---------------------------------------------------------------------------------
| Id  | Operation           | Name      | Rows  | Bytes | Cost (%CPU)| Time     |
---------------------------------------------------------------------------------
|   0 | SELECT STATEMENT    |           |    49 |  1568 |   126   (4)| 00:00:02 |
|   1 |  SORT GROUP BY      |           |    49 |  1568 |   126   (4)| 00:00:02 |
|*  2 |   HASH JOIN         |           | 14184 |   443K|   124   (2)| 00:00:02 |
|*  3 |    TABLE ACCESS FULL| COUNTRY   |    49 |   882 |     4   (0)| 00:00:01 |
|   4 |    TABLE ACCESS FULL| COVIDFACT | 61080 |   835K|   119   (1)| 00:00:02 |
---------------------------------------------------------------------------------

Predicate Information (identified by operation id):
---------------------------------------------------

2 - access(""COUNTRY"".""COUNTRIESANDTERRITORIES""=""FT"".""COUNTRIESANDTERRI
TORIES"")
3 - filter(""COUNTRY"".""CONTINENTEXP""='America')
",1,with COVID-19 describe deaths by countriesAndTerritories for continentExp = 'America',85,0.024871355060034305,1,1568.0,283.0,126.0,49.0,0,covid0,8,1193,25,ext
13,0.22337917485265227,COVID-19,"Plan hash value: 2755916834

-------------------------------------------------------------------------------------------------
| Id  | Operation                        | Name         | Rows  | Bytes | Cost (%CPU)| Time     |
-------------------------------------------------------------------------------------------------
|   0 | SELECT STATEMENT                 |              |    10 |   540 |    10  (20)| 00:00:01 |
|   1 |  SORT GROUP BY                   |              |    10 |   540 |    10  (20)| 00:00:01 |
|   2 |   MERGE JOIN                     |              |   159 |  8586 |     9  (12)| 00:00:01 |
|   3 |    TABLE ACCESS BY INDEX ROWID   | COVIDDATE    |   348 |  6612 |     2   (0)| 00:00:01 |
|   4 |     INDEX FULL SCAN              | SYS_C0025273 |   348 |       |     1   (0)| 00:00:01 |
|*  5 |    SORT JOIN                     |              |   159 |  5565 |     7  (15)| 00:00:01 |
|   6 |     VIEW                         | VW_GBC_5     |   159 |  5565 |     6   (0)| 00:00:01 |
|   7 |      HASH GROUP BY               |              |   159 |  3975 |     6   (0)| 00:00:01 |
|   8 |       TABLE ACCESS BY INDEX ROWID| COVIDFACT    |   275 |  6875 |     6   (0)| 00:00:01 |
|*  9 |        INDEX RANGE SCAN          | SYS_C0025274 |   275 |       |     3   (0)| 00:00:01 |
-------------------------------------------------------------------------------------------------

Predicate Information (identified by operation id):
---------------------------------------------------

5 - access(""COVIDDATE"".""DATEREP""=""ITEM_1"")
filter(""COVIDDATE"".""DATEREP""=""ITEM_1"")
9 - access(""FT"".""COUNTRIESANDTERRITORIES""='United_States_of_America')
",2,"with COVID-19 describe deaths by month, countriesAndTerritories for countriesAndTerritories = 'United_States_of_America'",120,0.02910410588486444,1,540.0,417.0,10.0,10.0,0,covid0,2,1220,9,ext
13,0.22337917485265227,COVID-19,"Plan hash value: 2755916834

-------------------------------------------------------------------------------------------------
| Id  | Operation                        | Name         | Rows  | Bytes | Cost (%CPU)| Time     |
-------------------------------------------------------------------------------------------------
|   0 | SELECT STATEMENT                 |              |    10 |   670 |    10  (20)| 00:00:01 |
|   1 |  SORT GROUP BY                   |              |    10 |   670 |    10  (20)| 00:00:01 |
|   2 |   MERGE JOIN                     |              |   159 | 10653 |     9  (12)| 00:00:01 |
|   3 |    TABLE ACCESS BY INDEX ROWID   | COVIDDATE    |   348 |  6612 |     2   (0)| 00:00:01 |
|   4 |     INDEX FULL SCAN              | SYS_C0025273 |   348 |       |     1   (0)| 00:00:01 |
|*  5 |    SORT JOIN                     |              |   159 |  7632 |     7  (15)| 00:00:01 |
|   6 |     VIEW                         | VW_GBC_5     |   159 |  7632 |     6   (0)| 00:00:01 |
|   7 |      HASH GROUP BY               |              |   159 |  4611 |     6   (0)| 00:00:01 |
|   8 |       TABLE ACCESS BY INDEX ROWID| COVIDFACT    |   275 |  7975 |     6   (0)| 00:00:01 |
|*  9 |        INDEX RANGE SCAN          | SYS_C0025274 |   275 |       |     3   (0)| 00:00:01 |
-------------------------------------------------------------------------------------------------

Predicate Information (identified by operation id):
---------------------------------------------------

5 - access(""COVIDDATE"".""DATEREP""=""ITEM_1"")
filter(""COVIDDATE"".""DATEREP""=""ITEM_1"")
9 - access(""FT"".""COUNTRIESANDTERRITORIES""='United_States_of_America')
",3,"with COVID-19 describe deaths, cases by month, countriesAndTerritories for countriesAndTerritories = 'United_States_of_America'",127,0.041584714807530204,0,670.0,438.0,10.0,10.0,0,covid0,2,1238,14,ext
5,0.22337917485265227,COVID-19,"Plan hash value: 4043441030

----------------------------------------------------------------------------------------------
| Id  | Operation                     | Name         | Rows  | Bytes | Cost (%CPU)| Time     |
----------------------------------------------------------------------------------------------
|   0 | SELECT STATEMENT              |              |     5 |   210 |   127   (6)| 00:00:02 |
|   1 |  SORT GROUP BY                |              |     5 |   210 |   127   (6)| 00:00:02 |
|   2 |   MERGE JOIN                  |              |   211 |  8862 |   126   (5)| 00:00:02 |
|   3 |    TABLE ACCESS BY INDEX ROWID| COUNTRY      |   211 |  3798 |     2   (0)| 00:00:01 |
|   4 |     INDEX FULL SCAN           | SYS_C0025272 |   211 |       |     1   (0)| 00:00:01 |
|*  5 |    SORT JOIN                  |              |   211 |  5064 |   124   (5)| 00:00:02 |
|   6 |     VIEW                      | VW_GBC_5     |   211 |  5064 |   123   (5)| 00:00:02 |
|   7 |      HASH GROUP BY            |              |   211 |  2954 |   123   (5)| 00:00:02 |
|   8 |       TABLE ACCESS FULL       | COVIDFACT    | 61080 |   835K|   119   (1)| 00:00:02 |
----------------------------------------------------------------------------------------------

Predicate Information (identified by operation id):
---------------------------------------------------

5 - access(""COUNTRY"".""COUNTRIESANDTERRITORIES""=""ITEM_1"")
filter(""COUNTRY"".""COUNTRIESANDTERRITORIES""=""ITEM_1"")
",0,with COVID-19 describe deaths by continentExp,45,0.0,0,210.0,211.0,127.0,5.0,0,covid1,1,1060,22,ext
49,0.22337917485265227,COVID-19,"Plan hash value: 1016733566

---------------------------------------------------------------------------------
| Id  | Operation           | Name      | Rows  | Bytes | Cost (%CPU)| Time     |
---------------------------------------------------------------------------------
|   0 | SELECT STATEMENT    |           |    49 |  1568 |   126   (4)| 00:00:02 |
|   1 |  SORT GROUP BY      |           |    49 |  1568 |   126   (4)| 00:00:02 |
|*  2 |   HASH JOIN         |           | 14184 |   443K|   124   (2)| 00:00:02 |
|*  3 |    TABLE ACCESS FULL| COUNTRY   |    49 |   882 |     4   (0)| 00:00:01 |
|   4 |    TABLE ACCESS FULL| COVIDFACT | 61080 |   835K|   119   (1)| 00:00:02 |
---------------------------------------------------------------------------------

Predicate Information (identified by operation id):
---------------------------------------------------

2 - access(""COUNTRY"".""COUNTRIESANDTERRITORIES""=""FT"".""COUNTRIESANDTERRI
TORIES"")
3 - filter(""COUNTRY"".""CONTINENTEXP""='America')
",1,with COVID-19 describe deaths by countriesAndTerritories for continentExp = 'America',85,0.024871355060034305,0,1568.0,283.0,126.0,49.0,0,covid1,8,1165,37,ext
26,0.22437786509495744,COVID-19,"Plan hash value: 2308937895

------------------------------------------------------------------------------------------------
| Id  | Operation                       | Name         | Rows  | Bytes | Cost (%CPU)| Time     |
------------------------------------------------------------------------------------------------
|   0 | SELECT STATEMENT                |              |    19 |   836 |    14  (15)| 00:00:01 |
|   1 |  SORT GROUP BY                  |              |    19 |   836 |    14  (15)| 00:00:01 |
|   2 |   MERGE JOIN                    |              |   560 | 24640 |    13   (8)| 00:00:01 |
|   3 |    TABLE ACCESS BY INDEX ROWID  | COVIDDATE    |   348 |  6612 |     2   (0)| 00:00:01 |
|   4 |     INDEX FULL SCAN             | SYS_C0025273 |   348 |       |     1   (0)| 00:00:01 |
|*  5 |    SORT JOIN                    |              |   560 | 14000 |    11  (10)| 00:00:01 |
|   6 |     INLIST ITERATOR             |              |       |       |            |          |
|   7 |      TABLE ACCESS BY INDEX ROWID| COVIDFACT    |   560 | 14000 |    10   (0)| 00:00:01 |
|*  8 |       INDEX RANGE SCAN          | SYS_C0025274 |   560 |       |     5   (0)| 00:00:01 |
------------------------------------------------------------------------------------------------

Predicate Information (identified by operation id):
---------------------------------------------------

5 - access(""COVIDDATE"".""DATEREP""=""FT"".""DATEREP"")
filter(""COVIDDATE"".""DATEREP""=""FT"".""DATEREP"")
8 - access(""FT"".""COUNTRIESANDTERRITORIES""='Italy' OR
""FT"".""COUNTRIESANDTERRITORIES""='United_States_of_America')
",2,"with COVID-19 describe deaths by month, countriesAndTerritories for countriesAndTerritories in ('United_States_of_America', 'Italy')",132,0.02897831939917812,0,836.0,428.0,14.0,19.0,0,covid1,2,1163,5,ext
39,0.22634250163719713,COVID-19,"Plan hash value: 2308937895

------------------------------------------------------------------------------------------------
| Id  | Operation                       | Name         | Rows  | Bytes | Cost (%CPU)| Time     |
------------------------------------------------------------------------------------------------
|   0 | SELECT STATEMENT                |              |    28 |  1232 |    18  (12)| 00:00:01 |
|   1 |  SORT GROUP BY                  |              |    28 |  1232 |    18  (12)| 00:00:01 |
|   2 |   MERGE JOIN                    |              |   868 | 38192 |    17   (6)| 00:00:01 |
|   3 |    TABLE ACCESS BY INDEX ROWID  | COVIDDATE    |   348 |  6612 |     2   (0)| 00:00:01 |
|   4 |     INDEX FULL SCAN             | SYS_C0025273 |   348 |       |     1   (0)| 00:00:01 |
|*  5 |    SORT JOIN                    |              |   868 | 21700 |    15   (7)| 00:00:01 |
|   6 |     INLIST ITERATOR             |              |       |       |            |          |
|   7 |      TABLE ACCESS BY INDEX ROWID| COVIDFACT    |   868 | 21700 |    14   (0)| 00:00:01 |
|*  8 |       INDEX RANGE SCAN          | SYS_C0025274 |   868 |       |     7   (0)| 00:00:01 |
------------------------------------------------------------------------------------------------

Predicate Information (identified by operation id):
---------------------------------------------------

5 - access(""COVIDDATE"".""DATEREP""=""FT"".""DATEREP"")
filter(""COVIDDATE"".""DATEREP""=""FT"".""DATEREP"")
8 - access(""FT"".""COUNTRIESANDTERRITORIES""='France' OR
""FT"".""COUNTRIESANDTERRITORIES""='Italy' OR ""FT"".""COUNTRIESANDTERRITORIES""='United_States_
of_America')
",3,"with COVID-19 describe deaths by month, countriesAndTerritories for countriesAndTerritories in ('United_States_of_America', 'Italy', 'France')",142,0.03986387943607195,0,1232.0,437.0,18.0,28.0,0,covid1,3,1189,6,ext
39,0.22634250163719713,COVID-19,"Plan hash value: 2308937895

------------------------------------------------------------------------------------------------
| Id  | Operation                       | Name         | Rows  | Bytes | Cost (%CPU)| Time     |
------------------------------------------------------------------------------------------------
|   0 | SELECT STATEMENT                |              |    28 |  1344 |    18  (12)| 00:00:01 |
|   1 |  SORT GROUP BY                  |              |    28 |  1344 |    18  (12)| 00:00:01 |
|   2 |   MERGE JOIN                    |              |   868 | 41664 |    17   (6)| 00:00:01 |
|   3 |    TABLE ACCESS BY INDEX ROWID  | COVIDDATE    |   348 |  6612 |     2   (0)| 00:00:01 |
|   4 |     INDEX FULL SCAN             | SYS_C0025273 |   348 |       |     1   (0)| 00:00:01 |
|*  5 |    SORT JOIN                    |              |   868 | 25172 |    15   (7)| 00:00:01 |
|   6 |     INLIST ITERATOR             |              |       |       |            |          |
|   7 |      TABLE ACCESS BY INDEX ROWID| COVIDFACT    |   868 | 25172 |    14   (0)| 00:00:01 |
|*  8 |       INDEX RANGE SCAN          | SYS_C0025274 |   868 |       |     7   (0)| 00:00:01 |
------------------------------------------------------------------------------------------------

Predicate Information (identified by operation id):
---------------------------------------------------

5 - access(""COVIDDATE"".""DATEREP""=""FT"".""DATEREP"")
filter(""COVIDDATE"".""DATEREP""=""FT"".""DATEREP"")
8 - access(""FT"".""COUNTRIESANDTERRITORIES""='France' OR
""FT"".""COUNTRIESANDTERRITORIES""='Italy' OR ""FT"".""COUNTRIESANDTERRITORIES""='United_States_
of_America')
",4,"with COVID-19 describe deaths, cases by month, countriesAndTerritories for countriesAndTerritories in ('United_States_of_America', 'Italy', 'France')",149,0.041860142768036596,1,1344.0,458.0,18.0,28.0,0,covid1,3,1188,7,ext
13,0.2032580222658808,COVID-19,"Plan hash value: 2755916834

-------------------------------------------------------------------------------------------------
| Id  | Operation                        | Name         | Rows  | Bytes | Cost (%CPU)| Time     |
-------------------------------------------------------------------------------------------------
|   0 | SELECT STATEMENT                 |              |    13 |   559 |    10  (20)| 00:00:01 |
|   1 |  SORT GROUP BY                   |              |    13 |   559 |    10  (20)| 00:00:01 |
|   2 |   MERGE JOIN                     |              |   195 |  8385 |     9  (12)| 00:00:01 |
|   3 |    TABLE ACCESS BY INDEX ROWID   | COVIDDATE    |   348 |  6612 |     2   (0)| 00:00:01 |
|   4 |     INDEX FULL SCAN              | SYS_C0025273 |   348 |       |     1   (0)| 00:00:01 |
|*  5 |    SORT JOIN                     |              |   195 |  4680 |     7  (15)| 00:00:01 |
|   6 |     VIEW                         | VW_GBC_5     |   195 |  4680 |     6   (0)| 00:00:01 |
|   7 |      HASH GROUP BY               |              |   195 |  4875 |     6   (0)| 00:00:01 |
|   8 |       TABLE ACCESS BY INDEX ROWID| COVIDFACT    |   286 |  7150 |     6   (0)| 00:00:01 |
|*  9 |        INDEX RANGE SCAN          | SYS_C0025274 |   286 |       |     3   (0)| 00:00:01 |
-------------------------------------------------------------------------------------------------

Predicate Information (identified by operation id):
---------------------------------------------------

5 - access(""COVIDDATE"".""DATEREP""=""ITEM_1"")
filter(""COVIDDATE"".""DATEREP""=""ITEM_1"")
9 - access(""FT"".""COUNTRIESANDTERRITORIES""='Italy')
",0,with COVID-19 describe deaths by month for countriesAndTerritories = 'Italy',76,0.0,0,559.0,299.0,10.0,13.0,0,covid2,0,1223,7,ext
13,0.20676162409954157,COVID-19,"Plan hash value: 2308937895

------------------------------------------------------------------------------------------------
| Id  | Operation                       | Name         | Rows  | Bytes | Cost (%CPU)| Time     |
------------------------------------------------------------------------------------------------
|   0 | SELECT STATEMENT                |              |    28 |  1232 |    11  (19)| 00:00:01 |
|   1 |  SORT GROUP BY                  |              |    28 |  1232 |    11  (19)| 00:00:01 |
|   2 |   MERGE JOIN                    |              |   287 | 12628 |    10  (10)| 00:00:01 |
|   3 |    TABLE ACCESS BY INDEX ROWID  | COVIDDATE    |   348 |  6612 |     2   (0)| 00:00:01 |
|   4 |     INDEX FULL SCAN             | SYS_C0025273 |   348 |       |     1   (0)| 00:00:01 |
|*  5 |    SORT JOIN                    |              |   287 |  7175 |     8  (13)| 00:00:01 |
|   6 |     INLIST ITERATOR             |              |       |       |            |          |
|   7 |      TABLE ACCESS BY INDEX ROWID| COVIDFACT    |   287 |  7175 |     7   (0)| 00:00:01 |
|*  8 |       INDEX RANGE SCAN          | SYS_C0025274 |   287 |       |     4   (0)| 00:00:01 |
------------------------------------------------------------------------------------------------

Predicate Information (identified by operation id):
---------------------------------------------------

5 - access(""COVIDDATE"".""DATEREP""=""FT"".""DATEREP"")
filter(""COVIDDATE"".""DATEREP""=""FT"".""DATEREP"")
8 - access(""FT"".""COUNTRIESANDTERRITORIES""=' France' OR
""FT"".""COUNTRIESANDTERRITORIES""=' Germany' OR ""FT"".""COUNTRIESANDTERRITORIES""='Italy')
",1,"with COVID-19 describe deaths by month, countriesAndTerritories for countriesAndTerritories in ('Italy', ' France', ' Germany')",127,0.0,0,1232.0,422.0,11.0,28.0,0,covid2,2,1238,9,ext
158,0.21619187950229207,COVID-19,"Plan hash value: 1016733566

---------------------------------------------------------------------------------
| Id  | Operation           | Name      | Rows  | Bytes | Cost (%CPU)| Time     |
---------------------------------------------------------------------------------
|   0 | SELECT STATEMENT    |           |   158 |  5056 |   127   (4)| 00:00:02 |
|   1 |  SORT GROUP BY      |           |   158 |  5056 |   127   (4)| 00:00:02 |
|*  2 |   HASH JOIN         |           | 45738 |  1429K|   124   (2)| 00:00:02 |
|*  3 |    TABLE ACCESS FULL| COUNTRY   |   158 |  2844 |     4   (0)| 00:00:01 |
|   4 |    TABLE ACCESS FULL| COVIDFACT | 61080 |   835K|   119   (1)| 00:00:02 |
---------------------------------------------------------------------------------

Predicate Information (identified by operation id):
---------------------------------------------------

2 - access(""COUNTRY"".""COUNTRIESANDTERRITORIES""=""FT"".""COUNTRIESANDTERRI
TORIES"")
3 - filter(""COUNTRY"".""CONTINENTEXP""='Africa' OR
""COUNTRY"".""CONTINENTEXP""='America' OR ""COUNTRY"".""CONTINENTEXP""='Europe')
",2,"with COVID-19 describe deaths by countriesAndTerritories for continentExp in ('America', 'Europe', 'Africa')",108,0.00900562851782364,1,5056.0,304.0,127.0,158.0,0,covid2,9,1182,48,ext
26,0.21619187950229207,COVID-19,"Plan hash value: 2308937895

------------------------------------------------------------------------------------------------
| Id  | Operation                       | Name         | Rows  | Bytes | Cost (%CPU)| Time     |
------------------------------------------------------------------------------------------------
|   0 | SELECT STATEMENT                |              |    19 |   912 |    14  (15)| 00:00:01 |
|   1 |  SORT GROUP BY                  |              |    19 |   912 |    14  (15)| 00:00:01 |
|   2 |   MERGE JOIN                    |              |   560 | 26880 |    13   (8)| 00:00:01 |
|   3 |    TABLE ACCESS BY INDEX ROWID  | COVIDDATE    |   348 |  6612 |     2   (0)| 00:00:01 |
|   4 |     INDEX FULL SCAN             | SYS_C0025273 |   348 |       |     1   (0)| 00:00:01 |
|*  5 |    SORT JOIN                    |              |   560 | 16240 |    11  (10)| 00:00:01 |
|   6 |     INLIST ITERATOR             |              |       |       |            |          |
|   7 |      TABLE ACCESS BY INDEX ROWID| COVIDFACT    |   560 | 16240 |    10   (0)| 00:00:01 |
|*  8 |       INDEX RANGE SCAN          | SYS_C0025274 |   560 |       |     5   (0)| 00:00:01 |
------------------------------------------------------------------------------------------------

Predicate Information (identified by operation id):
---------------------------------------------------

5 - access(""COVIDDATE"".""DATEREP""=""FT"".""DATEREP"")
filter(""COVIDDATE"".""DATEREP""=""FT"".""DATEREP"")
8 - access(""FT"".""COUNTRIESANDTERRITORIES""='Italy' OR
""FT"".""COUNTRIESANDTERRITORIES""='United_States_of_America')
",3,"with COVID-19 describe deaths, cases by month, countriesAndTerritories for countriesAndTerritories in ('United_States_of_America', 'Italy')",139,0.011231748408835642,1,912.0,449.0,14.0,19.0,0,covid2,3,1167,6,ext
13,0.20510805500982318,COVID-19,"Plan hash value: 2755916834

-------------------------------------------------------------------------------------------------
| Id  | Operation                        | Name         | Rows  | Bytes | Cost (%CPU)| Time     |
-------------------------------------------------------------------------------------------------
|   0 | SELECT STATEMENT                 |              |    13 |   559 |    10  (20)| 00:00:01 |
|   1 |  SORT GROUP BY                   |              |    13 |   559 |    10  (20)| 00:00:01 |
|   2 |   MERGE JOIN                     |              |   190 |  8170 |     9  (12)| 00:00:01 |
|   3 |    TABLE ACCESS BY INDEX ROWID   | COVIDDATE    |   348 |  6612 |     2   (0)| 00:00:01 |
|   4 |     INDEX FULL SCAN              | SYS_C0025273 |   348 |       |     1   (0)| 00:00:01 |
|*  5 |    SORT JOIN                     |              |   190 |  4560 |     7  (15)| 00:00:01 |
|   6 |     VIEW                         | VW_GBC_5     |   190 |  4560 |     6   (0)| 00:00:01 |
|   7 |      HASH GROUP BY               |              |   190 |  4750 |     6   (0)| 00:00:01 |
|   8 |       TABLE ACCESS BY INDEX ROWID| COVIDFACT    |   275 |  6875 |     6   (0)| 00:00:01 |
|*  9 |        INDEX RANGE SCAN          | SYS_C0025274 |   275 |       |     3   (0)| 00:00:01 |
-------------------------------------------------------------------------------------------------

Predicate Information (identified by operation id):
---------------------------------------------------

5 - access(""COVIDDATE"".""DATEREP""=""ITEM_1"")
filter(""COVIDDATE"".""DATEREP""=""ITEM_1"")
9 - access(""FT"".""COUNTRIESANDTERRITORIES""='United_States_of_America')
",0,with COVID-19 describe deaths by month for countriesAndTerritories = 'United_States_of_America',95,0.0,0,559.0,318.0,10.0,13.0,0,covid3,0,1229,8,ext
506,0.20780943025540274,COVID-19,"Plan hash value: 3009686037

----------------------------------------------------------------------------------
| Id  | Operation            | Name      | Rows  | Bytes | Cost (%CPU)| Time     |
----------------------------------------------------------------------------------
|   0 | SELECT STATEMENT     |           |   451 | 27962 |   130   (4)| 00:00:02 |
|   1 |  SORT GROUP BY       |           |   451 | 27962 |   130   (4)| 00:00:02 |
|*  2 |   HASH JOIN          |           | 14184 |   858K|   129   (3)| 00:00:02 |
|   3 |    TABLE ACCESS FULL | COVIDDATE |   348 |  6612 |     4   (0)| 00:00:01 |
|*  4 |    HASH JOIN         |           | 14184 |   595K|   124   (2)| 00:00:02 |
|*  5 |     TABLE ACCESS FULL| COUNTRY   |    49 |   882 |     4   (0)| 00:00:01 |
|   6 |     TABLE ACCESS FULL| COVIDFACT | 61080 |  1491K|   119   (1)| 00:00:02 |
----------------------------------------------------------------------------------

Predicate Information (identified by operation id):
---------------------------------------------------

2 - access(""COVIDDATE"".""DATEREP""=""FT"".""DATEREP"")
4 - access(""COUNTRY"".""COUNTRIESANDTERRITORIES""=""FT"".""COUNTRIESANDTERRIT
ORIES"")
5 - filter(""COUNTRY"".""CONTINENTEXP""='America')
",1,"with COVID-19 describe deaths by month, countriesAndTerritories for continentExp in ('America')",95,0.00478281323506351,3,27962.0,392.0,130.0,451.0,0,covid3,7,1193,53,ext
1044,0.4588572364112639,COVID-19,"Plan hash value: 3009686037

----------------------------------------------------------------------------------
| Id  | Operation            | Name      | Rows  | Bytes | Cost (%CPU)| Time     |
----------------------------------------------------------------------------------
|   0 | SELECT STATEMENT     |           |  1002 | 62124 |   131   (4)| 00:00:02 |
|   1 |  SORT GROUP BY       |           |  1002 | 62124 |   131   (4)| 00:00:02 |
|*  2 |   HASH JOIN          |           | 31408 |  1901K|   129   (3)| 00:00:02 |
|   3 |    TABLE ACCESS FULL | COVIDDATE |   348 |  6612 |     4   (0)| 00:00:01 |
|*  4 |    HASH JOIN         |           | 31408 |  1318K|   124   (2)| 00:00:02 |
|*  5 |     TABLE ACCESS FULL| COUNTRY   |   109 |  1962 |     4   (0)| 00:00:01 |
|   6 |     TABLE ACCESS FULL| COVIDFACT | 61080 |  1491K|   119   (1)| 00:00:02 |
----------------------------------------------------------------------------------

Predicate Information (identified by operation id):
---------------------------------------------------

2 - access(""COVIDDATE"".""DATEREP""=""FT"".""DATEREP"")
4 - access(""COUNTRY"".""COUNTRIESANDTERRITORIES""=""FT"".""COUNTRIESANDTERRIT
ORIES"")
5 - filter(""COUNTRY"".""CONTINENTEXP""='Africa' OR
""COUNTRY"".""CONTINENTEXP""='America' OR ""COUNTRY"".""CONTINENTEXP""='Europa')
",2,"with COVID-19 describe deaths by month, countriesAndTerritories for continentExp in ('America', 'Europa', 'Africa')",115,0.14689678263781086,6,62124.0,410.0,131.0,1002.0,0,covid3,57,1225,77,ext
5,0.4904715127701375,COVID-19,"Plan hash value: 4043441030

----------------------------------------------------------------------------------------------
| Id  | Operation                     | Name         | Rows  | Bytes | Cost (%CPU)| Time     |
----------------------------------------------------------------------------------------------
|   0 | SELECT STATEMENT              |              |     5 |   210 |   127   (6)| 00:00:02 |
|   1 |  SORT GROUP BY                |              |     5 |   210 |   127   (6)| 00:00:02 |
|   2 |   MERGE JOIN                  |              |   211 |  8862 |   126   (5)| 00:00:02 |
|   3 |    TABLE ACCESS BY INDEX ROWID| COUNTRY      |   211 |  3798 |     2   (0)| 00:00:01 |
|   4 |     INDEX FULL SCAN           | SYS_C0025272 |   211 |       |     1   (0)| 00:00:01 |
|*  5 |    SORT JOIN                  |              |   211 |  5064 |   124   (5)| 00:00:02 |
|   6 |     VIEW                      | VW_GBC_5     |   211 |  5064 |   123   (5)| 00:00:02 |
|   7 |      HASH GROUP BY            |              |   211 |  2954 |   123   (5)| 00:00:02 |
|   8 |       TABLE ACCESS FULL       | COVIDFACT    | 61080 |   835K|   119   (1)| 00:00:02 |
----------------------------------------------------------------------------------------------

Predicate Information (identified by operation id):
---------------------------------------------------

5 - access(""COUNTRY"".""COUNTRIESANDTERRITORIES""=""ITEM_1"")
filter(""COUNTRY"".""COUNTRIESANDTERRITORIES""=""ITEM_1"")
",3,with COVID-19 describe deaths by continentExp,45,0.1506577455205262,0,210.0,211.0,127.0,5.0,0,covid3,15,1061,28,ext
13,0.10347085789129011,COVID-19,"Plan hash value: 818443477

----------------------------------------------------------------------------------------------
| Id  | Operation                     | Name         | Rows  | Bytes | Cost (%CPU)| Time     |
----------------------------------------------------------------------------------------------
|   0 | SELECT STATEMENT              |              |    13 |   559 |   127   (6)| 00:00:02 |
|   1 |  SORT GROUP BY                |              |    13 |   559 |   127   (6)| 00:00:02 |
|   2 |   MERGE JOIN                  |              |   348 | 14964 |   126   (5)| 00:00:02 |
|   3 |    TABLE ACCESS BY INDEX ROWID| COVIDDATE    |   348 |  6612 |     2   (0)| 00:00:01 |
|   4 |     INDEX FULL SCAN           | SYS_C0025273 |   348 |       |     1   (0)| 00:00:01 |
|*  5 |    SORT JOIN                  |              |   348 |  8352 |   124   (5)| 00:00:02 |
|   6 |     VIEW                      | VW_GBC_5     |   348 |  8352 |   123   (5)| 00:00:02 |
|   7 |      HASH GROUP BY            |              |   348 |  4872 |   123   (5)| 00:00:02 |
|   8 |       TABLE ACCESS FULL       | COVIDFACT    | 61080 |   835K|   119   (1)| 00:00:02 |
----------------------------------------------------------------------------------------------

Predicate Information (identified by operation id):
---------------------------------------------------

5 - access(""COVIDDATE"".""DATEREP""=""ITEM_1"")
filter(""COVIDDATE"".""DATEREP""=""ITEM_1"")
",0,with COVID-19 describe deaths by month,38,0.0,0,559.0,168.0,127.0,13.0,0,covid4,1,1162,39,ext
13,0.10446954813359528,COVID-19,"Plan hash value: 2755916834

-------------------------------------------------------------------------------------------------
| Id  | Operation                        | Name         | Rows  | Bytes | Cost (%CPU)| Time     |
-------------------------------------------------------------------------------------------------
|   0 | SELECT STATEMENT                 |              |    10 |   540 |    10  (20)| 00:00:01 |
|   1 |  SORT GROUP BY                   |              |    10 |   540 |    10  (20)| 00:00:01 |
|   2 |   MERGE JOIN                     |              |   163 |  8802 |     9  (12)| 00:00:01 |
|   3 |    TABLE ACCESS BY INDEX ROWID   | COVIDDATE    |   348 |  6612 |     2   (0)| 00:00:01 |
|   4 |     INDEX FULL SCAN              | SYS_C0025273 |   348 |       |     1   (0)| 00:00:01 |
|*  5 |    SORT JOIN                     |              |   163 |  5705 |     7  (15)| 00:00:01 |
|   6 |     VIEW                         | VW_GBC_5     |   163 |  5705 |     6   (0)| 00:00:01 |
|   7 |      HASH GROUP BY               |              |   163 |  4075 |     6   (0)| 00:00:01 |
|   8 |       TABLE ACCESS BY INDEX ROWID| COVIDFACT    |   286 |  7150 |     6   (0)| 00:00:01 |
|*  9 |        INDEX RANGE SCAN          | SYS_C0025274 |   286 |       |     3   (0)| 00:00:01 |
-------------------------------------------------------------------------------------------------

Predicate Information (identified by operation id):
---------------------------------------------------

5 - access(""COVIDDATE"".""DATEREP""=""ITEM_1"")
filter(""COVIDDATE"".""DATEREP""=""ITEM_1"")
9 - access(""FT"".""COUNTRIESANDTERRITORIES""='Italy')
",1,"with COVID-19 describe deaths by month, countriesAndTerritories for countriesAndTerritories = 'Italy'",101,0.004679457182966776,1,540.0,398.0,10.0,10.0,0,covid4,2,1168,4,ext
2270,0.1131630648330059,COVID-19,"Plan hash value: 107072300

---------------------------------------------------------------------------------
| Id  | Operation           | Name      | Rows  | Bytes | Cost (%CPU)| Time     |
---------------------------------------------------------------------------------
|   0 | SELECT STATEMENT    |           |  1940 | 85360 |   128   (5)| 00:00:02 |
|   1 |  SORT GROUP BY      |           |  1940 | 85360 |   128   (5)| 00:00:02 |
|*  2 |   HASH JOIN         |           | 61080 |  2624K|   124   (2)| 00:00:02 |
|   3 |    TABLE ACCESS FULL| COVIDDATE |   348 |  6612 |     4   (0)| 00:00:01 |
|   4 |    TABLE ACCESS FULL| COVIDFACT | 61080 |  1491K|   119   (1)| 00:00:02 |
---------------------------------------------------------------------------------

Predicate Information (identified by operation id):
---------------------------------------------------

2 - access(""COVIDDATE"".""DATEREP""=""FT"".""DATEREP"")
",2,"with COVID-19 describe deaths by month, countriesAndTerritories",63,0.008605851979345954,10,85360.0,350.0,128.0,1940.0,0,covid4,95,1399,93,ext
211,0.1210543549443353,COVID-19,"Plan hash value: 216913314

--------------------------------------------------------------------------------
| Id  | Operation          | Name      | Rows  | Bytes | Cost (%CPU)| Time     |
--------------------------------------------------------------------------------
|   0 | SELECT STATEMENT   |           |   211 |  2954 |   123   (5)| 00:00:02 |
|   1 |  SORT GROUP BY     |           |   211 |  2954 |   123   (5)| 00:00:02 |
|   2 |   TABLE ACCESS FULL| COVIDFACT | 61080 |   835K|   119   (1)| 00:00:02 |
--------------------------------------------------------------------------------
",3,with COVID-19 describe deaths by countriesAndTerritories,56,0.07747972551466001,1,2954.0,244.0,123.0,211.0,0,covid4,39,1211,36,ext
13,0.2032580222658808,COVID-19,"Plan hash value: 2755916834

-------------------------------------------------------------------------------------------------
| Id  | Operation                        | Name         | Rows  | Bytes | Cost (%CPU)| Time     |
-------------------------------------------------------------------------------------------------
|   0 | SELECT STATEMENT                 |              |    13 |   559 |    10  (20)| 00:00:01 |
|   1 |  SORT GROUP BY                   |              |    13 |   559 |    10  (20)| 00:00:01 |
|   2 |   MERGE JOIN                     |              |   195 |  8385 |     9  (12)| 00:00:01 |
|   3 |    TABLE ACCESS BY INDEX ROWID   | COVIDDATE    |   348 |  6612 |     2   (0)| 00:00:01 |
|   4 |     INDEX FULL SCAN              | SYS_C0025273 |   348 |       |     1   (0)| 00:00:01 |
|*  5 |    SORT JOIN                     |              |   195 |  4680 |     7  (15)| 00:00:01 |
|   6 |     VIEW                         | VW_GBC_5     |   195 |  4680 |     6   (0)| 00:00:01 |
|   7 |      HASH GROUP BY               |              |   195 |  4875 |     6   (0)| 00:00:01 |
|   8 |       TABLE ACCESS BY INDEX ROWID| COVIDFACT    |   286 |  7150 |     6   (0)| 00:00:01 |
|*  9 |        INDEX RANGE SCAN          | SYS_C0025274 |   286 |       |     3   (0)| 00:00:01 |
-------------------------------------------------------------------------------------------------

Predicate Information (identified by operation id):
---------------------------------------------------

5 - access(""COVIDDATE"".""DATEREP""=""ITEM_1"")
filter(""COVIDDATE"".""DATEREP""=""ITEM_1"")
9 - access(""FT"".""COUNTRIESANDTERRITORIES""='Italy')
",0,with COVID-19 describe deaths by month for countriesAndTerritories = 'Italy',76,0.0,0,559.0,299.0,10.0,13.0,0,covid5,1,1212,8,ext
39,0.20446954813359527,COVID-19,"Plan hash value: 2308937895

------------------------------------------------------------------------------------------------
| Id  | Operation                       | Name         | Rows  | Bytes | Cost (%CPU)| Time     |
------------------------------------------------------------------------------------------------
|   0 | SELECT STATEMENT                |              |    28 |  1232 |    19  (11)| 00:00:01 |
|   1 |  SORT GROUP BY                  |              |    28 |  1232 |    19  (11)| 00:00:01 |
|   2 |   MERGE JOIN                    |              |   934 | 41096 |    18   (6)| 00:00:01 |
|   3 |    TABLE ACCESS BY INDEX ROWID  | COVIDDATE    |   348 |  6612 |     2   (0)| 00:00:01 |
|   4 |     INDEX FULL SCAN             | SYS_C0025273 |   348 |       |     1   (0)| 00:00:01 |
|*  5 |    SORT JOIN                    |              |   934 | 23350 |    16   (7)| 00:00:01 |
|   6 |     INLIST ITERATOR             |              |       |       |            |          |
|   7 |      TABLE ACCESS BY INDEX ROWID| COVIDFACT    |   934 | 23350 |    15   (0)| 00:00:01 |
|*  8 |       INDEX RANGE SCAN          | SYS_C0025274 |   934 |       |     7   (0)| 00:00:01 |
------------------------------------------------------------------------------------------------

Predicate Information (identified by operation id):
---------------------------------------------------

5 - access(""COVIDDATE"".""DATEREP""=""FT"".""DATEREP"")
filter(""COVIDDATE"".""DATEREP""=""FT"".""DATEREP"")
8 - access(""FT"".""COUNTRIESANDTERRITORIES""='Germany' OR
""FT"".""COUNTRIESANDTERRITORIES""='Italy' OR ""FT"".""COUNTRIESANDTERRITORIES""='Spain')
",1,"with COVID-19 describe deaths by month, countriesAndTerritories for countriesAndTerritories in ('Italy', 'Spain', 'Germany')",124,0.014207909069381956,1,1232.0,419.0,19.0,28.0,0,covid5,2,1182,6,ext
211,0.21859855926653568,COVID-19,"Plan hash value: 216913314

--------------------------------------------------------------------------------
| Id  | Operation          | Name      | Rows  | Bytes | Cost (%CPU)| Time     |
--------------------------------------------------------------------------------
|   0 | SELECT STATEMENT   |           |   211 |  2954 |   123   (5)| 00:00:02 |
|   1 |  SORT GROUP BY     |           |   211 |  2954 |   123   (5)| 00:00:02 |
|   2 |   TABLE ACCESS FULL| COVIDFACT | 61080 |   835K|   119   (1)| 00:00:02 |
--------------------------------------------------------------------------------
",2,with COVID-19 describe deaths by countriesAndTerritories,56,0.026254375729288213,1,2954.0,244.0,123.0,211.0,0,covid5,13,1208,36,ext
1043,0.22272429600523902,COVID-19,"Plan hash value: 3733565869

----------------------------------------------------------------------------------------------
| Id  | Operation                     | Name         | Rows  | Bytes | Cost (%CPU)| Time     |
----------------------------------------------------------------------------------------------
|   0 | SELECT STATEMENT              |              |   812 | 20300 |    15   (0)| 00:00:01 |
|   1 |  SORT GROUP BY NOSORT         |              |   812 | 20300 |    15   (0)| 00:00:01 |
|   2 |   INLIST ITERATOR             |              |       |       |            |          |
|   3 |    TABLE ACCESS BY INDEX ROWID| COVIDFACT    |   934 | 23350 |    15   (0)| 00:00:01 |
|*  4 |     INDEX RANGE SCAN          | SYS_C0025274 |   934 |       |     7   (0)| 00:00:01 |
----------------------------------------------------------------------------------------------

Predicate Information (identified by operation id):
---------------------------------------------------

4 - access(""FT"".""COUNTRIESANDTERRITORIES""='Germany' OR
""FT"".""COUNTRIESANDTERRITORIES""='Italy' OR ""FT"".""COUNTRIESANDTERRITORIES""='Spain')
",3,"with COVID-19 describe deaths by dateRep, countriesAndTerritories for countriesAndTerritories in ('Italy', 'Spain', 'Germany')",126,0.026895565092989987,5,20300.0,425.0,15.0,812.0,0,covid5,12,1271,9,ext
26,4.911591355599214E-4,COVID-19,"Plan hash value: 2308937895

------------------------------------------------------------------------------------------------
| Id  | Operation                       | Name         | Rows  | Bytes | Cost (%CPU)| Time     |
------------------------------------------------------------------------------------------------
|   0 | SELECT STATEMENT                |              |    19 |   912 |    14  (15)| 00:00:01 |
|   1 |  SORT GROUP BY                  |              |    19 |   912 |    14  (15)| 00:00:01 |
|   2 |   MERGE JOIN                    |              |   560 | 26880 |    13   (8)| 00:00:01 |
|   3 |    TABLE ACCESS BY INDEX ROWID  | COVIDDATE    |   348 |  6612 |     2   (0)| 00:00:01 |
|   4 |     INDEX FULL SCAN             | SYS_C0025273 |   348 |       |     1   (0)| 00:00:01 |
|*  5 |    SORT JOIN                    |              |   560 | 16240 |    11  (10)| 00:00:01 |
|   6 |     INLIST ITERATOR             |              |       |       |            |          |
|   7 |      TABLE ACCESS BY INDEX ROWID| COVIDFACT    |   560 | 16240 |    10   (0)| 00:00:01 |
|*  8 |       INDEX RANGE SCAN          | SYS_C0025274 |   560 |       |     5   (0)| 00:00:01 |
------------------------------------------------------------------------------------------------

Predicate Information (identified by operation id):
---------------------------------------------------

5 - access(""COVIDDATE"".""DATEREP""=""FT"".""DATEREP"")
filter(""COVIDDATE"".""DATEREP""=""FT"".""DATEREP"")
8 - access(""FT"".""COUNTRIESANDTERRITORIES""='Italy' OR
""FT"".""COUNTRIESANDTERRITORIES""='United_States_of_America')
",0,"with COVID-19 describe deaths, cases by month, countriesAndTerritories for countriesAndTerritories in ('United_States_of_America', 'Italy')",139,0.0,1,912.0,449.0,14.0,19.0,0,random0,1,1171,5,ext
49,0.011886051080550098,COVID-19,"Plan hash value: 1016733566

---------------------------------------------------------------------------------
| Id  | Operation           | Name      | Rows  | Bytes | Cost (%CPU)| Time     |
---------------------------------------------------------------------------------
|   0 | SELECT STATEMENT    |           |    49 |  1568 |   126   (4)| 00:00:02 |
|   1 |  SORT GROUP BY      |           |    49 |  1568 |   126   (4)| 00:00:02 |
|*  2 |   HASH JOIN         |           | 14184 |   443K|   124   (2)| 00:00:02 |
|*  3 |    TABLE ACCESS FULL| COUNTRY   |    49 |   882 |     4   (0)| 00:00:01 |
|   4 |    TABLE ACCESS FULL| COVIDFACT | 61080 |   835K|   119   (1)| 00:00:02 |
---------------------------------------------------------------------------------

Predicate Information (identified by operation id):
---------------------------------------------------

2 - access(""COUNTRY"".""COUNTRIESANDTERRITORIES""=""FT"".""COUNTRIESANDTERRI
TORIES"")
3 - filter(""COUNTRY"".""CONTINENTEXP""='America')
",1,with COVID-19 describe deaths by countriesAndTerritories for continentExp = 'America',85,0.0,0,1568.0,283.0,126.0,49.0,0,random0,5,1173,36,ext
13,0.01286836935166994,COVID-19,"Plan hash value: 2308937895

------------------------------------------------------------------------------------------------
| Id  | Operation                       | Name         | Rows  | Bytes | Cost (%CPU)| Time     |
------------------------------------------------------------------------------------------------
|   0 | SELECT STATEMENT                |              |    28 |  1232 |    11  (19)| 00:00:01 |
|   1 |  SORT GROUP BY                  |              |    28 |  1232 |    11  (19)| 00:00:01 |
|   2 |   MERGE JOIN                    |              |   287 | 12628 |    10  (10)| 00:00:01 |
|   3 |    TABLE ACCESS BY INDEX ROWID  | COVIDDATE    |   348 |  6612 |     2   (0)| 00:00:01 |
|   4 |     INDEX FULL SCAN             | SYS_C0025273 |   348 |       |     1   (0)| 00:00:01 |
|*  5 |    SORT JOIN                    |              |   287 |  7175 |     8  (13)| 00:00:01 |
|   6 |     INLIST ITERATOR             |              |       |       |            |          |
|   7 |      TABLE ACCESS BY INDEX ROWID| COVIDFACT    |   287 |  7175 |     7   (0)| 00:00:01 |
|*  8 |       INDEX RANGE SCAN          | SYS_C0025274 |   287 |       |     4   (0)| 00:00:01 |
------------------------------------------------------------------------------------------------

Predicate Information (identified by operation id):
---------------------------------------------------

5 - access(""COVIDDATE"".""DATEREP""=""FT"".""DATEREP"")
filter(""COVIDDATE"".""DATEREP""=""FT"".""DATEREP"")
8 - access(""FT"".""COUNTRIESANDTERRITORIES""=' France' OR
""FT"".""COUNTRIESANDTERRITORIES""=' Germany' OR ""FT"".""COUNTRIESANDTERRITORIES""='Italy')
",2,"with COVID-19 describe deaths by month, countriesAndTerritories for countriesAndTerritories in ('Italy', ' France', ' Germany')",127,0.0,0,1232.0,422.0,11.0,28.0,0,random0,1,1175,4,ext
13,0.013867059593975115,COVID-19,"Plan hash value: 2755916834

-------------------------------------------------------------------------------------------------
| Id  | Operation                        | Name         | Rows  | Bytes | Cost (%CPU)| Time     |
-------------------------------------------------------------------------------------------------
|   0 | SELECT STATEMENT                 |              |    10 |   540 |    10  (20)| 00:00:01 |
|   1 |  SORT GROUP BY                   |              |    10 |   540 |    10  (20)| 00:00:01 |
|   2 |   MERGE JOIN                     |              |   159 |  8586 |     9  (12)| 00:00:01 |
|   3 |    TABLE ACCESS BY INDEX ROWID   | COVIDDATE    |   348 |  6612 |     2   (0)| 00:00:01 |
|   4 |     INDEX FULL SCAN              | SYS_C0025273 |   348 |       |     1   (0)| 00:00:01 |
|*  5 |    SORT JOIN                     |              |   159 |  5565 |     7  (15)| 00:00:01 |
|   6 |     VIEW                         | VW_GBC_5     |   159 |  5565 |     6   (0)| 00:00:01 |
|   7 |      HASH GROUP BY               |              |   159 |  3975 |     6   (0)| 00:00:01 |
|   8 |       TABLE ACCESS BY INDEX ROWID| COVIDFACT    |   275 |  6875 |     6   (0)| 00:00:01 |
|*  9 |        INDEX RANGE SCAN          | SYS_C0025274 |   275 |       |     3   (0)| 00:00:01 |
-------------------------------------------------------------------------------------------------

Predicate Information (identified by operation id):
---------------------------------------------------

5 - access(""COVIDDATE"".""DATEREP""=""ITEM_1"")
filter(""COVIDDATE"".""DATEREP""=""ITEM_1"")
9 - access(""FT"".""COUNTRIESANDTERRITORIES""='United_States_of_America')
",3,"with COVID-19 describe deaths by month, countriesAndTerritories for countriesAndTerritories = 'United_States_of_America'",120,0.0,0,540.0,417.0,10.0,10.0,0,random0,2,1221,7,ext
158,0.5707269155206287,COVID-19,"Plan hash value: 1016733566

---------------------------------------------------------------------------------
| Id  | Operation           | Name      | Rows  | Bytes | Cost (%CPU)| Time     |
---------------------------------------------------------------------------------
|   0 | SELECT STATEMENT    |           |   158 |  5056 |   127   (4)| 00:00:02 |
|   1 |  SORT GROUP BY      |           |   158 |  5056 |   127   (4)| 00:00:02 |
|*  2 |   HASH JOIN         |           | 45738 |  1429K|   124   (2)| 00:00:02 |
|*  3 |    TABLE ACCESS FULL| COUNTRY   |   158 |  2844 |     4   (0)| 00:00:01 |
|   4 |    TABLE ACCESS FULL| COVIDFACT | 61080 |   835K|   119   (1)| 00:00:02 |
---------------------------------------------------------------------------------

Predicate Information (identified by operation id):
---------------------------------------------------

2 - access(""COUNTRY"".""COUNTRIESANDTERRITORIES""=""FT"".""COUNTRIESANDTERRI
TORIES"")
3 - filter(""COUNTRY"".""CONTINENTEXP""='Africa' OR
""COUNTRY"".""CONTINENTEXP""='America' OR ""COUNTRY"".""CONTINENTEXP""='Europe')
",4,"with COVID-19 describe deaths by countriesAndTerritories for continentExp in ('America', 'Europe', 'Africa')",108,0.02372083905116644,1,5056.0,304.0,127.0,158.0,0,random0,9,1180,43,ext
26,0.5707269155206287,COVID-19,"Plan hash value: 2308937895

------------------------------------------------------------------------------------------------
| Id  | Operation                       | Name         | Rows  | Bytes | Cost (%CPU)| Time     |
------------------------------------------------------------------------------------------------
|   0 | SELECT STATEMENT                |              |    19 |   836 |    14  (15)| 00:00:01 |
|   1 |  SORT GROUP BY                  |              |    19 |   836 |    14  (15)| 00:00:01 |
|   2 |   MERGE JOIN                    |              |   560 | 24640 |    13   (8)| 00:00:01 |
|   3 |    TABLE ACCESS BY INDEX ROWID  | COVIDDATE    |   348 |  6612 |     2   (0)| 00:00:01 |
|   4 |     INDEX FULL SCAN             | SYS_C0025273 |   348 |       |     1   (0)| 00:00:01 |
|*  5 |    SORT JOIN                    |              |   560 | 14000 |    11  (10)| 00:00:01 |
|   6 |     INLIST ITERATOR             |              |       |       |            |          |
|   7 |      TABLE ACCESS BY INDEX ROWID| COVIDFACT    |   560 | 14000 |    10   (0)| 00:00:01 |
|*  8 |       INDEX RANGE SCAN          | SYS_C0025274 |   560 |       |     5   (0)| 00:00:01 |
------------------------------------------------------------------------------------------------

Predicate Information (identified by operation id):
---------------------------------------------------

5 - access(""COVIDDATE"".""DATEREP""=""FT"".""DATEREP"")
filter(""COVIDDATE"".""DATEREP""=""FT"".""DATEREP"")
8 - access(""FT"".""COUNTRIESANDTERRITORIES""='Italy' OR
""FT"".""COUNTRIESANDTERRITORIES""='United_States_of_America')
",5,"with COVID-19 describe deaths by month, countriesAndTerritories for countriesAndTerritories in ('United_States_of_America', 'Italy')",132,0.0282114183764496,0,836.0,428.0,14.0,19.0,0,random0,3,1162,5,ext
49,0.0056974459724950886,COVID-19,"Plan hash value: 1016733566

---------------------------------------------------------------------------------
| Id  | Operation           | Name      | Rows  | Bytes | Cost (%CPU)| Time     |
---------------------------------------------------------------------------------
|   0 | SELECT STATEMENT    |           |    49 |  1568 |   126   (4)| 00:00:02 |
|   1 |  SORT GROUP BY      |           |    49 |  1568 |   126   (4)| 00:00:02 |
|*  2 |   HASH JOIN         |           | 14184 |   443K|   124   (2)| 00:00:02 |
|*  3 |    TABLE ACCESS FULL| COUNTRY   |    49 |   882 |     4   (0)| 00:00:01 |
|   4 |    TABLE ACCESS FULL| COVIDFACT | 61080 |   835K|   119   (1)| 00:00:02 |
---------------------------------------------------------------------------------

Predicate Information (identified by operation id):
---------------------------------------------------

2 - access(""COUNTRY"".""COUNTRIESANDTERRITORIES""=""FT"".""COUNTRIESANDTERRI
TORIES"")
3 - filter(""COUNTRY"".""CONTINENTEXP""='America')
",0,with COVID-19 describe deaths by countriesAndTerritories for continentExp = 'America',85,0.0,0,1568.0,283.0,126.0,49.0,0,random1,1,1198,25,ext
39,0.007694826457105435,COVID-19,"Plan hash value: 2308937895

------------------------------------------------------------------------------------------------
| Id  | Operation                       | Name         | Rows  | Bytes | Cost (%CPU)| Time     |
------------------------------------------------------------------------------------------------
|   0 | SELECT STATEMENT                |              |    28 |  1232 |    18  (12)| 00:00:01 |
|   1 |  SORT GROUP BY                  |              |    28 |  1232 |    18  (12)| 00:00:01 |
|   2 |   MERGE JOIN                    |              |   868 | 38192 |    17   (6)| 00:00:01 |
|   3 |    TABLE ACCESS BY INDEX ROWID  | COVIDDATE    |   348 |  6612 |     2   (0)| 00:00:01 |
|   4 |     INDEX FULL SCAN             | SYS_C0025273 |   348 |       |     1   (0)| 00:00:01 |
|*  5 |    SORT JOIN                    |              |   868 | 21700 |    15   (7)| 00:00:01 |
|   6 |     INLIST ITERATOR             |              |       |       |            |          |
|   7 |      TABLE ACCESS BY INDEX ROWID| COVIDFACT    |   868 | 21700 |    14   (0)| 00:00:01 |
|*  8 |       INDEX RANGE SCAN          | SYS_C0025274 |   868 |       |     7   (0)| 00:00:01 |
------------------------------------------------------------------------------------------------

Predicate Information (identified by operation id):
---------------------------------------------------

5 - access(""COVIDDATE"".""DATEREP""=""FT"".""DATEREP"")
filter(""COVIDDATE"".""DATEREP""=""FT"".""DATEREP"")
8 - access(""FT"".""COUNTRIESANDTERRITORIES""='France' OR
""FT"".""COUNTRIESANDTERRITORIES""='Italy' OR ""FT"".""COUNTRIESANDTERRITORIES""='United_States_
of_America')
",1,"with COVID-19 describe deaths by month, countriesAndTerritories for countriesAndTerritories in ('United_States_of_America', 'Italy', 'France')",142,0.11487758945386065,0,1232.0,437.0,18.0,28.0,0,random1,2,1247,10,ext
13,0.007694826457105435,COVID-19,"Plan hash value: 2755916834

-------------------------------------------------------------------------------------------------
| Id  | Operation                        | Name         | Rows  | Bytes | Cost (%CPU)| Time     |
-------------------------------------------------------------------------------------------------
|   0 | SELECT STATEMENT                 |              |    10 |   540 |    10  (20)| 00:00:01 |
|   1 |  SORT GROUP BY                   |              |    10 |   540 |    10  (20)| 00:00:01 |
|   2 |   MERGE JOIN                     |              |   159 |  8586 |     9  (12)| 00:00:01 |
|   3 |    TABLE ACCESS BY INDEX ROWID   | COVIDDATE    |   348 |  6612 |     2   (0)| 00:00:01 |
|   4 |     INDEX FULL SCAN              | SYS_C0025273 |   348 |       |     1   (0)| 00:00:01 |
|*  5 |    SORT JOIN                     |              |   159 |  5565 |     7  (15)| 00:00:01 |
|   6 |     VIEW                         | VW_GBC_5     |   159 |  5565 |     6   (0)| 00:00:01 |
|   7 |      HASH GROUP BY               |              |   159 |  3975 |     6   (0)| 00:00:01 |
|   8 |       TABLE ACCESS BY INDEX ROWID| COVIDFACT    |   275 |  6875 |     6   (0)| 00:00:01 |
|*  9 |        INDEX RANGE SCAN          | SYS_C0025274 |   275 |       |     3   (0)| 00:00:01 |
-------------------------------------------------------------------------------------------------

Predicate Information (identified by operation id):
---------------------------------------------------

5 - access(""COVIDDATE"".""DATEREP""=""ITEM_1"")
filter(""COVIDDATE"".""DATEREP""=""ITEM_1"")
9 - access(""FT"".""COUNTRIESANDTERRITORIES""='United_States_of_America')
",2,"with COVID-19 describe deaths by month, countriesAndTerritories for countriesAndTerritories = 'United_States_of_America'",120,0.20608108108108109,0,540.0,417.0,10.0,10.0,0,random1,2,1184,4,ext
211,0.8417648984937787,COVID-19,"Plan hash value: 216913314

--------------------------------------------------------------------------------
| Id  | Operation          | Name      | Rows  | Bytes | Cost (%CPU)| Time     |
--------------------------------------------------------------------------------
|   0 | SELECT STATEMENT   |           |   211 |  2954 |   123   (5)| 00:00:02 |
|   1 |  SORT GROUP BY     |           |   211 |  2954 |   123   (5)| 00:00:02 |
|   2 |   TABLE ACCESS FULL| COVIDFACT | 61080 |   835K|   119   (1)| 00:00:02 |
--------------------------------------------------------------------------------
",3,with COVID-19 describe deaths by countriesAndTerritories,56,0.002367231309544599,1,2954.0,244.0,123.0,211.0,0,random1,15,1169,35,ext
49,0.0056974459724950886,COVID-19,"Plan hash value: 1016733566

---------------------------------------------------------------------------------
| Id  | Operation           | Name      | Rows  | Bytes | Cost (%CPU)| Time     |
---------------------------------------------------------------------------------
|   0 | SELECT STATEMENT    |           |    49 |  1568 |   126   (4)| 00:00:02 |
|   1 |  SORT GROUP BY      |           |    49 |  1568 |   126   (4)| 00:00:02 |
|*  2 |   HASH JOIN         |           | 14184 |   443K|   124   (2)| 00:00:02 |
|*  3 |    TABLE ACCESS FULL| COUNTRY   |    49 |   882 |     4   (0)| 00:00:01 |
|   4 |    TABLE ACCESS FULL| COVIDFACT | 61080 |   835K|   119   (1)| 00:00:02 |
---------------------------------------------------------------------------------

Predicate Information (identified by operation id):
---------------------------------------------------

2 - access(""COUNTRY"".""COUNTRIESANDTERRITORIES""=""FT"".""COUNTRIESANDTERRI
TORIES"")
3 - filter(""COUNTRY"".""CONTINENTEXP""='America')
",0,with COVID-19 describe deaths by countriesAndTerritories for continentExp = 'America',85,0.0,0,1568.0,283.0,126.0,49.0,0,random2,1,1169,22,ext
39,0.0056974459724950886,COVID-19,"Plan hash value: 2308937895

------------------------------------------------------------------------------------------------
| Id  | Operation                       | Name         | Rows  | Bytes | Cost (%CPU)| Time     |
------------------------------------------------------------------------------------------------
|   0 | SELECT STATEMENT                |              |    28 |  1344 |    18  (12)| 00:00:01 |
|   1 |  SORT GROUP BY                  |              |    28 |  1344 |    18  (12)| 00:00:01 |
|   2 |   MERGE JOIN                    |              |   868 | 41664 |    17   (6)| 00:00:01 |
|   3 |    TABLE ACCESS BY INDEX ROWID  | COVIDDATE    |   348 |  6612 |     2   (0)| 00:00:01 |
|   4 |     INDEX FULL SCAN             | SYS_C0025273 |   348 |       |     1   (0)| 00:00:01 |
|*  5 |    SORT JOIN                    |              |   868 | 25172 |    15   (7)| 00:00:01 |
|   6 |     INLIST ITERATOR             |              |       |       |            |          |
|   7 |      TABLE ACCESS BY INDEX ROWID| COVIDFACT    |   868 | 25172 |    14   (0)| 00:00:01 |
|*  8 |       INDEX RANGE SCAN          | SYS_C0025274 |   868 |       |     7   (0)| 00:00:01 |
------------------------------------------------------------------------------------------------

Predicate Information (identified by operation id):
---------------------------------------------------

5 - access(""COVIDDATE"".""DATEREP""=""FT"".""DATEREP"")
filter(""COVIDDATE"".""DATEREP""=""FT"".""DATEREP"")
8 - access(""FT"".""COUNTRIESANDTERRITORIES""='France' OR
""FT"".""COUNTRIESANDTERRITORIES""='Italy' OR ""FT"".""COUNTRIESANDTERRITORIES""='United_States_
of_America')
",1,"with COVID-19 describe deaths, cases by month, countriesAndTerritories for countriesAndTerritories in ('United_States_of_America', 'Italy', 'France')",149,0.07936507936507936,1,1344.0,458.0,18.0,28.0,0,random2,2,1199,6,ext
2270,0.8430091683038637,COVID-19,"Plan hash value: 107072300

---------------------------------------------------------------------------------
| Id  | Operation           | Name      | Rows  | Bytes | Cost (%CPU)| Time     |
---------------------------------------------------------------------------------
|   0 | SELECT STATEMENT    |           |  1940 | 85360 |   128   (5)| 00:00:02 |
|   1 |  SORT GROUP BY      |           |  1940 | 85360 |   128   (5)| 00:00:02 |
|*  2 |   HASH JOIN         |           | 61080 |  2624K|   124   (2)| 00:00:02 |
|   3 |    TABLE ACCESS FULL| COVIDDATE |   348 |  6612 |     4   (0)| 00:00:01 |
|   4 |    TABLE ACCESS FULL| COVIDFACT | 61080 |  1491K|   119   (1)| 00:00:02 |
---------------------------------------------------------------------------------

Predicate Information (identified by operation id):
---------------------------------------------------

2 - access(""COVIDDATE"".""DATEREP""=""FT"".""DATEREP"")
",2,"with COVID-19 describe deaths by month, countriesAndTerritories",63,0.001764181303555504,9,85360.0,350.0,128.0,1940.0,0,random2,135,1453,97,ext
211,0.8940078585461689,COVID-19,"Plan hash value: 216913314

--------------------------------------------------------------------------------
| Id  | Operation          | Name      | Rows  | Bytes | Cost (%CPU)| Time     |
--------------------------------------------------------------------------------
|   0 | SELECT STATEMENT   |           |   211 |  2954 |   123   (5)| 00:00:02 |
|   1 |  SORT GROUP BY     |           |   211 |  2954 |   123   (5)| 00:00:02 |
|   2 |   TABLE ACCESS FULL| COVIDFACT | 61080 |   835K|   119   (1)| 00:00:02 |
--------------------------------------------------------------------------------
",3,with COVID-19 describe deaths by countriesAndTerritories,56,0.467398831527305,1,2954.0,244.0,123.0,211.0,0,random2,20,1195,38,ext
1043,0.0016535690897184021,COVID-19,"Plan hash value: 3733565869

----------------------------------------------------------------------------------------------
| Id  | Operation                     | Name         | Rows  | Bytes | Cost (%CPU)| Time     |
----------------------------------------------------------------------------------------------
|   0 | SELECT STATEMENT              |              |   812 | 20300 |    15   (0)| 00:00:01 |
|   1 |  SORT GROUP BY NOSORT         |              |   812 | 20300 |    15   (0)| 00:00:01 |
|   2 |   INLIST ITERATOR             |              |       |       |            |          |
|   3 |    TABLE ACCESS BY INDEX ROWID| COVIDFACT    |   934 | 23350 |    15   (0)| 00:00:01 |
|*  4 |     INDEX RANGE SCAN          | SYS_C0025274 |   934 |       |     7   (0)| 00:00:01 |
----------------------------------------------------------------------------------------------

Predicate Information (identified by operation id):
---------------------------------------------------

4 - access(""FT"".""COUNTRIESANDTERRITORIES""='Germany' OR
""FT"".""COUNTRIESANDTERRITORIES""='Italy' OR ""FT"".""COUNTRIESANDTERRITORIES""='Spain')
",0,"with COVID-19 describe deaths by dateRep, countriesAndTerritories for countriesAndTerritories in ('Italy', 'Spain', 'Germany')",126,0.0,5,20300.0,425.0,15.0,812.0,0,random3,1,1280,5,ext
13,0.13002619515389652,COVID-19,"Plan hash value: 2755916834

-------------------------------------------------------------------------------------------------
| Id  | Operation                        | Name         | Rows  | Bytes | Cost (%CPU)| Time     |
-------------------------------------------------------------------------------------------------
|   0 | SELECT STATEMENT                 |              |    13 |   559 |    10  (20)| 00:00:01 |
|   1 |  SORT GROUP BY                   |              |    13 |   559 |    10  (20)| 00:00:01 |
|   2 |   MERGE JOIN                     |              |   190 |  8170 |     9  (12)| 00:00:01 |
|   3 |    TABLE ACCESS BY INDEX ROWID   | COVIDDATE    |   348 |  6612 |     2   (0)| 00:00:01 |
|   4 |     INDEX FULL SCAN              | SYS_C0025273 |   348 |       |     1   (0)| 00:00:01 |
|*  5 |    SORT JOIN                     |              |   190 |  4560 |     7  (15)| 00:00:01 |
|   6 |     VIEW                         | VW_GBC_5     |   190 |  4560 |     6   (0)| 00:00:01 |
|   7 |      HASH GROUP BY               |              |   190 |  4750 |     6   (0)| 00:00:01 |
|   8 |       TABLE ACCESS BY INDEX ROWID| COVIDFACT    |   275 |  6875 |     6   (0)| 00:00:01 |
|*  9 |        INDEX RANGE SCAN          | SYS_C0025274 |   275 |       |     3   (0)| 00:00:01 |
-------------------------------------------------------------------------------------------------

Predicate Information (identified by operation id):
---------------------------------------------------

5 - access(""COVIDDATE"".""DATEREP""=""ITEM_1"")
filter(""COVIDDATE"".""DATEREP""=""ITEM_1"")
9 - access(""FT"".""COUNTRIESANDTERRITORIES""='United_States_of_America')
",1,with COVID-19 describe deaths by month for countriesAndTerritories = 'United_States_of_America',95,0.0022613065326633165,0,559.0,318.0,10.0,13.0,0,random3,14,1230,8,ext
506,0.13372626064178128,COVID-19,"Plan hash value: 3009686037

----------------------------------------------------------------------------------
| Id  | Operation            | Name      | Rows  | Bytes | Cost (%CPU)| Time     |
----------------------------------------------------------------------------------
|   0 | SELECT STATEMENT     |           |   451 | 27962 |   130   (4)| 00:00:02 |
|   1 |  SORT GROUP BY       |           |   451 | 27962 |   130   (4)| 00:00:02 |
|*  2 |   HASH JOIN          |           | 14184 |   858K|   129   (3)| 00:00:02 |
|   3 |    TABLE ACCESS FULL | COVIDDATE |   348 |  6612 |     4   (0)| 00:00:01 |
|*  4 |    HASH JOIN         |           | 14184 |   595K|   124   (2)| 00:00:02 |
|*  5 |     TABLE ACCESS FULL| COUNTRY   |    49 |   882 |     4   (0)| 00:00:01 |
|   6 |     TABLE ACCESS FULL| COVIDFACT | 61080 |  1491K|   119   (1)| 00:00:02 |
----------------------------------------------------------------------------------

Predicate Information (identified by operation id):
---------------------------------------------------

2 - access(""COVIDDATE"".""DATEREP""=""FT"".""DATEREP"")
4 - access(""COUNTRY"".""COUNTRIESANDTERRITORIES""=""FT"".""COUNTRIESANDTERRIT
ORIES"")
5 - filter(""COUNTRY"".""CONTINENTEXP""='America')
",2,"with COVID-19 describe deaths by month, countriesAndTerritories for continentExp in ('America')",95,0.002198876129978011,3,27962.0,392.0,130.0,451.0,0,random3,7,1236,36,ext
39,0.14127373935821874,COVID-19,"Plan hash value: 2308937895

------------------------------------------------------------------------------------------------
| Id  | Operation                       | Name         | Rows  | Bytes | Cost (%CPU)| Time     |
------------------------------------------------------------------------------------------------
|   0 | SELECT STATEMENT                |              |    28 |  1232 |    18  (12)| 00:00:01 |
|   1 |  SORT GROUP BY                  |              |    28 |  1232 |    18  (12)| 00:00:01 |
|   2 |   MERGE JOIN                    |              |   868 | 38192 |    17   (6)| 00:00:01 |
|   3 |    TABLE ACCESS BY INDEX ROWID  | COVIDDATE    |   348 |  6612 |     2   (0)| 00:00:01 |
|   4 |     INDEX FULL SCAN             | SYS_C0025273 |   348 |       |     1   (0)| 00:00:01 |
|*  5 |    SORT JOIN                    |              |   868 | 21700 |    15   (7)| 00:00:01 |
|   6 |     INLIST ITERATOR             |              |       |       |            |          |
|   7 |      TABLE ACCESS BY INDEX ROWID| COVIDFACT    |   868 | 21700 |    14   (0)| 00:00:01 |
|*  8 |       INDEX RANGE SCAN          | SYS_C0025274 |   868 |       |     7   (0)| 00:00:01 |
------------------------------------------------------------------------------------------------

Predicate Information (identified by operation id):
---------------------------------------------------

5 - access(""COVIDDATE"".""DATEREP""=""FT"".""DATEREP"")
filter(""COVIDDATE"".""DATEREP""=""FT"".""DATEREP"")
8 - access(""FT"".""COUNTRIESANDTERRITORIES""='France' OR
""FT"".""COUNTRIESANDTERRITORIES""='Italy' OR ""FT"".""COUNTRIESANDTERRITORIES""='United_States_
of_America')
",3,"with COVID-19 describe deaths by month, countriesAndTerritories for countriesAndTerritories in ('United_States_of_America', 'Italy', 'France')",142,0.03844439491865389,0,1232.0,437.0,18.0,28.0,0,random3,7,1214,6,ext
13,0.14127373935821874,COVID-19,"Plan hash value: 2755916834

-------------------------------------------------------------------------------------------------
| Id  | Operation                        | Name         | Rows  | Bytes | Cost (%CPU)| Time     |
-------------------------------------------------------------------------------------------------
|   0 | SELECT STATEMENT                 |              |    10 |   540 |    10  (20)| 00:00:01 |
|   1 |  SORT GROUP BY                   |              |    10 |   540 |    10  (20)| 00:00:01 |
|   2 |   MERGE JOIN                     |              |   163 |  8802 |     9  (12)| 00:00:01 |
|   3 |    TABLE ACCESS BY INDEX ROWID   | COVIDDATE    |   348 |  6612 |     2   (0)| 00:00:01 |
|   4 |     INDEX FULL SCAN              | SYS_C0025273 |   348 |       |     1   (0)| 00:00:01 |
|*  5 |    SORT JOIN                     |              |   163 |  5705 |     7  (15)| 00:00:01 |
|   6 |     VIEW                         | VW_GBC_5     |   163 |  5705 |     6   (0)| 00:00:01 |
|   7 |      HASH GROUP BY               |              |   163 |  4075 |     6   (0)| 00:00:01 |
|   8 |       TABLE ACCESS BY INDEX ROWID| COVIDFACT    |   286 |  7150 |     6   (0)| 00:00:01 |
|*  9 |        INDEX RANGE SCAN          | SYS_C0025274 |   286 |       |     3   (0)| 00:00:01 |
-------------------------------------------------------------------------------------------------

Predicate Information (identified by operation id):
---------------------------------------------------

5 - access(""COVIDDATE"".""DATEREP""=""ITEM_1"")
filter(""COVIDDATE"".""DATEREP""=""ITEM_1"")
9 - access(""FT"".""COUNTRIESANDTERRITORIES""='Italy')
",4,"with COVID-19 describe deaths by month, countriesAndTerritories for countriesAndTerritories = 'Italy'",101,0.04483063980518043,1,540.0,398.0,10.0,10.0,0,random3,2,1165,3,ext
39,0.14127373935821874,COVID-19,"Plan hash value: 2308937895

------------------------------------------------------------------------------------------------
| Id  | Operation                       | Name         | Rows  | Bytes | Cost (%CPU)| Time     |
------------------------------------------------------------------------------------------------
|   0 | SELECT STATEMENT                |              |    28 |  1232 |    19  (11)| 00:00:01 |
|   1 |  SORT GROUP BY                  |              |    28 |  1232 |    19  (11)| 00:00:01 |
|   2 |   MERGE JOIN                    |              |   934 | 41096 |    18   (6)| 00:00:01 |
|   3 |    TABLE ACCESS BY INDEX ROWID  | COVIDDATE    |   348 |  6612 |     2   (0)| 00:00:01 |
|   4 |     INDEX FULL SCAN             | SYS_C0025273 |   348 |       |     1   (0)| 00:00:01 |
|*  5 |    SORT JOIN                    |              |   934 | 23350 |    16   (7)| 00:00:01 |
|   6 |     INLIST ITERATOR             |              |       |       |            |          |
|   7 |      TABLE ACCESS BY INDEX ROWID| COVIDFACT    |   934 | 23350 |    15   (0)| 00:00:01 |
|*  8 |       INDEX RANGE SCAN          | SYS_C0025274 |   934 |       |     7   (0)| 00:00:01 |
------------------------------------------------------------------------------------------------

Predicate Information (identified by operation id):
---------------------------------------------------

5 - access(""COVIDDATE"".""DATEREP""=""FT"".""DATEREP"")
filter(""COVIDDATE"".""DATEREP""=""FT"".""DATEREP"")
8 - access(""FT"".""COUNTRIESANDTERRITORIES""='Germany' OR
""FT"".""COUNTRIESANDTERRITORIES""='Italy' OR ""FT"".""COUNTRIESANDTERRITORIES""='Spain')
",5,"with COVID-19 describe deaths by month, countriesAndTerritories for countriesAndTerritories in ('Italy', 'Spain', 'Germany')",124,0.06379516111533037,0,1232.0,419.0,19.0,28.0,0,random3,4,1183,8,ext
1044,0.45152259332023575,COVID-19,"Plan hash value: 3009686037

----------------------------------------------------------------------------------
| Id  | Operation            | Name      | Rows  | Bytes | Cost (%CPU)| Time     |
----------------------------------------------------------------------------------
|   0 | SELECT STATEMENT     |           |  1002 | 62124 |   131   (4)| 00:00:02 |
|   1 |  SORT GROUP BY       |           |  1002 | 62124 |   131   (4)| 00:00:02 |
|*  2 |   HASH JOIN          |           | 31408 |  1901K|   129   (3)| 00:00:02 |
|   3 |    TABLE ACCESS FULL | COVIDDATE |   348 |  6612 |     4   (0)| 00:00:01 |
|*  4 |    HASH JOIN         |           | 31408 |  1318K|   124   (2)| 00:00:02 |
|*  5 |     TABLE ACCESS FULL| COUNTRY   |   109 |  1962 |     4   (0)| 00:00:01 |
|   6 |     TABLE ACCESS FULL| COVIDFACT | 61080 |  1491K|   119   (1)| 00:00:02 |
----------------------------------------------------------------------------------

Predicate Information (identified by operation id):
---------------------------------------------------

2 - access(""COVIDDATE"".""DATEREP""=""FT"".""DATEREP"")
4 - access(""COUNTRY"".""COUNTRIESANDTERRITORIES""=""FT"".""COUNTRIESANDTERRIT
ORIES"")
5 - filter(""COUNTRY"".""CONTINENTEXP""='Africa' OR
""COUNTRY"".""CONTINENTEXP""='America' OR ""COUNTRY"".""CONTINENTEXP""='Europa')
",6,"with COVID-19 describe deaths by month, countriesAndTerritories for continentExp in ('America', 'Europa', 'Africa')",115,0.059250920998772,5,62124.0,410.0,131.0,1002.0,0,random3,44,1204,58,ext
1043,0.0016535690897184021,COVID-19,"Plan hash value: 3733565869

----------------------------------------------------------------------------------------------
| Id  | Operation                     | Name         | Rows  | Bytes | Cost (%CPU)| Time     |
----------------------------------------------------------------------------------------------
|   0 | SELECT STATEMENT              |              |   812 | 20300 |    15   (0)| 00:00:01 |
|   1 |  SORT GROUP BY NOSORT         |              |   812 | 20300 |    15   (0)| 00:00:01 |
|   2 |   INLIST ITERATOR             |              |       |       |            |          |
|   3 |    TABLE ACCESS BY INDEX ROWID| COVIDFACT    |   934 | 23350 |    15   (0)| 00:00:01 |
|*  4 |     INDEX RANGE SCAN          | SYS_C0025274 |   934 |       |     7   (0)| 00:00:01 |
----------------------------------------------------------------------------------------------

Predicate Information (identified by operation id):
---------------------------------------------------

4 - access(""FT"".""COUNTRIESANDTERRITORIES""='Germany' OR
""FT"".""COUNTRIESANDTERRITORIES""='Italy' OR ""FT"".""COUNTRIESANDTERRITORIES""='Spain')
",0,"with COVID-19 describe deaths by dateRep, countriesAndTerritories for countriesAndTerritories in ('Italy', 'Spain', 'Germany')",126,0.0,5,20300.0,425.0,15.0,812.0,0,random4,0,1312,9,ext
39,0.0021447282252783236,COVID-19,"Plan hash value: 2308937895

------------------------------------------------------------------------------------------------
| Id  | Operation                       | Name         | Rows  | Bytes | Cost (%CPU)| Time     |
------------------------------------------------------------------------------------------------
|   0 | SELECT STATEMENT                |              |    28 |  1344 |    18  (12)| 00:00:01 |
|   1 |  SORT GROUP BY                  |              |    28 |  1344 |    18  (12)| 00:00:01 |
|   2 |   MERGE JOIN                    |              |   868 | 41664 |    17   (6)| 00:00:01 |
|   3 |    TABLE ACCESS BY INDEX ROWID  | COVIDDATE    |   348 |  6612 |     2   (0)| 00:00:01 |
|   4 |     INDEX FULL SCAN             | SYS_C0025273 |   348 |       |     1   (0)| 00:00:01 |
|*  5 |    SORT JOIN                    |              |   868 | 25172 |    15   (7)| 00:00:01 |
|   6 |     INLIST ITERATOR             |              |       |       |            |          |
|   7 |      TABLE ACCESS BY INDEX ROWID| COVIDFACT    |   868 | 25172 |    14   (0)| 00:00:01 |
|*  8 |       INDEX RANGE SCAN          | SYS_C0025274 |   868 |       |     7   (0)| 00:00:01 |
------------------------------------------------------------------------------------------------

Predicate Information (identified by operation id):
---------------------------------------------------

5 - access(""COVIDDATE"".""DATEREP""=""FT"".""DATEREP"")
filter(""COVIDDATE"".""DATEREP""=""FT"".""DATEREP"")
8 - access(""FT"".""COUNTRIESANDTERRITORIES""='France' OR
""FT"".""COUNTRIESANDTERRITORIES""='Italy' OR ""FT"".""COUNTRIESANDTERRITORIES""='United_States_
of_America')
",1,"with COVID-19 describe deaths, cases by month, countriesAndTerritories for countriesAndTerritories in ('United_States_of_America', 'Italy', 'France')",149,0.0,0,1344.0,458.0,18.0,28.0,0,random4,13,1170,6,ext
1044,0.011165684348395547,COVID-19,"Plan hash value: 3009686037

----------------------------------------------------------------------------------
| Id  | Operation            | Name      | Rows  | Bytes | Cost (%CPU)| Time     |
----------------------------------------------------------------------------------
|   0 | SELECT STATEMENT     |           |  1002 | 62124 |   131   (4)| 00:00:02 |
|   1 |  SORT GROUP BY       |           |  1002 | 62124 |   131   (4)| 00:00:02 |
|*  2 |   HASH JOIN          |           | 31408 |  1901K|   129   (3)| 00:00:02 |
|   3 |    TABLE ACCESS FULL | COVIDDATE |   348 |  6612 |     4   (0)| 00:00:01 |
|*  4 |    HASH JOIN         |           | 31408 |  1318K|   124   (2)| 00:00:02 |
|*  5 |     TABLE ACCESS FULL| COUNTRY   |   109 |  1962 |     4   (0)| 00:00:01 |
|   6 |     TABLE ACCESS FULL| COVIDFACT | 61080 |  1491K|   119   (1)| 00:00:02 |
----------------------------------------------------------------------------------

Predicate Information (identified by operation id):
---------------------------------------------------

2 - access(""COVIDDATE"".""DATEREP""=""FT"".""DATEREP"")
4 - access(""COUNTRY"".""COUNTRIESANDTERRITORIES""=""FT"".""COUNTRIESANDTERRIT
ORIES"")
5 - filter(""COUNTRY"".""CONTINENTEXP""='Africa' OR
""COUNTRY"".""CONTINENTEXP""='America' OR ""COUNTRY"".""CONTINENTEXP""='Europa')
",2,"with COVID-19 describe deaths by month, countriesAndTerritories for continentExp in ('America', 'Europa', 'Africa')",115,0.0,4,62124.0,410.0,131.0,1002.0,0,random4,62,1236,61,ext
39,0.013801571709233792,COVID-19,"Plan hash value: 2308937895

------------------------------------------------------------------------------------------------
| Id  | Operation                       | Name         | Rows  | Bytes | Cost (%CPU)| Time     |
------------------------------------------------------------------------------------------------
|   0 | SELECT STATEMENT                |              |    28 |  1232 |    19  (11)| 00:00:01 |
|   1 |  SORT GROUP BY                  |              |    28 |  1232 |    19  (11)| 00:00:01 |
|   2 |   MERGE JOIN                    |              |   934 | 41096 |    18   (6)| 00:00:01 |
|   3 |    TABLE ACCESS BY INDEX ROWID  | COVIDDATE    |   348 |  6612 |     2   (0)| 00:00:01 |
|   4 |     INDEX FULL SCAN             | SYS_C0025273 |   348 |       |     1   (0)| 00:00:01 |
|*  5 |    SORT JOIN                    |              |   934 | 23350 |    16   (7)| 00:00:01 |
|   6 |     INLIST ITERATOR             |              |       |       |            |          |
|   7 |      TABLE ACCESS BY INDEX ROWID| COVIDFACT    |   934 | 23350 |    15   (0)| 00:00:01 |
|*  8 |       INDEX RANGE SCAN          | SYS_C0025274 |   934 |       |     7   (0)| 00:00:01 |
------------------------------------------------------------------------------------------------

Predicate Information (identified by operation id):
---------------------------------------------------

5 - access(""COVIDDATE"".""DATEREP""=""FT"".""DATEREP"")
filter(""COVIDDATE"".""DATEREP""=""FT"".""DATEREP"")
8 - access(""FT"".""COUNTRIESANDTERRITORIES""='Germany' OR
""FT"".""COUNTRIESANDTERRITORIES""='Italy' OR ""FT"".""COUNTRIESANDTERRITORIES""='Spain')
",3,"with COVID-19 describe deaths by month, countriesAndTerritories for countriesAndTerritories in ('Italy', 'Spain', 'Germany')",124,0.09935897435897435,0,1232.0,419.0,19.0,28.0,0,random4,9,1212,10,ext
13,0.013801571709233792,COVID-19,"Plan hash value: 2755916834

-------------------------------------------------------------------------------------------------
| Id  | Operation                        | Name         | Rows  | Bytes | Cost (%CPU)| Time     |
-------------------------------------------------------------------------------------------------
|   0 | SELECT STATEMENT                 |              |    10 |   540 |    10  (20)| 00:00:01 |
|   1 |  SORT GROUP BY                   |              |    10 |   540 |    10  (20)| 00:00:01 |
|   2 |   MERGE JOIN                     |              |   163 |  8802 |     9  (12)| 00:00:01 |
|   3 |    TABLE ACCESS BY INDEX ROWID   | COVIDDATE    |   348 |  6612 |     2   (0)| 00:00:01 |
|   4 |     INDEX FULL SCAN              | SYS_C0025273 |   348 |       |     1   (0)| 00:00:01 |
|*  5 |    SORT JOIN                     |              |   163 |  5705 |     7  (15)| 00:00:01 |
|   6 |     VIEW                         | VW_GBC_5     |   163 |  5705 |     6   (0)| 00:00:01 |
|   7 |      HASH GROUP BY               |              |   163 |  4075 |     6   (0)| 00:00:01 |
|   8 |       TABLE ACCESS BY INDEX ROWID| COVIDFACT    |   286 |  7150 |     6   (0)| 00:00:01 |
|*  9 |        INDEX RANGE SCAN          | SYS_C0025274 |   286 |       |     3   (0)| 00:00:01 |
-------------------------------------------------------------------------------------------------

Predicate Information (identified by operation id):
---------------------------------------------------

5 - access(""COVIDDATE"".""DATEREP""=""ITEM_1"")
filter(""COVIDDATE"".""DATEREP""=""ITEM_1"")
9 - access(""FT"".""COUNTRIESANDTERRITORIES""='Italy')
",4,"with COVID-19 describe deaths by month, countriesAndTerritories for countriesAndTerritories = 'Italy'",101,0.1536144578313253,0,540.0,398.0,10.0,10.0,0,random4,2,1180,9,ext
13,0.014800261951538966,COVID-19,"Plan hash value: 2755916834

-------------------------------------------------------------------------------------------------
| Id  | Operation                        | Name         | Rows  | Bytes | Cost (%CPU)| Time     |
-------------------------------------------------------------------------------------------------
|   0 | SELECT STATEMENT                 |              |    10 |   540 |    10  (20)| 00:00:01 |
|   1 |  SORT GROUP BY                   |              |    10 |   540 |    10  (20)| 00:00:01 |
|   2 |   MERGE JOIN                     |              |   159 |  8586 |     9  (12)| 00:00:01 |
|   3 |    TABLE ACCESS BY INDEX ROWID   | COVIDDATE    |   348 |  6612 |     2   (0)| 00:00:01 |
|   4 |     INDEX FULL SCAN              | SYS_C0025273 |   348 |       |     1   (0)| 00:00:01 |
|*  5 |    SORT JOIN                     |              |   159 |  5565 |     7  (15)| 00:00:01 |
|   6 |     VIEW                         | VW_GBC_5     |   159 |  5565 |     6   (0)| 00:00:01 |
|   7 |      HASH GROUP BY               |              |   159 |  3975 |     6   (0)| 00:00:01 |
|   8 |       TABLE ACCESS BY INDEX ROWID| COVIDFACT    |   275 |  6875 |     6   (0)| 00:00:01 |
|*  9 |        INDEX RANGE SCAN          | SYS_C0025274 |   275 |       |     3   (0)| 00:00:01 |
-------------------------------------------------------------------------------------------------

Predicate Information (identified by operation id):
---------------------------------------------------

5 - access(""COVIDDATE"".""DATEREP""=""ITEM_1"")
filter(""COVIDDATE"".""DATEREP""=""ITEM_1"")
9 - access(""FT"".""COUNTRIESANDTERRITORIES""='United_States_of_America')
",5,"with COVID-19 describe deaths by month, countriesAndTerritories for countriesAndTerritories = 'United_States_of_America'",120,0.14474929044465468,0,540.0,417.0,10.0,10.0,0,random4,2,1161,4,ext
506,0.0037000654878847415,COVID-19,"Plan hash value: 3009686037

----------------------------------------------------------------------------------
| Id  | Operation            | Name      | Rows  | Bytes | Cost (%CPU)| Time     |
----------------------------------------------------------------------------------
|   0 | SELECT STATEMENT     |           |   451 | 27962 |   130   (4)| 00:00:02 |
|   1 |  SORT GROUP BY       |           |   451 | 27962 |   130   (4)| 00:00:02 |
|*  2 |   HASH JOIN          |           | 14184 |   858K|   129   (3)| 00:00:02 |
|   3 |    TABLE ACCESS FULL | COVIDDATE |   348 |  6612 |     4   (0)| 00:00:01 |
|*  4 |    HASH JOIN         |           | 14184 |   595K|   124   (2)| 00:00:02 |
|*  5 |     TABLE ACCESS FULL| COUNTRY   |    49 |   882 |     4   (0)| 00:00:01 |
|   6 |     TABLE ACCESS FULL| COVIDFACT | 61080 |  1491K|   119   (1)| 00:00:02 |
----------------------------------------------------------------------------------

Predicate Information (identified by operation id):
---------------------------------------------------

2 - access(""COVIDDATE"".""DATEREP""=""FT"".""DATEREP"")
4 - access(""COUNTRY"".""COUNTRIESANDTERRITORIES""=""FT"".""COUNTRIESANDTERRIT
ORIES"")
5 - filter(""COUNTRY"".""CONTINENTEXP""='America')
",0,"with COVID-19 describe deaths by month, countriesAndTerritories for continentExp in ('America')",95,0.0,3,27962.0,392.0,130.0,451.0,0,random5,0,1212,51,ext
211,0.017075965946299936,COVID-19,"Plan hash value: 216913314

--------------------------------------------------------------------------------
| Id  | Operation          | Name      | Rows  | Bytes | Cost (%CPU)| Time     |
--------------------------------------------------------------------------------
|   0 | SELECT STATEMENT   |           |   211 |  2954 |   123   (5)| 00:00:02 |
|   1 |  SORT GROUP BY     |           |   211 |  2954 |   123   (5)| 00:00:02 |
|   2 |   TABLE ACCESS FULL| COVIDFACT | 61080 |   835K|   119   (1)| 00:00:02 |
--------------------------------------------------------------------------------
",1,with COVID-19 describe deaths by countriesAndTerritories,56,0.1780929866036249,1,2954.0,244.0,123.0,211.0,0,random5,16,1184,35,ext
49,0.017075965946299936,COVID-19,"Plan hash value: 1016733566

---------------------------------------------------------------------------------
| Id  | Operation           | Name      | Rows  | Bytes | Cost (%CPU)| Time     |
---------------------------------------------------------------------------------
|   0 | SELECT STATEMENT    |           |    49 |  1568 |   126   (4)| 00:00:02 |
|   1 |  SORT GROUP BY      |           |    49 |  1568 |   126   (4)| 00:00:02 |
|*  2 |   HASH JOIN         |           | 14184 |   443K|   124   (2)| 00:00:02 |
|*  3 |    TABLE ACCESS FULL| COUNTRY   |    49 |   882 |     4   (0)| 00:00:01 |
|   4 |    TABLE ACCESS FULL| COVIDFACT | 61080 |   835K|   119   (1)| 00:00:02 |
---------------------------------------------------------------------------------

Predicate Information (identified by operation id):
---------------------------------------------------

2 - access(""COUNTRY"".""COUNTRIESANDTERRITORIES""=""FT"".""COUNTRIESANDTERRI
TORIES"")
3 - filter(""COUNTRY"".""CONTINENTEXP""='America')
",2,with COVID-19 describe deaths by countriesAndTerritories for continentExp = 'America',85,0.354978354978355,0,1568.0,283.0,126.0,49.0,0,random5,4,1189,39,ext
13,0.11907334643091028,COVID-19,"Plan hash value: 818443477

----------------------------------------------------------------------------------------------
| Id  | Operation                     | Name         | Rows  | Bytes | Cost (%CPU)| Time     |
----------------------------------------------------------------------------------------------
|   0 | SELECT STATEMENT              |              |    13 |   559 |   127   (6)| 00:00:02 |
|   1 |  SORT GROUP BY                |              |    13 |   559 |   127   (6)| 00:00:02 |
|   2 |   MERGE JOIN                  |              |   348 | 14964 |   126   (5)| 00:00:02 |
|   3 |    TABLE ACCESS BY INDEX ROWID| COVIDDATE    |   348 |  6612 |     2   (0)| 00:00:01 |
|   4 |     INDEX FULL SCAN           | SYS_C0025273 |   348 |       |     1   (0)| 00:00:01 |
|*  5 |    SORT JOIN                  |              |   348 |  8352 |   124   (5)| 00:00:02 |
|   6 |     VIEW                      | VW_GBC_5     |   348 |  8352 |   123   (5)| 00:00:02 |
|   7 |      HASH GROUP BY            |              |   348 |  4872 |   123   (5)| 00:00:02 |
|   8 |       TABLE ACCESS FULL       | COVIDFACT    | 61080 |   835K|   119   (1)| 00:00:02 |
----------------------------------------------------------------------------------------------

Predicate Information (identified by operation id):
---------------------------------------------------

5 - access(""COVIDDATE"".""DATEREP""=""ITEM_1"")
filter(""COVIDDATE"".""DATEREP""=""ITEM_1"")
",3,with COVID-19 describe deaths by month,38,0.08365881315358448,0,559.0,168.0,127.0,13.0,0,random5,3,1181,34,ext
1044,0.40042567125081857,COVID-19,"Plan hash value: 3009686037

----------------------------------------------------------------------------------
| Id  | Operation            | Name      | Rows  | Bytes | Cost (%CPU)| Time     |
----------------------------------------------------------------------------------
|   0 | SELECT STATEMENT     |           |  1002 | 62124 |   131   (4)| 00:00:02 |
|   1 |  SORT GROUP BY       |           |  1002 | 62124 |   131   (4)| 00:00:02 |
|*  2 |   HASH JOIN          |           | 31408 |  1901K|   129   (3)| 00:00:02 |
|   3 |    TABLE ACCESS FULL | COVIDDATE |   348 |  6612 |     4   (0)| 00:00:01 |
|*  4 |    HASH JOIN         |           | 31408 |  1318K|   124   (2)| 00:00:02 |
|*  5 |     TABLE ACCESS FULL| COUNTRY   |   109 |  1962 |     4   (0)| 00:00:01 |
|   6 |     TABLE ACCESS FULL| COVIDFACT | 61080 |  1491K|   119   (1)| 00:00:02 |
----------------------------------------------------------------------------------

Predicate Information (identified by operation id):
---------------------------------------------------

2 - access(""COVIDDATE"".""DATEREP""=""FT"".""DATEREP"")
4 - access(""COUNTRY"".""COUNTRIESANDTERRITORIES""=""FT"".""COUNTRIESANDTERRIT
ORIES"")
5 - filter(""COUNTRY"".""CONTINENTEXP""='Africa' OR
""COUNTRY"".""CONTINENTEXP""='America' OR ""COUNTRY"".""CONTINENTEXP""='Europa')
",4,"with COVID-19 describe deaths by month, countriesAndTerritories for continentExp in ('America', 'Europa', 'Africa')",115,0.1276216293337138,4,62124.0,410.0,131.0,1002.0,0,random5,11,1205,57,ext
211,0.017075965946299936,COVID-19,"Plan hash value: 216913314

--------------------------------------------------------------------------------
| Id  | Operation          | Name      | Rows  | Bytes | Cost (%CPU)| Time     |
--------------------------------------------------------------------------------
|   0 | SELECT STATEMENT   |           |   211 |  2954 |   123   (5)| 00:00:02 |
|   1 |  SORT GROUP BY     |           |   211 |  2954 |   123   (5)| 00:00:02 |
|   2 |   TABLE ACCESS FULL| COVIDFACT | 61080 |   835K|   119   (1)| 00:00:02 |
--------------------------------------------------------------------------------
",0,with COVID-19 describe deaths by countriesAndTerritories,56,0.0,1,2954.0,244.0,123.0,211.0,0,random6,1,1203,42,ext
158,0.017075965946299936,COVID-19,"Plan hash value: 1016733566

---------------------------------------------------------------------------------
| Id  | Operation           | Name      | Rows  | Bytes | Cost (%CPU)| Time     |
---------------------------------------------------------------------------------
|   0 | SELECT STATEMENT    |           |   158 |  5056 |   127   (4)| 00:00:02 |
|   1 |  SORT GROUP BY      |           |   158 |  5056 |   127   (4)| 00:00:02 |
|*  2 |   HASH JOIN         |           | 45738 |  1429K|   124   (2)| 00:00:02 |
|*  3 |    TABLE ACCESS FULL| COUNTRY   |   158 |  2844 |     4   (0)| 00:00:01 |
|   4 |    TABLE ACCESS FULL| COVIDFACT | 61080 |   835K|   119   (1)| 00:00:02 |
---------------------------------------------------------------------------------

Predicate Information (identified by operation id):
---------------------------------------------------

2 - access(""COUNTRY"".""COUNTRIESANDTERRITORIES""=""FT"".""COUNTRIESANDTERRI
TORIES"")
3 - filter(""COUNTRY"".""CONTINENTEXP""='Africa' OR
""COUNTRY"".""CONTINENTEXP""='America' OR ""COUNTRY"".""CONTINENTEXP""='Europe')
",1,"with COVID-19 describe deaths by countriesAndTerritories for continentExp in ('America', 'Europe', 'Africa')",108,0.40023001725129387,1,5056.0,304.0,127.0,158.0,0,random6,11,1201,46,ext
506,0.017075965946299936,COVID-19,"Plan hash value: 3009686037

----------------------------------------------------------------------------------
| Id  | Operation            | Name      | Rows  | Bytes | Cost (%CPU)| Time     |
----------------------------------------------------------------------------------
|   0 | SELECT STATEMENT     |           |   451 | 27962 |   130   (4)| 00:00:02 |
|   1 |  SORT GROUP BY       |           |   451 | 27962 |   130   (4)| 00:00:02 |
|*  2 |   HASH JOIN          |           | 14184 |   858K|   129   (3)| 00:00:02 |
|   3 |    TABLE ACCESS FULL | COVIDDATE |   348 |  6612 |     4   (0)| 00:00:01 |
|*  4 |    HASH JOIN         |           | 14184 |   595K|   124   (2)| 00:00:02 |
|*  5 |     TABLE ACCESS FULL| COUNTRY   |    49 |   882 |     4   (0)| 00:00:01 |
|   6 |     TABLE ACCESS FULL| COVIDFACT | 61080 |  1491K|   119   (1)| 00:00:02 |
----------------------------------------------------------------------------------

Predicate Information (identified by operation id):
---------------------------------------------------

2 - access(""COVIDDATE"".""DATEREP""=""FT"".""DATEREP"")
4 - access(""COUNTRY"".""COUNTRIESANDTERRITORIES""=""FT"".""COUNTRIESANDTERRIT
ORIES"")
5 - filter(""COUNTRY"".""CONTINENTEXP""='America')
",2,"with COVID-19 describe deaths by month, countriesAndTerritories for continentExp in ('America')",95,0.46921119592875316,3,27962.0,392.0,130.0,451.0,0,random6,9,1204,50,ext
13,0.11907334643091028,COVID-19,"Plan hash value: 818443477

----------------------------------------------------------------------------------------------
| Id  | Operation                     | Name         | Rows  | Bytes | Cost (%CPU)| Time     |
----------------------------------------------------------------------------------------------
|   0 | SELECT STATEMENT              |              |    13 |   559 |   127   (6)| 00:00:02 |
|   1 |  SORT GROUP BY                |              |    13 |   559 |   127   (6)| 00:00:02 |
|   2 |   MERGE JOIN                  |              |   348 | 14964 |   126   (5)| 00:00:02 |
|   3 |    TABLE ACCESS BY INDEX ROWID| COVIDDATE    |   348 |  6612 |     2   (0)| 00:00:01 |
|   4 |     INDEX FULL SCAN           | SYS_C0025273 |   348 |       |     1   (0)| 00:00:01 |
|*  5 |    SORT JOIN                  |              |   348 |  8352 |   124   (5)| 00:00:02 |
|   6 |     VIEW                      | VW_GBC_5     |   348 |  8352 |   123   (5)| 00:00:02 |
|   7 |      HASH GROUP BY            |              |   348 |  4872 |   123   (5)| 00:00:02 |
|   8 |       TABLE ACCESS FULL       | COVIDFACT    | 61080 |   835K|   119   (1)| 00:00:02 |
----------------------------------------------------------------------------------------------

Predicate Information (identified by operation id):
---------------------------------------------------

5 - access(""COVIDDATE"".""DATEREP""=""ITEM_1"")
filter(""COVIDDATE"".""DATEREP""=""ITEM_1"")
",3,with COVID-19 describe deaths by month,38,0.12214846107423054,0,559.0,168.0,127.0,13.0,0,random6,4,1162,29,ext
13,9.986902423051735E-4,COVID-19,"Plan hash value: 2755916834

-------------------------------------------------------------------------------------------------
| Id  | Operation                        | Name         | Rows  | Bytes | Cost (%CPU)| Time     |
-------------------------------------------------------------------------------------------------
|   0 | SELECT STATEMENT                 |              |    10 |   540 |    10  (20)| 00:00:01 |
|   1 |  SORT GROUP BY                   |              |    10 |   540 |    10  (20)| 00:00:01 |
|   2 |   MERGE JOIN                     |              |   159 |  8586 |     9  (12)| 00:00:01 |
|   3 |    TABLE ACCESS BY INDEX ROWID   | COVIDDATE    |   348 |  6612 |     2   (0)| 00:00:01 |
|   4 |     INDEX FULL SCAN              | SYS_C0025273 |   348 |       |     1   (0)| 00:00:01 |
|*  5 |    SORT JOIN                     |              |   159 |  5565 |     7  (15)| 00:00:01 |
|   6 |     VIEW                         | VW_GBC_5     |   159 |  5565 |     6   (0)| 00:00:01 |
|   7 |      HASH GROUP BY               |              |   159 |  3975 |     6   (0)| 00:00:01 |
|   8 |       TABLE ACCESS BY INDEX ROWID| COVIDFACT    |   275 |  6875 |     6   (0)| 00:00:01 |
|*  9 |        INDEX RANGE SCAN          | SYS_C0025274 |   275 |       |     3   (0)| 00:00:01 |
-------------------------------------------------------------------------------------------------

Predicate Information (identified by operation id):
---------------------------------------------------

5 - access(""COVIDDATE"".""DATEREP""=""ITEM_1"")
filter(""COVIDDATE"".""DATEREP""=""ITEM_1"")
9 - access(""FT"".""COUNTRIESANDTERRITORIES""='United_States_of_America')
",0,"with COVID-19 describe deaths by month, countriesAndTerritories for countriesAndTerritories = 'United_States_of_America'",120,0.0,0,540.0,417.0,10.0,10.0,0,random7,0,1197,4,ext
13,0.0019810085134250163,COVID-19,"Plan hash value: 2308937895

------------------------------------------------------------------------------------------------
| Id  | Operation                       | Name         | Rows  | Bytes | Cost (%CPU)| Time     |
------------------------------------------------------------------------------------------------
|   0 | SELECT STATEMENT                |              |    28 |  1232 |    11  (19)| 00:00:01 |
|   1 |  SORT GROUP BY                  |              |    28 |  1232 |    11  (19)| 00:00:01 |
|   2 |   MERGE JOIN                    |              |   287 | 12628 |    10  (10)| 00:00:01 |
|   3 |    TABLE ACCESS BY INDEX ROWID  | COVIDDATE    |   348 |  6612 |     2   (0)| 00:00:01 |
|   4 |     INDEX FULL SCAN             | SYS_C0025273 |   348 |       |     1   (0)| 00:00:01 |
|*  5 |    SORT JOIN                    |              |   287 |  7175 |     8  (13)| 00:00:01 |
|   6 |     INLIST ITERATOR             |              |       |       |            |          |
|   7 |      TABLE ACCESS BY INDEX ROWID| COVIDFACT    |   287 |  7175 |     7   (0)| 00:00:01 |
|*  8 |       INDEX RANGE SCAN          | SYS_C0025274 |   287 |       |     4   (0)| 00:00:01 |
------------------------------------------------------------------------------------------------

Predicate Information (identified by operation id):
---------------------------------------------------

5 - access(""COVIDDATE"".""DATEREP""=""FT"".""DATEREP"")
filter(""COVIDDATE"".""DATEREP""=""FT"".""DATEREP"")
8 - access(""FT"".""COUNTRIESANDTERRITORIES""=' France' OR
""FT"".""COUNTRIESANDTERRITORIES""=' Germany' OR ""FT"".""COUNTRIESANDTERRITORIES""='Italy')
",1,"with COVID-19 describe deaths by month, countriesAndTerritories for countriesAndTerritories in ('Italy', ' France', ' Germany')",127,0.0,0,1232.0,422.0,11.0,28.0,0,random7,2,1234,9,ext
13,0.00618860510805501,COVID-19,"Plan hash value: 2755916834

-------------------------------------------------------------------------------------------------
| Id  | Operation                        | Name         | Rows  | Bytes | Cost (%CPU)| Time     |
-------------------------------------------------------------------------------------------------
|   0 | SELECT STATEMENT                 |              |    10 |   540 |    10  (20)| 00:00:01 |
|   1 |  SORT GROUP BY                   |              |    10 |   540 |    10  (20)| 00:00:01 |
|   2 |   MERGE JOIN                     |              |   163 |  8802 |     9  (12)| 00:00:01 |
|   3 |    TABLE ACCESS BY INDEX ROWID   | COVIDDATE    |   348 |  6612 |     2   (0)| 00:00:01 |
|   4 |     INDEX FULL SCAN              | SYS_C0025273 |   348 |       |     1   (0)| 00:00:01 |
|*  5 |    SORT JOIN                     |              |   163 |  5705 |     7  (15)| 00:00:01 |
|   6 |     VIEW                         | VW_GBC_5     |   163 |  5705 |     6   (0)| 00:00:01 |
|   7 |      HASH GROUP BY               |              |   163 |  4075 |     6   (0)| 00:00:01 |
|   8 |       TABLE ACCESS BY INDEX ROWID| COVIDFACT    |   286 |  7150 |     6   (0)| 00:00:01 |
|*  9 |        INDEX RANGE SCAN          | SYS_C0025274 |   286 |       |     3   (0)| 00:00:01 |
-------------------------------------------------------------------------------------------------

Predicate Information (identified by operation id):
---------------------------------------------------

5 - access(""COVIDDATE"".""DATEREP""=""ITEM_1"")
filter(""COVIDDATE"".""DATEREP""=""ITEM_1"")
9 - access(""FT"".""COUNTRIESANDTERRITORIES""='Italy')
",2,"with COVID-19 describe deaths by month, countriesAndTerritories for countriesAndTerritories = 'Italy'",101,0.0,0,540.0,398.0,10.0,10.0,0,random7,2,1161,5,ext
26,0.0066797642436149315,COVID-19,"Plan hash value: 2308937895

------------------------------------------------------------------------------------------------
| Id  | Operation                       | Name         | Rows  | Bytes | Cost (%CPU)| Time     |
------------------------------------------------------------------------------------------------
|   0 | SELECT STATEMENT                |              |    19 |   836 |    14  (15)| 00:00:01 |
|   1 |  SORT GROUP BY                  |              |    19 |   836 |    14  (15)| 00:00:01 |
|   2 |   MERGE JOIN                    |              |   560 | 24640 |    13   (8)| 00:00:01 |
|   3 |    TABLE ACCESS BY INDEX ROWID  | COVIDDATE    |   348 |  6612 |     2   (0)| 00:00:01 |
|   4 |     INDEX FULL SCAN             | SYS_C0025273 |   348 |       |     1   (0)| 00:00:01 |
|*  5 |    SORT JOIN                    |              |   560 | 14000 |    11  (10)| 00:00:01 |
|   6 |     INLIST ITERATOR             |              |       |       |            |          |
|   7 |      TABLE ACCESS BY INDEX ROWID| COVIDFACT    |   560 | 14000 |    10   (0)| 00:00:01 |
|*  8 |       INDEX RANGE SCAN          | SYS_C0025274 |   560 |       |     5   (0)| 00:00:01 |
------------------------------------------------------------------------------------------------

Predicate Information (identified by operation id):
---------------------------------------------------

5 - access(""COVIDDATE"".""DATEREP""=""FT"".""DATEREP"")
filter(""COVIDDATE"".""DATEREP""=""FT"".""DATEREP"")
8 - access(""FT"".""COUNTRIESANDTERRITORIES""='Italy' OR
""FT"".""COUNTRIESANDTERRITORIES""='United_States_of_America')
",3,"with COVID-19 describe deaths by month, countriesAndTerritories for countriesAndTerritories in ('United_States_of_America', 'Italy')",132,0.1300639658848614,0,836.0,428.0,14.0,19.0,0,random7,2,1165,4,ext
13,0.1091683038637852,COVID-19,"Plan hash value: 818443477

----------------------------------------------------------------------------------------------
| Id  | Operation                     | Name         | Rows  | Bytes | Cost (%CPU)| Time     |
----------------------------------------------------------------------------------------------
|   0 | SELECT STATEMENT              |              |    13 |   559 |   127   (6)| 00:00:02 |
|   1 |  SORT GROUP BY                |              |    13 |   559 |   127   (6)| 00:00:02 |
|   2 |   MERGE JOIN                  |              |   348 | 14964 |   126   (5)| 00:00:02 |
|   3 |    TABLE ACCESS BY INDEX ROWID| COVIDDATE    |   348 |  6612 |     2   (0)| 00:00:01 |
|   4 |     INDEX FULL SCAN           | SYS_C0025273 |   348 |       |     1   (0)| 00:00:01 |
|*  5 |    SORT JOIN                  |              |   348 |  8352 |   124   (5)| 00:00:02 |
|   6 |     VIEW                      | VW_GBC_5     |   348 |  8352 |   123   (5)| 00:00:02 |
|   7 |      HASH GROUP BY            |              |   348 |  4872 |   123   (5)| 00:00:02 |
|   8 |       TABLE ACCESS FULL       | COVIDFACT    | 61080 |   835K|   119   (1)| 00:00:02 |
----------------------------------------------------------------------------------------------

Predicate Information (identified by operation id):
---------------------------------------------------

5 - access(""COVIDDATE"".""DATEREP""=""ITEM_1"")
filter(""COVIDDATE"".""DATEREP""=""ITEM_1"")
",4,with COVID-19 describe deaths by month,38,0.01782294888790691,0,559.0,168.0,127.0,13.0,0,random7,2,1167,33,ext
49,0.0056974459724950886,COVID-19,"Plan hash value: 1016733566

---------------------------------------------------------------------------------
| Id  | Operation           | Name      | Rows  | Bytes | Cost (%CPU)| Time     |
---------------------------------------------------------------------------------
|   0 | SELECT STATEMENT    |           |    49 |  1568 |   126   (4)| 00:00:02 |
|   1 |  SORT GROUP BY      |           |    49 |  1568 |   126   (4)| 00:00:02 |
|*  2 |   HASH JOIN         |           | 14184 |   443K|   124   (2)| 00:00:02 |
|*  3 |    TABLE ACCESS FULL| COUNTRY   |    49 |   882 |     4   (0)| 00:00:01 |
|   4 |    TABLE ACCESS FULL| COVIDFACT | 61080 |   835K|   119   (1)| 00:00:02 |
---------------------------------------------------------------------------------

Predicate Information (identified by operation id):
---------------------------------------------------

2 - access(""COUNTRY"".""COUNTRIESANDTERRITORIES""=""FT"".""COUNTRIESANDTERRI
TORIES"")
3 - filter(""COUNTRY"".""CONTINENTEXP""='America')
",0,with COVID-19 describe deaths by countriesAndTerritories for continentExp = 'America',85,0.0,0,1568.0,283.0,126.0,49.0,0,random8,0,1188,34,ext
211,0.7779305828421742,COVID-19,"Plan hash value: 216913314

--------------------------------------------------------------------------------
| Id  | Operation          | Name      | Rows  | Bytes | Cost (%CPU)| Time     |
--------------------------------------------------------------------------------
|   0 | SELECT STATEMENT   |           |   211 |  2954 |   123   (5)| 00:00:02 |
|   1 |  SORT GROUP BY     |           |   211 |  2954 |   123   (5)| 00:00:02 |
|   2 |   TABLE ACCESS FULL| COVIDFACT | 61080 |   835K|   119   (1)| 00:00:02 |
--------------------------------------------------------------------------------
",1,with COVID-19 describe deaths by countriesAndTerritories,56,0.007270600033428046,1,2954.0,244.0,123.0,211.0,0,random8,16,1187,34,ext
158,0.7779305828421742,COVID-19,"Plan hash value: 1016733566

---------------------------------------------------------------------------------
| Id  | Operation           | Name      | Rows  | Bytes | Cost (%CPU)| Time     |
---------------------------------------------------------------------------------
|   0 | SELECT STATEMENT    |           |   158 |  5056 |   127   (4)| 00:00:02 |
|   1 |  SORT GROUP BY      |           |   158 |  5056 |   127   (4)| 00:00:02 |
|*  2 |   HASH JOIN         |           | 45738 |  1429K|   124   (2)| 00:00:02 |
|*  3 |    TABLE ACCESS FULL| COUNTRY   |   158 |  2844 |     4   (0)| 00:00:01 |
|   4 |    TABLE ACCESS FULL| COVIDFACT | 61080 |   835K|   119   (1)| 00:00:02 |
---------------------------------------------------------------------------------

Predicate Information (identified by operation id):
---------------------------------------------------

2 - access(""COUNTRY"".""COUNTRIESANDTERRITORIES""=""FT"".""COUNTRIESANDTERRI
TORIES"")
3 - filter(""COUNTRY"".""CONTINENTEXP""='Africa' OR
""COUNTRY"".""CONTINENTEXP""='America' OR ""COUNTRY"".""CONTINENTEXP""='Europe')
",2,"with COVID-19 describe deaths by countriesAndTerritories for continentExp in ('America', 'Europe', 'Africa')",108,0.021499176276771004,1,5056.0,304.0,127.0,158.0,0,random8,9,1188,43,ext
39,0.7779305828421742,COVID-19,"Plan hash value: 2308937895

------------------------------------------------------------------------------------------------
| Id  | Operation                       | Name         | Rows  | Bytes | Cost (%CPU)| Time     |
------------------------------------------------------------------------------------------------
|   0 | SELECT STATEMENT                |              |    28 |  1232 |    19  (11)| 00:00:01 |
|   1 |  SORT GROUP BY                  |              |    28 |  1232 |    19  (11)| 00:00:01 |
|   2 |   MERGE JOIN                    |              |   934 | 41096 |    18   (6)| 00:00:01 |
|   3 |    TABLE ACCESS BY INDEX ROWID  | COVIDDATE    |   348 |  6612 |     2   (0)| 00:00:01 |
|   4 |     INDEX FULL SCAN             | SYS_C0025273 |   348 |       |     1   (0)| 00:00:01 |
|*  5 |    SORT JOIN                    |              |   934 | 23350 |    16   (7)| 00:00:01 |
|   6 |     INLIST ITERATOR             |              |       |       |            |          |
|   7 |      TABLE ACCESS BY INDEX ROWID| COVIDFACT    |   934 | 23350 |    15   (0)| 00:00:01 |
|*  8 |       INDEX RANGE SCAN          | SYS_C0025274 |   934 |       |     7   (0)| 00:00:01 |
------------------------------------------------------------------------------------------------

Predicate Information (identified by operation id):
---------------------------------------------------

5 - access(""COVIDDATE"".""DATEREP""=""FT"".""DATEREP"")
filter(""COVIDDATE"".""DATEREP""=""FT"".""DATEREP"")
8 - access(""FT"".""COUNTRIESANDTERRITORIES""='Germany' OR
""FT"".""COUNTRIESANDTERRITORIES""='Italy' OR ""FT"".""COUNTRIESANDTERRITORIES""='Spain')
",3,"with COVID-19 describe deaths by month, countriesAndTerritories for countriesAndTerritories in ('Italy', 'Spain', 'Germany')",124,0.023931307902467083,1,1232.0,419.0,19.0,28.0,0,random8,3,1221,10,ext
13,0.8358873608382449,COVID-19,"Plan hash value: 2755916834

-------------------------------------------------------------------------------------------------
| Id  | Operation                        | Name         | Rows  | Bytes | Cost (%CPU)| Time     |
-------------------------------------------------------------------------------------------------
|   0 | SELECT STATEMENT                 |              |    13 |   559 |    10  (20)| 00:00:01 |
|   1 |  SORT GROUP BY                   |              |    13 |   559 |    10  (20)| 00:00:01 |
|   2 |   MERGE JOIN                     |              |   195 |  8385 |     9  (12)| 00:00:01 |
|   3 |    TABLE ACCESS BY INDEX ROWID   | COVIDDATE    |   348 |  6612 |     2   (0)| 00:00:01 |
|   4 |     INDEX FULL SCAN              | SYS_C0025273 |   348 |       |     1   (0)| 00:00:01 |
|*  5 |    SORT JOIN                     |              |   195 |  4680 |     7  (15)| 00:00:01 |
|   6 |     VIEW                         | VW_GBC_5     |   195 |  4680 |     6   (0)| 00:00:01 |
|   7 |      HASH GROUP BY               |              |   195 |  4875 |     6   (0)| 00:00:01 |
|   8 |       TABLE ACCESS BY INDEX ROWID| COVIDFACT    |   286 |  7150 |     6   (0)| 00:00:01 |
|*  9 |        INDEX RANGE SCAN          | SYS_C0025274 |   286 |       |     3   (0)| 00:00:01 |
-------------------------------------------------------------------------------------------------

Predicate Information (identified by operation id):
---------------------------------------------------

5 - access(""COVIDDATE"".""DATEREP""=""ITEM_1"")
filter(""COVIDDATE"".""DATEREP""=""ITEM_1"")
9 - access(""FT"".""COUNTRIESANDTERRITORIES""='Italy')
",4,with COVID-19 describe deaths by month for countriesAndTerritories = 'Italy',76,0.2136641562321921,0,559.0,299.0,10.0,13.0,0,random8,2,1160,4,ext
39,0.8358873608382449,COVID-19,"Plan hash value: 2308937895

------------------------------------------------------------------------------------------------
| Id  | Operation                       | Name         | Rows  | Bytes | Cost (%CPU)| Time     |
------------------------------------------------------------------------------------------------
|   0 | SELECT STATEMENT                |              |    28 |  1344 |    18  (12)| 00:00:01 |
|   1 |  SORT GROUP BY                  |              |    28 |  1344 |    18  (12)| 00:00:01 |
|   2 |   MERGE JOIN                    |              |   868 | 41664 |    17   (6)| 00:00:01 |
|   3 |    TABLE ACCESS BY INDEX ROWID  | COVIDDATE    |   348 |  6612 |     2   (0)| 00:00:01 |
|   4 |     INDEX FULL SCAN             | SYS_C0025273 |   348 |       |     1   (0)| 00:00:01 |
|*  5 |    SORT JOIN                    |              |   868 | 25172 |    15   (7)| 00:00:01 |
|   6 |     INLIST ITERATOR             |              |       |       |            |          |
|   7 |      TABLE ACCESS BY INDEX ROWID| COVIDFACT    |   868 | 25172 |    14   (0)| 00:00:01 |
|*  8 |       INDEX RANGE SCAN          | SYS_C0025274 |   868 |       |     7   (0)| 00:00:01 |
------------------------------------------------------------------------------------------------

Predicate Information (identified by operation id):
---------------------------------------------------

5 - access(""COVIDDATE"".""DATEREP""=""FT"".""DATEREP"")
filter(""COVIDDATE"".""DATEREP""=""FT"".""DATEREP"")
8 - access(""FT"".""COUNTRIESANDTERRITORIES""='France' OR
""FT"".""COUNTRIESANDTERRITORIES""='Italy' OR ""FT"".""COUNTRIESANDTERRITORIES""='United_States_
of_America')
",5,"with COVID-19 describe deaths, cases by month, countriesAndTerritories for countriesAndTerritories in ('United_States_of_America', 'Italy', 'France')",149,0.21402730953370588,0,1344.0,458.0,18.0,28.0,0,random8,2,1174,7,ext
26,4.911591355599214E-4,COVID-19,"Plan hash value: 2308937895

------------------------------------------------------------------------------------------------
| Id  | Operation                       | Name         | Rows  | Bytes | Cost (%CPU)| Time     |
------------------------------------------------------------------------------------------------
|   0 | SELECT STATEMENT                |              |    19 |   912 |    14  (15)| 00:00:01 |
|   1 |  SORT GROUP BY                  |              |    19 |   912 |    14  (15)| 00:00:01 |
|   2 |   MERGE JOIN                    |              |   560 | 26880 |    13   (8)| 00:00:01 |
|   3 |    TABLE ACCESS BY INDEX ROWID  | COVIDDATE    |   348 |  6612 |     2   (0)| 00:00:01 |
|   4 |     INDEX FULL SCAN             | SYS_C0025273 |   348 |       |     1   (0)| 00:00:01 |
|*  5 |    SORT JOIN                    |              |   560 | 16240 |    11  (10)| 00:00:01 |
|   6 |     INLIST ITERATOR             |              |       |       |            |          |
|   7 |      TABLE ACCESS BY INDEX ROWID| COVIDFACT    |   560 | 16240 |    10   (0)| 00:00:01 |
|*  8 |       INDEX RANGE SCAN          | SYS_C0025274 |   560 |       |     5   (0)| 00:00:01 |
------------------------------------------------------------------------------------------------

Predicate Information (identified by operation id):
---------------------------------------------------

5 - access(""COVIDDATE"".""DATEREP""=""FT"".""DATEREP"")
filter(""COVIDDATE"".""DATEREP""=""FT"".""DATEREP"")
8 - access(""FT"".""COUNTRIESANDTERRITORIES""='Italy' OR
""FT"".""COUNTRIESANDTERRITORIES""='United_States_of_America')
",0,"with COVID-19 describe deaths, cases by month, countriesAndTerritories for countriesAndTerritories in ('United_States_of_America', 'Italy')",139,0.0,1,912.0,449.0,14.0,19.0,0,random9,1,1212,12,ext
39,0.013392272429600524,COVID-19,"Plan hash value: 2308937895

------------------------------------------------------------------------------------------------
| Id  | Operation                       | Name         | Rows  | Bytes | Cost (%CPU)| Time     |
------------------------------------------------------------------------------------------------
|   0 | SELECT STATEMENT                |              |    28 |  1344 |    18  (12)| 00:00:01 |
|   1 |  SORT GROUP BY                  |              |    28 |  1344 |    18  (12)| 00:00:01 |
|   2 |   MERGE JOIN                    |              |   868 | 41664 |    17   (6)| 00:00:01 |
|   3 |    TABLE ACCESS BY INDEX ROWID  | COVIDDATE    |   348 |  6612 |     2   (0)| 00:00:01 |
|   4 |     INDEX FULL SCAN             | SYS_C0025273 |   348 |       |     1   (0)| 00:00:01 |
|*  5 |    SORT JOIN                    |              |   868 | 25172 |    15   (7)| 00:00:01 |
|   6 |     INLIST ITERATOR             |              |       |       |            |          |
|   7 |      TABLE ACCESS BY INDEX ROWID| COVIDFACT    |   868 | 25172 |    14   (0)| 00:00:01 |
|*  8 |       INDEX RANGE SCAN          | SYS_C0025274 |   868 |       |     7   (0)| 00:00:01 |
------------------------------------------------------------------------------------------------

Predicate Information (identified by operation id):
---------------------------------------------------

5 - access(""COVIDDATE"".""DATEREP""=""FT"".""DATEREP"")
filter(""COVIDDATE"".""DATEREP""=""FT"".""DATEREP"")
8 - access(""FT"".""COUNTRIESANDTERRITORIES""='France' OR
""FT"".""COUNTRIESANDTERRITORIES""='Italy' OR ""FT"".""COUNTRIESANDTERRITORIES""='United_States_
of_America')
",1,"with COVID-19 describe deaths, cases by month, countriesAndTerritories for countriesAndTerritories in ('United_States_of_America', 'Italy', 'France')",149,0.0,1,1344.0,458.0,18.0,28.0,0,random9,5,1195,7,ext
39,0.014390962671905698,COVID-19,"Plan hash value: 2308937895

------------------------------------------------------------------------------------------------
| Id  | Operation                       | Name         | Rows  | Bytes | Cost (%CPU)| Time     |
------------------------------------------------------------------------------------------------
|   0 | SELECT STATEMENT                |              |    28 |  1232 |    18  (12)| 00:00:01 |
|   1 |  SORT GROUP BY                  |              |    28 |  1232 |    18  (12)| 00:00:01 |
|   2 |   MERGE JOIN                    |              |   868 | 38192 |    17   (6)| 00:00:01 |
|   3 |    TABLE ACCESS BY INDEX ROWID  | COVIDDATE    |   348 |  6612 |     2   (0)| 00:00:01 |
|   4 |     INDEX FULL SCAN             | SYS_C0025273 |   348 |       |     1   (0)| 00:00:01 |
|*  5 |    SORT JOIN                    |              |   868 | 21700 |    15   (7)| 00:00:01 |
|   6 |     INLIST ITERATOR             |              |       |       |            |          |
|   7 |      TABLE ACCESS BY INDEX ROWID| COVIDFACT    |   868 | 21700 |    14   (0)| 00:00:01 |
|*  8 |       INDEX RANGE SCAN          | SYS_C0025274 |   868 |       |     7   (0)| 00:00:01 |
------------------------------------------------------------------------------------------------

Predicate Information (identified by operation id):
---------------------------------------------------

5 - access(""COVIDDATE"".""DATEREP""=""FT"".""DATEREP"")
filter(""COVIDDATE"".""DATEREP""=""FT"".""DATEREP"")
8 - access(""FT"".""COUNTRIESANDTERRITORIES""='France' OR
""FT"".""COUNTRIESANDTERRITORIES""='Italy' OR ""FT"".""COUNTRIESANDTERRITORIES""='United_States_
of_America')
",2,"with COVID-19 describe deaths by month, countriesAndTerritories for countriesAndTerritories in ('United_States_of_America', 'Italy', 'France')",142,0.033003300330033,0,1232.0,437.0,18.0,28.0,0,random9,6,1183,9,ext
13,0.014390962671905698,COVID-19,"Plan hash value: 2755916834

-------------------------------------------------------------------------------------------------
| Id  | Operation                        | Name         | Rows  | Bytes | Cost (%CPU)| Time     |
-------------------------------------------------------------------------------------------------
|   0 | SELECT STATEMENT                 |              |    10 |   540 |    10  (20)| 00:00:01 |
|   1 |  SORT GROUP BY                   |              |    10 |   540 |    10  (20)| 00:00:01 |
|   2 |   MERGE JOIN                     |              |   163 |  8802 |     9  (12)| 00:00:01 |
|   3 |    TABLE ACCESS BY INDEX ROWID   | COVIDDATE    |   348 |  6612 |     2   (0)| 00:00:01 |
|   4 |     INDEX FULL SCAN              | SYS_C0025273 |   348 |       |     1   (0)| 00:00:01 |
|*  5 |    SORT JOIN                     |              |   163 |  5705 |     7  (15)| 00:00:01 |
|   6 |     VIEW                         | VW_GBC_5     |   163 |  5705 |     6   (0)| 00:00:01 |
|   7 |      HASH GROUP BY               |              |   163 |  4075 |     6   (0)| 00:00:01 |
|   8 |       TABLE ACCESS BY INDEX ROWID| COVIDFACT    |   286 |  7150 |     6   (0)| 00:00:01 |
|*  9 |        INDEX RANGE SCAN          | SYS_C0025274 |   286 |       |     3   (0)| 00:00:01 |
-------------------------------------------------------------------------------------------------

Predicate Information (identified by operation id):
---------------------------------------------------

5 - access(""COVIDDATE"".""DATEREP""=""ITEM_1"")
filter(""COVIDDATE"".""DATEREP""=""ITEM_1"")
9 - access(""FT"".""COUNTRIESANDTERRITORIES""='Italy')
",3,"with COVID-19 describe deaths by month, countriesAndTerritories for countriesAndTerritories = 'Italy'",101,0.09287925696594428,0,540.0,398.0,10.0,10.0,0,random9,2,1166,5,ext
39,0.014390962671905698,COVID-19,"Plan hash value: 2308937895

------------------------------------------------------------------------------------------------
| Id  | Operation                       | Name         | Rows  | Bytes | Cost (%CPU)| Time     |
------------------------------------------------------------------------------------------------
|   0 | SELECT STATEMENT                |              |    28 |  1344 |    18  (12)| 00:00:01 |
|   1 |  SORT GROUP BY                  |              |    28 |  1344 |    18  (12)| 00:00:01 |
|   2 |   MERGE JOIN                    |              |   868 | 41664 |    17   (6)| 00:00:01 |
|   3 |    TABLE ACCESS BY INDEX ROWID  | COVIDDATE    |   348 |  6612 |     2   (0)| 00:00:01 |
|   4 |     INDEX FULL SCAN             | SYS_C0025273 |   348 |       |     1   (0)| 00:00:01 |
|*  5 |    SORT JOIN                    |              |   868 | 25172 |    15   (7)| 00:00:01 |
|   6 |     INLIST ITERATOR             |              |       |       |            |          |
|   7 |      TABLE ACCESS BY INDEX ROWID| COVIDFACT    |   868 | 25172 |    14   (0)| 00:00:01 |
|*  8 |       INDEX RANGE SCAN          | SYS_C0025274 |   868 |       |     7   (0)| 00:00:01 |
------------------------------------------------------------------------------------------------

Predicate Information (identified by operation id):
---------------------------------------------------

5 - access(""COVIDDATE"".""DATEREP""=""FT"".""DATEREP"")
filter(""COVIDDATE"".""DATEREP""=""FT"".""DATEREP"")
8 - access(""FT"".""COUNTRIESANDTERRITORIES""='France' OR
""FT"".""COUNTRIESANDTERRITORIES""='Italy' OR ""FT"".""COUNTRIESANDTERRITORIES""='United_States_
of_America')
",4,"with COVID-19 describe deaths, cases by month, countriesAndTerritories for countriesAndTerritories in ('United_States_of_America', 'Italy', 'France')",149,0.12012012012012012,0,1344.0,458.0,18.0,28.0,0,random9,3,1182,8,ext
13,0.21650294695481337,COVID-19,"Plan hash value: 2755916834

-------------------------------------------------------------------------------------------------
| Id  | Operation                        | Name         | Rows  | Bytes | Cost (%CPU)| Time     |
-------------------------------------------------------------------------------------------------
|   0 | SELECT STATEMENT                 |              |    13 |   559 |    10  (20)| 00:00:01 |
|   1 |  SORT GROUP BY                   |              |    13 |   559 |    10  (20)| 00:00:01 |
|   2 |   MERGE JOIN                     |              |   190 |  8170 |     9  (12)| 00:00:01 |
|   3 |    TABLE ACCESS BY INDEX ROWID   | COVIDDATE    |   348 |  6612 |     2   (0)| 00:00:01 |
|   4 |     INDEX FULL SCAN              | SYS_C0025273 |   348 |       |     1   (0)| 00:00:01 |
|*  5 |    SORT JOIN                     |              |   190 |  4560 |     7  (15)| 00:00:01 |
|   6 |     VIEW                         | VW_GBC_5     |   190 |  4560 |     6   (0)| 00:00:01 |
|   7 |      HASH GROUP BY               |              |   190 |  4750 |     6   (0)| 00:00:01 |
|   8 |       TABLE ACCESS BY INDEX ROWID| COVIDFACT    |   275 |  6875 |     6   (0)| 00:00:01 |
|*  9 |        INDEX RANGE SCAN          | SYS_C0025274 |   275 |       |     3   (0)| 00:00:01 |
-------------------------------------------------------------------------------------------------

Predicate Information (identified by operation id):
---------------------------------------------------

5 - access(""COVIDDATE"".""DATEREP""=""ITEM_1"")
filter(""COVIDDATE"".""DATEREP""=""ITEM_1"")
9 - access(""FT"".""COUNTRIESANDTERRITORIES""='United_States_of_America')
",5,with COVID-19 describe deaths by month for countriesAndTerritories = 'United_States_of_America',95,0.022399645154136172,1,559.0,318.0,10.0,13.0,0,random9,3,1196,5,ext
13,0.6908644400785855,COVID-19,"Plan hash value: 2755916834

-------------------------------------------------------------------------------------------------
| Id  | Operation                        | Name         | Rows  | Bytes | Cost (%CPU)| Time     |
-------------------------------------------------------------------------------------------------
|   0 | SELECT STATEMENT                 |              |    13 |   559 |    10  (20)| 00:00:01 |
|   1 |  SORT GROUP BY                   |              |    13 |   559 |    10  (20)| 00:00:01 |
|   2 |   MERGE JOIN                     |              |   195 |  8385 |     9  (12)| 00:00:01 |
|   3 |    TABLE ACCESS BY INDEX ROWID   | COVIDDATE    |   348 |  6612 |     2   (0)| 00:00:01 |
|   4 |     INDEX FULL SCAN              | SYS_C0025273 |   348 |       |     1   (0)| 00:00:01 |
|*  5 |    SORT JOIN                     |              |   195 |  4680 |     7  (15)| 00:00:01 |
|   6 |     VIEW                         | VW_GBC_5     |   195 |  4680 |     6   (0)| 00:00:01 |
|   7 |      HASH GROUP BY               |              |   195 |  4875 |     6   (0)| 00:00:01 |
|   8 |       TABLE ACCESS BY INDEX ROWID| COVIDFACT    |   286 |  7150 |     6   (0)| 00:00:01 |
|*  9 |        INDEX RANGE SCAN          | SYS_C0025274 |   286 |       |     3   (0)| 00:00:01 |
-------------------------------------------------------------------------------------------------

Predicate Information (identified by operation id):
---------------------------------------------------

5 - access(""COVIDDATE"".""DATEREP""=""ITEM_1"")
filter(""COVIDDATE"".""DATEREP""=""ITEM_1"")
9 - access(""FT"".""COUNTRIESANDTERRITORIES""='Italy')
",6,with COVID-19 describe deaths by month for countriesAndTerritories = 'Italy',76,0.017005218039508014,0,559.0,299.0,10.0,13.0,0,random9,2,1164,5,ext
5,0.22337917485265227,COVID-19,"Plan hash value: 4043441030

----------------------------------------------------------------------------------------------
| Id  | Operation                     | Name         | Rows  | Bytes | Cost (%CPU)| Time     |
----------------------------------------------------------------------------------------------
|   0 | SELECT STATEMENT              |              |     5 |   210 |   127   (6)| 00:00:02 |
|   1 |  SORT GROUP BY                |              |     5 |   210 |   127   (6)| 00:00:02 |
|   2 |   MERGE JOIN                  |              |   211 |  8862 |   126   (5)| 00:00:02 |
|   3 |    TABLE ACCESS BY INDEX ROWID| COUNTRY      |   211 |  3798 |     2   (0)| 00:00:01 |
|   4 |     INDEX FULL SCAN           | SYS_C0025272 |   211 |       |     1   (0)| 00:00:01 |
|*  5 |    SORT JOIN                  |              |   211 |  5064 |   124   (5)| 00:00:02 |
|   6 |     VIEW                      | VW_GBC_5     |   211 |  5064 |   123   (5)| 00:00:02 |
|   7 |      HASH GROUP BY            |              |   211 |  2954 |   123   (5)| 00:00:02 |
|   8 |       TABLE ACCESS FULL       | COVIDFACT    | 61080 |   835K|   119   (1)| 00:00:02 |
----------------------------------------------------------------------------------------------

Predicate Information (identified by operation id):
---------------------------------------------------

5 - access(""COUNTRY"".""COUNTRIESANDTERRITORIES""=""ITEM_1"")
filter(""COUNTRY"".""COUNTRIESANDTERRITORIES""=""ITEM_1"")
",0,with COVID-19 describe deaths by continentExp,45,0.0,0,210.0,211.0,127.0,5.0,1,covid0,0,1068,22,adbis
49,0.22337917485265227,COVID-19,"Plan hash value: 1016733566

---------------------------------------------------------------------------------
| Id  | Operation           | Name      | Rows  | Bytes | Cost (%CPU)| Time     |
---------------------------------------------------------------------------------
|   0 | SELECT STATEMENT    |           |    49 |  1568 |   126   (4)| 00:00:02 |
|   1 |  SORT GROUP BY      |           |    49 |  1568 |   126   (4)| 00:00:02 |
|*  2 |   HASH JOIN         |           | 14184 |   443K|   124   (2)| 00:00:02 |
|*  3 |    TABLE ACCESS FULL| COUNTRY   |    49 |   882 |     4   (0)| 00:00:01 |
|   4 |    TABLE ACCESS FULL| COVIDFACT | 61080 |   835K|   119   (1)| 00:00:02 |
---------------------------------------------------------------------------------

Predicate Information (identified by operation id):
---------------------------------------------------

2 - access(""COUNTRY"".""COUNTRIESANDTERRITORIES""=""FT"".""COUNTRIESANDTERRI
TORIES"")
3 - filter(""COUNTRY"".""CONTINENTEXP""='America')
",1,with COVID-19 describe deaths by countriesAndTerritories for continentExp = 'America',85,0.024871355060034305,1,1568.0,283.0,126.0,49.0,1,covid0,9,1173,23,adbis
13,0.22337917485265227,COVID-19,"Plan hash value: 2755916834

-------------------------------------------------------------------------------------------------
| Id  | Operation                        | Name         | Rows  | Bytes | Cost (%CPU)| Time     |
-------------------------------------------------------------------------------------------------
|   0 | SELECT STATEMENT                 |              |    10 |   540 |    10  (20)| 00:00:01 |
|   1 |  SORT GROUP BY                   |              |    10 |   540 |    10  (20)| 00:00:01 |
|   2 |   MERGE JOIN                     |              |   159 |  8586 |     9  (12)| 00:00:01 |
|   3 |    TABLE ACCESS BY INDEX ROWID   | COVIDDATE    |   348 |  6612 |     2   (0)| 00:00:01 |
|   4 |     INDEX FULL SCAN              | SYS_C0025273 |   348 |       |     1   (0)| 00:00:01 |
|*  5 |    SORT JOIN                     |              |   159 |  5565 |     7  (15)| 00:00:01 |
|   6 |     VIEW                         | VW_GBC_5     |   159 |  5565 |     6   (0)| 00:00:01 |
|   7 |      HASH GROUP BY               |              |   159 |  3975 |     6   (0)| 00:00:01 |
|   8 |       TABLE ACCESS BY INDEX ROWID| COVIDFACT    |   275 |  6875 |     6   (0)| 00:00:01 |
|*  9 |        INDEX RANGE SCAN          | SYS_C0025274 |   275 |       |     3   (0)| 00:00:01 |
-------------------------------------------------------------------------------------------------

Predicate Information (identified by operation id):
---------------------------------------------------

5 - access(""COVIDDATE"".""DATEREP""=""ITEM_1"")
filter(""COVIDDATE"".""DATEREP""=""ITEM_1"")
9 - access(""FT"".""COUNTRIESANDTERRITORIES""='United_States_of_America')
",2,"with COVID-19 describe deaths by month, countriesAndTerritories for countriesAndTerritories = 'United_States_of_America'",120,0.02910410588486444,1,540.0,417.0,10.0,10.0,1,covid0,2,1202,8,adbis
13,0.22337917485265227,COVID-19,"Plan hash value: 2755916834

-------------------------------------------------------------------------------------------------
| Id  | Operation                        | Name         | Rows  | Bytes | Cost (%CPU)| Time     |
-------------------------------------------------------------------------------------------------
|   0 | SELECT STATEMENT                 |              |    10 |   670 |    10  (20)| 00:00:01 |
|   1 |  SORT GROUP BY                   |              |    10 |   670 |    10  (20)| 00:00:01 |
|   2 |   MERGE JOIN                     |              |   159 | 10653 |     9  (12)| 00:00:01 |
|   3 |    TABLE ACCESS BY INDEX ROWID   | COVIDDATE    |   348 |  6612 |     2   (0)| 00:00:01 |
|   4 |     INDEX FULL SCAN              | SYS_C0025273 |   348 |       |     1   (0)| 00:00:01 |
|*  5 |    SORT JOIN                     |              |   159 |  7632 |     7  (15)| 00:00:01 |
|   6 |     VIEW                         | VW_GBC_5     |   159 |  7632 |     6   (0)| 00:00:01 |
|   7 |      HASH GROUP BY               |              |   159 |  4611 |     6   (0)| 00:00:01 |
|   8 |       TABLE ACCESS BY INDEX ROWID| COVIDFACT    |   275 |  7975 |     6   (0)| 00:00:01 |
|*  9 |        INDEX RANGE SCAN          | SYS_C0025274 |   275 |       |     3   (0)| 00:00:01 |
-------------------------------------------------------------------------------------------------

Predicate Information (identified by operation id):
---------------------------------------------------

5 - access(""COVIDDATE"".""DATEREP""=""ITEM_1"")
filter(""COVIDDATE"".""DATEREP""=""ITEM_1"")
9 - access(""FT"".""COUNTRIESANDTERRITORIES""='United_States_of_America')
",3,"with COVID-19 describe deaths, cases by month, countriesAndTerritories for countriesAndTerritories = 'United_States_of_America'",127,0.041584714807530204,0,670.0,438.0,10.0,10.0,1,covid0,2,1211,5,adbis
5,0.22337917485265227,COVID-19,"Plan hash value: 4043441030

----------------------------------------------------------------------------------------------
| Id  | Operation                     | Name         | Rows  | Bytes | Cost (%CPU)| Time     |
----------------------------------------------------------------------------------------------
|   0 | SELECT STATEMENT              |              |     5 |   210 |   127   (6)| 00:00:02 |
|   1 |  SORT GROUP BY                |              |     5 |   210 |   127   (6)| 00:00:02 |
|   2 |   MERGE JOIN                  |              |   211 |  8862 |   126   (5)| 00:00:02 |
|   3 |    TABLE ACCESS BY INDEX ROWID| COUNTRY      |   211 |  3798 |     2   (0)| 00:00:01 |
|   4 |     INDEX FULL SCAN           | SYS_C0025272 |   211 |       |     1   (0)| 00:00:01 |
|*  5 |    SORT JOIN                  |              |   211 |  5064 |   124   (5)| 00:00:02 |
|   6 |     VIEW                      | VW_GBC_5     |   211 |  5064 |   123   (5)| 00:00:02 |
|   7 |      HASH GROUP BY            |              |   211 |  2954 |   123   (5)| 00:00:02 |
|   8 |       TABLE ACCESS FULL       | COVIDFACT    | 61080 |   835K|   119   (1)| 00:00:02 |
----------------------------------------------------------------------------------------------

Predicate Information (identified by operation id):
---------------------------------------------------

5 - access(""COUNTRY"".""COUNTRIESANDTERRITORIES""=""ITEM_1"")
filter(""COUNTRY"".""COUNTRIESANDTERRITORIES""=""ITEM_1"")
",0,with COVID-19 describe deaths by continentExp,45,0.0,0,210.0,211.0,127.0,5.0,1,covid1,1,1053,22,adbis
49,0.22337917485265227,COVID-19,"Plan hash value: 1016733566

---------------------------------------------------------------------------------
| Id  | Operation           | Name      | Rows  | Bytes | Cost (%CPU)| Time     |
---------------------------------------------------------------------------------
|   0 | SELECT STATEMENT    |           |    49 |  1568 |   126   (4)| 00:00:02 |
|   1 |  SORT GROUP BY      |           |    49 |  1568 |   126   (4)| 00:00:02 |
|*  2 |   HASH JOIN         |           | 14184 |   443K|   124   (2)| 00:00:02 |
|*  3 |    TABLE ACCESS FULL| COUNTRY   |    49 |   882 |     4   (0)| 00:00:01 |
|   4 |    TABLE ACCESS FULL| COVIDFACT | 61080 |   835K|   119   (1)| 00:00:02 |
---------------------------------------------------------------------------------

Predicate Information (identified by operation id):
---------------------------------------------------

2 - access(""COUNTRY"".""COUNTRIESANDTERRITORIES""=""FT"".""COUNTRIESANDTERRI
TORIES"")
3 - filter(""COUNTRY"".""CONTINENTEXP""='America')
",1,with COVID-19 describe deaths by countriesAndTerritories for continentExp = 'America',85,0.024871355060034305,0,1568.0,283.0,126.0,49.0,1,covid1,10,1163,22,adbis
26,0.22809430255402752,COVID-19,"Plan hash value: 2308937895

------------------------------------------------------------------------------------------------
| Id  | Operation                       | Name         | Rows  | Bytes | Cost (%CPU)| Time     |
------------------------------------------------------------------------------------------------
|   0 | SELECT STATEMENT                |              |    19 |   836 |    14  (15)| 00:00:01 |
|   1 |  SORT GROUP BY                  |              |    19 |   836 |    14  (15)| 00:00:01 |
|   2 |   MERGE JOIN                    |              |   560 | 24640 |    13   (8)| 00:00:01 |
|   3 |    TABLE ACCESS BY INDEX ROWID  | COVIDDATE    |   348 |  6612 |     2   (0)| 00:00:01 |
|   4 |     INDEX FULL SCAN             | SYS_C0025273 |   348 |       |     1   (0)| 00:00:01 |
|*  5 |    SORT JOIN                    |              |   560 | 14000 |    11  (10)| 00:00:01 |
|   6 |     INLIST ITERATOR             |              |       |       |            |          |
|   7 |      TABLE ACCESS BY INDEX ROWID| COVIDFACT    |   560 | 14000 |    10   (0)| 00:00:01 |
|*  8 |       INDEX RANGE SCAN          | SYS_C0025274 |   560 |       |     5   (0)| 00:00:01 |
------------------------------------------------------------------------------------------------

Predicate Information (identified by operation id):
---------------------------------------------------

5 - access(""COVIDDATE"".""DATEREP""=""FT"".""DATEREP"")
filter(""COVIDDATE"".""DATEREP""=""FT"".""DATEREP"")
8 - access(""FT"".""COUNTRIESANDTERRITORIES""='Italy' OR
""FT"".""COUNTRIESANDTERRITORIES""='United_States_of_America')
",2,"with COVID-19 describe deaths by month, countriesAndTerritories for countriesAndTerritories in ('United_States_of_America', 'Italy')",132,0.030615084887280822,1,836.0,428.0,14.0,19.0,1,covid1,3,1184,5,adbis
39,0.22809430255402752,COVID-19,"Plan hash value: 2308937895

------------------------------------------------------------------------------------------------
| Id  | Operation                       | Name         | Rows  | Bytes | Cost (%CPU)| Time     |
------------------------------------------------------------------------------------------------
|   0 | SELECT STATEMENT                |              |    28 |  1232 |    18  (12)| 00:00:01 |
|   1 |  SORT GROUP BY                  |              |    28 |  1232 |    18  (12)| 00:00:01 |
|   2 |   MERGE JOIN                    |              |   868 | 38192 |    17   (6)| 00:00:01 |
|   3 |    TABLE ACCESS BY INDEX ROWID  | COVIDDATE    |   348 |  6612 |     2   (0)| 00:00:01 |
|   4 |     INDEX FULL SCAN             | SYS_C0025273 |   348 |       |     1   (0)| 00:00:01 |
|*  5 |    SORT JOIN                    |              |   868 | 21700 |    15   (7)| 00:00:01 |
|   6 |     INLIST ITERATOR             |              |       |       |            |          |
|   7 |      TABLE ACCESS BY INDEX ROWID| COVIDFACT    |   868 | 21700 |    14   (0)| 00:00:01 |
|*  8 |       INDEX RANGE SCAN          | SYS_C0025274 |   868 |       |     7   (0)| 00:00:01 |
------------------------------------------------------------------------------------------------

Predicate Information (identified by operation id):
---------------------------------------------------

5 - access(""COVIDDATE"".""DATEREP""=""FT"".""DATEREP"")
filter(""COVIDDATE"".""DATEREP""=""FT"".""DATEREP"")
8 - access(""FT"".""COUNTRIESANDTERRITORIES""='France' OR
""FT"".""COUNTRIESANDTERRITORIES""='Italy' OR ""FT"".""COUNTRIESANDTERRITORIES""='United_States_
of_America')
",3,"with COVID-19 describe deaths by month, countriesAndTerritories for countriesAndTerritories in ('United_States_of_America', 'Italy', 'France')",142,0.03671437461107654,1,1232.0,437.0,18.0,28.0,1,covid1,3,1222,10,adbis
39,0.22809430255402752,COVID-19,"Plan hash value: 2308937895

------------------------------------------------------------------------------------------------
| Id  | Operation                       | Name         | Rows  | Bytes | Cost (%CPU)| Time     |
------------------------------------------------------------------------------------------------
|   0 | SELECT STATEMENT                |              |    28 |  1344 |    18  (12)| 00:00:01 |
|   1 |  SORT GROUP BY                  |              |    28 |  1344 |    18  (12)| 00:00:01 |
|   2 |   MERGE JOIN                    |              |   868 | 41664 |    17   (6)| 00:00:01 |
|   3 |    TABLE ACCESS BY INDEX ROWID  | COVIDDATE    |   348 |  6612 |     2   (0)| 00:00:01 |
|   4 |     INDEX FULL SCAN             | SYS_C0025273 |   348 |       |     1   (0)| 00:00:01 |
|*  5 |    SORT JOIN                    |              |   868 | 25172 |    15   (7)| 00:00:01 |
|   6 |     INLIST ITERATOR             |              |       |       |            |          |
|   7 |      TABLE ACCESS BY INDEX ROWID| COVIDFACT    |   868 | 25172 |    14   (0)| 00:00:01 |
|*  8 |       INDEX RANGE SCAN          | SYS_C0025274 |   868 |       |     7   (0)| 00:00:01 |
------------------------------------------------------------------------------------------------

Predicate Information (identified by operation id):
---------------------------------------------------

5 - access(""COVIDDATE"".""DATEREP""=""FT"".""DATEREP"")
filter(""COVIDDATE"".""DATEREP""=""FT"".""DATEREP"")
8 - access(""FT"".""COUNTRIESANDTERRITORIES""='France' OR
""FT"".""COUNTRIESANDTERRITORIES""='Italy' OR ""FT"".""COUNTRIESANDTERRITORIES""='United_States_
of_America')
",4,"with COVID-19 describe deaths, cases by month, countriesAndTerritories for countriesAndTerritories in ('United_States_of_America', 'Italy', 'France')",149,0.03870834195818671,1,1344.0,458.0,18.0,28.0,1,covid1,3,1236,13,adbis
13,0.2032580222658808,COVID-19,"Plan hash value: 2755916834

-------------------------------------------------------------------------------------------------
| Id  | Operation                        | Name         | Rows  | Bytes | Cost (%CPU)| Time     |
-------------------------------------------------------------------------------------------------
|   0 | SELECT STATEMENT                 |              |    13 |   559 |    10  (20)| 00:00:01 |
|   1 |  SORT GROUP BY                   |              |    13 |   559 |    10  (20)| 00:00:01 |
|   2 |   MERGE JOIN                     |              |   195 |  8385 |     9  (12)| 00:00:01 |
|   3 |    TABLE ACCESS BY INDEX ROWID   | COVIDDATE    |   348 |  6612 |     2   (0)| 00:00:01 |
|   4 |     INDEX FULL SCAN              | SYS_C0025273 |   348 |       |     1   (0)| 00:00:01 |
|*  5 |    SORT JOIN                     |              |   195 |  4680 |     7  (15)| 00:00:01 |
|   6 |     VIEW                         | VW_GBC_5     |   195 |  4680 |     6   (0)| 00:00:01 |
|   7 |      HASH GROUP BY               |              |   195 |  4875 |     6   (0)| 00:00:01 |
|   8 |       TABLE ACCESS BY INDEX ROWID| COVIDFACT    |   286 |  7150 |     6   (0)| 00:00:01 |
|*  9 |        INDEX RANGE SCAN          | SYS_C0025274 |   286 |       |     3   (0)| 00:00:01 |
-------------------------------------------------------------------------------------------------

Predicate Information (identified by operation id):
---------------------------------------------------

5 - access(""COVIDDATE"".""DATEREP""=""ITEM_1"")
filter(""COVIDDATE"".""DATEREP""=""ITEM_1"")
9 - access(""FT"".""COUNTRIESANDTERRITORIES""='Italy')
",0,with COVID-19 describe deaths by month for countriesAndTerritories = 'Italy',76,0.0,1,559.0,299.0,10.0,13.0,1,covid2,0,1185,6,adbis
13,0.20676162409954157,COVID-19,"Plan hash value: 2308937895

------------------------------------------------------------------------------------------------
| Id  | Operation                       | Name         | Rows  | Bytes | Cost (%CPU)| Time     |
------------------------------------------------------------------------------------------------
|   0 | SELECT STATEMENT                |              |    28 |  1232 |    11  (19)| 00:00:01 |
|   1 |  SORT GROUP BY                  |              |    28 |  1232 |    11  (19)| 00:00:01 |
|   2 |   MERGE JOIN                    |              |   287 | 12628 |    10  (10)| 00:00:01 |
|   3 |    TABLE ACCESS BY INDEX ROWID  | COVIDDATE    |   348 |  6612 |     2   (0)| 00:00:01 |
|   4 |     INDEX FULL SCAN             | SYS_C0025273 |   348 |       |     1   (0)| 00:00:01 |
|*  5 |    SORT JOIN                    |              |   287 |  7175 |     8  (13)| 00:00:01 |
|   6 |     INLIST ITERATOR             |              |       |       |            |          |
|   7 |      TABLE ACCESS BY INDEX ROWID| COVIDFACT    |   287 |  7175 |     7   (0)| 00:00:01 |
|*  8 |       INDEX RANGE SCAN          | SYS_C0025274 |   287 |       |     4   (0)| 00:00:01 |
------------------------------------------------------------------------------------------------

Predicate Information (identified by operation id):
---------------------------------------------------

5 - access(""COVIDDATE"".""DATEREP""=""FT"".""DATEREP"")
filter(""COVIDDATE"".""DATEREP""=""FT"".""DATEREP"")
8 - access(""FT"".""COUNTRIESANDTERRITORIES""=' France' OR
""FT"".""COUNTRIESANDTERRITORIES""=' Germany' OR ""FT"".""COUNTRIESANDTERRITORIES""='Italy')
",1,"with COVID-19 describe deaths by month, countriesAndTerritories for countriesAndTerritories in ('Italy', ' France', ' Germany')",127,0.0,0,1232.0,422.0,11.0,28.0,1,covid2,1,1212,7,adbis
158,0.21619187950229207,COVID-19,"Plan hash value: 1016733566

---------------------------------------------------------------------------------
| Id  | Operation           | Name      | Rows  | Bytes | Cost (%CPU)| Time     |
---------------------------------------------------------------------------------
|   0 | SELECT STATEMENT    |           |   158 |  5056 |   127   (4)| 00:00:02 |
|   1 |  SORT GROUP BY      |           |   158 |  5056 |   127   (4)| 00:00:02 |
|*  2 |   HASH JOIN         |           | 45738 |  1429K|   124   (2)| 00:00:02 |
|*  3 |    TABLE ACCESS FULL| COUNTRY   |   158 |  2844 |     4   (0)| 00:00:01 |
|   4 |    TABLE ACCESS FULL| COVIDFACT | 61080 |   835K|   119   (1)| 00:00:02 |
---------------------------------------------------------------------------------

Predicate Information (identified by operation id):
---------------------------------------------------

2 - access(""COUNTRY"".""COUNTRIESANDTERRITORIES""=""FT"".""COUNTRIESANDTERRI
TORIES"")
3 - filter(""COUNTRY"".""CONTINENTEXP""='Africa' OR
""COUNTRY"".""CONTINENTEXP""='America' OR ""COUNTRY"".""CONTINENTEXP""='Europe')
",2,"with COVID-19 describe deaths by countriesAndTerritories for continentExp in ('America', 'Europe', 'Africa')",108,0.00900562851782364,1,5056.0,304.0,127.0,158.0,1,covid2,8,1170,49,adbis
26,0.21619187950229207,COVID-19,"Plan hash value: 2308937895

------------------------------------------------------------------------------------------------
| Id  | Operation                       | Name         | Rows  | Bytes | Cost (%CPU)| Time     |
------------------------------------------------------------------------------------------------
|   0 | SELECT STATEMENT                |              |    19 |   912 |    14  (15)| 00:00:01 |
|   1 |  SORT GROUP BY                  |              |    19 |   912 |    14  (15)| 00:00:01 |
|   2 |   MERGE JOIN                    |              |   560 | 26880 |    13   (8)| 00:00:01 |
|   3 |    TABLE ACCESS BY INDEX ROWID  | COVIDDATE    |   348 |  6612 |     2   (0)| 00:00:01 |
|   4 |     INDEX FULL SCAN             | SYS_C0025273 |   348 |       |     1   (0)| 00:00:01 |
|*  5 |    SORT JOIN                    |              |   560 | 16240 |    11  (10)| 00:00:01 |
|   6 |     INLIST ITERATOR             |              |       |       |            |          |
|   7 |      TABLE ACCESS BY INDEX ROWID| COVIDFACT    |   560 | 16240 |    10   (0)| 00:00:01 |
|*  8 |       INDEX RANGE SCAN          | SYS_C0025274 |   560 |       |     5   (0)| 00:00:01 |
------------------------------------------------------------------------------------------------

Predicate Information (identified by operation id):
---------------------------------------------------

5 - access(""COVIDDATE"".""DATEREP""=""FT"".""DATEREP"")
filter(""COVIDDATE"".""DATEREP""=""FT"".""DATEREP"")
8 - access(""FT"".""COUNTRIESANDTERRITORIES""='Italy' OR
""FT"".""COUNTRIESANDTERRITORIES""='United_States_of_America')
",3,"with COVID-19 describe deaths, cases by month, countriesAndTerritories for countriesAndTerritories in ('United_States_of_America', 'Italy')",139,0.011231748408835642,0,912.0,449.0,14.0,19.0,1,covid2,2,1200,7,adbis
13,0.20510805500982318,COVID-19,"Plan hash value: 2755916834

-------------------------------------------------------------------------------------------------
| Id  | Operation                        | Name         | Rows  | Bytes | Cost (%CPU)| Time     |
-------------------------------------------------------------------------------------------------
|   0 | SELECT STATEMENT                 |              |    13 |   559 |    10  (20)| 00:00:01 |
|   1 |  SORT GROUP BY                   |              |    13 |   559 |    10  (20)| 00:00:01 |
|   2 |   MERGE JOIN                     |              |   190 |  8170 |     9  (12)| 00:00:01 |
|   3 |    TABLE ACCESS BY INDEX ROWID   | COVIDDATE    |   348 |  6612 |     2   (0)| 00:00:01 |
|   4 |     INDEX FULL SCAN              | SYS_C0025273 |   348 |       |     1   (0)| 00:00:01 |
|*  5 |    SORT JOIN                     |              |   190 |  4560 |     7  (15)| 00:00:01 |
|   6 |     VIEW                         | VW_GBC_5     |   190 |  4560 |     6   (0)| 00:00:01 |
|   7 |      HASH GROUP BY               |              |   190 |  4750 |     6   (0)| 00:00:01 |
|   8 |       TABLE ACCESS BY INDEX ROWID| COVIDFACT    |   275 |  6875 |     6   (0)| 00:00:01 |
|*  9 |        INDEX RANGE SCAN          | SYS_C0025274 |   275 |       |     3   (0)| 00:00:01 |
-------------------------------------------------------------------------------------------------

Predicate Information (identified by operation id):
---------------------------------------------------

5 - access(""COVIDDATE"".""DATEREP""=""ITEM_1"")
filter(""COVIDDATE"".""DATEREP""=""ITEM_1"")
9 - access(""FT"".""COUNTRIESANDTERRITORIES""='United_States_of_America')
",0,with COVID-19 describe deaths by month for countriesAndTerritories = 'United_States_of_America',95,0.0,0,559.0,318.0,10.0,13.0,1,covid3,0,1194,9,adbis
506,0.20780943025540274,COVID-19,"Plan hash value: 3009686037

----------------------------------------------------------------------------------
| Id  | Operation            | Name      | Rows  | Bytes | Cost (%CPU)| Time     |
----------------------------------------------------------------------------------
|   0 | SELECT STATEMENT     |           |   451 | 27962 |   130   (4)| 00:00:02 |
|   1 |  SORT GROUP BY       |           |   451 | 27962 |   130   (4)| 00:00:02 |
|*  2 |   HASH JOIN          |           | 14184 |   858K|   129   (3)| 00:00:02 |
|   3 |    TABLE ACCESS FULL | COVIDDATE |   348 |  6612 |     4   (0)| 00:00:01 |
|*  4 |    HASH JOIN         |           | 14184 |   595K|   124   (2)| 00:00:02 |
|*  5 |     TABLE ACCESS FULL| COUNTRY   |    49 |   882 |     4   (0)| 00:00:01 |
|   6 |     TABLE ACCESS FULL| COVIDFACT | 61080 |  1491K|   119   (1)| 00:00:02 |
----------------------------------------------------------------------------------

Predicate Information (identified by operation id):
---------------------------------------------------

2 - access(""COVIDDATE"".""DATEREP""=""FT"".""DATEREP"")
4 - access(""COUNTRY"".""COUNTRIESANDTERRITORIES""=""FT"".""COUNTRIESANDTERRIT
ORIES"")
5 - filter(""COUNTRY"".""CONTINENTEXP""='America')
",1,"with COVID-19 describe deaths by month, countriesAndTerritories for continentExp in ('America')",95,0.00478281323506351,2,27962.0,392.0,130.0,451.0,1,covid3,6,1214,40,adbis
1044,0.20780943025540274,COVID-19,"Plan hash value: 3009686037

----------------------------------------------------------------------------------
| Id  | Operation            | Name      | Rows  | Bytes | Cost (%CPU)| Time     |
----------------------------------------------------------------------------------
|   0 | SELECT STATEMENT     |           |  1002 | 62124 |   131   (4)| 00:00:02 |
|   1 |  SORT GROUP BY       |           |  1002 | 62124 |   131   (4)| 00:00:02 |
|*  2 |   HASH JOIN          |           | 31408 |  1901K|   129   (3)| 00:00:02 |
|   3 |    TABLE ACCESS FULL | COVIDDATE |   348 |  6612 |     4   (0)| 00:00:01 |
|*  4 |    HASH JOIN         |           | 31408 |  1318K|   124   (2)| 00:00:02 |
|*  5 |     TABLE ACCESS FULL| COUNTRY   |   109 |  1962 |     4   (0)| 00:00:01 |
|   6 |     TABLE ACCESS FULL| COVIDFACT | 61080 |  1491K|   119   (1)| 00:00:02 |
----------------------------------------------------------------------------------

Predicate Information (identified by operation id):
---------------------------------------------------

2 - access(""COVIDDATE"".""DATEREP""=""FT"".""DATEREP"")
4 - access(""COUNTRY"".""COUNTRIESANDTERRITORIES""=""FT"".""COUNTRIESANDTERRIT
ORIES"")
5 - filter(""COUNTRY"".""CONTINENTEXP""='Africa' OR
""COUNTRY"".""CONTINENTEXP""='America' OR ""COUNTRY"".""CONTINENTEXP""='Europa')
",2,"with COVID-19 describe deaths by month, countriesAndTerritories for continentExp in ('America', 'Europa', 'Africa')",115,0.022110939907550076,3,62124.0,410.0,131.0,1002.0,1,covid3,42,1284,67,adbis
5,0.3796332678454486,COVID-19,"Plan hash value: 4043441030

----------------------------------------------------------------------------------------------
| Id  | Operation                     | Name         | Rows  | Bytes | Cost (%CPU)| Time     |
----------------------------------------------------------------------------------------------
|   0 | SELECT STATEMENT              |              |     5 |   210 |   127   (6)| 00:00:02 |
|   1 |  SORT GROUP BY                |              |     5 |   210 |   127   (6)| 00:00:02 |
|   2 |   MERGE JOIN                  |              |   211 |  8862 |   126   (5)| 00:00:02 |
|   3 |    TABLE ACCESS BY INDEX ROWID| COUNTRY      |   211 |  3798 |     2   (0)| 00:00:01 |
|   4 |     INDEX FULL SCAN           | SYS_C0025272 |   211 |       |     1   (0)| 00:00:01 |
|*  5 |    SORT JOIN                  |              |   211 |  5064 |   124   (5)| 00:00:02 |
|   6 |     VIEW                      | VW_GBC_5     |   211 |  5064 |   123   (5)| 00:00:02 |
|   7 |      HASH GROUP BY            |              |   211 |  2954 |   123   (5)| 00:00:02 |
|   8 |       TABLE ACCESS FULL       | COVIDFACT    | 61080 |   835K|   119   (1)| 00:00:02 |
----------------------------------------------------------------------------------------------

Predicate Information (identified by operation id):
---------------------------------------------------

5 - access(""COUNTRY"".""COUNTRIESANDTERRITORIES""=""ITEM_1"")
filter(""COUNTRY"".""COUNTRIESANDTERRITORIES""=""ITEM_1"")
",3,with COVID-19 describe deaths by continentExp,45,0.1290564903846154,0,210.0,211.0,127.0,5.0,1,covid3,14,1069,23,adbis
13,0.10347085789129011,COVID-19,"Plan hash value: 818443477

----------------------------------------------------------------------------------------------
| Id  | Operation                     | Name         | Rows  | Bytes | Cost (%CPU)| Time     |
----------------------------------------------------------------------------------------------
|   0 | SELECT STATEMENT              |              |    13 |   559 |   127   (6)| 00:00:02 |
|   1 |  SORT GROUP BY                |              |    13 |   559 |   127   (6)| 00:00:02 |
|   2 |   MERGE JOIN                  |              |   348 | 14964 |   126   (5)| 00:00:02 |
|   3 |    TABLE ACCESS BY INDEX ROWID| COVIDDATE    |   348 |  6612 |     2   (0)| 00:00:01 |
|   4 |     INDEX FULL SCAN           | SYS_C0025273 |   348 |       |     1   (0)| 00:00:01 |
|*  5 |    SORT JOIN                  |              |   348 |  8352 |   124   (5)| 00:00:02 |
|   6 |     VIEW                      | VW_GBC_5     |   348 |  8352 |   123   (5)| 00:00:02 |
|   7 |      HASH GROUP BY            |              |   348 |  4872 |   123   (5)| 00:00:02 |
|   8 |       TABLE ACCESS FULL       | COVIDFACT    | 61080 |   835K|   119   (1)| 00:00:02 |
----------------------------------------------------------------------------------------------

Predicate Information (identified by operation id):
---------------------------------------------------

5 - access(""COVIDDATE"".""DATEREP""=""ITEM_1"")
filter(""COVIDDATE"".""DATEREP""=""ITEM_1"")
",0,with COVID-19 describe deaths by month,38,0.0,1,559.0,168.0,127.0,13.0,1,covid4,1,1178,29,adbis
13,0.10446954813359528,COVID-19,"Plan hash value: 2755916834

-------------------------------------------------------------------------------------------------
| Id  | Operation                        | Name         | Rows  | Bytes | Cost (%CPU)| Time     |
-------------------------------------------------------------------------------------------------
|   0 | SELECT STATEMENT                 |              |    10 |   540 |    10  (20)| 00:00:01 |
|   1 |  SORT GROUP BY                   |              |    10 |   540 |    10  (20)| 00:00:01 |
|   2 |   MERGE JOIN                     |              |   163 |  8802 |     9  (12)| 00:00:01 |
|   3 |    TABLE ACCESS BY INDEX ROWID   | COVIDDATE    |   348 |  6612 |     2   (0)| 00:00:01 |
|   4 |     INDEX FULL SCAN              | SYS_C0025273 |   348 |       |     1   (0)| 00:00:01 |
|*  5 |    SORT JOIN                     |              |   163 |  5705 |     7  (15)| 00:00:01 |
|   6 |     VIEW                         | VW_GBC_5     |   163 |  5705 |     6   (0)| 00:00:01 |
|   7 |      HASH GROUP BY               |              |   163 |  4075 |     6   (0)| 00:00:01 |
|   8 |       TABLE ACCESS BY INDEX ROWID| COVIDFACT    |   286 |  7150 |     6   (0)| 00:00:01 |
|*  9 |        INDEX RANGE SCAN          | SYS_C0025274 |   286 |       |     3   (0)| 00:00:01 |
-------------------------------------------------------------------------------------------------

Predicate Information (identified by operation id):
---------------------------------------------------

5 - access(""COVIDDATE"".""DATEREP""=""ITEM_1"")
filter(""COVIDDATE"".""DATEREP""=""ITEM_1"")
9 - access(""FT"".""COUNTRIESANDTERRITORIES""='Italy')
",1,"with COVID-19 describe deaths by month, countriesAndTerritories for countriesAndTerritories = 'Italy'",101,0.004679457182966776,0,540.0,398.0,10.0,10.0,1,covid4,2,1187,4,adbis
2270,0.1131630648330059,COVID-19,"Plan hash value: 107072300

---------------------------------------------------------------------------------
| Id  | Operation           | Name      | Rows  | Bytes | Cost (%CPU)| Time     |
---------------------------------------------------------------------------------
|   0 | SELECT STATEMENT    |           |  1940 | 85360 |   128   (5)| 00:00:02 |
|   1 |  SORT GROUP BY      |           |  1940 | 85360 |   128   (5)| 00:00:02 |
|*  2 |   HASH JOIN         |           | 61080 |  2624K|   124   (2)| 00:00:02 |
|   3 |    TABLE ACCESS FULL| COVIDDATE |   348 |  6612 |     4   (0)| 00:00:01 |
|   4 |    TABLE ACCESS FULL| COVIDFACT | 61080 |  1491K|   119   (1)| 00:00:02 |
---------------------------------------------------------------------------------

Predicate Information (identified by operation id):
---------------------------------------------------

2 - access(""COVIDDATE"".""DATEREP""=""FT"".""DATEREP"")
",2,"with COVID-19 describe deaths by month, countriesAndTerritories",63,0.008605851979345954,7,85360.0,350.0,128.0,1940.0,1,covid4,79,1464,99,adbis
211,0.1210543549443353,COVID-19,"Plan hash value: 216913314

--------------------------------------------------------------------------------
| Id  | Operation          | Name      | Rows  | Bytes | Cost (%CPU)| Time     |
--------------------------------------------------------------------------------
|   0 | SELECT STATEMENT   |           |   211 |  2954 |   123   (5)| 00:00:02 |
|   1 |  SORT GROUP BY     |           |   211 |  2954 |   123   (5)| 00:00:02 |
|   2 |   TABLE ACCESS FULL| COVIDFACT | 61080 |   835K|   119   (1)| 00:00:02 |
--------------------------------------------------------------------------------
",3,with COVID-19 describe deaths by countriesAndTerritories,56,0.07747972551466001,1,2954.0,244.0,123.0,211.0,1,covid4,18,1209,34,adbis
13,0.2032580222658808,COVID-19,"Plan hash value: 2755916834

-------------------------------------------------------------------------------------------------
| Id  | Operation                        | Name         | Rows  | Bytes | Cost (%CPU)| Time     |
-------------------------------------------------------------------------------------------------
|   0 | SELECT STATEMENT                 |              |    13 |   559 |    10  (20)| 00:00:01 |
|   1 |  SORT GROUP BY                   |              |    13 |   559 |    10  (20)| 00:00:01 |
|   2 |   MERGE JOIN                     |              |   195 |  8385 |     9  (12)| 00:00:01 |
|   3 |    TABLE ACCESS BY INDEX ROWID   | COVIDDATE    |   348 |  6612 |     2   (0)| 00:00:01 |
|   4 |     INDEX FULL SCAN              | SYS_C0025273 |   348 |       |     1   (0)| 00:00:01 |
|*  5 |    SORT JOIN                     |              |   195 |  4680 |     7  (15)| 00:00:01 |
|   6 |     VIEW                         | VW_GBC_5     |   195 |  4680 |     6   (0)| 00:00:01 |
|   7 |      HASH GROUP BY               |              |   195 |  4875 |     6   (0)| 00:00:01 |
|   8 |       TABLE ACCESS BY INDEX ROWID| COVIDFACT    |   286 |  7150 |     6   (0)| 00:00:01 |
|*  9 |        INDEX RANGE SCAN          | SYS_C0025274 |   286 |       |     3   (0)| 00:00:01 |
-------------------------------------------------------------------------------------------------

Predicate Information (identified by operation id):
---------------------------------------------------

5 - access(""COVIDDATE"".""DATEREP""=""ITEM_1"")
filter(""COVIDDATE"".""DATEREP""=""ITEM_1"")
9 - access(""FT"".""COUNTRIESANDTERRITORIES""='Italy')
",0,with COVID-19 describe deaths by month for countriesAndTerritories = 'Italy',76,0.0,0,559.0,299.0,10.0,13.0,1,covid5,0,1211,8,adbis
39,0.20376555337262606,COVID-19,"Plan hash value: 2308937895

------------------------------------------------------------------------------------------------
| Id  | Operation                       | Name         | Rows  | Bytes | Cost (%CPU)| Time     |
------------------------------------------------------------------------------------------------
|   0 | SELECT STATEMENT                |              |    28 |  1232 |    19  (11)| 00:00:01 |
|   1 |  SORT GROUP BY                  |              |    28 |  1232 |    19  (11)| 00:00:01 |
|   2 |   MERGE JOIN                    |              |   934 | 41096 |    18   (6)| 00:00:01 |
|   3 |    TABLE ACCESS BY INDEX ROWID  | COVIDDATE    |   348 |  6612 |     2   (0)| 00:00:01 |
|   4 |     INDEX FULL SCAN             | SYS_C0025273 |   348 |       |     1   (0)| 00:00:01 |
|*  5 |    SORT JOIN                    |              |   934 | 23350 |    16   (7)| 00:00:01 |
|   6 |     INLIST ITERATOR             |              |       |       |            |          |
|   7 |      TABLE ACCESS BY INDEX ROWID| COVIDFACT    |   934 | 23350 |    15   (0)| 00:00:01 |
|*  8 |       INDEX RANGE SCAN          | SYS_C0025274 |   934 |       |     7   (0)| 00:00:01 |
------------------------------------------------------------------------------------------------

Predicate Information (identified by operation id):
---------------------------------------------------

5 - access(""COVIDDATE"".""DATEREP""=""FT"".""DATEREP"")
filter(""COVIDDATE"".""DATEREP""=""FT"".""DATEREP"")
8 - access(""FT"".""COUNTRIESANDTERRITORIES""='Germany' OR
""FT"".""COUNTRIESANDTERRITORIES""='Italy' OR ""FT"".""COUNTRIESANDTERRITORIES""='Spain')
",1,"with COVID-19 describe deaths by month, countriesAndTerritories for countriesAndTerritories in ('Italy', 'Spain', 'Germany')",124,0.007179323548181238,0,1232.0,419.0,19.0,28.0,1,covid5,2,1257,9,adbis
211,0.21789456450556646,COVID-19,"Plan hash value: 216913314

--------------------------------------------------------------------------------
| Id  | Operation          | Name      | Rows  | Bytes | Cost (%CPU)| Time     |
--------------------------------------------------------------------------------
|   0 | SELECT STATEMENT   |           |   211 |  2954 |   123   (5)| 00:00:02 |
|   1 |  SORT GROUP BY     |           |   211 |  2954 |   123   (5)| 00:00:02 |
|   2 |   TABLE ACCESS FULL| COVIDFACT | 61080 |   835K|   119   (1)| 00:00:02 |
--------------------------------------------------------------------------------
",2,with COVID-19 describe deaths by countriesAndTerritories,56,0.019883643861845497,1,2954.0,244.0,123.0,211.0,1,covid5,10,1203,46,adbis
1043,0.2183366077275704,COVID-19,"Plan hash value: 3733565869

----------------------------------------------------------------------------------------------
| Id  | Operation                     | Name         | Rows  | Bytes | Cost (%CPU)| Time     |
----------------------------------------------------------------------------------------------
|   0 | SELECT STATEMENT              |              |   812 | 20300 |    15   (0)| 00:00:01 |
|   1 |  SORT GROUP BY NOSORT         |              |   812 | 20300 |    15   (0)| 00:00:01 |
|   2 |   INLIST ITERATOR             |              |       |       |            |          |
|   3 |    TABLE ACCESS BY INDEX ROWID| COVIDFACT    |   934 | 23350 |    15   (0)| 00:00:01 |
|*  4 |     INDEX RANGE SCAN          | SYS_C0025274 |   934 |       |     7   (0)| 00:00:01 |
----------------------------------------------------------------------------------------------

Predicate Information (identified by operation id):
---------------------------------------------------

4 - access(""FT"".""COUNTRIESANDTERRITORIES""='Germany' OR
""FT"".""COUNTRIESANDTERRITORIES""='Italy' OR ""FT"".""COUNTRIESANDTERRITORIES""='Spain')
",3,"with COVID-19 describe deaths by dateRep, countriesAndTerritories for countriesAndTerritories in ('Italy', 'Spain', 'Germany')",126,0.025146198830409357,3,20300.0,425.0,15.0,812.0,1,covid5,11,1247,4,adbis
26,4.911591355599214E-4,COVID-19,"Plan hash value: 2308937895

------------------------------------------------------------------------------------------------
| Id  | Operation                       | Name         | Rows  | Bytes | Cost (%CPU)| Time     |
------------------------------------------------------------------------------------------------
|   0 | SELECT STATEMENT                |              |    19 |   912 |    14  (15)| 00:00:01 |
|   1 |  SORT GROUP BY                  |              |    19 |   912 |    14  (15)| 00:00:01 |
|   2 |   MERGE JOIN                    |              |   560 | 26880 |    13   (8)| 00:00:01 |
|   3 |    TABLE ACCESS BY INDEX ROWID  | COVIDDATE    |   348 |  6612 |     2   (0)| 00:00:01 |
|   4 |     INDEX FULL SCAN             | SYS_C0025273 |   348 |       |     1   (0)| 00:00:01 |
|*  5 |    SORT JOIN                    |              |   560 | 16240 |    11  (10)| 00:00:01 |
|   6 |     INLIST ITERATOR             |              |       |       |            |          |
|   7 |      TABLE ACCESS BY INDEX ROWID| COVIDFACT    |   560 | 16240 |    10   (0)| 00:00:01 |
|*  8 |       INDEX RANGE SCAN          | SYS_C0025274 |   560 |       |     5   (0)| 00:00:01 |
------------------------------------------------------------------------------------------------

Predicate Information (identified by operation id):
---------------------------------------------------

5 - access(""COVIDDATE"".""DATEREP""=""FT"".""DATEREP"")
filter(""COVIDDATE"".""DATEREP""=""FT"".""DATEREP"")
8 - access(""FT"".""COUNTRIESANDTERRITORIES""='Italy' OR
""FT"".""COUNTRIESANDTERRITORIES""='United_States_of_America')
",0,"with COVID-19 describe deaths, cases by month, countriesAndTerritories for countriesAndTerritories in ('United_States_of_America', 'Italy')",139,0.0,0,912.0,449.0,14.0,19.0,1,random0,1,1194,6,adbis
49,0.0056974459724950886,COVID-19,"Plan hash value: 1016733566

---------------------------------------------------------------------------------
| Id  | Operation           | Name      | Rows  | Bytes | Cost (%CPU)| Time     |
---------------------------------------------------------------------------------
|   0 | SELECT STATEMENT    |           |    49 |  1568 |   126   (4)| 00:00:02 |
|   1 |  SORT GROUP BY      |           |    49 |  1568 |   126   (4)| 00:00:02 |
|*  2 |   HASH JOIN         |           | 14184 |   443K|   124   (2)| 00:00:02 |
|*  3 |    TABLE ACCESS FULL| COUNTRY   |    49 |   882 |     4   (0)| 00:00:01 |
|   4 |    TABLE ACCESS FULL| COVIDFACT | 61080 |   835K|   119   (1)| 00:00:02 |
---------------------------------------------------------------------------------

Predicate Information (identified by operation id):
---------------------------------------------------

2 - access(""COUNTRY"".""COUNTRIESANDTERRITORIES""=""FT"".""COUNTRIESANDTERRI
TORIES"")
3 - filter(""COUNTRY"".""CONTINENTEXP""='America')
",1,with COVID-19 describe deaths by countriesAndTerritories for continentExp = 'America',85,0.07936507936507936,0,1568.0,283.0,126.0,49.0,1,random0,4,1170,40,adbis
13,0.0066797642436149315,COVID-19,"Plan hash value: 2308937895

------------------------------------------------------------------------------------------------
| Id  | Operation                       | Name         | Rows  | Bytes | Cost (%CPU)| Time     |
------------------------------------------------------------------------------------------------
|   0 | SELECT STATEMENT                |              |    28 |  1232 |    11  (19)| 00:00:01 |
|   1 |  SORT GROUP BY                  |              |    28 |  1232 |    11  (19)| 00:00:01 |
|   2 |   MERGE JOIN                    |              |   287 | 12628 |    10  (10)| 00:00:01 |
|   3 |    TABLE ACCESS BY INDEX ROWID  | COVIDDATE    |   348 |  6612 |     2   (0)| 00:00:01 |
|   4 |     INDEX FULL SCAN             | SYS_C0025273 |   348 |       |     1   (0)| 00:00:01 |
|*  5 |    SORT JOIN                    |              |   287 |  7175 |     8  (13)| 00:00:01 |
|   6 |     INLIST ITERATOR             |              |       |       |            |          |
|   7 |      TABLE ACCESS BY INDEX ROWID| COVIDFACT    |   287 |  7175 |     7   (0)| 00:00:01 |
|*  8 |       INDEX RANGE SCAN          | SYS_C0025274 |   287 |       |     4   (0)| 00:00:01 |
------------------------------------------------------------------------------------------------

Predicate Information (identified by operation id):
---------------------------------------------------

5 - access(""COVIDDATE"".""DATEREP""=""FT"".""DATEREP"")
filter(""COVIDDATE"".""DATEREP""=""FT"".""DATEREP"")
8 - access(""FT"".""COUNTRIESANDTERRITORIES""=' France' OR
""FT"".""COUNTRIESANDTERRITORIES""=' Germany' OR ""FT"".""COUNTRIESANDTERRITORIES""='Italy')
",2,"with COVID-19 describe deaths by month, countriesAndTerritories for countriesAndTerritories in ('Italy', ' France', ' Germany')",127,0.0684931506849315,0,1232.0,422.0,11.0,28.0,1,random0,2,1162,4,adbis
13,0.0066797642436149315,COVID-19,"Plan hash value: 2755916834

-------------------------------------------------------------------------------------------------
| Id  | Operation                        | Name         | Rows  | Bytes | Cost (%CPU)| Time     |
-------------------------------------------------------------------------------------------------
|   0 | SELECT STATEMENT                 |              |    10 |   540 |    10  (20)| 00:00:01 |
|   1 |  SORT GROUP BY                   |              |    10 |   540 |    10  (20)| 00:00:01 |
|   2 |   MERGE JOIN                     |              |   159 |  8586 |     9  (12)| 00:00:01 |
|   3 |    TABLE ACCESS BY INDEX ROWID   | COVIDDATE    |   348 |  6612 |     2   (0)| 00:00:01 |
|   4 |     INDEX FULL SCAN              | SYS_C0025273 |   348 |       |     1   (0)| 00:00:01 |
|*  5 |    SORT JOIN                     |              |   159 |  5565 |     7  (15)| 00:00:01 |
|   6 |     VIEW                         | VW_GBC_5     |   159 |  5565 |     6   (0)| 00:00:01 |
|   7 |      HASH GROUP BY               |              |   159 |  3975 |     6   (0)| 00:00:01 |
|   8 |       TABLE ACCESS BY INDEX ROWID| COVIDFACT    |   275 |  6875 |     6   (0)| 00:00:01 |
|*  9 |        INDEX RANGE SCAN          | SYS_C0025274 |   275 |       |     3   (0)| 00:00:01 |
-------------------------------------------------------------------------------------------------

Predicate Information (identified by operation id):
---------------------------------------------------

5 - access(""COVIDDATE"".""DATEREP""=""ITEM_1"")
filter(""COVIDDATE"".""DATEREP""=""ITEM_1"")
9 - access(""FT"".""COUNTRIESANDTERRITORIES""='United_States_of_America')
",3,"with COVID-19 describe deaths by month, countriesAndTerritories for countriesAndTerritories = 'United_States_of_America'",120,0.18236472945891782,1,540.0,417.0,10.0,10.0,1,random0,2,1209,9,adbis
158,0.01237721021611002,COVID-19,"Plan hash value: 1016733566

---------------------------------------------------------------------------------
| Id  | Operation           | Name      | Rows  | Bytes | Cost (%CPU)| Time     |
---------------------------------------------------------------------------------
|   0 | SELECT STATEMENT    |           |   158 |  5056 |   127   (4)| 00:00:02 |
|   1 |  SORT GROUP BY      |           |   158 |  5056 |   127   (4)| 00:00:02 |
|*  2 |   HASH JOIN         |           | 45738 |  1429K|   124   (2)| 00:00:02 |
|*  3 |    TABLE ACCESS FULL| COUNTRY   |   158 |  2844 |     4   (0)| 00:00:01 |
|   4 |    TABLE ACCESS FULL| COVIDFACT | 61080 |   835K|   119   (1)| 00:00:02 |
---------------------------------------------------------------------------------

Predicate Information (identified by operation id):
---------------------------------------------------

2 - access(""COUNTRY"".""COUNTRIESANDTERRITORIES""=""FT"".""COUNTRIESANDTERRI
TORIES"")
3 - filter(""COUNTRY"".""CONTINENTEXP""='Africa' OR
""COUNTRY"".""CONTINENTEXP""='America' OR ""COUNTRY"".""CONTINENTEXP""='Europe')
",4,"with COVID-19 describe deaths by countriesAndTerritories for continentExp in ('America', 'Europe', 'Africa')",108,0.3673640167364017,0,5056.0,304.0,127.0,158.0,1,random0,8,1197,44,adbis
26,0.017092337917485264,COVID-19,"Plan hash value: 2308937895

------------------------------------------------------------------------------------------------
| Id  | Operation                       | Name         | Rows  | Bytes | Cost (%CPU)| Time     |
------------------------------------------------------------------------------------------------
|   0 | SELECT STATEMENT                |              |    19 |   836 |    14  (15)| 00:00:01 |
|   1 |  SORT GROUP BY                  |              |    19 |   836 |    14  (15)| 00:00:01 |
|   2 |   MERGE JOIN                    |              |   560 | 24640 |    13   (8)| 00:00:01 |
|   3 |    TABLE ACCESS BY INDEX ROWID  | COVIDDATE    |   348 |  6612 |     2   (0)| 00:00:01 |
|   4 |     INDEX FULL SCAN             | SYS_C0025273 |   348 |       |     1   (0)| 00:00:01 |
|*  5 |    SORT JOIN                    |              |   560 | 14000 |    11  (10)| 00:00:01 |
|   6 |     INLIST ITERATOR             |              |       |       |            |          |
|   7 |      TABLE ACCESS BY INDEX ROWID| COVIDFACT    |   560 | 14000 |    10   (0)| 00:00:01 |
|*  8 |       INDEX RANGE SCAN          | SYS_C0025274 |   560 |       |     5   (0)| 00:00:01 |
------------------------------------------------------------------------------------------------

Predicate Information (identified by operation id):
---------------------------------------------------

5 - access(""COVIDDATE"".""DATEREP""=""FT"".""DATEREP"")
filter(""COVIDDATE"".""DATEREP""=""FT"".""DATEREP"")
8 - access(""FT"".""COUNTRIESANDTERRITORIES""='Italy' OR
""FT"".""COUNTRIESANDTERRITORIES""='United_States_of_America')
",5,"with COVID-19 describe deaths by month, countriesAndTerritories for countriesAndTerritories in ('United_States_of_America', 'Italy')",132,0.33714285714285713,0,836.0,428.0,14.0,19.0,1,random0,2,1195,10,adbis
49,0.0056974459724950886,COVID-19,"Plan hash value: 1016733566

---------------------------------------------------------------------------------
| Id  | Operation           | Name      | Rows  | Bytes | Cost (%CPU)| Time     |
---------------------------------------------------------------------------------
|   0 | SELECT STATEMENT    |           |    49 |  1568 |   126   (4)| 00:00:02 |
|   1 |  SORT GROUP BY      |           |    49 |  1568 |   126   (4)| 00:00:02 |
|*  2 |   HASH JOIN         |           | 14184 |   443K|   124   (2)| 00:00:02 |
|*  3 |    TABLE ACCESS FULL| COUNTRY   |    49 |   882 |     4   (0)| 00:00:01 |
|   4 |    TABLE ACCESS FULL| COVIDFACT | 61080 |   835K|   119   (1)| 00:00:02 |
---------------------------------------------------------------------------------

Predicate Information (identified by operation id):
---------------------------------------------------

2 - access(""COUNTRY"".""COUNTRIESANDTERRITORIES""=""FT"".""COUNTRIESANDTERRI
TORIES"")
3 - filter(""COUNTRY"".""CONTINENTEXP""='America')
",0,with COVID-19 describe deaths by countriesAndTerritories for continentExp = 'America',85,0.0,0,1568.0,283.0,126.0,49.0,1,random1,0,1204,30,adbis
39,0.017092337917485264,COVID-19,"Plan hash value: 2308937895

------------------------------------------------------------------------------------------------
| Id  | Operation                       | Name         | Rows  | Bytes | Cost (%CPU)| Time     |
------------------------------------------------------------------------------------------------
|   0 | SELECT STATEMENT                |              |    28 |  1232 |    18  (12)| 00:00:01 |
|   1 |  SORT GROUP BY                  |              |    28 |  1232 |    18  (12)| 00:00:01 |
|   2 |   MERGE JOIN                    |              |   868 | 38192 |    17   (6)| 00:00:01 |
|   3 |    TABLE ACCESS BY INDEX ROWID  | COVIDDATE    |   348 |  6612 |     2   (0)| 00:00:01 |
|   4 |     INDEX FULL SCAN             | SYS_C0025273 |   348 |       |     1   (0)| 00:00:01 |
|*  5 |    SORT JOIN                    |              |   868 | 21700 |    15   (7)| 00:00:01 |
|   6 |     INLIST ITERATOR             |              |       |       |            |          |
|   7 |      TABLE ACCESS BY INDEX ROWID| COVIDFACT    |   868 | 21700 |    14   (0)| 00:00:01 |
|*  8 |       INDEX RANGE SCAN          | SYS_C0025274 |   868 |       |     7   (0)| 00:00:01 |
------------------------------------------------------------------------------------------------

Predicate Information (identified by operation id):
---------------------------------------------------

5 - access(""COVIDDATE"".""DATEREP""=""FT"".""DATEREP"")
filter(""COVIDDATE"".""DATEREP""=""FT"".""DATEREP"")
8 - access(""FT"".""COUNTRIESANDTERRITORIES""='France' OR
""FT"".""COUNTRIESANDTERRITORIES""='Italy' OR ""FT"".""COUNTRIESANDTERRITORIES""='United_States_
of_America')
",1,"with COVID-19 describe deaths by month, countriesAndTerritories for countriesAndTerritories in ('United_States_of_America', 'Italy', 'France')",142,0.08098591549295775,1,1232.0,437.0,18.0,28.0,1,random1,3,1185,7,adbis
13,0.017092337917485264,COVID-19,"Plan hash value: 2755916834

-------------------------------------------------------------------------------------------------
| Id  | Operation                        | Name         | Rows  | Bytes | Cost (%CPU)| Time     |
-------------------------------------------------------------------------------------------------
|   0 | SELECT STATEMENT                 |              |    10 |   540 |    10  (20)| 00:00:01 |
|   1 |  SORT GROUP BY                   |              |    10 |   540 |    10  (20)| 00:00:01 |
|   2 |   MERGE JOIN                     |              |   159 |  8586 |     9  (12)| 00:00:01 |
|   3 |    TABLE ACCESS BY INDEX ROWID   | COVIDDATE    |   348 |  6612 |     2   (0)| 00:00:01 |
|   4 |     INDEX FULL SCAN              | SYS_C0025273 |   348 |       |     1   (0)| 00:00:01 |
|*  5 |    SORT JOIN                     |              |   159 |  5565 |     7  (15)| 00:00:01 |
|   6 |     VIEW                         | VW_GBC_5     |   159 |  5565 |     6   (0)| 00:00:01 |
|   7 |      HASH GROUP BY               |              |   159 |  3975 |     6   (0)| 00:00:01 |
|   8 |       TABLE ACCESS BY INDEX ROWID| COVIDFACT    |   275 |  6875 |     6   (0)| 00:00:01 |
|*  9 |        INDEX RANGE SCAN          | SYS_C0025274 |   275 |       |     3   (0)| 00:00:01 |
-------------------------------------------------------------------------------------------------

Predicate Information (identified by operation id):
---------------------------------------------------

5 - access(""COVIDDATE"".""DATEREP""=""ITEM_1"")
filter(""COVIDDATE"".""DATEREP""=""ITEM_1"")
9 - access(""FT"".""COUNTRIESANDTERRITORIES""='United_States_of_America')
",2,"with COVID-19 describe deaths by month, countriesAndTerritories for countriesAndTerritories = 'United_States_of_America'",120,0.12781954887218044,0,540.0,417.0,10.0,10.0,1,random1,2,1227,8,adbis
211,0.02847085789129011,COVID-19,"Plan hash value: 216913314

--------------------------------------------------------------------------------
| Id  | Operation          | Name      | Rows  | Bytes | Cost (%CPU)| Time     |
--------------------------------------------------------------------------------
|   0 | SELECT STATEMENT   |           |   211 |  2954 |   123   (5)| 00:00:02 |
|   1 |  SORT GROUP BY     |           |   211 |  2954 |   123   (5)| 00:00:02 |
|   2 |   TABLE ACCESS FULL| COVIDFACT | 61080 |   835K|   119   (1)| 00:00:02 |
--------------------------------------------------------------------------------
",3,with COVID-19 describe deaths by countriesAndTerritories,56,0.2236607142857143,1,2954.0,244.0,123.0,211.0,1,random1,10,1184,34,adbis
49,0.0056974459724950886,COVID-19,"Plan hash value: 1016733566

---------------------------------------------------------------------------------
| Id  | Operation           | Name      | Rows  | Bytes | Cost (%CPU)| Time     |
---------------------------------------------------------------------------------
|   0 | SELECT STATEMENT    |           |    49 |  1568 |   126   (4)| 00:00:02 |
|   1 |  SORT GROUP BY      |           |    49 |  1568 |   126   (4)| 00:00:02 |
|*  2 |   HASH JOIN         |           | 14184 |   443K|   124   (2)| 00:00:02 |
|*  3 |    TABLE ACCESS FULL| COUNTRY   |    49 |   882 |     4   (0)| 00:00:01 |
|   4 |    TABLE ACCESS FULL| COVIDFACT | 61080 |   835K|   119   (1)| 00:00:02 |
---------------------------------------------------------------------------------

Predicate Information (identified by operation id):
---------------------------------------------------

2 - access(""COUNTRY"".""COUNTRIESANDTERRITORIES""=""FT"".""COUNTRIESANDTERRI
TORIES"")
3 - filter(""COUNTRY"".""CONTINENTEXP""='America')
",0,with COVID-19 describe deaths by countriesAndTerritories for continentExp = 'America',85,0.0,1,1568.0,283.0,126.0,49.0,1,random2,0,1220,26,adbis
39,0.0056974459724950886,COVID-19,"Plan hash value: 2308937895

------------------------------------------------------------------------------------------------
| Id  | Operation                       | Name         | Rows  | Bytes | Cost (%CPU)| Time     |
------------------------------------------------------------------------------------------------
|   0 | SELECT STATEMENT                |              |    28 |  1344 |    18  (12)| 00:00:01 |
|   1 |  SORT GROUP BY                  |              |    28 |  1344 |    18  (12)| 00:00:01 |
|   2 |   MERGE JOIN                    |              |   868 | 41664 |    17   (6)| 00:00:01 |
|   3 |    TABLE ACCESS BY INDEX ROWID  | COVIDDATE    |   348 |  6612 |     2   (0)| 00:00:01 |
|   4 |     INDEX FULL SCAN             | SYS_C0025273 |   348 |       |     1   (0)| 00:00:01 |
|*  5 |    SORT JOIN                    |              |   868 | 25172 |    15   (7)| 00:00:01 |
|   6 |     INLIST ITERATOR             |              |       |       |            |          |
|   7 |      TABLE ACCESS BY INDEX ROWID| COVIDFACT    |   868 | 25172 |    14   (0)| 00:00:01 |
|*  8 |       INDEX RANGE SCAN          | SYS_C0025274 |   868 |       |     7   (0)| 00:00:01 |
------------------------------------------------------------------------------------------------

Predicate Information (identified by operation id):
---------------------------------------------------

5 - access(""COVIDDATE"".""DATEREP""=""FT"".""DATEREP"")
filter(""COVIDDATE"".""DATEREP""=""FT"".""DATEREP"")
8 - access(""FT"".""COUNTRIESANDTERRITORIES""='France' OR
""FT"".""COUNTRIESANDTERRITORIES""='Italy' OR ""FT"".""COUNTRIESANDTERRITORIES""='United_States_
of_America')
",1,"with COVID-19 describe deaths, cases by month, countriesAndTerritories for countriesAndTerritories in ('United_States_of_America', 'Italy', 'France')",149,0.07936507936507936,1,1344.0,458.0,18.0,28.0,1,random2,2,1168,6,adbis
2270,0.010690897184020956,COVID-19,"Plan hash value: 107072300

---------------------------------------------------------------------------------
| Id  | Operation           | Name      | Rows  | Bytes | Cost (%CPU)| Time     |
---------------------------------------------------------------------------------
|   0 | SELECT STATEMENT    |           |  1940 | 85360 |   128   (5)| 00:00:02 |
|   1 |  SORT GROUP BY      |           |  1940 | 85360 |   128   (5)| 00:00:02 |
|*  2 |   HASH JOIN         |           | 61080 |  2624K|   124   (2)| 00:00:02 |
|   3 |    TABLE ACCESS FULL| COVIDDATE |   348 |  6612 |     4   (0)| 00:00:01 |
|   4 |    TABLE ACCESS FULL| COVIDFACT | 61080 |  1491K|   119   (1)| 00:00:02 |
---------------------------------------------------------------------------------

Predicate Information (identified by operation id):
---------------------------------------------------

2 - access(""COVIDDATE"".""DATEREP""=""FT"".""DATEREP"")
",2,"with COVID-19 describe deaths by month, countriesAndTerritories",63,0.3045793397231097,7,85360.0,350.0,128.0,1940.0,1,random2,124,1407,98,adbis
211,0.018058284217419777,COVID-19,"Plan hash value: 216913314

--------------------------------------------------------------------------------
| Id  | Operation          | Name      | Rows  | Bytes | Cost (%CPU)| Time     |
--------------------------------------------------------------------------------
|   0 | SELECT STATEMENT   |           |   211 |  2954 |   123   (5)| 00:00:02 |
|   1 |  SORT GROUP BY     |           |   211 |  2954 |   123   (5)| 00:00:02 |
|   2 |   TABLE ACCESS FULL| COVIDFACT | 61080 |   835K|   119   (1)| 00:00:02 |
--------------------------------------------------------------------------------
",3,with COVID-19 describe deaths by countriesAndTerritories,56,0.4434914228052472,1,2954.0,244.0,123.0,211.0,1,random2,17,1215,35,adbis
1043,0.0016535690897184021,COVID-19,"Plan hash value: 3733565869

----------------------------------------------------------------------------------------------
| Id  | Operation                     | Name         | Rows  | Bytes | Cost (%CPU)| Time     |
----------------------------------------------------------------------------------------------
|   0 | SELECT STATEMENT              |              |   812 | 20300 |    15   (0)| 00:00:01 |
|   1 |  SORT GROUP BY NOSORT         |              |   812 | 20300 |    15   (0)| 00:00:01 |
|   2 |   INLIST ITERATOR             |              |       |       |            |          |
|   3 |    TABLE ACCESS BY INDEX ROWID| COVIDFACT    |   934 | 23350 |    15   (0)| 00:00:01 |
|*  4 |     INDEX RANGE SCAN          | SYS_C0025274 |   934 |       |     7   (0)| 00:00:01 |
----------------------------------------------------------------------------------------------

Predicate Information (identified by operation id):
---------------------------------------------------

4 - access(""FT"".""COUNTRIESANDTERRITORIES""='Germany' OR
""FT"".""COUNTRIESANDTERRITORIES""='Italy' OR ""FT"".""COUNTRIESANDTERRITORIES""='Spain')
",0,"with COVID-19 describe deaths by dateRep, countriesAndTerritories for countriesAndTerritories in ('Italy', 'Spain', 'Germany')",126,0.0,4,20300.0,425.0,15.0,812.0,1,random3,0,1248,4,adbis
13,0.2061231172233137,COVID-19,"Plan hash value: 2755916834

-------------------------------------------------------------------------------------------------
| Id  | Operation                        | Name         | Rows  | Bytes | Cost (%CPU)| Time     |
-------------------------------------------------------------------------------------------------
|   0 | SELECT STATEMENT                 |              |    13 |   559 |    10  (20)| 00:00:01 |
|   1 |  SORT GROUP BY                   |              |    13 |   559 |    10  (20)| 00:00:01 |
|   2 |   MERGE JOIN                     |              |   190 |  8170 |     9  (12)| 00:00:01 |
|   3 |    TABLE ACCESS BY INDEX ROWID   | COVIDDATE    |   348 |  6612 |     2   (0)| 00:00:01 |
|   4 |     INDEX FULL SCAN              | SYS_C0025273 |   348 |       |     1   (0)| 00:00:01 |
|*  5 |    SORT JOIN                     |              |   190 |  4560 |     7  (15)| 00:00:01 |
|   6 |     VIEW                         | VW_GBC_5     |   190 |  4560 |     6   (0)| 00:00:01 |
|   7 |      HASH GROUP BY               |              |   190 |  4750 |     6   (0)| 00:00:01 |
|   8 |       TABLE ACCESS BY INDEX ROWID| COVIDFACT    |   275 |  6875 |     6   (0)| 00:00:01 |
|*  9 |        INDEX RANGE SCAN          | SYS_C0025274 |   275 |       |     3   (0)| 00:00:01 |
-------------------------------------------------------------------------------------------------

Predicate Information (identified by operation id):
---------------------------------------------------

5 - access(""COVIDDATE"".""DATEREP""=""ITEM_1"")
filter(""COVIDDATE"".""DATEREP""=""ITEM_1"")
9 - access(""FT"".""COUNTRIESANDTERRITORIES""='United_States_of_America')
",1,with COVID-19 describe deaths by month for countriesAndTerritories = 'United_States_of_America',95,0.0030881304933090504,0,559.0,318.0,10.0,13.0,1,random3,13,1166,5,adbis
506,0.20882449246889326,COVID-19,"Plan hash value: 3009686037

----------------------------------------------------------------------------------
| Id  | Operation            | Name      | Rows  | Bytes | Cost (%CPU)| Time     |
----------------------------------------------------------------------------------
|   0 | SELECT STATEMENT     |           |   451 | 27962 |   130   (4)| 00:00:02 |
|   1 |  SORT GROUP BY       |           |   451 | 27962 |   130   (4)| 00:00:02 |
|*  2 |   HASH JOIN          |           | 14184 |   858K|   129   (3)| 00:00:02 |
|   3 |    TABLE ACCESS FULL | COVIDDATE |   348 |  6612 |     4   (0)| 00:00:01 |
|*  4 |    HASH JOIN         |           | 14184 |   595K|   124   (2)| 00:00:02 |
|*  5 |     TABLE ACCESS FULL| COUNTRY   |    49 |   882 |     4   (0)| 00:00:01 |
|   6 |     TABLE ACCESS FULL| COVIDFACT | 61080 |  1491K|   119   (1)| 00:00:02 |
----------------------------------------------------------------------------------

Predicate Information (identified by operation id):
---------------------------------------------------

2 - access(""COVIDDATE"".""DATEREP""=""FT"".""DATEREP"")
4 - access(""COUNTRY"".""COUNTRIESANDTERRITORIES""=""FT"".""COUNTRIESANDTERRIT
ORIES"")
5 - filter(""COUNTRY"".""CONTINENTEXP""='America')
",2,"with COVID-19 describe deaths by month, countriesAndTerritories for continentExp in ('America')",95,0.007779074290159471,2,27962.0,392.0,130.0,451.0,1,random3,6,1218,42,adbis
39,0.21902423051735428,COVID-19,"Plan hash value: 2308937895

------------------------------------------------------------------------------------------------
| Id  | Operation                       | Name         | Rows  | Bytes | Cost (%CPU)| Time     |
------------------------------------------------------------------------------------------------
|   0 | SELECT STATEMENT                |              |    28 |  1232 |    18  (12)| 00:00:01 |
|   1 |  SORT GROUP BY                  |              |    28 |  1232 |    18  (12)| 00:00:01 |
|   2 |   MERGE JOIN                    |              |   868 | 38192 |    17   (6)| 00:00:01 |
|   3 |    TABLE ACCESS BY INDEX ROWID  | COVIDDATE    |   348 |  6612 |     2   (0)| 00:00:01 |
|   4 |     INDEX FULL SCAN             | SYS_C0025273 |   348 |       |     1   (0)| 00:00:01 |
|*  5 |    SORT JOIN                    |              |   868 | 21700 |    15   (7)| 00:00:01 |
|   6 |     INLIST ITERATOR             |              |       |       |            |          |
|   7 |      TABLE ACCESS BY INDEX ROWID| COVIDFACT    |   868 | 21700 |    14   (0)| 00:00:01 |
|*  8 |       INDEX RANGE SCAN          | SYS_C0025274 |   868 |       |     7   (0)| 00:00:01 |
------------------------------------------------------------------------------------------------

Predicate Information (identified by operation id):
---------------------------------------------------

5 - access(""COVIDDATE"".""DATEREP""=""FT"".""DATEREP"")
filter(""COVIDDATE"".""DATEREP""=""FT"".""DATEREP"")
8 - access(""FT"".""COUNTRIESANDTERRITORIES""='France' OR
""FT"".""COUNTRIESANDTERRITORIES""='Italy' OR ""FT"".""COUNTRIESANDTERRITORIES""='United_States_
of_America')
",3,"with COVID-19 describe deaths by month, countriesAndTerritories for countriesAndTerritories in ('United_States_of_America', 'Italy', 'France')",142,0.019423880378215935,0,1232.0,437.0,18.0,28.0,1,random3,5,1168,6,adbis
13,0.21902423051735428,COVID-19,"Plan hash value: 2755916834

-------------------------------------------------------------------------------------------------
| Id  | Operation                        | Name         | Rows  | Bytes | Cost (%CPU)| Time     |
-------------------------------------------------------------------------------------------------
|   0 | SELECT STATEMENT                 |              |    10 |   540 |    10  (20)| 00:00:01 |
|   1 |  SORT GROUP BY                   |              |    10 |   540 |    10  (20)| 00:00:01 |
|   2 |   MERGE JOIN                     |              |   163 |  8802 |     9  (12)| 00:00:01 |
|   3 |    TABLE ACCESS BY INDEX ROWID   | COVIDDATE    |   348 |  6612 |     2   (0)| 00:00:01 |
|   4 |     INDEX FULL SCAN              | SYS_C0025273 |   348 |       |     1   (0)| 00:00:01 |
|*  5 |    SORT JOIN                     |              |   163 |  5705 |     7  (15)| 00:00:01 |
|   6 |     VIEW                         | VW_GBC_5     |   163 |  5705 |     6   (0)| 00:00:01 |
|   7 |      HASH GROUP BY               |              |   163 |  4075 |     6   (0)| 00:00:01 |
|   8 |       TABLE ACCESS BY INDEX ROWID| COVIDFACT    |   286 |  7150 |     6   (0)| 00:00:01 |
|*  9 |        INDEX RANGE SCAN          | SYS_C0025274 |   286 |       |     3   (0)| 00:00:01 |
-------------------------------------------------------------------------------------------------

Predicate Information (identified by operation id):
---------------------------------------------------

5 - access(""COVIDDATE"".""DATEREP""=""ITEM_1"")
filter(""COVIDDATE"".""DATEREP""=""ITEM_1"")
9 - access(""FT"".""COUNTRIESANDTERRITORIES""='Italy')
",4,"with COVID-19 describe deaths by month, countriesAndTerritories for countriesAndTerritories = 'Italy'",101,0.023717434138509814,0,540.0,398.0,10.0,10.0,1,random3,1,1165,4,adbis
39,0.21902423051735428,COVID-19,"Plan hash value: 2308937895

------------------------------------------------------------------------------------------------
| Id  | Operation                       | Name         | Rows  | Bytes | Cost (%CPU)| Time     |
------------------------------------------------------------------------------------------------
|   0 | SELECT STATEMENT                |              |    28 |  1232 |    19  (11)| 00:00:01 |
|   1 |  SORT GROUP BY                  |              |    28 |  1232 |    19  (11)| 00:00:01 |
|   2 |   MERGE JOIN                    |              |   934 | 41096 |    18   (6)| 00:00:01 |
|   3 |    TABLE ACCESS BY INDEX ROWID  | COVIDDATE    |   348 |  6612 |     2   (0)| 00:00:01 |
|   4 |     INDEX FULL SCAN             | SYS_C0025273 |   348 |       |     1   (0)| 00:00:01 |
|*  5 |    SORT JOIN                    |              |   934 | 23350 |    16   (7)| 00:00:01 |
|   6 |     INLIST ITERATOR             |              |       |       |            |          |
|   7 |      TABLE ACCESS BY INDEX ROWID| COVIDFACT    |   934 | 23350 |    15   (0)| 00:00:01 |
|*  8 |       INDEX RANGE SCAN          | SYS_C0025274 |   934 |       |     7   (0)| 00:00:01 |
------------------------------------------------------------------------------------------------

Predicate Information (identified by operation id):
---------------------------------------------------

5 - access(""COVIDDATE"".""DATEREP""=""FT"".""DATEREP"")
filter(""COVIDDATE"".""DATEREP""=""FT"".""DATEREP"")
8 - access(""FT"".""COUNTRIESANDTERRITORIES""='Germany' OR
""FT"".""COUNTRIESANDTERRITORIES""='Italy' OR ""FT"".""COUNTRIESANDTERRITORIES""='Spain')
",5,"with COVID-19 describe deaths by month, countriesAndTerritories for countriesAndTerritories in ('Italy', 'Spain', 'Germany')",124,0.03226273148148148,0,1232.0,419.0,19.0,28.0,1,random3,3,1190,10,adbis
1044,0.21902423051735428,COVID-19,"Plan hash value: 3009686037

----------------------------------------------------------------------------------
| Id  | Operation            | Name      | Rows  | Bytes | Cost (%CPU)| Time     |
----------------------------------------------------------------------------------
|   0 | SELECT STATEMENT     |           |  1002 | 62124 |   131   (4)| 00:00:02 |
|   1 |  SORT GROUP BY       |           |  1002 | 62124 |   131   (4)| 00:00:02 |
|*  2 |   HASH JOIN          |           | 31408 |  1901K|   129   (3)| 00:00:02 |
|   3 |    TABLE ACCESS FULL | COVIDDATE |   348 |  6612 |     4   (0)| 00:00:01 |
|*  4 |    HASH JOIN         |           | 31408 |  1318K|   124   (2)| 00:00:02 |
|*  5 |     TABLE ACCESS FULL| COUNTRY   |   109 |  1962 |     4   (0)| 00:00:01 |
|   6 |     TABLE ACCESS FULL| COVIDFACT | 61080 |  1491K|   119   (1)| 00:00:02 |
----------------------------------------------------------------------------------

Predicate Information (identified by operation id):
---------------------------------------------------

2 - access(""COVIDDATE"".""DATEREP""=""FT"".""DATEREP"")
4 - access(""COUNTRY"".""COUNTRIESANDTERRITORIES""=""FT"".""COUNTRIESANDTERRIT
ORIES"")
5 - filter(""COUNTRY"".""CONTINENTEXP""='Africa' OR
""COUNTRY"".""CONTINENTEXP""='America' OR ""COUNTRY"".""CONTINENTEXP""='Europa')
",6,"with COVID-19 describe deaths by month, countriesAndTerritories for continentExp in ('America', 'Europa', 'Africa')",115,0.04782918149466192,3,62124.0,410.0,131.0,1002.0,1,random3,37,1236,69,adbis
1043,0.0016535690897184021,COVID-19,"Plan hash value: 3733565869

----------------------------------------------------------------------------------------------
| Id  | Operation                     | Name         | Rows  | Bytes | Cost (%CPU)| Time     |
----------------------------------------------------------------------------------------------
|   0 | SELECT STATEMENT              |              |   812 | 20300 |    15   (0)| 00:00:01 |
|   1 |  SORT GROUP BY NOSORT         |              |   812 | 20300 |    15   (0)| 00:00:01 |
|   2 |   INLIST ITERATOR             |              |       |       |            |          |
|   3 |    TABLE ACCESS BY INDEX ROWID| COVIDFACT    |   934 | 23350 |    15   (0)| 00:00:01 |
|*  4 |     INDEX RANGE SCAN          | SYS_C0025274 |   934 |       |     7   (0)| 00:00:01 |
----------------------------------------------------------------------------------------------

Predicate Information (identified by operation id):
---------------------------------------------------

4 - access(""FT"".""COUNTRIESANDTERRITORIES""='Germany' OR
""FT"".""COUNTRIESANDTERRITORIES""='Italy' OR ""FT"".""COUNTRIESANDTERRITORIES""='Spain')
",0,"with COVID-19 describe deaths by dateRep, countriesAndTerritories for countriesAndTerritories in ('Italy', 'Spain', 'Germany')",126,0.0,4,20300.0,425.0,15.0,812.0,1,random4,1,1247,4,adbis
39,0.0021447282252783236,COVID-19,"Plan hash value: 2308937895

------------------------------------------------------------------------------------------------
| Id  | Operation                       | Name         | Rows  | Bytes | Cost (%CPU)| Time     |
------------------------------------------------------------------------------------------------
|   0 | SELECT STATEMENT                |              |    28 |  1344 |    18  (12)| 00:00:01 |
|   1 |  SORT GROUP BY                  |              |    28 |  1344 |    18  (12)| 00:00:01 |
|   2 |   MERGE JOIN                    |              |   868 | 41664 |    17   (6)| 00:00:01 |
|   3 |    TABLE ACCESS BY INDEX ROWID  | COVIDDATE    |   348 |  6612 |     2   (0)| 00:00:01 |
|   4 |     INDEX FULL SCAN             | SYS_C0025273 |   348 |       |     1   (0)| 00:00:01 |
|*  5 |    SORT JOIN                    |              |   868 | 25172 |    15   (7)| 00:00:01 |
|   6 |     INLIST ITERATOR             |              |       |       |            |          |
|   7 |      TABLE ACCESS BY INDEX ROWID| COVIDFACT    |   868 | 25172 |    14   (0)| 00:00:01 |
|*  8 |       INDEX RANGE SCAN          | SYS_C0025274 |   868 |       |     7   (0)| 00:00:01 |
------------------------------------------------------------------------------------------------

Predicate Information (identified by operation id):
---------------------------------------------------

5 - access(""COVIDDATE"".""DATEREP""=""FT"".""DATEREP"")
filter(""COVIDDATE"".""DATEREP""=""FT"".""DATEREP"")
8 - access(""FT"".""COUNTRIESANDTERRITORIES""='France' OR
""FT"".""COUNTRIESANDTERRITORIES""='Italy' OR ""FT"".""COUNTRIESANDTERRITORIES""='United_States_
of_America')
",1,"with COVID-19 describe deaths, cases by month, countriesAndTerritories for countriesAndTerritories in ('United_States_of_America', 'Italy', 'France')",149,0.0,1,1344.0,458.0,18.0,28.0,1,random4,14,1226,8,adbis
1044,0.005353634577603144,COVID-19,"Plan hash value: 3009686037

----------------------------------------------------------------------------------
| Id  | Operation            | Name      | Rows  | Bytes | Cost (%CPU)| Time     |
----------------------------------------------------------------------------------
|   0 | SELECT STATEMENT     |           |  1002 | 62124 |   131   (4)| 00:00:02 |
|   1 |  SORT GROUP BY       |           |  1002 | 62124 |   131   (4)| 00:00:02 |
|*  2 |   HASH JOIN          |           | 31408 |  1901K|   129   (3)| 00:00:02 |
|   3 |    TABLE ACCESS FULL | COVIDDATE |   348 |  6612 |     4   (0)| 00:00:01 |
|*  4 |    HASH JOIN         |           | 31408 |  1318K|   124   (2)| 00:00:02 |
|*  5 |     TABLE ACCESS FULL| COUNTRY   |   109 |  1962 |     4   (0)| 00:00:01 |
|   6 |     TABLE ACCESS FULL| COVIDFACT | 61080 |  1491K|   119   (1)| 00:00:02 |
----------------------------------------------------------------------------------

Predicate Information (identified by operation id):
---------------------------------------------------

2 - access(""COVIDDATE"".""DATEREP""=""FT"".""DATEREP"")
4 - access(""COUNTRY"".""COUNTRIESANDTERRITORIES""=""FT"".""COUNTRIESANDTERRIT
ORIES"")
5 - filter(""COUNTRY"".""CONTINENTEXP""='Africa' OR
""COUNTRY"".""CONTINENTEXP""='America' OR ""COUNTRY"".""CONTINENTEXP""='Europa')
",2,"with COVID-19 describe deaths by month, countriesAndTerritories for continentExp in ('America', 'Europa', 'Africa')",115,0.08403361344537816,3,62124.0,410.0,131.0,1002.0,1,random4,53,1209,57,adbis
39,0.00620497707924034,COVID-19,"Plan hash value: 2308937895

------------------------------------------------------------------------------------------------
| Id  | Operation                       | Name         | Rows  | Bytes | Cost (%CPU)| Time     |
------------------------------------------------------------------------------------------------
|   0 | SELECT STATEMENT                |              |    28 |  1232 |    19  (11)| 00:00:01 |
|   1 |  SORT GROUP BY                  |              |    28 |  1232 |    19  (11)| 00:00:01 |
|   2 |   MERGE JOIN                    |              |   934 | 41096 |    18   (6)| 00:00:01 |
|   3 |    TABLE ACCESS BY INDEX ROWID  | COVIDDATE    |   348 |  6612 |     2   (0)| 00:00:01 |
|   4 |     INDEX FULL SCAN             | SYS_C0025273 |   348 |       |     1   (0)| 00:00:01 |
|*  5 |    SORT JOIN                    |              |   934 | 23350 |    16   (7)| 00:00:01 |
|   6 |     INLIST ITERATOR             |              |       |       |            |          |
|   7 |      TABLE ACCESS BY INDEX ROWID| COVIDFACT    |   934 | 23350 |    15   (0)| 00:00:01 |
|*  8 |       INDEX RANGE SCAN          | SYS_C0025274 |   934 |       |     7   (0)| 00:00:01 |
------------------------------------------------------------------------------------------------

Predicate Information (identified by operation id):
---------------------------------------------------

5 - access(""COVIDDATE"".""DATEREP""=""FT"".""DATEREP"")
filter(""COVIDDATE"".""DATEREP""=""FT"".""DATEREP"")
8 - access(""FT"".""COUNTRIESANDTERRITORIES""='Germany' OR
""FT"".""COUNTRIESANDTERRITORIES""='Italy' OR ""FT"".""COUNTRIESANDTERRITORIES""='Spain')
",3,"with COVID-19 describe deaths by month, countriesAndTerritories for countriesAndTerritories in ('Italy', 'Spain', 'Germany')",124,0.20711297071129708,0,1232.0,419.0,19.0,28.0,1,random4,8,1207,6,adbis
13,0.007203667321545514,COVID-19,"Plan hash value: 2755916834

-------------------------------------------------------------------------------------------------
| Id  | Operation                        | Name         | Rows  | Bytes | Cost (%CPU)| Time     |
-------------------------------------------------------------------------------------------------
|   0 | SELECT STATEMENT                 |              |    10 |   540 |    10  (20)| 00:00:01 |
|   1 |  SORT GROUP BY                   |              |    10 |   540 |    10  (20)| 00:00:01 |
|   2 |   MERGE JOIN                     |              |   163 |  8802 |     9  (12)| 00:00:01 |
|   3 |    TABLE ACCESS BY INDEX ROWID   | COVIDDATE    |   348 |  6612 |     2   (0)| 00:00:01 |
|   4 |     INDEX FULL SCAN              | SYS_C0025273 |   348 |       |     1   (0)| 00:00:01 |
|*  5 |    SORT JOIN                     |              |   163 |  5705 |     7  (15)| 00:00:01 |
|   6 |     VIEW                         | VW_GBC_5     |   163 |  5705 |     6   (0)| 00:00:01 |
|   7 |      HASH GROUP BY               |              |   163 |  4075 |     6   (0)| 00:00:01 |
|   8 |       TABLE ACCESS BY INDEX ROWID| COVIDFACT    |   286 |  7150 |     6   (0)| 00:00:01 |
|*  9 |        INDEX RANGE SCAN          | SYS_C0025274 |   286 |       |     3   (0)| 00:00:01 |
-------------------------------------------------------------------------------------------------

Predicate Information (identified by operation id):
---------------------------------------------------

5 - access(""COVIDDATE"".""DATEREP""=""ITEM_1"")
filter(""COVIDDATE"".""DATEREP""=""ITEM_1"")
9 - access(""FT"".""COUNTRIESANDTERRITORIES""='Italy')
",4,"with COVID-19 describe deaths by month, countriesAndTerritories for countriesAndTerritories = 'Italy'",101,0.1836734693877551,0,540.0,398.0,10.0,10.0,1,random4,2,1196,5,adbis
13,0.007203667321545514,COVID-19,"Plan hash value: 2755916834

-------------------------------------------------------------------------------------------------
| Id  | Operation                        | Name         | Rows  | Bytes | Cost (%CPU)| Time     |
-------------------------------------------------------------------------------------------------
|   0 | SELECT STATEMENT                 |              |    10 |   540 |    10  (20)| 00:00:01 |
|   1 |  SORT GROUP BY                   |              |    10 |   540 |    10  (20)| 00:00:01 |
|   2 |   MERGE JOIN                     |              |   159 |  8586 |     9  (12)| 00:00:01 |
|   3 |    TABLE ACCESS BY INDEX ROWID   | COVIDDATE    |   348 |  6612 |     2   (0)| 00:00:01 |
|   4 |     INDEX FULL SCAN              | SYS_C0025273 |   348 |       |     1   (0)| 00:00:01 |
|*  5 |    SORT JOIN                     |              |   159 |  5565 |     7  (15)| 00:00:01 |
|   6 |     VIEW                         | VW_GBC_5     |   159 |  5565 |     6   (0)| 00:00:01 |
|   7 |      HASH GROUP BY               |              |   159 |  3975 |     6   (0)| 00:00:01 |
|   8 |       TABLE ACCESS BY INDEX ROWID| COVIDFACT    |   275 |  6875 |     6   (0)| 00:00:01 |
|*  9 |        INDEX RANGE SCAN          | SYS_C0025274 |   275 |       |     3   (0)| 00:00:01 |
-------------------------------------------------------------------------------------------------

Predicate Information (identified by operation id):
---------------------------------------------------

5 - access(""COVIDDATE"".""DATEREP""=""ITEM_1"")
filter(""COVIDDATE"".""DATEREP""=""ITEM_1"")
9 - access(""FT"".""COUNTRIESANDTERRITORIES""='United_States_of_America')
",5,"with COVID-19 describe deaths by month, countriesAndTerritories for countriesAndTerritories = 'United_States_of_America'",120,0.26666666666666666,0,540.0,417.0,10.0,10.0,1,random4,1,1177,5,adbis
506,0.0037000654878847415,COVID-19,"Plan hash value: 3009686037

----------------------------------------------------------------------------------
| Id  | Operation            | Name      | Rows  | Bytes | Cost (%CPU)| Time     |
----------------------------------------------------------------------------------
|   0 | SELECT STATEMENT     |           |   451 | 27962 |   130   (4)| 00:00:02 |
|   1 |  SORT GROUP BY       |           |   451 | 27962 |   130   (4)| 00:00:02 |
|*  2 |   HASH JOIN          |           | 14184 |   858K|   129   (3)| 00:00:02 |
|   3 |    TABLE ACCESS FULL | COVIDDATE |   348 |  6612 |     4   (0)| 00:00:01 |
|*  4 |    HASH JOIN         |           | 14184 |   595K|   124   (2)| 00:00:02 |
|*  5 |     TABLE ACCESS FULL| COUNTRY   |    49 |   882 |     4   (0)| 00:00:01 |
|   6 |     TABLE ACCESS FULL| COVIDFACT | 61080 |  1491K|   119   (1)| 00:00:02 |
----------------------------------------------------------------------------------

Predicate Information (identified by operation id):
---------------------------------------------------

2 - access(""COVIDDATE"".""DATEREP""=""FT"".""DATEREP"")
4 - access(""COUNTRY"".""COUNTRIESANDTERRITORIES""=""FT"".""COUNTRIESANDTERRIT
ORIES"")
5 - filter(""COUNTRY"".""CONTINENTEXP""='America')
",0,"with COVID-19 describe deaths by month, countriesAndTerritories for continentExp in ('America')",95,0.0,2,27962.0,392.0,130.0,451.0,1,random5,1,1202,53,adbis
211,0.017075965946299936,COVID-19,"Plan hash value: 216913314

--------------------------------------------------------------------------------
| Id  | Operation          | Name      | Rows  | Bytes | Cost (%CPU)| Time     |
--------------------------------------------------------------------------------
|   0 | SELECT STATEMENT   |           |   211 |  2954 |   123   (5)| 00:00:02 |
|   1 |  SORT GROUP BY     |           |   211 |  2954 |   123   (5)| 00:00:02 |
|   2 |   TABLE ACCESS FULL| COVIDFACT | 61080 |   835K|   119   (1)| 00:00:02 |
--------------------------------------------------------------------------------
",1,with COVID-19 describe deaths by countriesAndTerritories,56,0.1780929866036249,1,2954.0,244.0,123.0,211.0,1,random5,13,1180,41,adbis
49,0.22336280288146693,COVID-19,"Plan hash value: 1016733566

---------------------------------------------------------------------------------
| Id  | Operation           | Name      | Rows  | Bytes | Cost (%CPU)| Time     |
---------------------------------------------------------------------------------
|   0 | SELECT STATEMENT    |           |    49 |  1568 |   126   (4)| 00:00:02 |
|   1 |  SORT GROUP BY      |           |    49 |  1568 |   126   (4)| 00:00:02 |
|*  2 |   HASH JOIN         |           | 14184 |   443K|   124   (2)| 00:00:02 |
|*  3 |    TABLE ACCESS FULL| COUNTRY   |    49 |   882 |     4   (0)| 00:00:01 |
|   4 |    TABLE ACCESS FULL| COVIDFACT | 61080 |   835K|   119   (1)| 00:00:02 |
---------------------------------------------------------------------------------

Predicate Information (identified by operation id):
---------------------------------------------------

2 - access(""COUNTRY"".""COUNTRIESANDTERRITORIES""=""FT"".""COUNTRIESANDTERRI
TORIES"")
3 - filter(""COUNTRY"".""CONTINENTEXP""='America')
",2,with COVID-19 describe deaths by countriesAndTerritories for continentExp = 'America',85,0.016295334919604873,0,1568.0,283.0,126.0,49.0,1,random5,3,1193,26,adbis
13,0.3027668631303209,COVID-19,"Plan hash value: 818443477

----------------------------------------------------------------------------------------------
| Id  | Operation                     | Name         | Rows  | Bytes | Cost (%CPU)| Time     |
----------------------------------------------------------------------------------------------
|   0 | SELECT STATEMENT              |              |    13 |   559 |   127   (6)| 00:00:02 |
|   1 |  SORT GROUP BY                |              |    13 |   559 |   127   (6)| 00:00:02 |
|   2 |   MERGE JOIN                  |              |   348 | 14964 |   126   (5)| 00:00:02 |
|   3 |    TABLE ACCESS BY INDEX ROWID| COVIDDATE    |   348 |  6612 |     2   (0)| 00:00:01 |
|   4 |     INDEX FULL SCAN           | SYS_C0025273 |   348 |       |     1   (0)| 00:00:01 |
|*  5 |    SORT JOIN                  |              |   348 |  8352 |   124   (5)| 00:00:02 |
|   6 |     VIEW                      | VW_GBC_5     |   348 |  8352 |   123   (5)| 00:00:02 |
|   7 |      HASH GROUP BY            |              |   348 |  4872 |   123   (5)| 00:00:02 |
|   8 |       TABLE ACCESS FULL       | COVIDFACT    | 61080 |   835K|   119   (1)| 00:00:02 |
----------------------------------------------------------------------------------------------

Predicate Information (identified by operation id):
---------------------------------------------------

5 - access(""COVIDDATE"".""DATEREP""=""ITEM_1"")
filter(""COVIDDATE"".""DATEREP""=""ITEM_1"")
",3,with COVID-19 describe deaths by month,38,0.08400614195849225,1,559.0,168.0,127.0,13.0,1,random5,2,1169,28,adbis
1044,0.3027668631303209,COVID-19,"Plan hash value: 3009686037

----------------------------------------------------------------------------------
| Id  | Operation            | Name      | Rows  | Bytes | Cost (%CPU)| Time     |
----------------------------------------------------------------------------------
|   0 | SELECT STATEMENT     |           |  1002 | 62124 |   131   (4)| 00:00:02 |
|   1 |  SORT GROUP BY       |           |  1002 | 62124 |   131   (4)| 00:00:02 |
|*  2 |   HASH JOIN          |           | 31408 |  1901K|   129   (3)| 00:00:02 |
|   3 |    TABLE ACCESS FULL | COVIDDATE |   348 |  6612 |     4   (0)| 00:00:01 |
|*  4 |    HASH JOIN         |           | 31408 |  1318K|   124   (2)| 00:00:02 |
|*  5 |     TABLE ACCESS FULL| COUNTRY   |   109 |  1962 |     4   (0)| 00:00:01 |
|   6 |     TABLE ACCESS FULL| COVIDFACT | 61080 |  1491K|   119   (1)| 00:00:02 |
----------------------------------------------------------------------------------

Predicate Information (identified by operation id):
---------------------------------------------------

2 - access(""COVIDDATE"".""DATEREP""=""FT"".""DATEREP"")
4 - access(""COUNTRY"".""COUNTRIESANDTERRITORIES""=""FT"".""COUNTRIESANDTERRIT
ORIES"")
5 - filter(""COUNTRY"".""CONTINENTEXP""='Africa' OR
""COUNTRY"".""CONTINENTEXP""='America' OR ""COUNTRY"".""CONTINENTEXP""='Europa')
",4,"with COVID-19 describe deaths by month, countriesAndTerritories for continentExp in ('America', 'Europa', 'Africa')",115,0.09414646093558658,3,62124.0,410.0,131.0,1002.0,1,random5,9,1257,58,adbis
211,0.017075965946299936,COVID-19,"Plan hash value: 216913314

--------------------------------------------------------------------------------
| Id  | Operation          | Name      | Rows  | Bytes | Cost (%CPU)| Time     |
--------------------------------------------------------------------------------
|   0 | SELECT STATEMENT   |           |   211 |  2954 |   123   (5)| 00:00:02 |
|   1 |  SORT GROUP BY     |           |   211 |  2954 |   123   (5)| 00:00:02 |
|   2 |   TABLE ACCESS FULL| COVIDFACT | 61080 |   835K|   119   (1)| 00:00:02 |
--------------------------------------------------------------------------------
",0,with COVID-19 describe deaths by countriesAndTerritories,56,0.0,1,2954.0,244.0,123.0,211.0,1,random6,1,1186,35,adbis
158,0.19133922724296004,COVID-19,"Plan hash value: 1016733566

---------------------------------------------------------------------------------
| Id  | Operation           | Name      | Rows  | Bytes | Cost (%CPU)| Time     |
---------------------------------------------------------------------------------
|   0 | SELECT STATEMENT    |           |   158 |  5056 |   127   (4)| 00:00:02 |
|   1 |  SORT GROUP BY      |           |   158 |  5056 |   127   (4)| 00:00:02 |
|*  2 |   HASH JOIN         |           | 45738 |  1429K|   124   (2)| 00:00:02 |
|*  3 |    TABLE ACCESS FULL| COUNTRY   |   158 |  2844 |     4   (0)| 00:00:01 |
|   4 |    TABLE ACCESS FULL| COVIDFACT | 61080 |   835K|   119   (1)| 00:00:02 |
---------------------------------------------------------------------------------

Predicate Information (identified by operation id):
---------------------------------------------------

2 - access(""COUNTRY"".""COUNTRIESANDTERRITORIES""=""FT"".""COUNTRIESANDTERRI
TORIES"")
3 - filter(""COUNTRY"".""CONTINENTEXP""='Africa' OR
""COUNTRY"".""CONTINENTEXP""='America' OR ""COUNTRY"".""CONTINENTEXP""='Europe')
",1,"with COVID-19 describe deaths by countriesAndTerritories for continentExp in ('America', 'Europe', 'Africa')",108,0.0,1,5056.0,304.0,127.0,158.0,1,random6,8,1177,53,adbis
506,0.19133922724296004,COVID-19,"Plan hash value: 3009686037

----------------------------------------------------------------------------------
| Id  | Operation            | Name      | Rows  | Bytes | Cost (%CPU)| Time     |
----------------------------------------------------------------------------------
|   0 | SELECT STATEMENT     |           |   451 | 27962 |   130   (4)| 00:00:02 |
|   1 |  SORT GROUP BY       |           |   451 | 27962 |   130   (4)| 00:00:02 |
|*  2 |   HASH JOIN          |           | 14184 |   858K|   129   (3)| 00:00:02 |
|   3 |    TABLE ACCESS FULL | COVIDDATE |   348 |  6612 |     4   (0)| 00:00:01 |
|*  4 |    HASH JOIN         |           | 14184 |   595K|   124   (2)| 00:00:02 |
|*  5 |     TABLE ACCESS FULL| COUNTRY   |    49 |   882 |     4   (0)| 00:00:01 |
|   6 |     TABLE ACCESS FULL| COVIDFACT | 61080 |  1491K|   119   (1)| 00:00:02 |
----------------------------------------------------------------------------------

Predicate Information (identified by operation id):
---------------------------------------------------

2 - access(""COVIDDATE"".""DATEREP""=""FT"".""DATEREP"")
4 - access(""COUNTRY"".""COUNTRIESANDTERRITORIES""=""FT"".""COUNTRIESANDTERRIT
ORIES"")
5 - filter(""COUNTRY"".""CONTINENTEXP""='America')
",2,"with COVID-19 describe deaths by month, countriesAndTerritories for continentExp in ('America')",95,0.018970872156467724,2,27962.0,392.0,130.0,451.0,1,random6,8,1194,60,adbis
13,0.2736902423051735,COVID-19,"Plan hash value: 818443477

----------------------------------------------------------------------------------------------
| Id  | Operation                     | Name         | Rows  | Bytes | Cost (%CPU)| Time     |
----------------------------------------------------------------------------------------------
|   0 | SELECT STATEMENT              |              |    13 |   559 |   127   (6)| 00:00:02 |
|   1 |  SORT GROUP BY                |              |    13 |   559 |   127   (6)| 00:00:02 |
|   2 |   MERGE JOIN                  |              |   348 | 14964 |   126   (5)| 00:00:02 |
|   3 |    TABLE ACCESS BY INDEX ROWID| COVIDDATE    |   348 |  6612 |     2   (0)| 00:00:01 |
|   4 |     INDEX FULL SCAN           | SYS_C0025273 |   348 |       |     1   (0)| 00:00:01 |
|*  5 |    SORT JOIN                  |              |   348 |  8352 |   124   (5)| 00:00:02 |
|   6 |     VIEW                      | VW_GBC_5     |   348 |  8352 |   123   (5)| 00:00:02 |
|   7 |      HASH GROUP BY            |              |   348 |  4872 |   123   (5)| 00:00:02 |
|   8 |       TABLE ACCESS FULL       | COVIDFACT    | 61080 |   835K|   119   (1)| 00:00:02 |
----------------------------------------------------------------------------------------------

Predicate Information (identified by operation id):
---------------------------------------------------

5 - access(""COVIDDATE"".""DATEREP""=""ITEM_1"")
filter(""COVIDDATE"".""DATEREP""=""ITEM_1"")
",3,with COVID-19 describe deaths by month,38,0.08314594416716942,0,559.0,168.0,127.0,13.0,1,random6,4,1179,28,adbis
13,9.986902423051735E-4,COVID-19,"Plan hash value: 2755916834

-------------------------------------------------------------------------------------------------
| Id  | Operation                        | Name         | Rows  | Bytes | Cost (%CPU)| Time     |
-------------------------------------------------------------------------------------------------
|   0 | SELECT STATEMENT                 |              |    10 |   540 |    10  (20)| 00:00:01 |
|   1 |  SORT GROUP BY                   |              |    10 |   540 |    10  (20)| 00:00:01 |
|   2 |   MERGE JOIN                     |              |   159 |  8586 |     9  (12)| 00:00:01 |
|   3 |    TABLE ACCESS BY INDEX ROWID   | COVIDDATE    |   348 |  6612 |     2   (0)| 00:00:01 |
|   4 |     INDEX FULL SCAN              | SYS_C0025273 |   348 |       |     1   (0)| 00:00:01 |
|*  5 |    SORT JOIN                     |              |   159 |  5565 |     7  (15)| 00:00:01 |
|   6 |     VIEW                         | VW_GBC_5     |   159 |  5565 |     6   (0)| 00:00:01 |
|   7 |      HASH GROUP BY               |              |   159 |  3975 |     6   (0)| 00:00:01 |
|   8 |       TABLE ACCESS BY INDEX ROWID| COVIDFACT    |   275 |  6875 |     6   (0)| 00:00:01 |
|*  9 |        INDEX RANGE SCAN          | SYS_C0025274 |   275 |       |     3   (0)| 00:00:01 |
-------------------------------------------------------------------------------------------------

Predicate Information (identified by operation id):
---------------------------------------------------

5 - access(""COVIDDATE"".""DATEREP""=""ITEM_1"")
filter(""COVIDDATE"".""DATEREP""=""ITEM_1"")
9 - access(""FT"".""COUNTRIESANDTERRITORIES""='United_States_of_America')
",0,"with COVID-19 describe deaths by month, countriesAndTerritories for countriesAndTerritories = 'United_States_of_America'",120,0.0,0,540.0,417.0,10.0,10.0,1,random7,1,1186,9,adbis
13,0.0019810085134250163,COVID-19,"Plan hash value: 2308937895

------------------------------------------------------------------------------------------------
| Id  | Operation                       | Name         | Rows  | Bytes | Cost (%CPU)| Time     |
------------------------------------------------------------------------------------------------
|   0 | SELECT STATEMENT                |              |    28 |  1232 |    11  (19)| 00:00:01 |
|   1 |  SORT GROUP BY                  |              |    28 |  1232 |    11  (19)| 00:00:01 |
|   2 |   MERGE JOIN                    |              |   287 | 12628 |    10  (10)| 00:00:01 |
|   3 |    TABLE ACCESS BY INDEX ROWID  | COVIDDATE    |   348 |  6612 |     2   (0)| 00:00:01 |
|   4 |     INDEX FULL SCAN             | SYS_C0025273 |   348 |       |     1   (0)| 00:00:01 |
|*  5 |    SORT JOIN                    |              |   287 |  7175 |     8  (13)| 00:00:01 |
|   6 |     INLIST ITERATOR             |              |       |       |            |          |
|   7 |      TABLE ACCESS BY INDEX ROWID| COVIDFACT    |   287 |  7175 |     7   (0)| 00:00:01 |
|*  8 |       INDEX RANGE SCAN          | SYS_C0025274 |   287 |       |     4   (0)| 00:00:01 |
------------------------------------------------------------------------------------------------

Predicate Information (identified by operation id):
---------------------------------------------------

5 - access(""COVIDDATE"".""DATEREP""=""FT"".""DATEREP"")
filter(""COVIDDATE"".""DATEREP""=""FT"".""DATEREP"")
8 - access(""FT"".""COUNTRIESANDTERRITORIES""=' France' OR
""FT"".""COUNTRIESANDTERRITORIES""=' Germany' OR ""FT"".""COUNTRIESANDTERRITORIES""='Italy')
",1,"with COVID-19 describe deaths by month, countriesAndTerritories for countriesAndTerritories in ('Italy', ' France', ' Germany')",127,0.0,0,1232.0,422.0,11.0,28.0,1,random7,2,1156,4,adbis
13,0.005484610347085789,COVID-19,"Plan hash value: 2755916834

-------------------------------------------------------------------------------------------------
| Id  | Operation                        | Name         | Rows  | Bytes | Cost (%CPU)| Time     |
-------------------------------------------------------------------------------------------------
|   0 | SELECT STATEMENT                 |              |    10 |   540 |    10  (20)| 00:00:01 |
|   1 |  SORT GROUP BY                   |              |    10 |   540 |    10  (20)| 00:00:01 |
|   2 |   MERGE JOIN                     |              |   163 |  8802 |     9  (12)| 00:00:01 |
|   3 |    TABLE ACCESS BY INDEX ROWID   | COVIDDATE    |   348 |  6612 |     2   (0)| 00:00:01 |
|   4 |     INDEX FULL SCAN              | SYS_C0025273 |   348 |       |     1   (0)| 00:00:01 |
|*  5 |    SORT JOIN                     |              |   163 |  5705 |     7  (15)| 00:00:01 |
|   6 |     VIEW                         | VW_GBC_5     |   163 |  5705 |     6   (0)| 00:00:01 |
|   7 |      HASH GROUP BY               |              |   163 |  4075 |     6   (0)| 00:00:01 |
|   8 |       TABLE ACCESS BY INDEX ROWID| COVIDFACT    |   286 |  7150 |     6   (0)| 00:00:01 |
|*  9 |        INDEX RANGE SCAN          | SYS_C0025274 |   286 |       |     3   (0)| 00:00:01 |
-------------------------------------------------------------------------------------------------

Predicate Information (identified by operation id):
---------------------------------------------------

5 - access(""COVIDDATE"".""DATEREP""=""ITEM_1"")
filter(""COVIDDATE"".""DATEREP""=""ITEM_1"")
9 - access(""FT"".""COUNTRIESANDTERRITORIES""='Italy')
",2,"with COVID-19 describe deaths by month, countriesAndTerritories for countriesAndTerritories = 'Italy'",101,0.0,0,540.0,398.0,10.0,10.0,1,random7,2,1172,4,adbis
26,0.00597576948264571,COVID-19,"Plan hash value: 2308937895

------------------------------------------------------------------------------------------------
| Id  | Operation                       | Name         | Rows  | Bytes | Cost (%CPU)| Time     |
------------------------------------------------------------------------------------------------
|   0 | SELECT STATEMENT                |              |    19 |   836 |    14  (15)| 00:00:01 |
|   1 |  SORT GROUP BY                  |              |    19 |   836 |    14  (15)| 00:00:01 |
|   2 |   MERGE JOIN                    |              |   560 | 24640 |    13   (8)| 00:00:01 |
|   3 |    TABLE ACCESS BY INDEX ROWID  | COVIDDATE    |   348 |  6612 |     2   (0)| 00:00:01 |
|   4 |     INDEX FULL SCAN             | SYS_C0025273 |   348 |       |     1   (0)| 00:00:01 |
|*  5 |    SORT JOIN                    |              |   560 | 14000 |    11  (10)| 00:00:01 |
|   6 |     INLIST ITERATOR             |              |       |       |            |          |
|   7 |      TABLE ACCESS BY INDEX ROWID| COVIDFACT    |   560 | 14000 |    10   (0)| 00:00:01 |
|*  8 |       INDEX RANGE SCAN          | SYS_C0025274 |   560 |       |     5   (0)| 00:00:01 |
------------------------------------------------------------------------------------------------

Predicate Information (identified by operation id):
---------------------------------------------------

5 - access(""COVIDDATE"".""DATEREP""=""FT"".""DATEREP"")
filter(""COVIDDATE"".""DATEREP""=""FT"".""DATEREP"")
8 - access(""FT"".""COUNTRIESANDTERRITORIES""='Italy' OR
""FT"".""COUNTRIESANDTERRITORIES""='United_States_of_America')
",3,"with COVID-19 describe deaths by month, countriesAndTerritories for countriesAndTerritories in ('United_States_of_America', 'Italy')",132,0.1431924882629108,1,836.0,428.0,14.0,19.0,1,random7,2,1175,10,adbis
13,0.10846430910281597,COVID-19,"Plan hash value: 818443477

----------------------------------------------------------------------------------------------
| Id  | Operation                     | Name         | Rows  | Bytes | Cost (%CPU)| Time     |
----------------------------------------------------------------------------------------------
|   0 | SELECT STATEMENT              |              |    13 |   559 |   127   (6)| 00:00:02 |
|   1 |  SORT GROUP BY                |              |    13 |   559 |   127   (6)| 00:00:02 |
|   2 |   MERGE JOIN                  |              |   348 | 14964 |   126   (5)| 00:00:02 |
|   3 |    TABLE ACCESS BY INDEX ROWID| COVIDDATE    |   348 |  6612 |     2   (0)| 00:00:01 |
|   4 |     INDEX FULL SCAN           | SYS_C0025273 |   348 |       |     1   (0)| 00:00:01 |
|*  5 |    SORT JOIN                  |              |   348 |  8352 |   124   (5)| 00:00:02 |
|   6 |     VIEW                      | VW_GBC_5     |   348 |  8352 |   123   (5)| 00:00:02 |
|   7 |      HASH GROUP BY            |              |   348 |  4872 |   123   (5)| 00:00:02 |
|   8 |       TABLE ACCESS FULL       | COVIDFACT    | 61080 |   835K|   119   (1)| 00:00:02 |
----------------------------------------------------------------------------------------------

Predicate Information (identified by operation id):
---------------------------------------------------

5 - access(""COVIDDATE"".""DATEREP""=""ITEM_1"")
filter(""COVIDDATE"".""DATEREP""=""ITEM_1"")
",4,with COVID-19 describe deaths by month,38,0.017936554995552922,0,559.0,168.0,127.0,13.0,1,random7,2,1179,29,adbis
49,0.0056974459724950886,COVID-19,"Plan hash value: 1016733566

---------------------------------------------------------------------------------
| Id  | Operation           | Name      | Rows  | Bytes | Cost (%CPU)| Time     |
---------------------------------------------------------------------------------
|   0 | SELECT STATEMENT    |           |    49 |  1568 |   126   (4)| 00:00:02 |
|   1 |  SORT GROUP BY      |           |    49 |  1568 |   126   (4)| 00:00:02 |
|*  2 |   HASH JOIN         |           | 14184 |   443K|   124   (2)| 00:00:02 |
|*  3 |    TABLE ACCESS FULL| COUNTRY   |    49 |   882 |     4   (0)| 00:00:01 |
|   4 |    TABLE ACCESS FULL| COVIDFACT | 61080 |   835K|   119   (1)| 00:00:02 |
---------------------------------------------------------------------------------

Predicate Information (identified by operation id):
---------------------------------------------------

2 - access(""COUNTRY"".""COUNTRIESANDTERRITORIES""=""FT"".""COUNTRIESANDTERRI
TORIES"")
3 - filter(""COUNTRY"".""CONTINENTEXP""='America')
",0,with COVID-19 describe deaths by countriesAndTerritories for continentExp = 'America',85,0.0,0,1568.0,283.0,126.0,49.0,1,random8,1,1175,28,adbis
211,0.017075965946299936,COVID-19,"Plan hash value: 216913314

--------------------------------------------------------------------------------
| Id  | Operation          | Name      | Rows  | Bytes | Cost (%CPU)| Time     |
--------------------------------------------------------------------------------
|   0 | SELECT STATEMENT   |           |   211 |  2954 |   123   (5)| 00:00:02 |
|   1 |  SORT GROUP BY     |           |   211 |  2954 |   123   (5)| 00:00:02 |
|   2 |   TABLE ACCESS FULL| COVIDFACT | 61080 |   835K|   119   (1)| 00:00:02 |
--------------------------------------------------------------------------------
",1,with COVID-19 describe deaths by countriesAndTerritories,56,0.2501797268152408,1,2954.0,244.0,123.0,211.0,1,random8,10,1188,35,adbis
158,0.017075965946299936,COVID-19,"Plan hash value: 1016733566

---------------------------------------------------------------------------------
| Id  | Operation           | Name      | Rows  | Bytes | Cost (%CPU)| Time     |
---------------------------------------------------------------------------------
|   0 | SELECT STATEMENT    |           |   158 |  5056 |   127   (4)| 00:00:02 |
|   1 |  SORT GROUP BY      |           |   158 |  5056 |   127   (4)| 00:00:02 |
|*  2 |   HASH JOIN         |           | 45738 |  1429K|   124   (2)| 00:00:02 |
|*  3 |    TABLE ACCESS FULL| COUNTRY   |   158 |  2844 |     4   (0)| 00:00:01 |
|   4 |    TABLE ACCESS FULL| COVIDFACT | 61080 |   835K|   119   (1)| 00:00:02 |
---------------------------------------------------------------------------------

Predicate Information (identified by operation id):
---------------------------------------------------

2 - access(""COUNTRY"".""COUNTRIESANDTERRITORIES""=""FT"".""COUNTRIESANDTERRI
TORIES"")
3 - filter(""COUNTRY"".""CONTINENTEXP""='Africa' OR
""COUNTRY"".""CONTINENTEXP""='America' OR ""COUNTRY"".""CONTINENTEXP""='Europe')
",2,"with COVID-19 describe deaths by countriesAndTerritories for continentExp in ('America', 'Europe', 'Africa')",108,0.5002395783421179,0,5056.0,304.0,127.0,158.0,1,random8,8,1167,42,adbis
39,0.01905697445972495,COVID-19,"Plan hash value: 2308937895

------------------------------------------------------------------------------------------------
| Id  | Operation                       | Name         | Rows  | Bytes | Cost (%CPU)| Time     |
------------------------------------------------------------------------------------------------
|   0 | SELECT STATEMENT                |              |    28 |  1232 |    19  (11)| 00:00:01 |
|   1 |  SORT GROUP BY                  |              |    28 |  1232 |    19  (11)| 00:00:01 |
|   2 |   MERGE JOIN                    |              |   934 | 41096 |    18   (6)| 00:00:01 |
|   3 |    TABLE ACCESS BY INDEX ROWID  | COVIDDATE    |   348 |  6612 |     2   (0)| 00:00:01 |
|   4 |     INDEX FULL SCAN             | SYS_C0025273 |   348 |       |     1   (0)| 00:00:01 |
|*  5 |    SORT JOIN                    |              |   934 | 23350 |    16   (7)| 00:00:01 |
|   6 |     INLIST ITERATOR             |              |       |       |            |          |
|   7 |      TABLE ACCESS BY INDEX ROWID| COVIDFACT    |   934 | 23350 |    15   (0)| 00:00:01 |
|*  8 |       INDEX RANGE SCAN          | SYS_C0025274 |   934 |       |     7   (0)| 00:00:01 |
------------------------------------------------------------------------------------------------

Predicate Information (identified by operation id):
---------------------------------------------------

5 - access(""COVIDDATE"".""DATEREP""=""FT"".""DATEREP"")
filter(""COVIDDATE"".""DATEREP""=""FT"".""DATEREP"")
8 - access(""FT"".""COUNTRIESANDTERRITORIES""='Germany' OR
""FT"".""COUNTRIESANDTERRITORIES""='Italy' OR ""FT"".""COUNTRIESANDTERRITORIES""='Spain')
",3,"with COVID-19 describe deaths by month, countriesAndTerritories for countriesAndTerritories in ('Italy', 'Spain', 'Germany')",124,0.47282608695652173,0,1232.0,419.0,19.0,28.0,1,random8,3,1226,10,adbis
13,0.2786345776031434,COVID-19,"Plan hash value: 2755916834

-------------------------------------------------------------------------------------------------
| Id  | Operation                        | Name         | Rows  | Bytes | Cost (%CPU)| Time     |
-------------------------------------------------------------------------------------------------
|   0 | SELECT STATEMENT                 |              |    13 |   559 |    10  (20)| 00:00:01 |
|   1 |  SORT GROUP BY                   |              |    13 |   559 |    10  (20)| 00:00:01 |
|   2 |   MERGE JOIN                     |              |   195 |  8385 |     9  (12)| 00:00:01 |
|   3 |    TABLE ACCESS BY INDEX ROWID   | COVIDDATE    |   348 |  6612 |     2   (0)| 00:00:01 |
|   4 |     INDEX FULL SCAN              | SYS_C0025273 |   348 |       |     1   (0)| 00:00:01 |
|*  5 |    SORT JOIN                     |              |   195 |  4680 |     7  (15)| 00:00:01 |
|   6 |     VIEW                         | VW_GBC_5     |   195 |  4680 |     6   (0)| 00:00:01 |
|   7 |      HASH GROUP BY               |              |   195 |  4875 |     6   (0)| 00:00:01 |
|   8 |       TABLE ACCESS BY INDEX ROWID| COVIDFACT    |   286 |  7150 |     6   (0)| 00:00:01 |
|*  9 |        INDEX RANGE SCAN          | SYS_C0025274 |   286 |       |     3   (0)| 00:00:01 |
-------------------------------------------------------------------------------------------------

Predicate Information (identified by operation id):
---------------------------------------------------

5 - access(""COVIDDATE"".""DATEREP""=""ITEM_1"")
filter(""COVIDDATE"".""DATEREP""=""ITEM_1"")
9 - access(""FT"".""COUNTRIESANDTERRITORIES""='Italy')
",4,with COVID-19 describe deaths by month for countriesAndTerritories = 'Italy',76,0.07786085825747724,0,559.0,299.0,10.0,13.0,1,random8,2,1234,7,adbis
39,0.2786345776031434,COVID-19,"Plan hash value: 2308937895

------------------------------------------------------------------------------------------------
| Id  | Operation                       | Name         | Rows  | Bytes | Cost (%CPU)| Time     |
------------------------------------------------------------------------------------------------
|   0 | SELECT STATEMENT                |              |    28 |  1344 |    18  (12)| 00:00:01 |
|   1 |  SORT GROUP BY                  |              |    28 |  1344 |    18  (12)| 00:00:01 |
|   2 |   MERGE JOIN                    |              |   868 | 41664 |    17   (6)| 00:00:01 |
|   3 |    TABLE ACCESS BY INDEX ROWID  | COVIDDATE    |   348 |  6612 |     2   (0)| 00:00:01 |
|   4 |     INDEX FULL SCAN             | SYS_C0025273 |   348 |       |     1   (0)| 00:00:01 |
|*  5 |    SORT JOIN                    |              |   868 | 25172 |    15   (7)| 00:00:01 |
|   6 |     INLIST ITERATOR             |              |       |       |            |          |
|   7 |      TABLE ACCESS BY INDEX ROWID| COVIDFACT    |   868 | 25172 |    14   (0)| 00:00:01 |
|*  8 |       INDEX RANGE SCAN          | SYS_C0025274 |   868 |       |     7   (0)| 00:00:01 |
------------------------------------------------------------------------------------------------

Predicate Information (identified by operation id):
---------------------------------------------------

5 - access(""COVIDDATE"".""DATEREP""=""FT"".""DATEREP"")
filter(""COVIDDATE"".""DATEREP""=""FT"".""DATEREP"")
8 - access(""FT"".""COUNTRIESANDTERRITORIES""='France' OR
""FT"".""COUNTRIESANDTERRITORIES""='Italy' OR ""FT"".""COUNTRIESANDTERRITORIES""='United_States_
of_America')
",5,"with COVID-19 describe deaths, cases by month, countriesAndTerritories for countriesAndTerritories in ('United_States_of_America', 'Italy', 'France')",149,0.07935735150925025,1,1344.0,458.0,18.0,28.0,1,random8,2,1189,6,adbis
26,4.911591355599214E-4,COVID-19,"Plan hash value: 2308937895

------------------------------------------------------------------------------------------------
| Id  | Operation                       | Name         | Rows  | Bytes | Cost (%CPU)| Time     |
------------------------------------------------------------------------------------------------
|   0 | SELECT STATEMENT                |              |    19 |   912 |    14  (15)| 00:00:01 |
|   1 |  SORT GROUP BY                  |              |    19 |   912 |    14  (15)| 00:00:01 |
|   2 |   MERGE JOIN                    |              |   560 | 26880 |    13   (8)| 00:00:01 |
|   3 |    TABLE ACCESS BY INDEX ROWID  | COVIDDATE    |   348 |  6612 |     2   (0)| 00:00:01 |
|   4 |     INDEX FULL SCAN             | SYS_C0025273 |   348 |       |     1   (0)| 00:00:01 |
|*  5 |    SORT JOIN                    |              |   560 | 16240 |    11  (10)| 00:00:01 |
|   6 |     INLIST ITERATOR             |              |       |       |            |          |
|   7 |      TABLE ACCESS BY INDEX ROWID| COVIDFACT    |   560 | 16240 |    10   (0)| 00:00:01 |
|*  8 |       INDEX RANGE SCAN          | SYS_C0025274 |   560 |       |     5   (0)| 00:00:01 |
------------------------------------------------------------------------------------------------

Predicate Information (identified by operation id):
---------------------------------------------------

5 - access(""COVIDDATE"".""DATEREP""=""FT"".""DATEREP"")
filter(""COVIDDATE"".""DATEREP""=""FT"".""DATEREP"")
8 - access(""FT"".""COUNTRIESANDTERRITORIES""='Italy' OR
""FT"".""COUNTRIESANDTERRITORIES""='United_States_of_America')
",0,"with COVID-19 describe deaths, cases by month, countriesAndTerritories for countriesAndTerritories in ('United_States_of_America', 'Italy')",139,0.0,0,912.0,449.0,14.0,19.0,1,random9,0,1232,5,adbis
39,4.911591355599214E-4,COVID-19,"Plan hash value: 2308937895

------------------------------------------------------------------------------------------------
| Id  | Operation                       | Name         | Rows  | Bytes | Cost (%CPU)| Time     |
------------------------------------------------------------------------------------------------
|   0 | SELECT STATEMENT                |              |    28 |  1344 |    18  (12)| 00:00:01 |
|   1 |  SORT GROUP BY                  |              |    28 |  1344 |    18  (12)| 00:00:01 |
|   2 |   MERGE JOIN                    |              |   868 | 41664 |    17   (6)| 00:00:01 |
|   3 |    TABLE ACCESS BY INDEX ROWID  | COVIDDATE    |   348 |  6612 |     2   (0)| 00:00:01 |
|   4 |     INDEX FULL SCAN             | SYS_C0025273 |   348 |       |     1   (0)| 00:00:01 |
|*  5 |    SORT JOIN                    |              |   868 | 25172 |    15   (7)| 00:00:01 |
|   6 |     INLIST ITERATOR             |              |       |       |            |          |
|   7 |      TABLE ACCESS BY INDEX ROWID| COVIDFACT    |   868 | 25172 |    14   (0)| 00:00:01 |
|*  8 |       INDEX RANGE SCAN          | SYS_C0025274 |   868 |       |     7   (0)| 00:00:01 |
------------------------------------------------------------------------------------------------

Predicate Information (identified by operation id):
---------------------------------------------------

5 - access(""COVIDDATE"".""DATEREP""=""FT"".""DATEREP"")
filter(""COVIDDATE"".""DATEREP""=""FT"".""DATEREP"")
8 - access(""FT"".""COUNTRIESANDTERRITORIES""='France' OR
""FT"".""COUNTRIESANDTERRITORIES""='Italy' OR ""FT"".""COUNTRIESANDTERRITORIES""='United_States_
of_America')
",1,"with COVID-19 describe deaths, cases by month, countriesAndTerritories for countriesAndTerritories in ('United_States_of_America', 'Italy', 'France')",149,0.5,1,1344.0,458.0,18.0,28.0,1,random9,4,1181,7,adbis
39,0.001489849377865095,COVID-19,"Plan hash value: 2308937895

------------------------------------------------------------------------------------------------
| Id  | Operation                       | Name         | Rows  | Bytes | Cost (%CPU)| Time     |
------------------------------------------------------------------------------------------------
|   0 | SELECT STATEMENT                |              |    28 |  1232 |    18  (12)| 00:00:01 |
|   1 |  SORT GROUP BY                  |              |    28 |  1232 |    18  (12)| 00:00:01 |
|   2 |   MERGE JOIN                    |              |   868 | 38192 |    17   (6)| 00:00:01 |
|   3 |    TABLE ACCESS BY INDEX ROWID  | COVIDDATE    |   348 |  6612 |     2   (0)| 00:00:01 |
|   4 |     INDEX FULL SCAN             | SYS_C0025273 |   348 |       |     1   (0)| 00:00:01 |
|*  5 |    SORT JOIN                    |              |   868 | 21700 |    15   (7)| 00:00:01 |
|   6 |     INLIST ITERATOR             |              |       |       |            |          |
|   7 |      TABLE ACCESS BY INDEX ROWID| COVIDFACT    |   868 | 21700 |    14   (0)| 00:00:01 |
|*  8 |       INDEX RANGE SCAN          | SYS_C0025274 |   868 |       |     7   (0)| 00:00:01 |
------------------------------------------------------------------------------------------------

Predicate Information (identified by operation id):
---------------------------------------------------

5 - access(""COVIDDATE"".""DATEREP""=""FT"".""DATEREP"")
filter(""COVIDDATE"".""DATEREP""=""FT"".""DATEREP"")
8 - access(""FT"".""COUNTRIESANDTERRITORIES""='France' OR
""FT"".""COUNTRIESANDTERRITORIES""='Italy' OR ""FT"".""COUNTRIESANDTERRITORIES""='United_States_
of_America')
",2,"with COVID-19 describe deaths by month, countriesAndTerritories for countriesAndTerritories in ('United_States_of_America', 'Italy', 'France')",142,0.3973509933774834,0,1232.0,437.0,18.0,28.0,1,random9,5,1225,13,adbis
13,0.0024721676489849378,COVID-19,"Plan hash value: 2755916834

-------------------------------------------------------------------------------------------------
| Id  | Operation                        | Name         | Rows  | Bytes | Cost (%CPU)| Time     |
-------------------------------------------------------------------------------------------------
|   0 | SELECT STATEMENT                 |              |    10 |   540 |    10  (20)| 00:00:01 |
|   1 |  SORT GROUP BY                   |              |    10 |   540 |    10  (20)| 00:00:01 |
|   2 |   MERGE JOIN                     |              |   163 |  8802 |     9  (12)| 00:00:01 |
|   3 |    TABLE ACCESS BY INDEX ROWID   | COVIDDATE    |   348 |  6612 |     2   (0)| 00:00:01 |
|   4 |     INDEX FULL SCAN              | SYS_C0025273 |   348 |       |     1   (0)| 00:00:01 |
|*  5 |    SORT JOIN                     |              |   163 |  5705 |     7  (15)| 00:00:01 |
|   6 |     VIEW                         | VW_GBC_5     |   163 |  5705 |     6   (0)| 00:00:01 |
|   7 |      HASH GROUP BY               |              |   163 |  4075 |     6   (0)| 00:00:01 |
|   8 |       TABLE ACCESS BY INDEX ROWID| COVIDFACT    |   286 |  7150 |     6   (0)| 00:00:01 |
|*  9 |        INDEX RANGE SCAN          | SYS_C0025274 |   286 |       |     3   (0)| 00:00:01 |
-------------------------------------------------------------------------------------------------

Predicate Information (identified by operation id):
---------------------------------------------------

5 - access(""COVIDDATE"".""DATEREP""=""ITEM_1"")
filter(""COVIDDATE"".""DATEREP""=""ITEM_1"")
9 - access(""FT"".""COUNTRIESANDTERRITORIES""='Italy')
",3,"with COVID-19 describe deaths by month, countriesAndTerritories for countriesAndTerritories = 'Italy'",101,0.2843601895734597,0,540.0,398.0,10.0,10.0,1,random9,2,1197,8,adbis
39,0.0024721676489849378,COVID-19,"Plan hash value: 2308937895

------------------------------------------------------------------------------------------------
| Id  | Operation                       | Name         | Rows  | Bytes | Cost (%CPU)| Time     |
------------------------------------------------------------------------------------------------
|   0 | SELECT STATEMENT                |              |    28 |  1344 |    18  (12)| 00:00:01 |
|   1 |  SORT GROUP BY                  |              |    28 |  1344 |    18  (12)| 00:00:01 |
|   2 |   MERGE JOIN                    |              |   868 | 41664 |    17   (6)| 00:00:01 |
|   3 |    TABLE ACCESS BY INDEX ROWID  | COVIDDATE    |   348 |  6612 |     2   (0)| 00:00:01 |
|   4 |     INDEX FULL SCAN             | SYS_C0025273 |   348 |       |     1   (0)| 00:00:01 |
|*  5 |    SORT JOIN                    |              |   868 | 25172 |    15   (7)| 00:00:01 |
|   6 |     INLIST ITERATOR             |              |       |       |            |          |
|   7 |      TABLE ACCESS BY INDEX ROWID| COVIDFACT    |   868 | 25172 |    14   (0)| 00:00:01 |
|*  8 |       INDEX RANGE SCAN          | SYS_C0025274 |   868 |       |     7   (0)| 00:00:01 |
------------------------------------------------------------------------------------------------

Predicate Information (identified by operation id):
---------------------------------------------------

5 - access(""COVIDDATE"".""DATEREP""=""FT"".""DATEREP"")
filter(""COVIDDATE"".""DATEREP""=""FT"".""DATEREP"")
8 - access(""FT"".""COUNTRIESANDTERRITORIES""='France' OR
""FT"".""COUNTRIESANDTERRITORIES""='Italy' OR ""FT"".""COUNTRIESANDTERRITORIES""='United_States_
of_America')
",4,"with COVID-19 describe deaths, cases by month, countriesAndTerritories for countriesAndTerritories in ('United_States_of_America', 'Italy', 'France')",149,0.37344398340248963,1,1344.0,458.0,18.0,28.0,1,random9,3,1176,10,adbis
13,0.206090373280943,COVID-19,"Plan hash value: 2755916834

-------------------------------------------------------------------------------------------------
| Id  | Operation                        | Name         | Rows  | Bytes | Cost (%CPU)| Time     |
-------------------------------------------------------------------------------------------------
|   0 | SELECT STATEMENT                 |              |    13 |   559 |    10  (20)| 00:00:01 |
|   1 |  SORT GROUP BY                   |              |    13 |   559 |    10  (20)| 00:00:01 |
|   2 |   MERGE JOIN                     |              |   190 |  8170 |     9  (12)| 00:00:01 |
|   3 |    TABLE ACCESS BY INDEX ROWID   | COVIDDATE    |   348 |  6612 |     2   (0)| 00:00:01 |
|   4 |     INDEX FULL SCAN              | SYS_C0025273 |   348 |       |     1   (0)| 00:00:01 |
|*  5 |    SORT JOIN                     |              |   190 |  4560 |     7  (15)| 00:00:01 |
|   6 |     VIEW                         | VW_GBC_5     |   190 |  4560 |     6   (0)| 00:00:01 |
|   7 |      HASH GROUP BY               |              |   190 |  4750 |     6   (0)| 00:00:01 |
|   8 |       TABLE ACCESS BY INDEX ROWID| COVIDFACT    |   275 |  6875 |     6   (0)| 00:00:01 |
|*  9 |        INDEX RANGE SCAN          | SYS_C0025274 |   275 |       |     3   (0)| 00:00:01 |
-------------------------------------------------------------------------------------------------

Predicate Information (identified by operation id):
---------------------------------------------------

5 - access(""COVIDDATE"".""DATEREP""=""ITEM_1"")
filter(""COVIDDATE"".""DATEREP""=""ITEM_1"")
9 - access(""FT"".""COUNTRIESANDTERRITORIES""='United_States_of_America')
",5,with COVID-19 describe deaths by month for countriesAndTerritories = 'United_States_of_America',95,0.014174954969065706,0,559.0,318.0,10.0,13.0,1,random9,3,1174,5,adbis
13,0.3713326784544859,COVID-19,"Plan hash value: 2755916834

-------------------------------------------------------------------------------------------------
| Id  | Operation                        | Name         | Rows  | Bytes | Cost (%CPU)| Time     |
-------------------------------------------------------------------------------------------------
|   0 | SELECT STATEMENT                 |              |    13 |   559 |    10  (20)| 00:00:01 |
|   1 |  SORT GROUP BY                   |              |    13 |   559 |    10  (20)| 00:00:01 |
|   2 |   MERGE JOIN                     |              |   195 |  8385 |     9  (12)| 00:00:01 |
|   3 |    TABLE ACCESS BY INDEX ROWID   | COVIDDATE    |   348 |  6612 |     2   (0)| 00:00:01 |
|   4 |     INDEX FULL SCAN              | SYS_C0025273 |   348 |       |     1   (0)| 00:00:01 |
|*  5 |    SORT JOIN                     |              |   195 |  4680 |     7  (15)| 00:00:01 |
|   6 |     VIEW                         | VW_GBC_5     |   195 |  4680 |     6   (0)| 00:00:01 |
|   7 |      HASH GROUP BY               |              |   195 |  4875 |     6   (0)| 00:00:01 |
|   8 |       TABLE ACCESS BY INDEX ROWID| COVIDFACT    |   286 |  7150 |     6   (0)| 00:00:01 |
|*  9 |        INDEX RANGE SCAN          | SYS_C0025274 |   286 |       |     3   (0)| 00:00:01 |
-------------------------------------------------------------------------------------------------

Predicate Information (identified by operation id):
---------------------------------------------------

5 - access(""COVIDDATE"".""DATEREP""=""ITEM_1"")
filter(""COVIDDATE"".""DATEREP""=""ITEM_1"")
9 - access(""FT"".""COUNTRIESANDTERRITORIES""='Italy')
",6,with COVID-19 describe deaths by month for countriesAndTerritories = 'Italy',76,0.2183547575559155,0,559.0,299.0,10.0,13.0,1,random9,2,1239,7,adbis
5,0.22337917485265227,COVID-19,"Plan hash value: 4043441030

----------------------------------------------------------------------------------------------
| Id  | Operation                     | Name         | Rows  | Bytes | Cost (%CPU)| Time     |
----------------------------------------------------------------------------------------------
|   0 | SELECT STATEMENT              |              |     5 |   210 |   127   (6)| 00:00:02 |
|   1 |  SORT GROUP BY                |              |     5 |   210 |   127   (6)| 00:00:02 |
|   2 |   MERGE JOIN                  |              |   211 |  8862 |   126   (5)| 00:00:02 |
|   3 |    TABLE ACCESS BY INDEX ROWID| COUNTRY      |   211 |  3798 |     2   (0)| 00:00:01 |
|   4 |     INDEX FULL SCAN           | SYS_C0025272 |   211 |       |     1   (0)| 00:00:01 |
|*  5 |    SORT JOIN                  |              |   211 |  5064 |   124   (5)| 00:00:02 |
|   6 |     VIEW                      | VW_GBC_5     |   211 |  5064 |   123   (5)| 00:00:02 |
|   7 |      HASH GROUP BY            |              |   211 |  2954 |   123   (5)| 00:00:02 |
|   8 |       TABLE ACCESS FULL       | COVIDFACT    | 61080 |   835K|   119   (1)| 00:00:02 |
----------------------------------------------------------------------------------------------

Predicate Information (identified by operation id):
---------------------------------------------------

5 - access(""COUNTRY"".""COUNTRIESANDTERRITORIES""=""ITEM_1"")
filter(""COUNTRY"".""COUNTRIESANDTERRITORIES""=""ITEM_1"")
",0,with COVID-19 describe deaths by continentExp,45,0.0,0,210.0,211.0,127.0,5.0,1,covid0,0,1060,21,ext
49,0.22337917485265227,COVID-19,"Plan hash value: 1016733566

---------------------------------------------------------------------------------
| Id  | Operation           | Name      | Rows  | Bytes | Cost (%CPU)| Time     |
---------------------------------------------------------------------------------
|   0 | SELECT STATEMENT    |           |    49 |  1568 |   126   (4)| 00:00:02 |
|   1 |  SORT GROUP BY      |           |    49 |  1568 |   126   (4)| 00:00:02 |
|*  2 |   HASH JOIN         |           | 14184 |   443K|   124   (2)| 00:00:02 |
|*  3 |    TABLE ACCESS FULL| COUNTRY   |    49 |   882 |     4   (0)| 00:00:01 |
|   4 |    TABLE ACCESS FULL| COVIDFACT | 61080 |   835K|   119   (1)| 00:00:02 |
---------------------------------------------------------------------------------

Predicate Information (identified by operation id):
---------------------------------------------------

2 - access(""COUNTRY"".""COUNTRIESANDTERRITORIES""=""FT"".""COUNTRIESANDTERRI
TORIES"")
3 - filter(""COUNTRY"".""CONTINENTEXP""='America')
",1,with COVID-19 describe deaths by countriesAndTerritories for continentExp = 'America',85,0.024871355060034305,0,1568.0,283.0,126.0,49.0,1,covid0,10,1193,21,ext
13,0.22337917485265227,COVID-19,"Plan hash value: 2755916834

-------------------------------------------------------------------------------------------------
| Id  | Operation                        | Name         | Rows  | Bytes | Cost (%CPU)| Time     |
-------------------------------------------------------------------------------------------------
|   0 | SELECT STATEMENT                 |              |    10 |   540 |    10  (20)| 00:00:01 |
|   1 |  SORT GROUP BY                   |              |    10 |   540 |    10  (20)| 00:00:01 |
|   2 |   MERGE JOIN                     |              |   159 |  8586 |     9  (12)| 00:00:01 |
|   3 |    TABLE ACCESS BY INDEX ROWID   | COVIDDATE    |   348 |  6612 |     2   (0)| 00:00:01 |
|   4 |     INDEX FULL SCAN              | SYS_C0025273 |   348 |       |     1   (0)| 00:00:01 |
|*  5 |    SORT JOIN                     |              |   159 |  5565 |     7  (15)| 00:00:01 |
|   6 |     VIEW                         | VW_GBC_5     |   159 |  5565 |     6   (0)| 00:00:01 |
|   7 |      HASH GROUP BY               |              |   159 |  3975 |     6   (0)| 00:00:01 |
|   8 |       TABLE ACCESS BY INDEX ROWID| COVIDFACT    |   275 |  6875 |     6   (0)| 00:00:01 |
|*  9 |        INDEX RANGE SCAN          | SYS_C0025274 |   275 |       |     3   (0)| 00:00:01 |
-------------------------------------------------------------------------------------------------

Predicate Information (identified by operation id):
---------------------------------------------------

5 - access(""COVIDDATE"".""DATEREP""=""ITEM_1"")
filter(""COVIDDATE"".""DATEREP""=""ITEM_1"")
9 - access(""FT"".""COUNTRIESANDTERRITORIES""='United_States_of_America')
",2,"with COVID-19 describe deaths by month, countriesAndTerritories for countriesAndTerritories = 'United_States_of_America'",120,0.02910410588486444,0,540.0,417.0,10.0,10.0,1,covid0,2,1170,4,ext
13,0.22337917485265227,COVID-19,"Plan hash value: 2755916834

-------------------------------------------------------------------------------------------------
| Id  | Operation                        | Name         | Rows  | Bytes | Cost (%CPU)| Time     |
-------------------------------------------------------------------------------------------------
|   0 | SELECT STATEMENT                 |              |    10 |   670 |    10  (20)| 00:00:01 |
|   1 |  SORT GROUP BY                   |              |    10 |   670 |    10  (20)| 00:00:01 |
|   2 |   MERGE JOIN                     |              |   159 | 10653 |     9  (12)| 00:00:01 |
|   3 |    TABLE ACCESS BY INDEX ROWID   | COVIDDATE    |   348 |  6612 |     2   (0)| 00:00:01 |
|   4 |     INDEX FULL SCAN              | SYS_C0025273 |   348 |       |     1   (0)| 00:00:01 |
|*  5 |    SORT JOIN                     |              |   159 |  7632 |     7  (15)| 00:00:01 |
|   6 |     VIEW                         | VW_GBC_5     |   159 |  7632 |     6   (0)| 00:00:01 |
|   7 |      HASH GROUP BY               |              |   159 |  4611 |     6   (0)| 00:00:01 |
|   8 |       TABLE ACCESS BY INDEX ROWID| COVIDFACT    |   275 |  7975 |     6   (0)| 00:00:01 |
|*  9 |        INDEX RANGE SCAN          | SYS_C0025274 |   275 |       |     3   (0)| 00:00:01 |
-------------------------------------------------------------------------------------------------

Predicate Information (identified by operation id):
---------------------------------------------------

5 - access(""COVIDDATE"".""DATEREP""=""ITEM_1"")
filter(""COVIDDATE"".""DATEREP""=""ITEM_1"")
9 - access(""FT"".""COUNTRIESANDTERRITORIES""='United_States_of_America')
",3,"with COVID-19 describe deaths, cases by month, countriesAndTerritories for countriesAndTerritories = 'United_States_of_America'",127,0.041584714807530204,0,670.0,438.0,10.0,10.0,1,covid0,2,1199,14,ext
5,0.22337917485265227,COVID-19,"Plan hash value: 4043441030

----------------------------------------------------------------------------------------------
| Id  | Operation                     | Name         | Rows  | Bytes | Cost (%CPU)| Time     |
----------------------------------------------------------------------------------------------
|   0 | SELECT STATEMENT              |              |     5 |   210 |   127   (6)| 00:00:02 |
|   1 |  SORT GROUP BY                |              |     5 |   210 |   127   (6)| 00:00:02 |
|   2 |   MERGE JOIN                  |              |   211 |  8862 |   126   (5)| 00:00:02 |
|   3 |    TABLE ACCESS BY INDEX ROWID| COUNTRY      |   211 |  3798 |     2   (0)| 00:00:01 |
|   4 |     INDEX FULL SCAN           | SYS_C0025272 |   211 |       |     1   (0)| 00:00:01 |
|*  5 |    SORT JOIN                  |              |   211 |  5064 |   124   (5)| 00:00:02 |
|   6 |     VIEW                      | VW_GBC_5     |   211 |  5064 |   123   (5)| 00:00:02 |
|   7 |      HASH GROUP BY            |              |   211 |  2954 |   123   (5)| 00:00:02 |
|   8 |       TABLE ACCESS FULL       | COVIDFACT    | 61080 |   835K|   119   (1)| 00:00:02 |
----------------------------------------------------------------------------------------------

Predicate Information (identified by operation id):
---------------------------------------------------

5 - access(""COUNTRY"".""COUNTRIESANDTERRITORIES""=""ITEM_1"")
filter(""COUNTRY"".""COUNTRIESANDTERRITORIES""=""ITEM_1"")
",0,with COVID-19 describe deaths by continentExp,45,0.0,0,210.0,211.0,127.0,5.0,1,covid1,1,1076,28,ext
49,0.22337917485265227,COVID-19,"Plan hash value: 1016733566

---------------------------------------------------------------------------------
| Id  | Operation           | Name      | Rows  | Bytes | Cost (%CPU)| Time     |
---------------------------------------------------------------------------------
|   0 | SELECT STATEMENT    |           |    49 |  1568 |   126   (4)| 00:00:02 |
|   1 |  SORT GROUP BY      |           |    49 |  1568 |   126   (4)| 00:00:02 |
|*  2 |   HASH JOIN         |           | 14184 |   443K|   124   (2)| 00:00:02 |
|*  3 |    TABLE ACCESS FULL| COUNTRY   |    49 |   882 |     4   (0)| 00:00:01 |
|   4 |    TABLE ACCESS FULL| COVIDFACT | 61080 |   835K|   119   (1)| 00:00:02 |
---------------------------------------------------------------------------------

Predicate Information (identified by operation id):
---------------------------------------------------

2 - access(""COUNTRY"".""COUNTRIESANDTERRITORIES""=""FT"".""COUNTRIESANDTERRI
TORIES"")
3 - filter(""COUNTRY"".""CONTINENTEXP""='America')
",1,with COVID-19 describe deaths by countriesAndTerritories for continentExp = 'America',85,0.024871355060034305,0,1568.0,283.0,126.0,49.0,1,covid1,7,1160,36,ext
26,0.22437786509495744,COVID-19,"Plan hash value: 2308937895

------------------------------------------------------------------------------------------------
| Id  | Operation                       | Name         | Rows  | Bytes | Cost (%CPU)| Time     |
------------------------------------------------------------------------------------------------
|   0 | SELECT STATEMENT                |              |    19 |   836 |    14  (15)| 00:00:01 |
|   1 |  SORT GROUP BY                  |              |    19 |   836 |    14  (15)| 00:00:01 |
|   2 |   MERGE JOIN                    |              |   560 | 24640 |    13   (8)| 00:00:01 |
|   3 |    TABLE ACCESS BY INDEX ROWID  | COVIDDATE    |   348 |  6612 |     2   (0)| 00:00:01 |
|   4 |     INDEX FULL SCAN             | SYS_C0025273 |   348 |       |     1   (0)| 00:00:01 |
|*  5 |    SORT JOIN                    |              |   560 | 14000 |    11  (10)| 00:00:01 |
|   6 |     INLIST ITERATOR             |              |       |       |            |          |
|   7 |      TABLE ACCESS BY INDEX ROWID| COVIDFACT    |   560 | 14000 |    10   (0)| 00:00:01 |
|*  8 |       INDEX RANGE SCAN          | SYS_C0025274 |   560 |       |     5   (0)| 00:00:01 |
------------------------------------------------------------------------------------------------

Predicate Information (identified by operation id):
---------------------------------------------------

5 - access(""COVIDDATE"".""DATEREP""=""FT"".""DATEREP"")
filter(""COVIDDATE"".""DATEREP""=""FT"".""DATEREP"")
8 - access(""FT"".""COUNTRIESANDTERRITORIES""='Italy' OR
""FT"".""COUNTRIESANDTERRITORIES""='United_States_of_America')
",2,"with COVID-19 describe deaths by month, countriesAndTerritories for countriesAndTerritories in ('United_States_of_America', 'Italy')",132,0.02897831939917812,1,836.0,428.0,14.0,19.0,1,covid1,2,1166,5,ext
39,0.22634250163719713,COVID-19,"Plan hash value: 2308937895

------------------------------------------------------------------------------------------------
| Id  | Operation                       | Name         | Rows  | Bytes | Cost (%CPU)| Time     |
------------------------------------------------------------------------------------------------
|   0 | SELECT STATEMENT                |              |    28 |  1232 |    18  (12)| 00:00:01 |
|   1 |  SORT GROUP BY                  |              |    28 |  1232 |    18  (12)| 00:00:01 |
|   2 |   MERGE JOIN                    |              |   868 | 38192 |    17   (6)| 00:00:01 |
|   3 |    TABLE ACCESS BY INDEX ROWID  | COVIDDATE    |   348 |  6612 |     2   (0)| 00:00:01 |
|   4 |     INDEX FULL SCAN             | SYS_C0025273 |   348 |       |     1   (0)| 00:00:01 |
|*  5 |    SORT JOIN                    |              |   868 | 21700 |    15   (7)| 00:00:01 |
|   6 |     INLIST ITERATOR             |              |       |       |            |          |
|   7 |      TABLE ACCESS BY INDEX ROWID| COVIDFACT    |   868 | 21700 |    14   (0)| 00:00:01 |
|*  8 |       INDEX RANGE SCAN          | SYS_C0025274 |   868 |       |     7   (0)| 00:00:01 |
------------------------------------------------------------------------------------------------

Predicate Information (identified by operation id):
---------------------------------------------------

5 - access(""COVIDDATE"".""DATEREP""=""FT"".""DATEREP"")
filter(""COVIDDATE"".""DATEREP""=""FT"".""DATEREP"")
8 - access(""FT"".""COUNTRIESANDTERRITORIES""='France' OR
""FT"".""COUNTRIESANDTERRITORIES""='Italy' OR ""FT"".""COUNTRIESANDTERRITORIES""='United_States_
of_America')
",3,"with COVID-19 describe deaths by month, countriesAndTerritories for countriesAndTerritories in ('United_States_of_America', 'Italy', 'France')",142,0.03986387943607195,0,1232.0,437.0,18.0,28.0,1,covid1,3,1176,6,ext
39,0.22634250163719713,COVID-19,"Plan hash value: 2308937895

------------------------------------------------------------------------------------------------
| Id  | Operation                       | Name         | Rows  | Bytes | Cost (%CPU)| Time     |
------------------------------------------------------------------------------------------------
|   0 | SELECT STATEMENT                |              |    28 |  1344 |    18  (12)| 00:00:01 |
|   1 |  SORT GROUP BY                  |              |    28 |  1344 |    18  (12)| 00:00:01 |
|   2 |   MERGE JOIN                    |              |   868 | 41664 |    17   (6)| 00:00:01 |
|   3 |    TABLE ACCESS BY INDEX ROWID  | COVIDDATE    |   348 |  6612 |     2   (0)| 00:00:01 |
|   4 |     INDEX FULL SCAN             | SYS_C0025273 |   348 |       |     1   (0)| 00:00:01 |
|*  5 |    SORT JOIN                    |              |   868 | 25172 |    15   (7)| 00:00:01 |
|   6 |     INLIST ITERATOR             |              |       |       |            |          |
|   7 |      TABLE ACCESS BY INDEX ROWID| COVIDFACT    |   868 | 25172 |    14   (0)| 00:00:01 |
|*  8 |       INDEX RANGE SCAN          | SYS_C0025274 |   868 |       |     7   (0)| 00:00:01 |
------------------------------------------------------------------------------------------------

Predicate Information (identified by operation id):
---------------------------------------------------

5 - access(""COVIDDATE"".""DATEREP""=""FT"".""DATEREP"")
filter(""COVIDDATE"".""DATEREP""=""FT"".""DATEREP"")
8 - access(""FT"".""COUNTRIESANDTERRITORIES""='France' OR
""FT"".""COUNTRIESANDTERRITORIES""='Italy' OR ""FT"".""COUNTRIESANDTERRITORIES""='United_States_
of_America')
",4,"with COVID-19 describe deaths, cases by month, countriesAndTerritories for countriesAndTerritories in ('United_States_of_America', 'Italy', 'France')",149,0.041860142768036596,0,1344.0,458.0,18.0,28.0,1,covid1,3,1242,12,ext
13,0.2032580222658808,COVID-19,"Plan hash value: 2755916834

-------------------------------------------------------------------------------------------------
| Id  | Operation                        | Name         | Rows  | Bytes | Cost (%CPU)| Time     |
-------------------------------------------------------------------------------------------------
|   0 | SELECT STATEMENT                 |              |    13 |   559 |    10  (20)| 00:00:01 |
|   1 |  SORT GROUP BY                   |              |    13 |   559 |    10  (20)| 00:00:01 |
|   2 |   MERGE JOIN                     |              |   195 |  8385 |     9  (12)| 00:00:01 |
|   3 |    TABLE ACCESS BY INDEX ROWID   | COVIDDATE    |   348 |  6612 |     2   (0)| 00:00:01 |
|   4 |     INDEX FULL SCAN              | SYS_C0025273 |   348 |       |     1   (0)| 00:00:01 |
|*  5 |    SORT JOIN                     |              |   195 |  4680 |     7  (15)| 00:00:01 |
|   6 |     VIEW                         | VW_GBC_5     |   195 |  4680 |     6   (0)| 00:00:01 |
|   7 |      HASH GROUP BY               |              |   195 |  4875 |     6   (0)| 00:00:01 |
|   8 |       TABLE ACCESS BY INDEX ROWID| COVIDFACT    |   286 |  7150 |     6   (0)| 00:00:01 |
|*  9 |        INDEX RANGE SCAN          | SYS_C0025274 |   286 |       |     3   (0)| 00:00:01 |
-------------------------------------------------------------------------------------------------

Predicate Information (identified by operation id):
---------------------------------------------------

5 - access(""COVIDDATE"".""DATEREP""=""ITEM_1"")
filter(""COVIDDATE"".""DATEREP""=""ITEM_1"")
9 - access(""FT"".""COUNTRIESANDTERRITORIES""='Italy')
",0,with COVID-19 describe deaths by month for countriesAndTerritories = 'Italy',76,0.0,1,559.0,299.0,10.0,13.0,1,covid2,0,1251,8,ext
13,0.20676162409954157,COVID-19,"Plan hash value: 2308937895

------------------------------------------------------------------------------------------------
| Id  | Operation                       | Name         | Rows  | Bytes | Cost (%CPU)| Time     |
------------------------------------------------------------------------------------------------
|   0 | SELECT STATEMENT                |              |    28 |  1232 |    11  (19)| 00:00:01 |
|   1 |  SORT GROUP BY                  |              |    28 |  1232 |    11  (19)| 00:00:01 |
|   2 |   MERGE JOIN                    |              |   287 | 12628 |    10  (10)| 00:00:01 |
|   3 |    TABLE ACCESS BY INDEX ROWID  | COVIDDATE    |   348 |  6612 |     2   (0)| 00:00:01 |
|   4 |     INDEX FULL SCAN             | SYS_C0025273 |   348 |       |     1   (0)| 00:00:01 |
|*  5 |    SORT JOIN                    |              |   287 |  7175 |     8  (13)| 00:00:01 |
|   6 |     INLIST ITERATOR             |              |       |       |            |          |
|   7 |      TABLE ACCESS BY INDEX ROWID| COVIDFACT    |   287 |  7175 |     7   (0)| 00:00:01 |
|*  8 |       INDEX RANGE SCAN          | SYS_C0025274 |   287 |       |     4   (0)| 00:00:01 |
------------------------------------------------------------------------------------------------

Predicate Information (identified by operation id):
---------------------------------------------------

5 - access(""COVIDDATE"".""DATEREP""=""FT"".""DATEREP"")
filter(""COVIDDATE"".""DATEREP""=""FT"".""DATEREP"")
8 - access(""FT"".""COUNTRIESANDTERRITORIES""=' France' OR
""FT"".""COUNTRIESANDTERRITORIES""=' Germany' OR ""FT"".""COUNTRIESANDTERRITORIES""='Italy')
",1,"with COVID-19 describe deaths by month, countriesAndTerritories for countriesAndTerritories in ('Italy', ' France', ' Germany')",127,0.0,1,1232.0,422.0,11.0,28.0,1,covid2,2,1165,4,ext
158,0.21619187950229207,COVID-19,"Plan hash value: 1016733566

---------------------------------------------------------------------------------
| Id  | Operation           | Name      | Rows  | Bytes | Cost (%CPU)| Time     |
---------------------------------------------------------------------------------
|   0 | SELECT STATEMENT    |           |   158 |  5056 |   127   (4)| 00:00:02 |
|   1 |  SORT GROUP BY      |           |   158 |  5056 |   127   (4)| 00:00:02 |
|*  2 |   HASH JOIN         |           | 45738 |  1429K|   124   (2)| 00:00:02 |
|*  3 |    TABLE ACCESS FULL| COUNTRY   |   158 |  2844 |     4   (0)| 00:00:01 |
|   4 |    TABLE ACCESS FULL| COVIDFACT | 61080 |   835K|   119   (1)| 00:00:02 |
---------------------------------------------------------------------------------

Predicate Information (identified by operation id):
---------------------------------------------------

2 - access(""COUNTRY"".""COUNTRIESANDTERRITORIES""=""FT"".""COUNTRIESANDTERRI
TORIES"")
3 - filter(""COUNTRY"".""CONTINENTEXP""='Africa' OR
""COUNTRY"".""CONTINENTEXP""='America' OR ""COUNTRY"".""CONTINENTEXP""='Europe')
",2,"with COVID-19 describe deaths by countriesAndTerritories for continentExp in ('America', 'Europe', 'Africa')",108,0.00900562851782364,1,5056.0,304.0,127.0,158.0,1,covid2,9,1176,61,ext
26,0.21619187950229207,COVID-19,"Plan hash value: 2308937895

------------------------------------------------------------------------------------------------
| Id  | Operation                       | Name         | Rows  | Bytes | Cost (%CPU)| Time     |
------------------------------------------------------------------------------------------------
|   0 | SELECT STATEMENT                |              |    19 |   912 |    14  (15)| 00:00:01 |
|   1 |  SORT GROUP BY                  |              |    19 |   912 |    14  (15)| 00:00:01 |
|   2 |   MERGE JOIN                    |              |   560 | 26880 |    13   (8)| 00:00:01 |
|   3 |    TABLE ACCESS BY INDEX ROWID  | COVIDDATE    |   348 |  6612 |     2   (0)| 00:00:01 |
|   4 |     INDEX FULL SCAN             | SYS_C0025273 |   348 |       |     1   (0)| 00:00:01 |
|*  5 |    SORT JOIN                    |              |   560 | 16240 |    11  (10)| 00:00:01 |
|   6 |     INLIST ITERATOR             |              |       |       |            |          |
|   7 |      TABLE ACCESS BY INDEX ROWID| COVIDFACT    |   560 | 16240 |    10   (0)| 00:00:01 |
|*  8 |       INDEX RANGE SCAN          | SYS_C0025274 |   560 |       |     5   (0)| 00:00:01 |
------------------------------------------------------------------------------------------------

Predicate Information (identified by operation id):
---------------------------------------------------

5 - access(""COVIDDATE"".""DATEREP""=""FT"".""DATEREP"")
filter(""COVIDDATE"".""DATEREP""=""FT"".""DATEREP"")
8 - access(""FT"".""COUNTRIESANDTERRITORIES""='Italy' OR
""FT"".""COUNTRIESANDTERRITORIES""='United_States_of_America')
",3,"with COVID-19 describe deaths, cases by month, countriesAndTerritories for countriesAndTerritories in ('United_States_of_America', 'Italy')",139,0.011231748408835642,0,912.0,449.0,14.0,19.0,1,covid2,2,1215,13,ext
13,0.20510805500982318,COVID-19,"Plan hash value: 2755916834

-------------------------------------------------------------------------------------------------
| Id  | Operation                        | Name         | Rows  | Bytes | Cost (%CPU)| Time     |
-------------------------------------------------------------------------------------------------
|   0 | SELECT STATEMENT                 |              |    13 |   559 |    10  (20)| 00:00:01 |
|   1 |  SORT GROUP BY                   |              |    13 |   559 |    10  (20)| 00:00:01 |
|   2 |   MERGE JOIN                     |              |   190 |  8170 |     9  (12)| 00:00:01 |
|   3 |    TABLE ACCESS BY INDEX ROWID   | COVIDDATE    |   348 |  6612 |     2   (0)| 00:00:01 |
|   4 |     INDEX FULL SCAN              | SYS_C0025273 |   348 |       |     1   (0)| 00:00:01 |
|*  5 |    SORT JOIN                     |              |   190 |  4560 |     7  (15)| 00:00:01 |
|   6 |     VIEW                         | VW_GBC_5     |   190 |  4560 |     6   (0)| 00:00:01 |
|   7 |      HASH GROUP BY               |              |   190 |  4750 |     6   (0)| 00:00:01 |
|   8 |       TABLE ACCESS BY INDEX ROWID| COVIDFACT    |   275 |  6875 |     6   (0)| 00:00:01 |
|*  9 |        INDEX RANGE SCAN          | SYS_C0025274 |   275 |       |     3   (0)| 00:00:01 |
-------------------------------------------------------------------------------------------------

Predicate Information (identified by operation id):
---------------------------------------------------

5 - access(""COVIDDATE"".""DATEREP""=""ITEM_1"")
filter(""COVIDDATE"".""DATEREP""=""ITEM_1"")
9 - access(""FT"".""COUNTRIESANDTERRITORIES""='United_States_of_America')
",0,with COVID-19 describe deaths by month for countriesAndTerritories = 'United_States_of_America',95,0.0,0,559.0,318.0,10.0,13.0,1,covid3,0,1200,5,ext
506,0.20780943025540274,COVID-19,"Plan hash value: 3009686037

----------------------------------------------------------------------------------
| Id  | Operation            | Name      | Rows  | Bytes | Cost (%CPU)| Time     |
----------------------------------------------------------------------------------
|   0 | SELECT STATEMENT     |           |   451 | 27962 |   130   (4)| 00:00:02 |
|   1 |  SORT GROUP BY       |           |   451 | 27962 |   130   (4)| 00:00:02 |
|*  2 |   HASH JOIN          |           | 14184 |   858K|   129   (3)| 00:00:02 |
|   3 |    TABLE ACCESS FULL | COVIDDATE |   348 |  6612 |     4   (0)| 00:00:01 |
|*  4 |    HASH JOIN         |           | 14184 |   595K|   124   (2)| 00:00:02 |
|*  5 |     TABLE ACCESS FULL| COUNTRY   |    49 |   882 |     4   (0)| 00:00:01 |
|   6 |     TABLE ACCESS FULL| COVIDFACT | 61080 |  1491K|   119   (1)| 00:00:02 |
----------------------------------------------------------------------------------

Predicate Information (identified by operation id):
---------------------------------------------------

2 - access(""COVIDDATE"".""DATEREP""=""FT"".""DATEREP"")
4 - access(""COUNTRY"".""COUNTRIESANDTERRITORIES""=""FT"".""COUNTRIESANDTERRIT
ORIES"")
5 - filter(""COUNTRY"".""CONTINENTEXP""='America')
",1,"with COVID-19 describe deaths by month, countriesAndTerritories for continentExp in ('America')",95,0.00478281323506351,3,27962.0,392.0,130.0,451.0,1,covid3,10,1224,36,ext
1044,0.4588572364112639,COVID-19,"Plan hash value: 3009686037

----------------------------------------------------------------------------------
| Id  | Operation            | Name      | Rows  | Bytes | Cost (%CPU)| Time     |
----------------------------------------------------------------------------------
|   0 | SELECT STATEMENT     |           |  1002 | 62124 |   131   (4)| 00:00:02 |
|   1 |  SORT GROUP BY       |           |  1002 | 62124 |   131   (4)| 00:00:02 |
|*  2 |   HASH JOIN          |           | 31408 |  1901K|   129   (3)| 00:00:02 |
|   3 |    TABLE ACCESS FULL | COVIDDATE |   348 |  6612 |     4   (0)| 00:00:01 |
|*  4 |    HASH JOIN         |           | 31408 |  1318K|   124   (2)| 00:00:02 |
|*  5 |     TABLE ACCESS FULL| COUNTRY   |   109 |  1962 |     4   (0)| 00:00:01 |
|   6 |     TABLE ACCESS FULL| COVIDFACT | 61080 |  1491K|   119   (1)| 00:00:02 |
----------------------------------------------------------------------------------

Predicate Information (identified by operation id):
---------------------------------------------------

2 - access(""COVIDDATE"".""DATEREP""=""FT"".""DATEREP"")
4 - access(""COUNTRY"".""COUNTRIESANDTERRITORIES""=""FT"".""COUNTRIESANDTERRIT
ORIES"")
5 - filter(""COUNTRY"".""CONTINENTEXP""='Africa' OR
""COUNTRY"".""CONTINENTEXP""='America' OR ""COUNTRY"".""CONTINENTEXP""='Europa')
",2,"with COVID-19 describe deaths by month, countriesAndTerritories for continentExp in ('America', 'Europa', 'Africa')",115,0.14689678263781086,4,62124.0,410.0,131.0,1002.0,1,covid3,50,1201,82,ext
5,0.4904715127701375,COVID-19,"Plan hash value: 4043441030

----------------------------------------------------------------------------------------------
| Id  | Operation                     | Name         | Rows  | Bytes | Cost (%CPU)| Time     |
----------------------------------------------------------------------------------------------
|   0 | SELECT STATEMENT              |              |     5 |   210 |   127   (6)| 00:00:02 |
|   1 |  SORT GROUP BY                |              |     5 |   210 |   127   (6)| 00:00:02 |
|   2 |   MERGE JOIN                  |              |   211 |  8862 |   126   (5)| 00:00:02 |
|   3 |    TABLE ACCESS BY INDEX ROWID| COUNTRY      |   211 |  3798 |     2   (0)| 00:00:01 |
|   4 |     INDEX FULL SCAN           | SYS_C0025272 |   211 |       |     1   (0)| 00:00:01 |
|*  5 |    SORT JOIN                  |              |   211 |  5064 |   124   (5)| 00:00:02 |
|   6 |     VIEW                      | VW_GBC_5     |   211 |  5064 |   123   (5)| 00:00:02 |
|   7 |      HASH GROUP BY            |              |   211 |  2954 |   123   (5)| 00:00:02 |
|   8 |       TABLE ACCESS FULL       | COVIDFACT    | 61080 |   835K|   119   (1)| 00:00:02 |
----------------------------------------------------------------------------------------------

Predicate Information (identified by operation id):
---------------------------------------------------

5 - access(""COUNTRY"".""COUNTRIESANDTERRITORIES""=""ITEM_1"")
filter(""COUNTRY"".""COUNTRIESANDTERRITORIES""=""ITEM_1"")
",3,with COVID-19 describe deaths by continentExp,45,0.1506577455205262,0,210.0,211.0,127.0,5.0,1,covid3,13,1056,33,ext
13,0.10347085789129011,COVID-19,"Plan hash value: 818443477

----------------------------------------------------------------------------------------------
| Id  | Operation                     | Name         | Rows  | Bytes | Cost (%CPU)| Time     |
----------------------------------------------------------------------------------------------
|   0 | SELECT STATEMENT              |              |    13 |   559 |   127   (6)| 00:00:02 |
|   1 |  SORT GROUP BY                |              |    13 |   559 |   127   (6)| 00:00:02 |
|   2 |   MERGE JOIN                  |              |   348 | 14964 |   126   (5)| 00:00:02 |
|   3 |    TABLE ACCESS BY INDEX ROWID| COVIDDATE    |   348 |  6612 |     2   (0)| 00:00:01 |
|   4 |     INDEX FULL SCAN           | SYS_C0025273 |   348 |       |     1   (0)| 00:00:01 |
|*  5 |    SORT JOIN                  |              |   348 |  8352 |   124   (5)| 00:00:02 |
|   6 |     VIEW                      | VW_GBC_5     |   348 |  8352 |   123   (5)| 00:00:02 |
|   7 |      HASH GROUP BY            |              |   348 |  4872 |   123   (5)| 00:00:02 |
|   8 |       TABLE ACCESS FULL       | COVIDFACT    | 61080 |   835K|   119   (1)| 00:00:02 |
----------------------------------------------------------------------------------------------

Predicate Information (identified by operation id):
---------------------------------------------------

5 - access(""COVIDDATE"".""DATEREP""=""ITEM_1"")
filter(""COVIDDATE"".""DATEREP""=""ITEM_1"")
",0,with COVID-19 describe deaths by month,38,0.0,0,559.0,168.0,127.0,13.0,1,covid4,1,1229,32,ext
13,0.10446954813359528,COVID-19,"Plan hash value: 2755916834

-------------------------------------------------------------------------------------------------
| Id  | Operation                        | Name         | Rows  | Bytes | Cost (%CPU)| Time     |
-------------------------------------------------------------------------------------------------
|   0 | SELECT STATEMENT                 |              |    10 |   540 |    10  (20)| 00:00:01 |
|   1 |  SORT GROUP BY                   |              |    10 |   540 |    10  (20)| 00:00:01 |
|   2 |   MERGE JOIN                     |              |   163 |  8802 |     9  (12)| 00:00:01 |
|   3 |    TABLE ACCESS BY INDEX ROWID   | COVIDDATE    |   348 |  6612 |     2   (0)| 00:00:01 |
|   4 |     INDEX FULL SCAN              | SYS_C0025273 |   348 |       |     1   (0)| 00:00:01 |
|*  5 |    SORT JOIN                     |              |   163 |  5705 |     7  (15)| 00:00:01 |
|   6 |     VIEW                         | VW_GBC_5     |   163 |  5705 |     6   (0)| 00:00:01 |
|   7 |      HASH GROUP BY               |              |   163 |  4075 |     6   (0)| 00:00:01 |
|   8 |       TABLE ACCESS BY INDEX ROWID| COVIDFACT    |   286 |  7150 |     6   (0)| 00:00:01 |
|*  9 |        INDEX RANGE SCAN          | SYS_C0025274 |   286 |       |     3   (0)| 00:00:01 |
-------------------------------------------------------------------------------------------------

Predicate Information (identified by operation id):
---------------------------------------------------

5 - access(""COVIDDATE"".""DATEREP""=""ITEM_1"")
filter(""COVIDDATE"".""DATEREP""=""ITEM_1"")
9 - access(""FT"".""COUNTRIESANDTERRITORIES""='Italy')
",1,"with COVID-19 describe deaths by month, countriesAndTerritories for countriesAndTerritories = 'Italy'",101,0.004679457182966776,0,540.0,398.0,10.0,10.0,1,covid4,2,1206,9,ext
2270,0.1131630648330059,COVID-19,"Plan hash value: 107072300

---------------------------------------------------------------------------------
| Id  | Operation           | Name      | Rows  | Bytes | Cost (%CPU)| Time     |
---------------------------------------------------------------------------------
|   0 | SELECT STATEMENT    |           |  1940 | 85360 |   128   (5)| 00:00:02 |
|   1 |  SORT GROUP BY      |           |  1940 | 85360 |   128   (5)| 00:00:02 |
|*  2 |   HASH JOIN         |           | 61080 |  2624K|   124   (2)| 00:00:02 |
|   3 |    TABLE ACCESS FULL| COVIDDATE |   348 |  6612 |     4   (0)| 00:00:01 |
|   4 |    TABLE ACCESS FULL| COVIDFACT | 61080 |  1491K|   119   (1)| 00:00:02 |
---------------------------------------------------------------------------------

Predicate Information (identified by operation id):
---------------------------------------------------

2 - access(""COVIDDATE"".""DATEREP""=""FT"".""DATEREP"")
",2,"with COVID-19 describe deaths by month, countriesAndTerritories",63,0.008605851979345954,10,85360.0,350.0,128.0,1940.0,1,covid4,95,1434,100,ext
211,0.1210543549443353,COVID-19,"Plan hash value: 216913314

--------------------------------------------------------------------------------
| Id  | Operation          | Name      | Rows  | Bytes | Cost (%CPU)| Time     |
--------------------------------------------------------------------------------
|   0 | SELECT STATEMENT   |           |   211 |  2954 |   123   (5)| 00:00:02 |
|   1 |  SORT GROUP BY     |           |   211 |  2954 |   123   (5)| 00:00:02 |
|   2 |   TABLE ACCESS FULL| COVIDFACT | 61080 |   835K|   119   (1)| 00:00:02 |
--------------------------------------------------------------------------------
",3,with COVID-19 describe deaths by countriesAndTerritories,56,0.07747972551466001,2,2954.0,244.0,123.0,211.0,1,covid4,21,1174,36,ext
13,0.2032580222658808,COVID-19,"Plan hash value: 2755916834

-------------------------------------------------------------------------------------------------
| Id  | Operation                        | Name         | Rows  | Bytes | Cost (%CPU)| Time     |
-------------------------------------------------------------------------------------------------
|   0 | SELECT STATEMENT                 |              |    13 |   559 |    10  (20)| 00:00:01 |
|   1 |  SORT GROUP BY                   |              |    13 |   559 |    10  (20)| 00:00:01 |
|   2 |   MERGE JOIN                     |              |   195 |  8385 |     9  (12)| 00:00:01 |
|   3 |    TABLE ACCESS BY INDEX ROWID   | COVIDDATE    |   348 |  6612 |     2   (0)| 00:00:01 |
|   4 |     INDEX FULL SCAN              | SYS_C0025273 |   348 |       |     1   (0)| 00:00:01 |
|*  5 |    SORT JOIN                     |              |   195 |  4680 |     7  (15)| 00:00:01 |
|   6 |     VIEW                         | VW_GBC_5     |   195 |  4680 |     6   (0)| 00:00:01 |
|   7 |      HASH GROUP BY               |              |   195 |  4875 |     6   (0)| 00:00:01 |
|   8 |       TABLE ACCESS BY INDEX ROWID| COVIDFACT    |   286 |  7150 |     6   (0)| 00:00:01 |
|*  9 |        INDEX RANGE SCAN          | SYS_C0025274 |   286 |       |     3   (0)| 00:00:01 |
-------------------------------------------------------------------------------------------------

Predicate Information (identified by operation id):
---------------------------------------------------

5 - access(""COVIDDATE"".""DATEREP""=""ITEM_1"")
filter(""COVIDDATE"".""DATEREP""=""ITEM_1"")
9 - access(""FT"".""COUNTRIESANDTERRITORIES""='Italy')
",0,with COVID-19 describe deaths by month for countriesAndTerritories = 'Italy',76,0.0,1,559.0,299.0,10.0,13.0,1,covid5,0,1248,8,ext
39,0.20446954813359527,COVID-19,"Plan hash value: 2308937895

------------------------------------------------------------------------------------------------
| Id  | Operation                       | Name         | Rows  | Bytes | Cost (%CPU)| Time     |
------------------------------------------------------------------------------------------------
|   0 | SELECT STATEMENT                |              |    28 |  1232 |    19  (11)| 00:00:01 |
|   1 |  SORT GROUP BY                  |              |    28 |  1232 |    19  (11)| 00:00:01 |
|   2 |   MERGE JOIN                    |              |   934 | 41096 |    18   (6)| 00:00:01 |
|   3 |    TABLE ACCESS BY INDEX ROWID  | COVIDDATE    |   348 |  6612 |     2   (0)| 00:00:01 |
|   4 |     INDEX FULL SCAN             | SYS_C0025273 |   348 |       |     1   (0)| 00:00:01 |
|*  5 |    SORT JOIN                    |              |   934 | 23350 |    16   (7)| 00:00:01 |
|   6 |     INLIST ITERATOR             |              |       |       |            |          |
|   7 |      TABLE ACCESS BY INDEX ROWID| COVIDFACT    |   934 | 23350 |    15   (0)| 00:00:01 |
|*  8 |       INDEX RANGE SCAN          | SYS_C0025274 |   934 |       |     7   (0)| 00:00:01 |
------------------------------------------------------------------------------------------------

Predicate Information (identified by operation id):
---------------------------------------------------

5 - access(""COVIDDATE"".""DATEREP""=""FT"".""DATEREP"")
filter(""COVIDDATE"".""DATEREP""=""FT"".""DATEREP"")
8 - access(""FT"".""COUNTRIESANDTERRITORIES""='Germany' OR
""FT"".""COUNTRIESANDTERRITORIES""='Italy' OR ""FT"".""COUNTRIESANDTERRITORIES""='Spain')
",1,"with COVID-19 describe deaths by month, countriesAndTerritories for countriesAndTerritories in ('Italy', 'Spain', 'Germany')",124,0.014207909069381956,0,1232.0,419.0,19.0,28.0,1,covid5,2,1178,7,ext
211,0.21859855926653568,COVID-19,"Plan hash value: 216913314

--------------------------------------------------------------------------------
| Id  | Operation          | Name      | Rows  | Bytes | Cost (%CPU)| Time     |
--------------------------------------------------------------------------------
|   0 | SELECT STATEMENT   |           |   211 |  2954 |   123   (5)| 00:00:02 |
|   1 |  SORT GROUP BY     |           |   211 |  2954 |   123   (5)| 00:00:02 |
|   2 |   TABLE ACCESS FULL| COVIDFACT | 61080 |   835K|   119   (1)| 00:00:02 |
--------------------------------------------------------------------------------
",2,with COVID-19 describe deaths by countriesAndTerritories,56,0.026254375729288213,2,2954.0,244.0,123.0,211.0,1,covid5,19,1198,36,ext
1043,0.22272429600523902,COVID-19,"Plan hash value: 3733565869

----------------------------------------------------------------------------------------------
| Id  | Operation                     | Name         | Rows  | Bytes | Cost (%CPU)| Time     |
----------------------------------------------------------------------------------------------
|   0 | SELECT STATEMENT              |              |   812 | 20300 |    15   (0)| 00:00:01 |
|   1 |  SORT GROUP BY NOSORT         |              |   812 | 20300 |    15   (0)| 00:00:01 |
|   2 |   INLIST ITERATOR             |              |       |       |            |          |
|   3 |    TABLE ACCESS BY INDEX ROWID| COVIDFACT    |   934 | 23350 |    15   (0)| 00:00:01 |
|*  4 |     INDEX RANGE SCAN          | SYS_C0025274 |   934 |       |     7   (0)| 00:00:01 |
----------------------------------------------------------------------------------------------

Predicate Information (identified by operation id):
---------------------------------------------------

4 - access(""FT"".""COUNTRIESANDTERRITORIES""='Germany' OR
""FT"".""COUNTRIESANDTERRITORIES""='Italy' OR ""FT"".""COUNTRIESANDTERRITORIES""='Spain')
",3,"with COVID-19 describe deaths by dateRep, countriesAndTerritories for countriesAndTerritories in ('Italy', 'Spain', 'Germany')",126,0.026895565092989987,4,20300.0,425.0,15.0,812.0,1,covid5,10,1300,4,ext
26,4.911591355599214E-4,COVID-19,"Plan hash value: 2308937895

------------------------------------------------------------------------------------------------
| Id  | Operation                       | Name         | Rows  | Bytes | Cost (%CPU)| Time     |
------------------------------------------------------------------------------------------------
|   0 | SELECT STATEMENT                |              |    19 |   912 |    14  (15)| 00:00:01 |
|   1 |  SORT GROUP BY                  |              |    19 |   912 |    14  (15)| 00:00:01 |
|   2 |   MERGE JOIN                    |              |   560 | 26880 |    13   (8)| 00:00:01 |
|   3 |    TABLE ACCESS BY INDEX ROWID  | COVIDDATE    |   348 |  6612 |     2   (0)| 00:00:01 |
|   4 |     INDEX FULL SCAN             | SYS_C0025273 |   348 |       |     1   (0)| 00:00:01 |
|*  5 |    SORT JOIN                    |              |   560 | 16240 |    11  (10)| 00:00:01 |
|   6 |     INLIST ITERATOR             |              |       |       |            |          |
|   7 |      TABLE ACCESS BY INDEX ROWID| COVIDFACT    |   560 | 16240 |    10   (0)| 00:00:01 |
|*  8 |       INDEX RANGE SCAN          | SYS_C0025274 |   560 |       |     5   (0)| 00:00:01 |
------------------------------------------------------------------------------------------------

Predicate Information (identified by operation id):
---------------------------------------------------

5 - access(""COVIDDATE"".""DATEREP""=""FT"".""DATEREP"")
filter(""COVIDDATE"".""DATEREP""=""FT"".""DATEREP"")
8 - access(""FT"".""COUNTRIESANDTERRITORIES""='Italy' OR
""FT"".""COUNTRIESANDTERRITORIES""='United_States_of_America')
",0,"with COVID-19 describe deaths, cases by month, countriesAndTerritories for countriesAndTerritories in ('United_States_of_America', 'Italy')",139,0.0,0,912.0,449.0,14.0,19.0,1,random0,1,1184,5,ext
49,0.011886051080550098,COVID-19,"Plan hash value: 1016733566

---------------------------------------------------------------------------------
| Id  | Operation           | Name      | Rows  | Bytes | Cost (%CPU)| Time     |
---------------------------------------------------------------------------------
|   0 | SELECT STATEMENT    |           |    49 |  1568 |   126   (4)| 00:00:02 |
|   1 |  SORT GROUP BY      |           |    49 |  1568 |   126   (4)| 00:00:02 |
|*  2 |   HASH JOIN         |           | 14184 |   443K|   124   (2)| 00:00:02 |
|*  3 |    TABLE ACCESS FULL| COUNTRY   |    49 |   882 |     4   (0)| 00:00:01 |
|   4 |    TABLE ACCESS FULL| COVIDFACT | 61080 |   835K|   119   (1)| 00:00:02 |
---------------------------------------------------------------------------------

Predicate Information (identified by operation id):
---------------------------------------------------

2 - access(""COUNTRY"".""COUNTRIESANDTERRITORIES""=""FT"".""COUNTRIESANDTERRI
TORIES"")
3 - filter(""COUNTRY"".""CONTINENTEXP""='America')
",1,with COVID-19 describe deaths by countriesAndTerritories for continentExp = 'America',85,0.0,1,1568.0,283.0,126.0,49.0,1,random0,5,1200,25,ext
13,0.01286836935166994,COVID-19,"Plan hash value: 2308937895

------------------------------------------------------------------------------------------------
| Id  | Operation                       | Name         | Rows  | Bytes | Cost (%CPU)| Time     |
------------------------------------------------------------------------------------------------
|   0 | SELECT STATEMENT                |              |    28 |  1232 |    11  (19)| 00:00:01 |
|   1 |  SORT GROUP BY                  |              |    28 |  1232 |    11  (19)| 00:00:01 |
|   2 |   MERGE JOIN                    |              |   287 | 12628 |    10  (10)| 00:00:01 |
|   3 |    TABLE ACCESS BY INDEX ROWID  | COVIDDATE    |   348 |  6612 |     2   (0)| 00:00:01 |
|   4 |     INDEX FULL SCAN             | SYS_C0025273 |   348 |       |     1   (0)| 00:00:01 |
|*  5 |    SORT JOIN                    |              |   287 |  7175 |     8  (13)| 00:00:01 |
|   6 |     INLIST ITERATOR             |              |       |       |            |          |
|   7 |      TABLE ACCESS BY INDEX ROWID| COVIDFACT    |   287 |  7175 |     7   (0)| 00:00:01 |
|*  8 |       INDEX RANGE SCAN          | SYS_C0025274 |   287 |       |     4   (0)| 00:00:01 |
------------------------------------------------------------------------------------------------

Predicate Information (identified by operation id):
---------------------------------------------------

5 - access(""COVIDDATE"".""DATEREP""=""FT"".""DATEREP"")
filter(""COVIDDATE"".""DATEREP""=""FT"".""DATEREP"")
8 - access(""FT"".""COUNTRIESANDTERRITORIES""=' France' OR
""FT"".""COUNTRIESANDTERRITORIES""=' Germany' OR ""FT"".""COUNTRIESANDTERRITORIES""='Italy')
",2,"with COVID-19 describe deaths by month, countriesAndTerritories for countriesAndTerritories in ('Italy', ' France', ' Germany')",127,0.0,0,1232.0,422.0,11.0,28.0,1,random0,1,1179,5,ext
13,0.013867059593975115,COVID-19,"Plan hash value: 2755916834

-------------------------------------------------------------------------------------------------
| Id  | Operation                        | Name         | Rows  | Bytes | Cost (%CPU)| Time     |
-------------------------------------------------------------------------------------------------
|   0 | SELECT STATEMENT                 |              |    10 |   540 |    10  (20)| 00:00:01 |
|   1 |  SORT GROUP BY                   |              |    10 |   540 |    10  (20)| 00:00:01 |
|   2 |   MERGE JOIN                     |              |   159 |  8586 |     9  (12)| 00:00:01 |
|   3 |    TABLE ACCESS BY INDEX ROWID   | COVIDDATE    |   348 |  6612 |     2   (0)| 00:00:01 |
|   4 |     INDEX FULL SCAN              | SYS_C0025273 |   348 |       |     1   (0)| 00:00:01 |
|*  5 |    SORT JOIN                     |              |   159 |  5565 |     7  (15)| 00:00:01 |
|   6 |     VIEW                         | VW_GBC_5     |   159 |  5565 |     6   (0)| 00:00:01 |
|   7 |      HASH GROUP BY               |              |   159 |  3975 |     6   (0)| 00:00:01 |
|   8 |       TABLE ACCESS BY INDEX ROWID| COVIDFACT    |   275 |  6875 |     6   (0)| 00:00:01 |
|*  9 |        INDEX RANGE SCAN          | SYS_C0025274 |   275 |       |     3   (0)| 00:00:01 |
-------------------------------------------------------------------------------------------------

Predicate Information (identified by operation id):
---------------------------------------------------

5 - access(""COVIDDATE"".""DATEREP""=""ITEM_1"")
filter(""COVIDDATE"".""DATEREP""=""ITEM_1"")
9 - access(""FT"".""COUNTRIESANDTERRITORIES""='United_States_of_America')
",3,"with COVID-19 describe deaths by month, countriesAndTerritories for countriesAndTerritories = 'United_States_of_America'",120,0.0,0,540.0,417.0,10.0,10.0,1,random0,2,1153,4,ext
158,0.5707269155206287,COVID-19,"Plan hash value: 1016733566

---------------------------------------------------------------------------------
| Id  | Operation           | Name      | Rows  | Bytes | Cost (%CPU)| Time     |
---------------------------------------------------------------------------------
|   0 | SELECT STATEMENT    |           |   158 |  5056 |   127   (4)| 00:00:02 |
|   1 |  SORT GROUP BY      |           |   158 |  5056 |   127   (4)| 00:00:02 |
|*  2 |   HASH JOIN         |           | 45738 |  1429K|   124   (2)| 00:00:02 |
|*  3 |    TABLE ACCESS FULL| COUNTRY   |   158 |  2844 |     4   (0)| 00:00:01 |
|   4 |    TABLE ACCESS FULL| COVIDFACT | 61080 |   835K|   119   (1)| 00:00:02 |
---------------------------------------------------------------------------------

Predicate Information (identified by operation id):
---------------------------------------------------

2 - access(""COUNTRY"".""COUNTRIESANDTERRITORIES""=""FT"".""COUNTRIESANDTERRI
TORIES"")
3 - filter(""COUNTRY"".""CONTINENTEXP""='Africa' OR
""COUNTRY"".""CONTINENTEXP""='America' OR ""COUNTRY"".""CONTINENTEXP""='Europe')
",4,"with COVID-19 describe deaths by countriesAndTerritories for continentExp in ('America', 'Europe', 'Africa')",108,0.02372083905116644,1,5056.0,304.0,127.0,158.0,1,random0,9,1187,50,ext
26,0.5707269155206287,COVID-19,"Plan hash value: 2308937895

------------------------------------------------------------------------------------------------
| Id  | Operation                       | Name         | Rows  | Bytes | Cost (%CPU)| Time     |
------------------------------------------------------------------------------------------------
|   0 | SELECT STATEMENT                |              |    19 |   836 |    14  (15)| 00:00:01 |
|   1 |  SORT GROUP BY                  |              |    19 |   836 |    14  (15)| 00:00:01 |
|   2 |   MERGE JOIN                    |              |   560 | 24640 |    13   (8)| 00:00:01 |
|   3 |    TABLE ACCESS BY INDEX ROWID  | COVIDDATE    |   348 |  6612 |     2   (0)| 00:00:01 |
|   4 |     INDEX FULL SCAN             | SYS_C0025273 |   348 |       |     1   (0)| 00:00:01 |
|*  5 |    SORT JOIN                    |              |   560 | 14000 |    11  (10)| 00:00:01 |
|   6 |     INLIST ITERATOR             |              |       |       |            |          |
|   7 |      TABLE ACCESS BY INDEX ROWID| COVIDFACT    |   560 | 14000 |    10   (0)| 00:00:01 |
|*  8 |       INDEX RANGE SCAN          | SYS_C0025274 |   560 |       |     5   (0)| 00:00:01 |
------------------------------------------------------------------------------------------------

Predicate Information (identified by operation id):
---------------------------------------------------

5 - access(""COVIDDATE"".""DATEREP""=""FT"".""DATEREP"")
filter(""COVIDDATE"".""DATEREP""=""FT"".""DATEREP"")
8 - access(""FT"".""COUNTRIESANDTERRITORIES""='Italy' OR
""FT"".""COUNTRIESANDTERRITORIES""='United_States_of_America')
",5,"with COVID-19 describe deaths by month, countriesAndTerritories for countriesAndTerritories in ('United_States_of_America', 'Italy')",132,0.0282114183764496,1,836.0,428.0,14.0,19.0,1,random0,3,1211,10,ext
49,0.0056974459724950886,COVID-19,"Plan hash value: 1016733566

---------------------------------------------------------------------------------
| Id  | Operation           | Name      | Rows  | Bytes | Cost (%CPU)| Time     |
---------------------------------------------------------------------------------
|   0 | SELECT STATEMENT    |           |    49 |  1568 |   126   (4)| 00:00:02 |
|   1 |  SORT GROUP BY      |           |    49 |  1568 |   126   (4)| 00:00:02 |
|*  2 |   HASH JOIN         |           | 14184 |   443K|   124   (2)| 00:00:02 |
|*  3 |    TABLE ACCESS FULL| COUNTRY   |    49 |   882 |     4   (0)| 00:00:01 |
|   4 |    TABLE ACCESS FULL| COVIDFACT | 61080 |   835K|   119   (1)| 00:00:02 |
---------------------------------------------------------------------------------

Predicate Information (identified by operation id):
---------------------------------------------------

2 - access(""COUNTRY"".""COUNTRIESANDTERRITORIES""=""FT"".""COUNTRIESANDTERRI
TORIES"")
3 - filter(""COUNTRY"".""CONTINENTEXP""='America')
",0,with COVID-19 describe deaths by countriesAndTerritories for continentExp = 'America',85,0.0,0,1568.0,283.0,126.0,49.0,1,random1,0,1184,23,ext
39,0.007694826457105435,COVID-19,"Plan hash value: 2308937895

------------------------------------------------------------------------------------------------
| Id  | Operation                       | Name         | Rows  | Bytes | Cost (%CPU)| Time     |
------------------------------------------------------------------------------------------------
|   0 | SELECT STATEMENT                |              |    28 |  1232 |    18  (12)| 00:00:01 |
|   1 |  SORT GROUP BY                  |              |    28 |  1232 |    18  (12)| 00:00:01 |
|   2 |   MERGE JOIN                    |              |   868 | 38192 |    17   (6)| 00:00:01 |
|   3 |    TABLE ACCESS BY INDEX ROWID  | COVIDDATE    |   348 |  6612 |     2   (0)| 00:00:01 |
|   4 |     INDEX FULL SCAN             | SYS_C0025273 |   348 |       |     1   (0)| 00:00:01 |
|*  5 |    SORT JOIN                    |              |   868 | 21700 |    15   (7)| 00:00:01 |
|   6 |     INLIST ITERATOR             |              |       |       |            |          |
|   7 |      TABLE ACCESS BY INDEX ROWID| COVIDFACT    |   868 | 21700 |    14   (0)| 00:00:01 |
|*  8 |       INDEX RANGE SCAN          | SYS_C0025274 |   868 |       |     7   (0)| 00:00:01 |
------------------------------------------------------------------------------------------------

Predicate Information (identified by operation id):
---------------------------------------------------

5 - access(""COVIDDATE"".""DATEREP""=""FT"".""DATEREP"")
filter(""COVIDDATE"".""DATEREP""=""FT"".""DATEREP"")
8 - access(""FT"".""COUNTRIESANDTERRITORIES""='France' OR
""FT"".""COUNTRIESANDTERRITORIES""='Italy' OR ""FT"".""COUNTRIESANDTERRITORIES""='United_States_
of_America')
",1,"with COVID-19 describe deaths by month, countriesAndTerritories for countriesAndTerritories in ('United_States_of_America', 'Italy', 'France')",142,0.11487758945386065,0,1232.0,437.0,18.0,28.0,1,random1,2,1172,5,ext
13,0.007694826457105435,COVID-19,"Plan hash value: 2755916834

-------------------------------------------------------------------------------------------------
| Id  | Operation                        | Name         | Rows  | Bytes | Cost (%CPU)| Time     |
-------------------------------------------------------------------------------------------------
|   0 | SELECT STATEMENT                 |              |    10 |   540 |    10  (20)| 00:00:01 |
|   1 |  SORT GROUP BY                   |              |    10 |   540 |    10  (20)| 00:00:01 |
|   2 |   MERGE JOIN                     |              |   159 |  8586 |     9  (12)| 00:00:01 |
|   3 |    TABLE ACCESS BY INDEX ROWID   | COVIDDATE    |   348 |  6612 |     2   (0)| 00:00:01 |
|   4 |     INDEX FULL SCAN              | SYS_C0025273 |   348 |       |     1   (0)| 00:00:01 |
|*  5 |    SORT JOIN                     |              |   159 |  5565 |     7  (15)| 00:00:01 |
|   6 |     VIEW                         | VW_GBC_5     |   159 |  5565 |     6   (0)| 00:00:01 |
|   7 |      HASH GROUP BY               |              |   159 |  3975 |     6   (0)| 00:00:01 |
|   8 |       TABLE ACCESS BY INDEX ROWID| COVIDFACT    |   275 |  6875 |     6   (0)| 00:00:01 |
|*  9 |        INDEX RANGE SCAN          | SYS_C0025274 |   275 |       |     3   (0)| 00:00:01 |
-------------------------------------------------------------------------------------------------

Predicate Information (identified by operation id):
---------------------------------------------------

5 - access(""COVIDDATE"".""DATEREP""=""ITEM_1"")
filter(""COVIDDATE"".""DATEREP""=""ITEM_1"")
9 - access(""FT"".""COUNTRIESANDTERRITORIES""='United_States_of_America')
",2,"with COVID-19 describe deaths by month, countriesAndTerritories for countriesAndTerritories = 'United_States_of_America'",120,0.20608108108108109,0,540.0,417.0,10.0,10.0,1,random1,2,1188,5,ext
211,0.8417648984937787,COVID-19,"Plan hash value: 216913314

--------------------------------------------------------------------------------
| Id  | Operation          | Name      | Rows  | Bytes | Cost (%CPU)| Time     |
--------------------------------------------------------------------------------
|   0 | SELECT STATEMENT   |           |   211 |  2954 |   123   (5)| 00:00:02 |
|   1 |  SORT GROUP BY     |           |   211 |  2954 |   123   (5)| 00:00:02 |
|   2 |   TABLE ACCESS FULL| COVIDFACT | 61080 |   835K|   119   (1)| 00:00:02 |
--------------------------------------------------------------------------------
",3,with COVID-19 describe deaths by countriesAndTerritories,56,0.002367231309544599,1,2954.0,244.0,123.0,211.0,1,random1,12,1205,34,ext
49,0.0056974459724950886,COVID-19,"Plan hash value: 1016733566

---------------------------------------------------------------------------------
| Id  | Operation           | Name      | Rows  | Bytes | Cost (%CPU)| Time     |
---------------------------------------------------------------------------------
|   0 | SELECT STATEMENT    |           |    49 |  1568 |   126   (4)| 00:00:02 |
|   1 |  SORT GROUP BY      |           |    49 |  1568 |   126   (4)| 00:00:02 |
|*  2 |   HASH JOIN         |           | 14184 |   443K|   124   (2)| 00:00:02 |
|*  3 |    TABLE ACCESS FULL| COUNTRY   |    49 |   882 |     4   (0)| 00:00:01 |
|   4 |    TABLE ACCESS FULL| COVIDFACT | 61080 |   835K|   119   (1)| 00:00:02 |
---------------------------------------------------------------------------------

Predicate Information (identified by operation id):
---------------------------------------------------

2 - access(""COUNTRY"".""COUNTRIESANDTERRITORIES""=""FT"".""COUNTRIESANDTERRI
TORIES"")
3 - filter(""COUNTRY"".""CONTINENTEXP""='America')
",0,with COVID-19 describe deaths by countriesAndTerritories for continentExp = 'America',85,0.0,1,1568.0,283.0,126.0,49.0,1,random2,1,1174,22,ext
39,0.0056974459724950886,COVID-19,"Plan hash value: 2308937895

------------------------------------------------------------------------------------------------
| Id  | Operation                       | Name         | Rows  | Bytes | Cost (%CPU)| Time     |
------------------------------------------------------------------------------------------------
|   0 | SELECT STATEMENT                |              |    28 |  1344 |    18  (12)| 00:00:01 |
|   1 |  SORT GROUP BY                  |              |    28 |  1344 |    18  (12)| 00:00:01 |
|   2 |   MERGE JOIN                    |              |   868 | 41664 |    17   (6)| 00:00:01 |
|   3 |    TABLE ACCESS BY INDEX ROWID  | COVIDDATE    |   348 |  6612 |     2   (0)| 00:00:01 |
|   4 |     INDEX FULL SCAN             | SYS_C0025273 |   348 |       |     1   (0)| 00:00:01 |
|*  5 |    SORT JOIN                    |              |   868 | 25172 |    15   (7)| 00:00:01 |
|   6 |     INLIST ITERATOR             |              |       |       |            |          |
|   7 |      TABLE ACCESS BY INDEX ROWID| COVIDFACT    |   868 | 25172 |    14   (0)| 00:00:01 |
|*  8 |       INDEX RANGE SCAN          | SYS_C0025274 |   868 |       |     7   (0)| 00:00:01 |
------------------------------------------------------------------------------------------------

Predicate Information (identified by operation id):
---------------------------------------------------

5 - access(""COVIDDATE"".""DATEREP""=""FT"".""DATEREP"")
filter(""COVIDDATE"".""DATEREP""=""FT"".""DATEREP"")
8 - access(""FT"".""COUNTRIESANDTERRITORIES""='France' OR
""FT"".""COUNTRIESANDTERRITORIES""='Italy' OR ""FT"".""COUNTRIESANDTERRITORIES""='United_States_
of_America')
",1,"with COVID-19 describe deaths, cases by month, countriesAndTerritories for countriesAndTerritories in ('United_States_of_America', 'Italy', 'France')",149,0.07936507936507936,0,1344.0,458.0,18.0,28.0,1,random2,2,1199,8,ext
2270,0.8430091683038637,COVID-19,"Plan hash value: 107072300

---------------------------------------------------------------------------------
| Id  | Operation           | Name      | Rows  | Bytes | Cost (%CPU)| Time     |
---------------------------------------------------------------------------------
|   0 | SELECT STATEMENT    |           |  1940 | 85360 |   128   (5)| 00:00:02 |
|   1 |  SORT GROUP BY      |           |  1940 | 85360 |   128   (5)| 00:00:02 |
|*  2 |   HASH JOIN         |           | 61080 |  2624K|   124   (2)| 00:00:02 |
|   3 |    TABLE ACCESS FULL| COVIDDATE |   348 |  6612 |     4   (0)| 00:00:01 |
|   4 |    TABLE ACCESS FULL| COVIDFACT | 61080 |  1491K|   119   (1)| 00:00:02 |
---------------------------------------------------------------------------------

Predicate Information (identified by operation id):
---------------------------------------------------

2 - access(""COVIDDATE"".""DATEREP""=""FT"".""DATEREP"")
",2,"with COVID-19 describe deaths by month, countriesAndTerritories",63,0.001764181303555504,9,85360.0,350.0,128.0,1940.0,1,random2,136,1403,92,ext
211,0.8940078585461689,COVID-19,"Plan hash value: 216913314

--------------------------------------------------------------------------------
| Id  | Operation          | Name      | Rows  | Bytes | Cost (%CPU)| Time     |
--------------------------------------------------------------------------------
|   0 | SELECT STATEMENT   |           |   211 |  2954 |   123   (5)| 00:00:02 |
|   1 |  SORT GROUP BY     |           |   211 |  2954 |   123   (5)| 00:00:02 |
|   2 |   TABLE ACCESS FULL| COVIDFACT | 61080 |   835K|   119   (1)| 00:00:02 |
--------------------------------------------------------------------------------
",3,with COVID-19 describe deaths by countriesAndTerritories,56,0.467398831527305,1,2954.0,244.0,123.0,211.0,1,random2,21,1205,43,ext
1043,0.0016535690897184021,COVID-19,"Plan hash value: 3733565869

----------------------------------------------------------------------------------------------
| Id  | Operation                     | Name         | Rows  | Bytes | Cost (%CPU)| Time     |
----------------------------------------------------------------------------------------------
|   0 | SELECT STATEMENT              |              |   812 | 20300 |    15   (0)| 00:00:01 |
|   1 |  SORT GROUP BY NOSORT         |              |   812 | 20300 |    15   (0)| 00:00:01 |
|   2 |   INLIST ITERATOR             |              |       |       |            |          |
|   3 |    TABLE ACCESS BY INDEX ROWID| COVIDFACT    |   934 | 23350 |    15   (0)| 00:00:01 |
|*  4 |     INDEX RANGE SCAN          | SYS_C0025274 |   934 |       |     7   (0)| 00:00:01 |
----------------------------------------------------------------------------------------------

Predicate Information (identified by operation id):
---------------------------------------------------

4 - access(""FT"".""COUNTRIESANDTERRITORIES""='Germany' OR
""FT"".""COUNTRIESANDTERRITORIES""='Italy' OR ""FT"".""COUNTRIESANDTERRITORIES""='Spain')
",0,"with COVID-19 describe deaths by dateRep, countriesAndTerritories for countriesAndTerritories in ('Italy', 'Spain', 'Germany')",126,0.0,5,20300.0,425.0,15.0,812.0,1,random3,1,1282,7,ext
13,0.13002619515389652,COVID-19,"Plan hash value: 2755916834

-------------------------------------------------------------------------------------------------
| Id  | Operation                        | Name         | Rows  | Bytes | Cost (%CPU)| Time     |
-------------------------------------------------------------------------------------------------
|   0 | SELECT STATEMENT                 |              |    13 |   559 |    10  (20)| 00:00:01 |
|   1 |  SORT GROUP BY                   |              |    13 |   559 |    10  (20)| 00:00:01 |
|   2 |   MERGE JOIN                     |              |   190 |  8170 |     9  (12)| 00:00:01 |
|   3 |    TABLE ACCESS BY INDEX ROWID   | COVIDDATE    |   348 |  6612 |     2   (0)| 00:00:01 |
|   4 |     INDEX FULL SCAN              | SYS_C0025273 |   348 |       |     1   (0)| 00:00:01 |
|*  5 |    SORT JOIN                     |              |   190 |  4560 |     7  (15)| 00:00:01 |
|   6 |     VIEW                         | VW_GBC_5     |   190 |  4560 |     6   (0)| 00:00:01 |
|   7 |      HASH GROUP BY               |              |   190 |  4750 |     6   (0)| 00:00:01 |
|   8 |       TABLE ACCESS BY INDEX ROWID| COVIDFACT    |   275 |  6875 |     6   (0)| 00:00:01 |
|*  9 |        INDEX RANGE SCAN          | SYS_C0025274 |   275 |       |     3   (0)| 00:00:01 |
-------------------------------------------------------------------------------------------------

Predicate Information (identified by operation id):
---------------------------------------------------

5 - access(""COVIDDATE"".""DATEREP""=""ITEM_1"")
filter(""COVIDDATE"".""DATEREP""=""ITEM_1"")
9 - access(""FT"".""COUNTRIESANDTERRITORIES""='United_States_of_America')
",1,with COVID-19 describe deaths by month for countriesAndTerritories = 'United_States_of_America',95,0.0022613065326633165,1,559.0,318.0,10.0,13.0,1,random3,18,1169,5,ext
506,0.13372626064178128,COVID-19,"Plan hash value: 3009686037

----------------------------------------------------------------------------------
| Id  | Operation            | Name      | Rows  | Bytes | Cost (%CPU)| Time     |
----------------------------------------------------------------------------------
|   0 | SELECT STATEMENT     |           |   451 | 27962 |   130   (4)| 00:00:02 |
|   1 |  SORT GROUP BY       |           |   451 | 27962 |   130   (4)| 00:00:02 |
|*  2 |   HASH JOIN          |           | 14184 |   858K|   129   (3)| 00:00:02 |
|   3 |    TABLE ACCESS FULL | COVIDDATE |   348 |  6612 |     4   (0)| 00:00:01 |
|*  4 |    HASH JOIN         |           | 14184 |   595K|   124   (2)| 00:00:02 |
|*  5 |     TABLE ACCESS FULL| COUNTRY   |    49 |   882 |     4   (0)| 00:00:01 |
|   6 |     TABLE ACCESS FULL| COVIDFACT | 61080 |  1491K|   119   (1)| 00:00:02 |
----------------------------------------------------------------------------------

Predicate Information (identified by operation id):
---------------------------------------------------

2 - access(""COVIDDATE"".""DATEREP""=""FT"".""DATEREP"")
4 - access(""COUNTRY"".""COUNTRIESANDTERRITORIES""=""FT"".""COUNTRIESANDTERRIT
ORIES"")
5 - filter(""COUNTRY"".""CONTINENTEXP""='America')
",2,"with COVID-19 describe deaths by month, countriesAndTerritories for continentExp in ('America')",95,0.002198876129978011,3,27962.0,392.0,130.0,451.0,1,random3,7,1232,40,ext
39,0.14127373935821874,COVID-19,"Plan hash value: 2308937895

------------------------------------------------------------------------------------------------
| Id  | Operation                       | Name         | Rows  | Bytes | Cost (%CPU)| Time     |
------------------------------------------------------------------------------------------------
|   0 | SELECT STATEMENT                |              |    28 |  1232 |    18  (12)| 00:00:01 |
|   1 |  SORT GROUP BY                  |              |    28 |  1232 |    18  (12)| 00:00:01 |
|   2 |   MERGE JOIN                    |              |   868 | 38192 |    17   (6)| 00:00:01 |
|   3 |    TABLE ACCESS BY INDEX ROWID  | COVIDDATE    |   348 |  6612 |     2   (0)| 00:00:01 |
|   4 |     INDEX FULL SCAN             | SYS_C0025273 |   348 |       |     1   (0)| 00:00:01 |
|*  5 |    SORT JOIN                    |              |   868 | 21700 |    15   (7)| 00:00:01 |
|   6 |     INLIST ITERATOR             |              |       |       |            |          |
|   7 |      TABLE ACCESS BY INDEX ROWID| COVIDFACT    |   868 | 21700 |    14   (0)| 00:00:01 |
|*  8 |       INDEX RANGE SCAN          | SYS_C0025274 |   868 |       |     7   (0)| 00:00:01 |
------------------------------------------------------------------------------------------------

Predicate Information (identified by operation id):
---------------------------------------------------

5 - access(""COVIDDATE"".""DATEREP""=""FT"".""DATEREP"")
filter(""COVIDDATE"".""DATEREP""=""FT"".""DATEREP"")
8 - access(""FT"".""COUNTRIESANDTERRITORIES""='France' OR
""FT"".""COUNTRIESANDTERRITORIES""='Italy' OR ""FT"".""COUNTRIESANDTERRITORIES""='United_States_
of_America')
",3,"with COVID-19 describe deaths by month, countriesAndTerritories for countriesAndTerritories in ('United_States_of_America', 'Italy', 'France')",142,0.03844439491865389,0,1232.0,437.0,18.0,28.0,1,random3,6,1175,6,ext
13,0.14127373935821874,COVID-19,"Plan hash value: 2755916834

-------------------------------------------------------------------------------------------------
| Id  | Operation                        | Name         | Rows  | Bytes | Cost (%CPU)| Time     |
-------------------------------------------------------------------------------------------------
|   0 | SELECT STATEMENT                 |              |    10 |   540 |    10  (20)| 00:00:01 |
|   1 |  SORT GROUP BY                   |              |    10 |   540 |    10  (20)| 00:00:01 |
|   2 |   MERGE JOIN                     |              |   163 |  8802 |     9  (12)| 00:00:01 |
|   3 |    TABLE ACCESS BY INDEX ROWID   | COVIDDATE    |   348 |  6612 |     2   (0)| 00:00:01 |
|   4 |     INDEX FULL SCAN              | SYS_C0025273 |   348 |       |     1   (0)| 00:00:01 |
|*  5 |    SORT JOIN                     |              |   163 |  5705 |     7  (15)| 00:00:01 |
|   6 |     VIEW                         | VW_GBC_5     |   163 |  5705 |     6   (0)| 00:00:01 |
|   7 |      HASH GROUP BY               |              |   163 |  4075 |     6   (0)| 00:00:01 |
|   8 |       TABLE ACCESS BY INDEX ROWID| COVIDFACT    |   286 |  7150 |     6   (0)| 00:00:01 |
|*  9 |        INDEX RANGE SCAN          | SYS_C0025274 |   286 |       |     3   (0)| 00:00:01 |
-------------------------------------------------------------------------------------------------

Predicate Information (identified by operation id):
---------------------------------------------------

5 - access(""COVIDDATE"".""DATEREP""=""ITEM_1"")
filter(""COVIDDATE"".""DATEREP""=""ITEM_1"")
9 - access(""FT"".""COUNTRIESANDTERRITORIES""='Italy')
",4,"with COVID-19 describe deaths by month, countriesAndTerritories for countriesAndTerritories = 'Italy'",101,0.04483063980518043,0,540.0,398.0,10.0,10.0,1,random3,2,1220,9,ext
39,0.14127373935821874,COVID-19,"Plan hash value: 2308937895

------------------------------------------------------------------------------------------------
| Id  | Operation                       | Name         | Rows  | Bytes | Cost (%CPU)| Time     |
------------------------------------------------------------------------------------------------
|   0 | SELECT STATEMENT                |              |    28 |  1232 |    19  (11)| 00:00:01 |
|   1 |  SORT GROUP BY                  |              |    28 |  1232 |    19  (11)| 00:00:01 |
|   2 |   MERGE JOIN                    |              |   934 | 41096 |    18   (6)| 00:00:01 |
|   3 |    TABLE ACCESS BY INDEX ROWID  | COVIDDATE    |   348 |  6612 |     2   (0)| 00:00:01 |
|   4 |     INDEX FULL SCAN             | SYS_C0025273 |   348 |       |     1   (0)| 00:00:01 |
|*  5 |    SORT JOIN                    |              |   934 | 23350 |    16   (7)| 00:00:01 |
|   6 |     INLIST ITERATOR             |              |       |       |            |          |
|   7 |      TABLE ACCESS BY INDEX ROWID| COVIDFACT    |   934 | 23350 |    15   (0)| 00:00:01 |
|*  8 |       INDEX RANGE SCAN          | SYS_C0025274 |   934 |       |     7   (0)| 00:00:01 |
------------------------------------------------------------------------------------------------

Predicate Information (identified by operation id):
---------------------------------------------------

5 - access(""COVIDDATE"".""DATEREP""=""FT"".""DATEREP"")
filter(""COVIDDATE"".""DATEREP""=""FT"".""DATEREP"")
8 - access(""FT"".""COUNTRIESANDTERRITORIES""='Germany' OR
""FT"".""COUNTRIESANDTERRITORIES""='Italy' OR ""FT"".""COUNTRIESANDTERRITORIES""='Spain')
",5,"with COVID-19 describe deaths by month, countriesAndTerritories for countriesAndTerritories in ('Italy', 'Spain', 'Germany')",124,0.06379516111533037,0,1232.0,419.0,19.0,28.0,1,random3,3,1167,5,ext
1044,0.45152259332023575,COVID-19,"Plan hash value: 3009686037

----------------------------------------------------------------------------------
| Id  | Operation            | Name      | Rows  | Bytes | Cost (%CPU)| Time     |
----------------------------------------------------------------------------------
|   0 | SELECT STATEMENT     |           |  1002 | 62124 |   131   (4)| 00:00:02 |
|   1 |  SORT GROUP BY       |           |  1002 | 62124 |   131   (4)| 00:00:02 |
|*  2 |   HASH JOIN          |           | 31408 |  1901K|   129   (3)| 00:00:02 |
|   3 |    TABLE ACCESS FULL | COVIDDATE |   348 |  6612 |     4   (0)| 00:00:01 |
|*  4 |    HASH JOIN         |           | 31408 |  1318K|   124   (2)| 00:00:02 |
|*  5 |     TABLE ACCESS FULL| COUNTRY   |   109 |  1962 |     4   (0)| 00:00:01 |
|   6 |     TABLE ACCESS FULL| COVIDFACT | 61080 |  1491K|   119   (1)| 00:00:02 |
----------------------------------------------------------------------------------

Predicate Information (identified by operation id):
---------------------------------------------------

2 - access(""COVIDDATE"".""DATEREP""=""FT"".""DATEREP"")
4 - access(""COUNTRY"".""COUNTRIESANDTERRITORIES""=""FT"".""COUNTRIESANDTERRIT
ORIES"")
5 - filter(""COUNTRY"".""CONTINENTEXP""='Africa' OR
""COUNTRY"".""CONTINENTEXP""='America' OR ""COUNTRY"".""CONTINENTEXP""='Europa')
",6,"with COVID-19 describe deaths by month, countriesAndTerritories for continentExp in ('America', 'Europa', 'Africa')",115,0.059250920998772,4,62124.0,410.0,131.0,1002.0,1,random3,43,1254,62,ext
1043,0.0016535690897184021,COVID-19,"Plan hash value: 3733565869

----------------------------------------------------------------------------------------------
| Id  | Operation                     | Name         | Rows  | Bytes | Cost (%CPU)| Time     |
----------------------------------------------------------------------------------------------
|   0 | SELECT STATEMENT              |              |   812 | 20300 |    15   (0)| 00:00:01 |
|   1 |  SORT GROUP BY NOSORT         |              |   812 | 20300 |    15   (0)| 00:00:01 |
|   2 |   INLIST ITERATOR             |              |       |       |            |          |
|   3 |    TABLE ACCESS BY INDEX ROWID| COVIDFACT    |   934 | 23350 |    15   (0)| 00:00:01 |
|*  4 |     INDEX RANGE SCAN          | SYS_C0025274 |   934 |       |     7   (0)| 00:00:01 |
----------------------------------------------------------------------------------------------

Predicate Information (identified by operation id):
---------------------------------------------------

4 - access(""FT"".""COUNTRIESANDTERRITORIES""='Germany' OR
""FT"".""COUNTRIESANDTERRITORIES""='Italy' OR ""FT"".""COUNTRIESANDTERRITORIES""='Spain')
",0,"with COVID-19 describe deaths by dateRep, countriesAndTerritories for countriesAndTerritories in ('Italy', 'Spain', 'Germany')",126,0.0,5,20300.0,425.0,15.0,812.0,1,random4,1,1261,4,ext
39,0.0021447282252783236,COVID-19,"Plan hash value: 2308937895

------------------------------------------------------------------------------------------------
| Id  | Operation                       | Name         | Rows  | Bytes | Cost (%CPU)| Time     |
------------------------------------------------------------------------------------------------
|   0 | SELECT STATEMENT                |              |    28 |  1344 |    18  (12)| 00:00:01 |
|   1 |  SORT GROUP BY                  |              |    28 |  1344 |    18  (12)| 00:00:01 |
|   2 |   MERGE JOIN                    |              |   868 | 41664 |    17   (6)| 00:00:01 |
|   3 |    TABLE ACCESS BY INDEX ROWID  | COVIDDATE    |   348 |  6612 |     2   (0)| 00:00:01 |
|   4 |     INDEX FULL SCAN             | SYS_C0025273 |   348 |       |     1   (0)| 00:00:01 |
|*  5 |    SORT JOIN                    |              |   868 | 25172 |    15   (7)| 00:00:01 |
|   6 |     INLIST ITERATOR             |              |       |       |            |          |
|   7 |      TABLE ACCESS BY INDEX ROWID| COVIDFACT    |   868 | 25172 |    14   (0)| 00:00:01 |
|*  8 |       INDEX RANGE SCAN          | SYS_C0025274 |   868 |       |     7   (0)| 00:00:01 |
------------------------------------------------------------------------------------------------

Predicate Information (identified by operation id):
---------------------------------------------------

5 - access(""COVIDDATE"".""DATEREP""=""FT"".""DATEREP"")
filter(""COVIDDATE"".""DATEREP""=""FT"".""DATEREP"")
8 - access(""FT"".""COUNTRIESANDTERRITORIES""='France' OR
""FT"".""COUNTRIESANDTERRITORIES""='Italy' OR ""FT"".""COUNTRIESANDTERRITORIES""='United_States_
of_America')
",1,"with COVID-19 describe deaths, cases by month, countriesAndTerritories for countriesAndTerritories in ('United_States_of_America', 'Italy', 'France')",149,0.0,1,1344.0,458.0,18.0,28.0,1,random4,15,1203,6,ext
1044,0.011165684348395547,COVID-19,"Plan hash value: 3009686037

----------------------------------------------------------------------------------
| Id  | Operation            | Name      | Rows  | Bytes | Cost (%CPU)| Time     |
----------------------------------------------------------------------------------
|   0 | SELECT STATEMENT     |           |  1002 | 62124 |   131   (4)| 00:00:02 |
|   1 |  SORT GROUP BY       |           |  1002 | 62124 |   131   (4)| 00:00:02 |
|*  2 |   HASH JOIN          |           | 31408 |  1901K|   129   (3)| 00:00:02 |
|   3 |    TABLE ACCESS FULL | COVIDDATE |   348 |  6612 |     4   (0)| 00:00:01 |
|*  4 |    HASH JOIN         |           | 31408 |  1318K|   124   (2)| 00:00:02 |
|*  5 |     TABLE ACCESS FULL| COUNTRY   |   109 |  1962 |     4   (0)| 00:00:01 |
|   6 |     TABLE ACCESS FULL| COVIDFACT | 61080 |  1491K|   119   (1)| 00:00:02 |
----------------------------------------------------------------------------------

Predicate Information (identified by operation id):
---------------------------------------------------

2 - access(""COVIDDATE"".""DATEREP""=""FT"".""DATEREP"")
4 - access(""COUNTRY"".""COUNTRIESANDTERRITORIES""=""FT"".""COUNTRIESANDTERRIT
ORIES"")
5 - filter(""COUNTRY"".""CONTINENTEXP""='Africa' OR
""COUNTRY"".""CONTINENTEXP""='America' OR ""COUNTRY"".""CONTINENTEXP""='Europa')
",2,"with COVID-19 describe deaths by month, countriesAndTerritories for continentExp in ('America', 'Europa', 'Africa')",115,0.0,4,62124.0,410.0,131.0,1002.0,1,random4,64,1210,58,ext
39,0.013801571709233792,COVID-19,"Plan hash value: 2308937895

------------------------------------------------------------------------------------------------
| Id  | Operation                       | Name         | Rows  | Bytes | Cost (%CPU)| Time     |
------------------------------------------------------------------------------------------------
|   0 | SELECT STATEMENT                |              |    28 |  1232 |    19  (11)| 00:00:01 |
|   1 |  SORT GROUP BY                  |              |    28 |  1232 |    19  (11)| 00:00:01 |
|   2 |   MERGE JOIN                    |              |   934 | 41096 |    18   (6)| 00:00:01 |
|   3 |    TABLE ACCESS BY INDEX ROWID  | COVIDDATE    |   348 |  6612 |     2   (0)| 00:00:01 |
|   4 |     INDEX FULL SCAN             | SYS_C0025273 |   348 |       |     1   (0)| 00:00:01 |
|*  5 |    SORT JOIN                    |              |   934 | 23350 |    16   (7)| 00:00:01 |
|   6 |     INLIST ITERATOR             |              |       |       |            |          |
|   7 |      TABLE ACCESS BY INDEX ROWID| COVIDFACT    |   934 | 23350 |    15   (0)| 00:00:01 |
|*  8 |       INDEX RANGE SCAN          | SYS_C0025274 |   934 |       |     7   (0)| 00:00:01 |
------------------------------------------------------------------------------------------------

Predicate Information (identified by operation id):
---------------------------------------------------

5 - access(""COVIDDATE"".""DATEREP""=""FT"".""DATEREP"")
filter(""COVIDDATE"".""DATEREP""=""FT"".""DATEREP"")
8 - access(""FT"".""COUNTRIESANDTERRITORIES""='Germany' OR
""FT"".""COUNTRIESANDTERRITORIES""='Italy' OR ""FT"".""COUNTRIESANDTERRITORIES""='Spain')
",3,"with COVID-19 describe deaths by month, countriesAndTerritories for countriesAndTerritories in ('Italy', 'Spain', 'Germany')",124,0.09935897435897435,0,1232.0,419.0,19.0,28.0,1,random4,9,1226,10,ext
13,0.013801571709233792,COVID-19,"Plan hash value: 2755916834

-------------------------------------------------------------------------------------------------
| Id  | Operation                        | Name         | Rows  | Bytes | Cost (%CPU)| Time     |
-------------------------------------------------------------------------------------------------
|   0 | SELECT STATEMENT                 |              |    10 |   540 |    10  (20)| 00:00:01 |
|   1 |  SORT GROUP BY                   |              |    10 |   540 |    10  (20)| 00:00:01 |
|   2 |   MERGE JOIN                     |              |   163 |  8802 |     9  (12)| 00:00:01 |
|   3 |    TABLE ACCESS BY INDEX ROWID   | COVIDDATE    |   348 |  6612 |     2   (0)| 00:00:01 |
|   4 |     INDEX FULL SCAN              | SYS_C0025273 |   348 |       |     1   (0)| 00:00:01 |
|*  5 |    SORT JOIN                     |              |   163 |  5705 |     7  (15)| 00:00:01 |
|   6 |     VIEW                         | VW_GBC_5     |   163 |  5705 |     6   (0)| 00:00:01 |
|   7 |      HASH GROUP BY               |              |   163 |  4075 |     6   (0)| 00:00:01 |
|   8 |       TABLE ACCESS BY INDEX ROWID| COVIDFACT    |   286 |  7150 |     6   (0)| 00:00:01 |
|*  9 |        INDEX RANGE SCAN          | SYS_C0025274 |   286 |       |     3   (0)| 00:00:01 |
-------------------------------------------------------------------------------------------------

Predicate Information (identified by operation id):
---------------------------------------------------

5 - access(""COVIDDATE"".""DATEREP""=""ITEM_1"")
filter(""COVIDDATE"".""DATEREP""=""ITEM_1"")
9 - access(""FT"".""COUNTRIESANDTERRITORIES""='Italy')
",4,"with COVID-19 describe deaths by month, countriesAndTerritories for countriesAndTerritories = 'Italy'",101,0.1536144578313253,0,540.0,398.0,10.0,10.0,1,random4,2,1195,4,ext
13,0.014800261951538966,COVID-19,"Plan hash value: 2755916834

-------------------------------------------------------------------------------------------------
| Id  | Operation                        | Name         | Rows  | Bytes | Cost (%CPU)| Time     |
-------------------------------------------------------------------------------------------------
|   0 | SELECT STATEMENT                 |              |    10 |   540 |    10  (20)| 00:00:01 |
|   1 |  SORT GROUP BY                   |              |    10 |   540 |    10  (20)| 00:00:01 |
|   2 |   MERGE JOIN                     |              |   159 |  8586 |     9  (12)| 00:00:01 |
|   3 |    TABLE ACCESS BY INDEX ROWID   | COVIDDATE    |   348 |  6612 |     2   (0)| 00:00:01 |
|   4 |     INDEX FULL SCAN              | SYS_C0025273 |   348 |       |     1   (0)| 00:00:01 |
|*  5 |    SORT JOIN                     |              |   159 |  5565 |     7  (15)| 00:00:01 |
|   6 |     VIEW                         | VW_GBC_5     |   159 |  5565 |     6   (0)| 00:00:01 |
|   7 |      HASH GROUP BY               |              |   159 |  3975 |     6   (0)| 00:00:01 |
|   8 |       TABLE ACCESS BY INDEX ROWID| COVIDFACT    |   275 |  6875 |     6   (0)| 00:00:01 |
|*  9 |        INDEX RANGE SCAN          | SYS_C0025274 |   275 |       |     3   (0)| 00:00:01 |
-------------------------------------------------------------------------------------------------

Predicate Information (identified by operation id):
---------------------------------------------------

5 - access(""COVIDDATE"".""DATEREP""=""ITEM_1"")
filter(""COVIDDATE"".""DATEREP""=""ITEM_1"")
9 - access(""FT"".""COUNTRIESANDTERRITORIES""='United_States_of_America')
",5,"with COVID-19 describe deaths by month, countriesAndTerritories for countriesAndTerritories = 'United_States_of_America'",120,0.14474929044465468,0,540.0,417.0,10.0,10.0,1,random4,1,1186,9,ext
506,0.0037000654878847415,COVID-19,"Plan hash value: 3009686037

----------------------------------------------------------------------------------
| Id  | Operation            | Name      | Rows  | Bytes | Cost (%CPU)| Time     |
----------------------------------------------------------------------------------
|   0 | SELECT STATEMENT     |           |   451 | 27962 |   130   (4)| 00:00:02 |
|   1 |  SORT GROUP BY       |           |   451 | 27962 |   130   (4)| 00:00:02 |
|*  2 |   HASH JOIN          |           | 14184 |   858K|   129   (3)| 00:00:02 |
|   3 |    TABLE ACCESS FULL | COVIDDATE |   348 |  6612 |     4   (0)| 00:00:01 |
|*  4 |    HASH JOIN         |           | 14184 |   595K|   124   (2)| 00:00:02 |
|*  5 |     TABLE ACCESS FULL| COUNTRY   |    49 |   882 |     4   (0)| 00:00:01 |
|   6 |     TABLE ACCESS FULL| COVIDFACT | 61080 |  1491K|   119   (1)| 00:00:02 |
----------------------------------------------------------------------------------

Predicate Information (identified by operation id):
---------------------------------------------------

2 - access(""COVIDDATE"".""DATEREP""=""FT"".""DATEREP"")
4 - access(""COUNTRY"".""COUNTRIESANDTERRITORIES""=""FT"".""COUNTRIESANDTERRIT
ORIES"")
5 - filter(""COUNTRY"".""CONTINENTEXP""='America')
",0,"with COVID-19 describe deaths by month, countriesAndTerritories for continentExp in ('America')",95,0.0,3,27962.0,392.0,130.0,451.0,1,random5,0,1229,39,ext
211,0.017075965946299936,COVID-19,"Plan hash value: 216913314

--------------------------------------------------------------------------------
| Id  | Operation          | Name      | Rows  | Bytes | Cost (%CPU)| Time     |
--------------------------------------------------------------------------------
|   0 | SELECT STATEMENT   |           |   211 |  2954 |   123   (5)| 00:00:02 |
|   1 |  SORT GROUP BY     |           |   211 |  2954 |   123   (5)| 00:00:02 |
|   2 |   TABLE ACCESS FULL| COVIDFACT | 61080 |   835K|   119   (1)| 00:00:02 |
--------------------------------------------------------------------------------
",1,with COVID-19 describe deaths by countriesAndTerritories,56,0.1780929866036249,1,2954.0,244.0,123.0,211.0,1,random5,15,1182,46,ext
49,0.017075965946299936,COVID-19,"Plan hash value: 1016733566

---------------------------------------------------------------------------------
| Id  | Operation           | Name      | Rows  | Bytes | Cost (%CPU)| Time     |
---------------------------------------------------------------------------------
|   0 | SELECT STATEMENT    |           |    49 |  1568 |   126   (4)| 00:00:02 |
|   1 |  SORT GROUP BY      |           |    49 |  1568 |   126   (4)| 00:00:02 |
|*  2 |   HASH JOIN         |           | 14184 |   443K|   124   (2)| 00:00:02 |
|*  3 |    TABLE ACCESS FULL| COUNTRY   |    49 |   882 |     4   (0)| 00:00:01 |
|   4 |    TABLE ACCESS FULL| COVIDFACT | 61080 |   835K|   119   (1)| 00:00:02 |
---------------------------------------------------------------------------------

Predicate Information (identified by operation id):
---------------------------------------------------

2 - access(""COUNTRY"".""COUNTRIESANDTERRITORIES""=""FT"".""COUNTRIESANDTERRI
TORIES"")
3 - filter(""COUNTRY"".""CONTINENTEXP""='America')
",2,with COVID-19 describe deaths by countriesAndTerritories for continentExp = 'America',85,0.354978354978355,0,1568.0,283.0,126.0,49.0,1,random5,4,1158,22,ext
13,0.11907334643091028,COVID-19,"Plan hash value: 818443477

----------------------------------------------------------------------------------------------
| Id  | Operation                     | Name         | Rows  | Bytes | Cost (%CPU)| Time     |
----------------------------------------------------------------------------------------------
|   0 | SELECT STATEMENT              |              |    13 |   559 |   127   (6)| 00:00:02 |
|   1 |  SORT GROUP BY                |              |    13 |   559 |   127   (6)| 00:00:02 |
|   2 |   MERGE JOIN                  |              |   348 | 14964 |   126   (5)| 00:00:02 |
|   3 |    TABLE ACCESS BY INDEX ROWID| COVIDDATE    |   348 |  6612 |     2   (0)| 00:00:01 |
|   4 |     INDEX FULL SCAN           | SYS_C0025273 |   348 |       |     1   (0)| 00:00:01 |
|*  5 |    SORT JOIN                  |              |   348 |  8352 |   124   (5)| 00:00:02 |
|   6 |     VIEW                      | VW_GBC_5     |   348 |  8352 |   123   (5)| 00:00:02 |
|   7 |      HASH GROUP BY            |              |   348 |  4872 |   123   (5)| 00:00:02 |
|   8 |       TABLE ACCESS FULL       | COVIDFACT    | 61080 |   835K|   119   (1)| 00:00:02 |
----------------------------------------------------------------------------------------------

Predicate Information (identified by operation id):
---------------------------------------------------

5 - access(""COVIDDATE"".""DATEREP""=""ITEM_1"")
filter(""COVIDDATE"".""DATEREP""=""ITEM_1"")
",3,with COVID-19 describe deaths by month,38,0.08365881315358448,0,559.0,168.0,127.0,13.0,1,random5,1,1189,32,ext
1044,0.40042567125081857,COVID-19,"Plan hash value: 3009686037

----------------------------------------------------------------------------------
| Id  | Operation            | Name      | Rows  | Bytes | Cost (%CPU)| Time     |
----------------------------------------------------------------------------------
|   0 | SELECT STATEMENT     |           |  1002 | 62124 |   131   (4)| 00:00:02 |
|   1 |  SORT GROUP BY       |           |  1002 | 62124 |   131   (4)| 00:00:02 |
|*  2 |   HASH JOIN          |           | 31408 |  1901K|   129   (3)| 00:00:02 |
|   3 |    TABLE ACCESS FULL | COVIDDATE |   348 |  6612 |     4   (0)| 00:00:01 |
|*  4 |    HASH JOIN         |           | 31408 |  1318K|   124   (2)| 00:00:02 |
|*  5 |     TABLE ACCESS FULL| COUNTRY   |   109 |  1962 |     4   (0)| 00:00:01 |
|   6 |     TABLE ACCESS FULL| COVIDFACT | 61080 |  1491K|   119   (1)| 00:00:02 |
----------------------------------------------------------------------------------

Predicate Information (identified by operation id):
---------------------------------------------------

2 - access(""COVIDDATE"".""DATEREP""=""FT"".""DATEREP"")
4 - access(""COUNTRY"".""COUNTRIESANDTERRITORIES""=""FT"".""COUNTRIESANDTERRIT
ORIES"")
5 - filter(""COUNTRY"".""CONTINENTEXP""='Africa' OR
""COUNTRY"".""CONTINENTEXP""='America' OR ""COUNTRY"".""CONTINENTEXP""='Europa')
",4,"with COVID-19 describe deaths by month, countriesAndTerritories for continentExp in ('America', 'Europa', 'Africa')",115,0.1276216293337138,4,62124.0,410.0,131.0,1002.0,1,random5,11,1224,58,ext
211,0.017075965946299936,COVID-19,"Plan hash value: 216913314

--------------------------------------------------------------------------------
| Id  | Operation          | Name      | Rows  | Bytes | Cost (%CPU)| Time     |
--------------------------------------------------------------------------------
|   0 | SELECT STATEMENT   |           |   211 |  2954 |   123   (5)| 00:00:02 |
|   1 |  SORT GROUP BY     |           |   211 |  2954 |   123   (5)| 00:00:02 |
|   2 |   TABLE ACCESS FULL| COVIDFACT | 61080 |   835K|   119   (1)| 00:00:02 |
--------------------------------------------------------------------------------
",0,with COVID-19 describe deaths by countriesAndTerritories,56,0.0,2,2954.0,244.0,123.0,211.0,1,random6,0,1221,55,ext
158,0.017075965946299936,COVID-19,"Plan hash value: 1016733566

---------------------------------------------------------------------------------
| Id  | Operation           | Name      | Rows  | Bytes | Cost (%CPU)| Time     |
---------------------------------------------------------------------------------
|   0 | SELECT STATEMENT    |           |   158 |  5056 |   127   (4)| 00:00:02 |
|   1 |  SORT GROUP BY      |           |   158 |  5056 |   127   (4)| 00:00:02 |
|*  2 |   HASH JOIN         |           | 45738 |  1429K|   124   (2)| 00:00:02 |
|*  3 |    TABLE ACCESS FULL| COUNTRY   |   158 |  2844 |     4   (0)| 00:00:01 |
|   4 |    TABLE ACCESS FULL| COVIDFACT | 61080 |   835K|   119   (1)| 00:00:02 |
---------------------------------------------------------------------------------

Predicate Information (identified by operation id):
---------------------------------------------------

2 - access(""COUNTRY"".""COUNTRIESANDTERRITORIES""=""FT"".""COUNTRIESANDTERRI
TORIES"")
3 - filter(""COUNTRY"".""CONTINENTEXP""='Africa' OR
""COUNTRY"".""CONTINENTEXP""='America' OR ""COUNTRY"".""CONTINENTEXP""='Europe')
",1,"with COVID-19 describe deaths by countriesAndTerritories for continentExp in ('America', 'Europe', 'Africa')",108,0.40023001725129387,1,5056.0,304.0,127.0,158.0,1,random6,12,1170,51,ext
506,0.017075965946299936,COVID-19,"Plan hash value: 3009686037

----------------------------------------------------------------------------------
| Id  | Operation            | Name      | Rows  | Bytes | Cost (%CPU)| Time     |
----------------------------------------------------------------------------------
|   0 | SELECT STATEMENT     |           |   451 | 27962 |   130   (4)| 00:00:02 |
|   1 |  SORT GROUP BY       |           |   451 | 27962 |   130   (4)| 00:00:02 |
|*  2 |   HASH JOIN          |           | 14184 |   858K|   129   (3)| 00:00:02 |
|   3 |    TABLE ACCESS FULL | COVIDDATE |   348 |  6612 |     4   (0)| 00:00:01 |
|*  4 |    HASH JOIN         |           | 14184 |   595K|   124   (2)| 00:00:02 |
|*  5 |     TABLE ACCESS FULL| COUNTRY   |    49 |   882 |     4   (0)| 00:00:01 |
|   6 |     TABLE ACCESS FULL| COVIDFACT | 61080 |  1491K|   119   (1)| 00:00:02 |
----------------------------------------------------------------------------------

Predicate Information (identified by operation id):
---------------------------------------------------

2 - access(""COVIDDATE"".""DATEREP""=""FT"".""DATEREP"")
4 - access(""COUNTRY"".""COUNTRIESANDTERRITORIES""=""FT"".""COUNTRIESANDTERRIT
ORIES"")
5 - filter(""COUNTRY"".""CONTINENTEXP""='America')
",2,"with COVID-19 describe deaths by month, countriesAndTerritories for continentExp in ('America')",95,0.46921119592875316,3,27962.0,392.0,130.0,451.0,1,random6,10,1216,49,ext
13,0.11907334643091028,COVID-19,"Plan hash value: 818443477

----------------------------------------------------------------------------------------------
| Id  | Operation                     | Name         | Rows  | Bytes | Cost (%CPU)| Time     |
----------------------------------------------------------------------------------------------
|   0 | SELECT STATEMENT              |              |    13 |   559 |   127   (6)| 00:00:02 |
|   1 |  SORT GROUP BY                |              |    13 |   559 |   127   (6)| 00:00:02 |
|   2 |   MERGE JOIN                  |              |   348 | 14964 |   126   (5)| 00:00:02 |
|   3 |    TABLE ACCESS BY INDEX ROWID| COVIDDATE    |   348 |  6612 |     2   (0)| 00:00:01 |
|   4 |     INDEX FULL SCAN           | SYS_C0025273 |   348 |       |     1   (0)| 00:00:01 |
|*  5 |    SORT JOIN                  |              |   348 |  8352 |   124   (5)| 00:00:02 |
|   6 |     VIEW                      | VW_GBC_5     |   348 |  8352 |   123   (5)| 00:00:02 |
|   7 |      HASH GROUP BY            |              |   348 |  4872 |   123   (5)| 00:00:02 |
|   8 |       TABLE ACCESS FULL       | COVIDFACT    | 61080 |   835K|   119   (1)| 00:00:02 |
----------------------------------------------------------------------------------------------

Predicate Information (identified by operation id):
---------------------------------------------------

5 - access(""COVIDDATE"".""DATEREP""=""ITEM_1"")
filter(""COVIDDATE"".""DATEREP""=""ITEM_1"")
",3,with COVID-19 describe deaths by month,38,0.12214846107423054,0,559.0,168.0,127.0,13.0,1,random6,4,1159,40,ext
13,9.986902423051735E-4,COVID-19,"Plan hash value: 2755916834

-------------------------------------------------------------------------------------------------
| Id  | Operation                        | Name         | Rows  | Bytes | Cost (%CPU)| Time     |
-------------------------------------------------------------------------------------------------
|   0 | SELECT STATEMENT                 |              |    10 |   540 |    10  (20)| 00:00:01 |
|   1 |  SORT GROUP BY                   |              |    10 |   540 |    10  (20)| 00:00:01 |
|   2 |   MERGE JOIN                     |              |   159 |  8586 |     9  (12)| 00:00:01 |
|   3 |    TABLE ACCESS BY INDEX ROWID   | COVIDDATE    |   348 |  6612 |     2   (0)| 00:00:01 |
|   4 |     INDEX FULL SCAN              | SYS_C0025273 |   348 |       |     1   (0)| 00:00:01 |
|*  5 |    SORT JOIN                     |              |   159 |  5565 |     7  (15)| 00:00:01 |
|   6 |     VIEW                         | VW_GBC_5     |   159 |  5565 |     6   (0)| 00:00:01 |
|   7 |      HASH GROUP BY               |              |   159 |  3975 |     6   (0)| 00:00:01 |
|   8 |       TABLE ACCESS BY INDEX ROWID| COVIDFACT    |   275 |  6875 |     6   (0)| 00:00:01 |
|*  9 |        INDEX RANGE SCAN          | SYS_C0025274 |   275 |       |     3   (0)| 00:00:01 |
-------------------------------------------------------------------------------------------------

Predicate Information (identified by operation id):
---------------------------------------------------

5 - access(""COVIDDATE"".""DATEREP""=""ITEM_1"")
filter(""COVIDDATE"".""DATEREP""=""ITEM_1"")
9 - access(""FT"".""COUNTRIESANDTERRITORIES""='United_States_of_America')
",0,"with COVID-19 describe deaths by month, countriesAndTerritories for countriesAndTerritories = 'United_States_of_America'",120,0.0,0,540.0,417.0,10.0,10.0,1,random7,1,1158,4,ext
13,0.0019810085134250163,COVID-19,"Plan hash value: 2308937895

------------------------------------------------------------------------------------------------
| Id  | Operation                       | Name         | Rows  | Bytes | Cost (%CPU)| Time     |
------------------------------------------------------------------------------------------------
|   0 | SELECT STATEMENT                |              |    28 |  1232 |    11  (19)| 00:00:01 |
|   1 |  SORT GROUP BY                  |              |    28 |  1232 |    11  (19)| 00:00:01 |
|   2 |   MERGE JOIN                    |              |   287 | 12628 |    10  (10)| 00:00:01 |
|   3 |    TABLE ACCESS BY INDEX ROWID  | COVIDDATE    |   348 |  6612 |     2   (0)| 00:00:01 |
|   4 |     INDEX FULL SCAN             | SYS_C0025273 |   348 |       |     1   (0)| 00:00:01 |
|*  5 |    SORT JOIN                    |              |   287 |  7175 |     8  (13)| 00:00:01 |
|   6 |     INLIST ITERATOR             |              |       |       |            |          |
|   7 |      TABLE ACCESS BY INDEX ROWID| COVIDFACT    |   287 |  7175 |     7   (0)| 00:00:01 |
|*  8 |       INDEX RANGE SCAN          | SYS_C0025274 |   287 |       |     4   (0)| 00:00:01 |
------------------------------------------------------------------------------------------------

Predicate Information (identified by operation id):
---------------------------------------------------

5 - access(""COVIDDATE"".""DATEREP""=""FT"".""DATEREP"")
filter(""COVIDDATE"".""DATEREP""=""FT"".""DATEREP"")
8 - access(""FT"".""COUNTRIESANDTERRITORIES""=' France' OR
""FT"".""COUNTRIESANDTERRITORIES""=' Germany' OR ""FT"".""COUNTRIESANDTERRITORIES""='Italy')
",1,"with COVID-19 describe deaths by month, countriesAndTerritories for countriesAndTerritories in ('Italy', ' France', ' Germany')",127,0.0,0,1232.0,422.0,11.0,28.0,1,random7,3,1183,18,ext
13,0.00618860510805501,COVID-19,"Plan hash value: 2755916834

-------------------------------------------------------------------------------------------------
| Id  | Operation                        | Name         | Rows  | Bytes | Cost (%CPU)| Time     |
-------------------------------------------------------------------------------------------------
|   0 | SELECT STATEMENT                 |              |    10 |   540 |    10  (20)| 00:00:01 |
|   1 |  SORT GROUP BY                   |              |    10 |   540 |    10  (20)| 00:00:01 |
|   2 |   MERGE JOIN                     |              |   163 |  8802 |     9  (12)| 00:00:01 |
|   3 |    TABLE ACCESS BY INDEX ROWID   | COVIDDATE    |   348 |  6612 |     2   (0)| 00:00:01 |
|   4 |     INDEX FULL SCAN              | SYS_C0025273 |   348 |       |     1   (0)| 00:00:01 |
|*  5 |    SORT JOIN                     |              |   163 |  5705 |     7  (15)| 00:00:01 |
|   6 |     VIEW                         | VW_GBC_5     |   163 |  5705 |     6   (0)| 00:00:01 |
|   7 |      HASH GROUP BY               |              |   163 |  4075 |     6   (0)| 00:00:01 |
|   8 |       TABLE ACCESS BY INDEX ROWID| COVIDFACT    |   286 |  7150 |     6   (0)| 00:00:01 |
|*  9 |        INDEX RANGE SCAN          | SYS_C0025274 |   286 |       |     3   (0)| 00:00:01 |
-------------------------------------------------------------------------------------------------

Predicate Information (identified by operation id):
---------------------------------------------------

5 - access(""COVIDDATE"".""DATEREP""=""ITEM_1"")
filter(""COVIDDATE"".""DATEREP""=""ITEM_1"")
9 - access(""FT"".""COUNTRIESANDTERRITORIES""='Italy')
",2,"with COVID-19 describe deaths by month, countriesAndTerritories for countriesAndTerritories = 'Italy'",101,0.0,1,540.0,398.0,10.0,10.0,1,random7,2,1159,4,ext
26,0.0066797642436149315,COVID-19,"Plan hash value: 2308937895

------------------------------------------------------------------------------------------------
| Id  | Operation                       | Name         | Rows  | Bytes | Cost (%CPU)| Time     |
------------------------------------------------------------------------------------------------
|   0 | SELECT STATEMENT                |              |    19 |   836 |    14  (15)| 00:00:01 |
|   1 |  SORT GROUP BY                  |              |    19 |   836 |    14  (15)| 00:00:01 |
|   2 |   MERGE JOIN                    |              |   560 | 24640 |    13   (8)| 00:00:01 |
|   3 |    TABLE ACCESS BY INDEX ROWID  | COVIDDATE    |   348 |  6612 |     2   (0)| 00:00:01 |
|   4 |     INDEX FULL SCAN             | SYS_C0025273 |   348 |       |     1   (0)| 00:00:01 |
|*  5 |    SORT JOIN                    |              |   560 | 14000 |    11  (10)| 00:00:01 |
|   6 |     INLIST ITERATOR             |              |       |       |            |          |
|   7 |      TABLE ACCESS BY INDEX ROWID| COVIDFACT    |   560 | 14000 |    10   (0)| 00:00:01 |
|*  8 |       INDEX RANGE SCAN          | SYS_C0025274 |   560 |       |     5   (0)| 00:00:01 |
------------------------------------------------------------------------------------------------

Predicate Information (identified by operation id):
---------------------------------------------------

5 - access(""COVIDDATE"".""DATEREP""=""FT"".""DATEREP"")
filter(""COVIDDATE"".""DATEREP""=""FT"".""DATEREP"")
8 - access(""FT"".""COUNTRIESANDTERRITORIES""='Italy' OR
""FT"".""COUNTRIESANDTERRITORIES""='United_States_of_America')
",3,"with COVID-19 describe deaths by month, countriesAndTerritories for countriesAndTerritories in ('United_States_of_America', 'Italy')",132,0.1300639658848614,0,836.0,428.0,14.0,19.0,1,random7,3,1203,8,ext
13,0.1091683038637852,COVID-19,"Plan hash value: 818443477

----------------------------------------------------------------------------------------------
| Id  | Operation                     | Name         | Rows  | Bytes | Cost (%CPU)| Time     |
----------------------------------------------------------------------------------------------
|   0 | SELECT STATEMENT              |              |    13 |   559 |   127   (6)| 00:00:02 |
|   1 |  SORT GROUP BY                |              |    13 |   559 |   127   (6)| 00:00:02 |
|   2 |   MERGE JOIN                  |              |   348 | 14964 |   126   (5)| 00:00:02 |
|   3 |    TABLE ACCESS BY INDEX ROWID| COVIDDATE    |   348 |  6612 |     2   (0)| 00:00:01 |
|   4 |     INDEX FULL SCAN           | SYS_C0025273 |   348 |       |     1   (0)| 00:00:01 |
|*  5 |    SORT JOIN                  |              |   348 |  8352 |   124   (5)| 00:00:02 |
|   6 |     VIEW                      | VW_GBC_5     |   348 |  8352 |   123   (5)| 00:00:02 |
|   7 |      HASH GROUP BY            |              |   348 |  4872 |   123   (5)| 00:00:02 |
|   8 |       TABLE ACCESS FULL       | COVIDFACT    | 61080 |   835K|   119   (1)| 00:00:02 |
----------------------------------------------------------------------------------------------

Predicate Information (identified by operation id):
---------------------------------------------------

5 - access(""COVIDDATE"".""DATEREP""=""ITEM_1"")
filter(""COVIDDATE"".""DATEREP""=""ITEM_1"")
",4,with COVID-19 describe deaths by month,38,0.01782294888790691,0,559.0,168.0,127.0,13.0,1,random7,2,1235,29,ext
49,0.0056974459724950886,COVID-19,"Plan hash value: 1016733566

---------------------------------------------------------------------------------
| Id  | Operation           | Name      | Rows  | Bytes | Cost (%CPU)| Time     |
---------------------------------------------------------------------------------
|   0 | SELECT STATEMENT    |           |    49 |  1568 |   126   (4)| 00:00:02 |
|   1 |  SORT GROUP BY      |           |    49 |  1568 |   126   (4)| 00:00:02 |
|*  2 |   HASH JOIN         |           | 14184 |   443K|   124   (2)| 00:00:02 |
|*  3 |    TABLE ACCESS FULL| COUNTRY   |    49 |   882 |     4   (0)| 00:00:01 |
|   4 |    TABLE ACCESS FULL| COVIDFACT | 61080 |   835K|   119   (1)| 00:00:02 |
---------------------------------------------------------------------------------

Predicate Information (identified by operation id):
---------------------------------------------------

2 - access(""COUNTRY"".""COUNTRIESANDTERRITORIES""=""FT"".""COUNTRIESANDTERRI
TORIES"")
3 - filter(""COUNTRY"".""CONTINENTEXP""='America')
",0,with COVID-19 describe deaths by countriesAndTerritories for continentExp = 'America',85,0.0,0,1568.0,283.0,126.0,49.0,1,random8,0,1198,25,ext
211,0.7779305828421742,COVID-19,"Plan hash value: 216913314

--------------------------------------------------------------------------------
| Id  | Operation          | Name      | Rows  | Bytes | Cost (%CPU)| Time     |
--------------------------------------------------------------------------------
|   0 | SELECT STATEMENT   |           |   211 |  2954 |   123   (5)| 00:00:02 |
|   1 |  SORT GROUP BY     |           |   211 |  2954 |   123   (5)| 00:00:02 |
|   2 |   TABLE ACCESS FULL| COVIDFACT | 61080 |   835K|   119   (1)| 00:00:02 |
--------------------------------------------------------------------------------
",1,with COVID-19 describe deaths by countriesAndTerritories,56,0.007270600033428046,1,2954.0,244.0,123.0,211.0,1,random8,12,1175,36,ext
158,0.7779305828421742,COVID-19,"Plan hash value: 1016733566

---------------------------------------------------------------------------------
| Id  | Operation           | Name      | Rows  | Bytes | Cost (%CPU)| Time     |
---------------------------------------------------------------------------------
|   0 | SELECT STATEMENT    |           |   158 |  5056 |   127   (4)| 00:00:02 |
|   1 |  SORT GROUP BY      |           |   158 |  5056 |   127   (4)| 00:00:02 |
|*  2 |   HASH JOIN         |           | 45738 |  1429K|   124   (2)| 00:00:02 |
|*  3 |    TABLE ACCESS FULL| COUNTRY   |   158 |  2844 |     4   (0)| 00:00:01 |
|   4 |    TABLE ACCESS FULL| COVIDFACT | 61080 |   835K|   119   (1)| 00:00:02 |
---------------------------------------------------------------------------------

Predicate Information (identified by operation id):
---------------------------------------------------

2 - access(""COUNTRY"".""COUNTRIESANDTERRITORIES""=""FT"".""COUNTRIESANDTERRI
TORIES"")
3 - filter(""COUNTRY"".""CONTINENTEXP""='Africa' OR
""COUNTRY"".""CONTINENTEXP""='America' OR ""COUNTRY"".""CONTINENTEXP""='Europe')
",2,"with COVID-19 describe deaths by countriesAndTerritories for continentExp in ('America', 'Europe', 'Africa')",108,0.021499176276771004,1,5056.0,304.0,127.0,158.0,1,random8,10,1217,44,ext
39,0.7779305828421742,COVID-19,"Plan hash value: 2308937895

------------------------------------------------------------------------------------------------
| Id  | Operation                       | Name         | Rows  | Bytes | Cost (%CPU)| Time     |
------------------------------------------------------------------------------------------------
|   0 | SELECT STATEMENT                |              |    28 |  1232 |    19  (11)| 00:00:01 |
|   1 |  SORT GROUP BY                  |              |    28 |  1232 |    19  (11)| 00:00:01 |
|   2 |   MERGE JOIN                    |              |   934 | 41096 |    18   (6)| 00:00:01 |
|   3 |    TABLE ACCESS BY INDEX ROWID  | COVIDDATE    |   348 |  6612 |     2   (0)| 00:00:01 |
|   4 |     INDEX FULL SCAN             | SYS_C0025273 |   348 |       |     1   (0)| 00:00:01 |
|*  5 |    SORT JOIN                    |              |   934 | 23350 |    16   (7)| 00:00:01 |
|   6 |     INLIST ITERATOR             |              |       |       |            |          |
|   7 |      TABLE ACCESS BY INDEX ROWID| COVIDFACT    |   934 | 23350 |    15   (0)| 00:00:01 |
|*  8 |       INDEX RANGE SCAN          | SYS_C0025274 |   934 |       |     7   (0)| 00:00:01 |
------------------------------------------------------------------------------------------------

Predicate Information (identified by operation id):
---------------------------------------------------

5 - access(""COVIDDATE"".""DATEREP""=""FT"".""DATEREP"")
filter(""COVIDDATE"".""DATEREP""=""FT"".""DATEREP"")
8 - access(""FT"".""COUNTRIESANDTERRITORIES""='Germany' OR
""FT"".""COUNTRIESANDTERRITORIES""='Italy' OR ""FT"".""COUNTRIESANDTERRITORIES""='Spain')
",3,"with COVID-19 describe deaths by month, countriesAndTerritories for countriesAndTerritories in ('Italy', 'Spain', 'Germany')",124,0.023931307902467083,0,1232.0,419.0,19.0,28.0,1,random8,2,1182,5,ext
13,0.8358873608382449,COVID-19,"Plan hash value: 2755916834

-------------------------------------------------------------------------------------------------
| Id  | Operation                        | Name         | Rows  | Bytes | Cost (%CPU)| Time     |
-------------------------------------------------------------------------------------------------
|   0 | SELECT STATEMENT                 |              |    13 |   559 |    10  (20)| 00:00:01 |
|   1 |  SORT GROUP BY                   |              |    13 |   559 |    10  (20)| 00:00:01 |
|   2 |   MERGE JOIN                     |              |   195 |  8385 |     9  (12)| 00:00:01 |
|   3 |    TABLE ACCESS BY INDEX ROWID   | COVIDDATE    |   348 |  6612 |     2   (0)| 00:00:01 |
|   4 |     INDEX FULL SCAN              | SYS_C0025273 |   348 |       |     1   (0)| 00:00:01 |
|*  5 |    SORT JOIN                     |              |   195 |  4680 |     7  (15)| 00:00:01 |
|   6 |     VIEW                         | VW_GBC_5     |   195 |  4680 |     6   (0)| 00:00:01 |
|   7 |      HASH GROUP BY               |              |   195 |  4875 |     6   (0)| 00:00:01 |
|   8 |       TABLE ACCESS BY INDEX ROWID| COVIDFACT    |   286 |  7150 |     6   (0)| 00:00:01 |
|*  9 |        INDEX RANGE SCAN          | SYS_C0025274 |   286 |       |     3   (0)| 00:00:01 |
-------------------------------------------------------------------------------------------------

Predicate Information (identified by operation id):
---------------------------------------------------

5 - access(""COVIDDATE"".""DATEREP""=""ITEM_1"")
filter(""COVIDDATE"".""DATEREP""=""ITEM_1"")
9 - access(""FT"".""COUNTRIESANDTERRITORIES""='Italy')
",4,with COVID-19 describe deaths by month for countriesAndTerritories = 'Italy',76,0.2136641562321921,1,559.0,299.0,10.0,13.0,1,random8,2,1189,5,ext
39,0.8358873608382449,COVID-19,"Plan hash value: 2308937895

------------------------------------------------------------------------------------------------
| Id  | Operation                       | Name         | Rows  | Bytes | Cost (%CPU)| Time     |
------------------------------------------------------------------------------------------------
|   0 | SELECT STATEMENT                |              |    28 |  1344 |    18  (12)| 00:00:01 |
|   1 |  SORT GROUP BY                  |              |    28 |  1344 |    18  (12)| 00:00:01 |
|   2 |   MERGE JOIN                    |              |   868 | 41664 |    17   (6)| 00:00:01 |
|   3 |    TABLE ACCESS BY INDEX ROWID  | COVIDDATE    |   348 |  6612 |     2   (0)| 00:00:01 |
|   4 |     INDEX FULL SCAN             | SYS_C0025273 |   348 |       |     1   (0)| 00:00:01 |
|*  5 |    SORT JOIN                    |              |   868 | 25172 |    15   (7)| 00:00:01 |
|   6 |     INLIST ITERATOR             |              |       |       |            |          |
|   7 |      TABLE ACCESS BY INDEX ROWID| COVIDFACT    |   868 | 25172 |    14   (0)| 00:00:01 |
|*  8 |       INDEX RANGE SCAN          | SYS_C0025274 |   868 |       |     7   (0)| 00:00:01 |
------------------------------------------------------------------------------------------------

Predicate Information (identified by operation id):
---------------------------------------------------

5 - access(""COVIDDATE"".""DATEREP""=""FT"".""DATEREP"")
filter(""COVIDDATE"".""DATEREP""=""FT"".""DATEREP"")
8 - access(""FT"".""COUNTRIESANDTERRITORIES""='France' OR
""FT"".""COUNTRIESANDTERRITORIES""='Italy' OR ""FT"".""COUNTRIESANDTERRITORIES""='United_States_
of_America')
",5,"with COVID-19 describe deaths, cases by month, countriesAndTerritories for countriesAndTerritories in ('United_States_of_America', 'Italy', 'France')",149,0.21402730953370588,1,1344.0,458.0,18.0,28.0,1,random8,2,1177,6,ext
26,4.911591355599214E-4,COVID-19,"Plan hash value: 2308937895

------------------------------------------------------------------------------------------------
| Id  | Operation                       | Name         | Rows  | Bytes | Cost (%CPU)| Time     |
------------------------------------------------------------------------------------------------
|   0 | SELECT STATEMENT                |              |    19 |   912 |    14  (15)| 00:00:01 |
|   1 |  SORT GROUP BY                  |              |    19 |   912 |    14  (15)| 00:00:01 |
|   2 |   MERGE JOIN                    |              |   560 | 26880 |    13   (8)| 00:00:01 |
|   3 |    TABLE ACCESS BY INDEX ROWID  | COVIDDATE    |   348 |  6612 |     2   (0)| 00:00:01 |
|   4 |     INDEX FULL SCAN             | SYS_C0025273 |   348 |       |     1   (0)| 00:00:01 |
|*  5 |    SORT JOIN                    |              |   560 | 16240 |    11  (10)| 00:00:01 |
|   6 |     INLIST ITERATOR             |              |       |       |            |          |
|   7 |      TABLE ACCESS BY INDEX ROWID| COVIDFACT    |   560 | 16240 |    10   (0)| 00:00:01 |
|*  8 |       INDEX RANGE SCAN          | SYS_C0025274 |   560 |       |     5   (0)| 00:00:01 |
------------------------------------------------------------------------------------------------

Predicate Information (identified by operation id):
---------------------------------------------------

5 - access(""COVIDDATE"".""DATEREP""=""FT"".""DATEREP"")
filter(""COVIDDATE"".""DATEREP""=""FT"".""DATEREP"")
8 - access(""FT"".""COUNTRIESANDTERRITORIES""='Italy' OR
""FT"".""COUNTRIESANDTERRITORIES""='United_States_of_America')
",0,"with COVID-19 describe deaths, cases by month, countriesAndTerritories for countriesAndTerritories in ('United_States_of_America', 'Italy')",139,0.0,0,912.0,449.0,14.0,19.0,1,random9,0,1167,5,ext
39,0.013392272429600524,COVID-19,"Plan hash value: 2308937895

------------------------------------------------------------------------------------------------
| Id  | Operation                       | Name         | Rows  | Bytes | Cost (%CPU)| Time     |
------------------------------------------------------------------------------------------------
|   0 | SELECT STATEMENT                |              |    28 |  1344 |    18  (12)| 00:00:01 |
|   1 |  SORT GROUP BY                  |              |    28 |  1344 |    18  (12)| 00:00:01 |
|   2 |   MERGE JOIN                    |              |   868 | 41664 |    17   (6)| 00:00:01 |
|   3 |    TABLE ACCESS BY INDEX ROWID  | COVIDDATE    |   348 |  6612 |     2   (0)| 00:00:01 |
|   4 |     INDEX FULL SCAN             | SYS_C0025273 |   348 |       |     1   (0)| 00:00:01 |
|*  5 |    SORT JOIN                    |              |   868 | 25172 |    15   (7)| 00:00:01 |
|   6 |     INLIST ITERATOR             |              |       |       |            |          |
|   7 |      TABLE ACCESS BY INDEX ROWID| COVIDFACT    |   868 | 25172 |    14   (0)| 00:00:01 |
|*  8 |       INDEX RANGE SCAN          | SYS_C0025274 |   868 |       |     7   (0)| 00:00:01 |
------------------------------------------------------------------------------------------------

Predicate Information (identified by operation id):
---------------------------------------------------

5 - access(""COVIDDATE"".""DATEREP""=""FT"".""DATEREP"")
filter(""COVIDDATE"".""DATEREP""=""FT"".""DATEREP"")
8 - access(""FT"".""COUNTRIESANDTERRITORIES""='France' OR
""FT"".""COUNTRIESANDTERRITORIES""='Italy' OR ""FT"".""COUNTRIESANDTERRITORIES""='United_States_
of_America')
",1,"with COVID-19 describe deaths, cases by month, countriesAndTerritories for countriesAndTerritories in ('United_States_of_America', 'Italy', 'France')",149,0.0,0,1344.0,458.0,18.0,28.0,1,random9,5,1187,7,ext
39,0.014390962671905698,COVID-19,"Plan hash value: 2308937895

------------------------------------------------------------------------------------------------
| Id  | Operation                       | Name         | Rows  | Bytes | Cost (%CPU)| Time     |
------------------------------------------------------------------------------------------------
|   0 | SELECT STATEMENT                |              |    28 |  1232 |    18  (12)| 00:00:01 |
|   1 |  SORT GROUP BY                  |              |    28 |  1232 |    18  (12)| 00:00:01 |
|   2 |   MERGE JOIN                    |              |   868 | 38192 |    17   (6)| 00:00:01 |
|   3 |    TABLE ACCESS BY INDEX ROWID  | COVIDDATE    |   348 |  6612 |     2   (0)| 00:00:01 |
|   4 |     INDEX FULL SCAN             | SYS_C0025273 |   348 |       |     1   (0)| 00:00:01 |
|*  5 |    SORT JOIN                    |              |   868 | 21700 |    15   (7)| 00:00:01 |
|   6 |     INLIST ITERATOR             |              |       |       |            |          |
|   7 |      TABLE ACCESS BY INDEX ROWID| COVIDFACT    |   868 | 21700 |    14   (0)| 00:00:01 |
|*  8 |       INDEX RANGE SCAN          | SYS_C0025274 |   868 |       |     7   (0)| 00:00:01 |
------------------------------------------------------------------------------------------------

Predicate Information (identified by operation id):
---------------------------------------------------

5 - access(""COVIDDATE"".""DATEREP""=""FT"".""DATEREP"")
filter(""COVIDDATE"".""DATEREP""=""FT"".""DATEREP"")
8 - access(""FT"".""COUNTRIESANDTERRITORIES""='France' OR
""FT"".""COUNTRIESANDTERRITORIES""='Italy' OR ""FT"".""COUNTRIESANDTERRITORIES""='United_States_
of_America')
",2,"with COVID-19 describe deaths by month, countriesAndTerritories for countriesAndTerritories in ('United_States_of_America', 'Italy', 'France')",142,0.033003300330033,1,1232.0,437.0,18.0,28.0,1,random9,4,1240,10,ext
13,0.014390962671905698,COVID-19,"Plan hash value: 2755916834

-------------------------------------------------------------------------------------------------
| Id  | Operation                        | Name         | Rows  | Bytes | Cost (%CPU)| Time     |
-------------------------------------------------------------------------------------------------
|   0 | SELECT STATEMENT                 |              |    10 |   540 |    10  (20)| 00:00:01 |
|   1 |  SORT GROUP BY                   |              |    10 |   540 |    10  (20)| 00:00:01 |
|   2 |   MERGE JOIN                     |              |   163 |  8802 |     9  (12)| 00:00:01 |
|   3 |    TABLE ACCESS BY INDEX ROWID   | COVIDDATE    |   348 |  6612 |     2   (0)| 00:00:01 |
|   4 |     INDEX FULL SCAN              | SYS_C0025273 |   348 |       |     1   (0)| 00:00:01 |
|*  5 |    SORT JOIN                     |              |   163 |  5705 |     7  (15)| 00:00:01 |
|   6 |     VIEW                         | VW_GBC_5     |   163 |  5705 |     6   (0)| 00:00:01 |
|   7 |      HASH GROUP BY               |              |   163 |  4075 |     6   (0)| 00:00:01 |
|   8 |       TABLE ACCESS BY INDEX ROWID| COVIDFACT    |   286 |  7150 |     6   (0)| 00:00:01 |
|*  9 |        INDEX RANGE SCAN          | SYS_C0025274 |   286 |       |     3   (0)| 00:00:01 |
-------------------------------------------------------------------------------------------------

Predicate Information (identified by operation id):
---------------------------------------------------

5 - access(""COVIDDATE"".""DATEREP""=""ITEM_1"")
filter(""COVIDDATE"".""DATEREP""=""ITEM_1"")
9 - access(""FT"".""COUNTRIESANDTERRITORIES""='Italy')
",3,"with COVID-19 describe deaths by month, countriesAndTerritories for countriesAndTerritories = 'Italy'",101,0.09287925696594428,0,540.0,398.0,10.0,10.0,1,random9,1,1209,8,ext
39,0.014390962671905698,COVID-19,"Plan hash value: 2308937895

------------------------------------------------------------------------------------------------
| Id  | Operation                       | Name         | Rows  | Bytes | Cost (%CPU)| Time     |
------------------------------------------------------------------------------------------------
|   0 | SELECT STATEMENT                |              |    28 |  1344 |    18  (12)| 00:00:01 |
|   1 |  SORT GROUP BY                  |              |    28 |  1344 |    18  (12)| 00:00:01 |
|   2 |   MERGE JOIN                    |              |   868 | 41664 |    17   (6)| 00:00:01 |
|   3 |    TABLE ACCESS BY INDEX ROWID  | COVIDDATE    |   348 |  6612 |     2   (0)| 00:00:01 |
|   4 |     INDEX FULL SCAN             | SYS_C0025273 |   348 |       |     1   (0)| 00:00:01 |
|*  5 |    SORT JOIN                    |              |   868 | 25172 |    15   (7)| 00:00:01 |
|   6 |     INLIST ITERATOR             |              |       |       |            |          |
|   7 |      TABLE ACCESS BY INDEX ROWID| COVIDFACT    |   868 | 25172 |    14   (0)| 00:00:01 |
|*  8 |       INDEX RANGE SCAN          | SYS_C0025274 |   868 |       |     7   (0)| 00:00:01 |
------------------------------------------------------------------------------------------------

Predicate Information (identified by operation id):
---------------------------------------------------

5 - access(""COVIDDATE"".""DATEREP""=""FT"".""DATEREP"")
filter(""COVIDDATE"".""DATEREP""=""FT"".""DATEREP"")
8 - access(""FT"".""COUNTRIESANDTERRITORIES""='France' OR
""FT"".""COUNTRIESANDTERRITORIES""='Italy' OR ""FT"".""COUNTRIESANDTERRITORIES""='United_States_
of_America')
",4,"with COVID-19 describe deaths, cases by month, countriesAndTerritories for countriesAndTerritories in ('United_States_of_America', 'Italy', 'France')",149,0.12012012012012012,1,1344.0,458.0,18.0,28.0,1,random9,4,1270,12,ext
13,0.21650294695481337,COVID-19,"Plan hash value: 2755916834

-------------------------------------------------------------------------------------------------
| Id  | Operation                        | Name         | Rows  | Bytes | Cost (%CPU)| Time     |
-------------------------------------------------------------------------------------------------
|   0 | SELECT STATEMENT                 |              |    13 |   559 |    10  (20)| 00:00:01 |
|   1 |  SORT GROUP BY                   |              |    13 |   559 |    10  (20)| 00:00:01 |
|   2 |   MERGE JOIN                     |              |   190 |  8170 |     9  (12)| 00:00:01 |
|   3 |    TABLE ACCESS BY INDEX ROWID   | COVIDDATE    |   348 |  6612 |     2   (0)| 00:00:01 |
|   4 |     INDEX FULL SCAN              | SYS_C0025273 |   348 |       |     1   (0)| 00:00:01 |
|*  5 |    SORT JOIN                     |              |   190 |  4560 |     7  (15)| 00:00:01 |
|   6 |     VIEW                         | VW_GBC_5     |   190 |  4560 |     6   (0)| 00:00:01 |
|   7 |      HASH GROUP BY               |              |   190 |  4750 |     6   (0)| 00:00:01 |
|   8 |       TABLE ACCESS BY INDEX ROWID| COVIDFACT    |   275 |  6875 |     6   (0)| 00:00:01 |
|*  9 |        INDEX RANGE SCAN          | SYS_C0025274 |   275 |       |     3   (0)| 00:00:01 |
-------------------------------------------------------------------------------------------------

Predicate Information (identified by operation id):
---------------------------------------------------

5 - access(""COVIDDATE"".""DATEREP""=""ITEM_1"")
filter(""COVIDDATE"".""DATEREP""=""ITEM_1"")
9 - access(""FT"".""COUNTRIESANDTERRITORIES""='United_States_of_America')
",5,with COVID-19 describe deaths by month for countriesAndTerritories = 'United_States_of_America',95,0.022399645154136172,0,559.0,318.0,10.0,13.0,1,random9,4,1188,6,ext
13,0.6908644400785855,COVID-19,"Plan hash value: 2755916834

-------------------------------------------------------------------------------------------------
| Id  | Operation                        | Name         | Rows  | Bytes | Cost (%CPU)| Time     |
-------------------------------------------------------------------------------------------------
|   0 | SELECT STATEMENT                 |              |    13 |   559 |    10  (20)| 00:00:01 |
|   1 |  SORT GROUP BY                   |              |    13 |   559 |    10  (20)| 00:00:01 |
|   2 |   MERGE JOIN                     |              |   195 |  8385 |     9  (12)| 00:00:01 |
|   3 |    TABLE ACCESS BY INDEX ROWID   | COVIDDATE    |   348 |  6612 |     2   (0)| 00:00:01 |
|   4 |     INDEX FULL SCAN              | SYS_C0025273 |   348 |       |     1   (0)| 00:00:01 |
|*  5 |    SORT JOIN                     |              |   195 |  4680 |     7  (15)| 00:00:01 |
|   6 |     VIEW                         | VW_GBC_5     |   195 |  4680 |     6   (0)| 00:00:01 |
|   7 |      HASH GROUP BY               |              |   195 |  4875 |     6   (0)| 00:00:01 |
|   8 |       TABLE ACCESS BY INDEX ROWID| COVIDFACT    |   286 |  7150 |     6   (0)| 00:00:01 |
|*  9 |        INDEX RANGE SCAN          | SYS_C0025274 |   286 |       |     3   (0)| 00:00:01 |
-------------------------------------------------------------------------------------------------

Predicate Information (identified by operation id):
---------------------------------------------------

5 - access(""COVIDDATE"".""DATEREP""=""ITEM_1"")
filter(""COVIDDATE"".""DATEREP""=""ITEM_1"")
9 - access(""FT"".""COUNTRIESANDTERRITORIES""='Italy')
",6,with COVID-19 describe deaths by month for countriesAndTerritories = 'Italy',76,0.017005218039508014,0,559.0,299.0,10.0,13.0,1,random9,1,1182,7,ext
323,-1,sales,"Plan hash value: 1148224997

---------------------------------------------------------------------------------------
| Id  | Operation           | Name            | Rows  | Bytes | Cost (%CPU)| Time     |
---------------------------------------------------------------------------------------
|   0 | SELECT STATEMENT    |                 |   730 | 17520 |   105   (7)| 00:00:02 |
|   1 |  SORT GROUP BY      |                 |   730 | 17520 |   105   (7)| 00:00:02 |
|*  2 |   HASH JOIN         |                 | 86835 |  2035K|   101   (3)| 00:00:02 |
|   3 |    TABLE ACCESS FULL| TIME_BY_DAY     |   730 |  8760 |     4   (0)| 00:00:01 |
|   4 |    TABLE ACCESS FULL| SALES_FACT_1997 | 86835 |  1017K|    96   (3)| 00:00:02 |
---------------------------------------------------------------------------------------

Predicate Information (identified by operation id):
---------------------------------------------------

2 - access(""TIME_BY_DAY"".""TIME_ID""=""FT"".""TIME_ID"")
",0,"with sales describe unit_sales, store_sales by the_date",55,-1,2,17520.0,234.0,105.0,730.0,0,foodmart0,1,1248,97,adbis
20525,-1,sales,"Plan hash value: 1148224997

-----------------------------------------------------------------------------------------------
| Id  | Operation           | Name            | Rows  | Bytes |TempSpc| Cost (%CPU)| Time     |
-----------------------------------------------------------------------------------------------
|   0 | SELECT STATEMENT    |                 | 86835 |  2459K|       |   537   (2)| 00:00:08 |
|   1 |  SORT GROUP BY      |                 | 86835 |  2459K|  3776K|   537   (2)| 00:00:08 |
|*  2 |   HASH JOIN         |                 | 86835 |  2459K|       |   101   (3)| 00:00:02 |
|   3 |    TABLE ACCESS FULL| TIME_BY_DAY     |   730 |  8760 |       |     4   (0)| 00:00:01 |
|   4 |    TABLE ACCESS FULL| SALES_FACT_1997 | 86835 |  1441K|       |    96   (3)| 00:00:02 |
-----------------------------------------------------------------------------------------------

Predicate Information (identified by operation id):
---------------------------------------------------

2 - access(""TIME_BY_DAY"".""TIME_ID""=""FT"".""TIME_ID"")
",1,"with sales describe unit_sales, store_sales by the_date, customer_id",68,-1,211,2459000.0,361.0,537.0,86835.0,0,foodmart0,327,6896,248,adbis
77832,-1,sales,"Plan hash value: 1148224997

-----------------------------------------------------------------------------------------------
| Id  | Operation           | Name            | Rows  | Bytes |TempSpc| Cost (%CPU)| Time     |
-----------------------------------------------------------------------------------------------
|   0 | SELECT STATEMENT    |                 | 86835 |  2374K|       |   528   (2)| 00:00:08 |
|   1 |  SORT GROUP BY      |                 | 86835 |  2374K|  3424K|   528   (2)| 00:00:08 |
|*  2 |   HASH JOIN         |                 | 86835 |  2374K|       |   101   (3)| 00:00:02 |
|   3 |    TABLE ACCESS FULL| TIME_BY_DAY     |   730 |  8760 |       |     4   (0)| 00:00:01 |
|   4 |    TABLE ACCESS FULL| SALES_FACT_1997 | 86835 |  1356K|       |    96   (3)| 00:00:02 |
-----------------------------------------------------------------------------------------------

Predicate Information (identified by operation id):
---------------------------------------------------

2 - access(""TIME_BY_DAY"".""TIME_ID""=""FT"".""TIME_ID"")
",2,"with sales describe unit_sales, store_sales by the_date, product_id",67,-1,555,2374000.0,351.0,528.0,86835.0,0,foodmart0,12357,9102,192,adbis
86832,-1,sales,"Plan hash value: 1148224997

-----------------------------------------------------------------------------------------------
| Id  | Operation           | Name            | Rows  | Bytes |TempSpc| Cost (%CPU)| Time     |
-----------------------------------------------------------------------------------------------
|   0 | SELECT STATEMENT    |                 | 86835 |  2798K|       |   590   (2)| 00:00:09 |
|   1 |  SORT GROUP BY      |                 | 86835 |  2798K|  4112K|   590   (2)| 00:00:09 |
|*  2 |   HASH JOIN         |                 | 86835 |  2798K|       |   101   (3)| 00:00:02 |
|   3 |    TABLE ACCESS FULL| TIME_BY_DAY     |   730 |  8760 |       |     4   (0)| 00:00:01 |
|   4 |    TABLE ACCESS FULL| SALES_FACT_1997 | 86835 |  1780K|       |    96   (3)| 00:00:02 |
-----------------------------------------------------------------------------------------------

Predicate Information (identified by operation id):
---------------------------------------------------

2 - access(""TIME_BY_DAY"".""TIME_ID""=""FT"".""TIME_ID"")
",3,"with sales describe unit_sales, store_sales by the_date, customer_id,  product_id",81,-1,1594,2798000.0,478.0,590.0,86835.0,0,foodmart0,7367,9607,238,adbis
323,-1,sales,"Plan hash value: 1148224997

---------------------------------------------------------------------------------------
| Id  | Operation           | Name            | Rows  | Bytes | Cost (%CPU)| Time     |
---------------------------------------------------------------------------------------
|   0 | SELECT STATEMENT    |                 |   730 | 17520 |   105   (7)| 00:00:02 |
|   1 |  SORT GROUP BY      |                 |   730 | 17520 |   105   (7)| 00:00:02 |
|*  2 |   HASH JOIN         |                 | 86835 |  2035K|   101   (3)| 00:00:02 |
|   3 |    TABLE ACCESS FULL| TIME_BY_DAY     |   730 |  8760 |     4   (0)| 00:00:01 |
|   4 |    TABLE ACCESS FULL| SALES_FACT_1997 | 86835 |  1017K|    96   (3)| 00:00:02 |
---------------------------------------------------------------------------------------

Predicate Information (identified by operation id):
---------------------------------------------------

2 - access(""TIME_BY_DAY"".""TIME_ID""=""FT"".""TIME_ID"")
",0,"with sales describe unit_sales, store_sales by the_date",55,-1,4,17520.0,234.0,105.0,730.0,0,foodmart0,0,1253,107,ext
20525,-1,sales,"Plan hash value: 1148224997

-----------------------------------------------------------------------------------------------
| Id  | Operation           | Name            | Rows  | Bytes |TempSpc| Cost (%CPU)| Time     |
-----------------------------------------------------------------------------------------------
|   0 | SELECT STATEMENT    |                 | 86835 |  2459K|       |   537   (2)| 00:00:08 |
|   1 |  SORT GROUP BY      |                 | 86835 |  2459K|  3776K|   537   (2)| 00:00:08 |
|*  2 |   HASH JOIN         |                 | 86835 |  2459K|       |   101   (3)| 00:00:02 |
|   3 |    TABLE ACCESS FULL| TIME_BY_DAY     |   730 |  8760 |       |     4   (0)| 00:00:01 |
|   4 |    TABLE ACCESS FULL| SALES_FACT_1997 | 86835 |  1441K|       |    96   (3)| 00:00:02 |
-----------------------------------------------------------------------------------------------

Predicate Information (identified by operation id):
---------------------------------------------------

2 - access(""TIME_BY_DAY"".""TIME_ID""=""FT"".""TIME_ID"")
",1,"with sales describe unit_sales, store_sales by the_date, customer_id",68,-1,214,2459000.0,361.0,537.0,86835.0,0,foodmart0,384,6903,189,ext
77832,-1,sales,"Plan hash value: 1148224997

-----------------------------------------------------------------------------------------------
| Id  | Operation           | Name            | Rows  | Bytes |TempSpc| Cost (%CPU)| Time     |
-----------------------------------------------------------------------------------------------
|   0 | SELECT STATEMENT    |                 | 86835 |  2374K|       |   528   (2)| 00:00:08 |
|   1 |  SORT GROUP BY      |                 | 86835 |  2374K|  3424K|   528   (2)| 00:00:08 |
|*  2 |   HASH JOIN         |                 | 86835 |  2374K|       |   101   (3)| 00:00:02 |
|   3 |    TABLE ACCESS FULL| TIME_BY_DAY     |   730 |  8760 |       |     4   (0)| 00:00:01 |
|   4 |    TABLE ACCESS FULL| SALES_FACT_1997 | 86835 |  1356K|       |    96   (3)| 00:00:02 |
-----------------------------------------------------------------------------------------------

Predicate Information (identified by operation id):
---------------------------------------------------

2 - access(""TIME_BY_DAY"".""TIME_ID""=""FT"".""TIME_ID"")
",2,"with sales describe unit_sales, store_sales by the_date, product_id",67,-1,630,2374000.0,351.0,528.0,86835.0,0,foodmart0,12576,9234,255,ext
86832,-1,sales,"Plan hash value: 1148224997

-----------------------------------------------------------------------------------------------
| Id  | Operation           | Name            | Rows  | Bytes |TempSpc| Cost (%CPU)| Time     |
-----------------------------------------------------------------------------------------------
|   0 | SELECT STATEMENT    |                 | 86835 |  2798K|       |   590   (2)| 00:00:09 |
|   1 |  SORT GROUP BY      |                 | 86835 |  2798K|  4112K|   590   (2)| 00:00:09 |
|*  2 |   HASH JOIN         |                 | 86835 |  2798K|       |   101   (3)| 00:00:02 |
|   3 |    TABLE ACCESS FULL| TIME_BY_DAY     |   730 |  8760 |       |     4   (0)| 00:00:01 |
|   4 |    TABLE ACCESS FULL| SALES_FACT_1997 | 86835 |  1780K|       |    96   (3)| 00:00:02 |
-----------------------------------------------------------------------------------------------

Predicate Information (identified by operation id):
---------------------------------------------------

2 - access(""TIME_BY_DAY"".""TIME_ID""=""FT"".""TIME_ID"")
",3,"with sales describe unit_sales, store_sales by the_date, customer_id,  product_id",81,-1,1848,2798000.0,478.0,590.0,86835.0,0,foodmart0,7495,9382,205,ext
